[0.100s] Invoking command in '/home/wang/desktop/item/chapter4/chapt4_ws/build/chapt4_interfaces': CMAKE_PREFIX_PATH=${CMAKE_PREFIX_PATH}:/home/wang/tb3_ws/install/turtlebot3_teleop:/home/wang/tb3_ws/install/turtlebot3_example:/opt/ros/humble /usr/bin/cmake --build /home/wang/desktop/item/chapter4/chapt4_ws/build/chapt4_interfaces -- -j4 -l4
[0.371s] [35m[1mConsolidate compiler generated dependencies of target chapt4_interfaces__rosidl_generator_c[0m
[0.419s] [  0%] Built target ament_cmake_python_copy_chapt4_interfaces
[0.445s] [  9%] Built target chapt4_interfaces__rosidl_generator_c
[0.492s] [35m[1mConsolidate compiler generated dependencies of target chapt4_interfaces__rosidl_typesupport_fastrtps_c[0m
[0.505s] [35m[1mConsolidate compiler generated dependencies of target chapt4_interfaces__rosidl_typesupport_introspection_c[0m
[0.509s] [ 12%] Built target chapt4_interfaces__cpp
[0.611s] [35m[1mConsolidate compiler generated dependencies of target chapt4_interfaces__rosidl_typesupport_c[0m
[0.627s] [ 22%] Built target chapt4_interfaces__rosidl_typesupport_introspection_c
[0.636s] [ 32%] Built target chapt4_interfaces__rosidl_typesupport_fastrtps_c
[0.701s] [35m[1mConsolidate compiler generated dependencies of target chapt4_interfaces__rosidl_typesupport_introspection_cpp[0m
[0.713s] [35m[1mConsolidate compiler generated dependencies of target chapt4_interfaces__rosidl_typesupport_cpp[0m
[0.713s] [ 41%] Built target chapt4_interfaces__rosidl_typesupport_c
[0.807s] [ 51%] Built target chapt4_interfaces__rosidl_typesupport_introspection_cpp
[0.829s] [ 61%] Built target chapt4_interfaces__rosidl_typesupport_cpp
[0.829s] [35m[1mConsolidate compiler generated dependencies of target chapt4_interfaces__rosidl_typesupport_fastrtps_cpp[0m
[0.933s] [ 70%] Built target chapt4_interfaces__rosidl_typesupport_fastrtps_cpp
[1.007s] [ 70%] Built target chapt4_interfaces
[1.142s] [ 74%] Built target chapt4_interfaces__py
[1.204s] [35m[1mConsolidate compiler generated dependencies of target chapt4_interfaces__rosidl_generator_py[0m
[1.276s] [ 80%] Built target chapt4_interfaces__rosidl_generator_py
[1.351s] [35m[1mConsolidate compiler generated dependencies of target chapt4_interfaces__rosidl_typesupport_c__pyext[0m
[1.368s] [35m[1mConsolidate compiler generated dependencies of target chapt4_interfaces__rosidl_typesupport_fastrtps_c__pyext[0m
[1.368s] [35m[1mConsolidate compiler generated dependencies of target chapt4_interfaces__rosidl_typesupport_introspection_c__pyext[0m
[1.442s] [ 87%] Built target chapt4_interfaces__rosidl_typesupport_fastrtps_c__pyext
[1.455s] [ 93%] Built target chapt4_interfaces__rosidl_typesupport_c__pyext
[1.486s] [100%] Built target chapt4_interfaces__rosidl_typesupport_introspection_c__pyext
[1.552s] running egg_info
[1.553s] writing chapt4_interfaces.egg-info/PKG-INFO
[1.557s] writing dependency_links to chapt4_interfaces.egg-info/dependency_links.txt
[1.558s] writing top-level names to chapt4_interfaces.egg-info/top_level.txt
[1.562s] reading manifest file 'chapt4_interfaces.egg-info/SOURCES.txt'
[1.564s] writing manifest file 'chapt4_interfaces.egg-info/SOURCES.txt'
[1.664s] [100%] Built target ament_cmake_python_build_chapt4_interfaces_egg
[1.698s] Invoked command in '/home/wang/desktop/item/chapter4/chapt4_ws/build/chapt4_interfaces' returned '0': CMAKE_PREFIX_PATH=${CMAKE_PREFIX_PATH}:/home/wang/tb3_ws/install/turtlebot3_teleop:/home/wang/tb3_ws/install/turtlebot3_example:/opt/ros/humble /usr/bin/cmake --build /home/wang/desktop/item/chapter4/chapt4_ws/build/chapt4_interfaces -- -j4 -l4
[2.019s] Invoking command in '/home/wang/desktop/item/chapter4/chapt4_ws/build/chapt4_interfaces': CMAKE_PREFIX_PATH=${CMAKE_PREFIX_PATH}:/home/wang/tb3_ws/install/turtlebot3_teleop:/home/wang/tb3_ws/install/turtlebot3_example:/opt/ros/humble /usr/bin/cmake --install /home/wang/desktop/item/chapter4/chapt4_ws/build/chapt4_interfaces
[2.052s] -- Install configuration: ""
[2.058s] -- Up-to-date: /home/wang/desktop/item/chapter4/chapt4_ws/install/chapt4_interfaces/share/ament_index/resource_index/rosidl_interfaces/chapt4_interfaces
[2.059s] -- Up-to-date: /home/wang/desktop/item/chapter4/chapt4_ws/install/chapt4_interfaces/include/chapt4_interfaces/chapt4_interfaces
[2.059s] -- Up-to-date: /home/wang/desktop/item/chapter4/chapt4_ws/install/chapt4_interfaces/include/chapt4_interfaces/chapt4_interfaces/srv
[2.059s] -- Up-to-date: /home/wang/desktop/item/chapter4/chapt4_ws/install/chapt4_interfaces/include/chapt4_interfaces/chapt4_interfaces/srv/face_detector.h
[2.059s] -- Up-to-date: /home/wang/desktop/item/chapter4/chapt4_ws/install/chapt4_interfaces/include/chapt4_interfaces/chapt4_interfaces/srv/detail
[2.059s] -- Up-to-date: /home/wang/desktop/item/chapter4/chapt4_ws/install/chapt4_interfaces/include/chapt4_interfaces/chapt4_interfaces/srv/detail/face_detector__type_support.h
[2.060s] -- Up-to-date: /home/wang/desktop/item/chapter4/chapt4_ws/install/chapt4_interfaces/include/chapt4_interfaces/chapt4_interfaces/srv/detail/face_detector__functions.h
[2.060s] -- Up-to-date: /home/wang/desktop/item/chapter4/chapt4_ws/install/chapt4_interfaces/include/chapt4_interfaces/chapt4_interfaces/srv/detail/face_detector__functions.c
[2.060s] -- Up-to-date: /home/wang/desktop/item/chapter4/chapt4_ws/install/chapt4_interfaces/include/chapt4_interfaces/chapt4_interfaces/srv/detail/face_detector__struct.h
[2.060s] -- Up-to-date: /home/wang/desktop/item/chapter4/chapt4_ws/install/chapt4_interfaces/include/chapt4_interfaces/chapt4_interfaces/msg
[2.060s] -- Up-to-date: /home/wang/desktop/item/chapter4/chapt4_ws/install/chapt4_interfaces/include/chapt4_interfaces/chapt4_interfaces/msg/rosidl_generator_c__visibility_control.h
[2.060s] -- Up-to-date: /home/wang/desktop/item/chapter4/chapt4_ws/install/chapt4_interfaces/share/chapt4_interfaces/environment/library_path.sh
[2.060s] -- Up-to-date: /home/wang/desktop/item/chapter4/chapt4_ws/install/chapt4_interfaces/share/chapt4_interfaces/environment/library_path.dsv
[2.061s] -- Up-to-date: /home/wang/desktop/item/chapter4/chapt4_ws/install/chapt4_interfaces/lib/libchapt4_interfaces__rosidl_generator_c.so
[2.061s] -- Up-to-date: /home/wang/desktop/item/chapter4/chapt4_ws/install/chapt4_interfaces/include/chapt4_interfaces/chapt4_interfaces
[2.064s] -- Up-to-date: /home/wang/desktop/item/chapter4/chapt4_ws/install/chapt4_interfaces/include/chapt4_interfaces/chapt4_interfaces/srv
[2.065s] -- Up-to-date: /home/wang/desktop/item/chapter4/chapt4_ws/install/chapt4_interfaces/include/chapt4_interfaces/chapt4_interfaces/srv/detail
[2.065s] -- Up-to-date: /home/wang/desktop/item/chapter4/chapt4_ws/install/chapt4_interfaces/include/chapt4_interfaces/chapt4_interfaces/srv/detail/face_detector__rosidl_typesupport_fastrtps_c.h
[2.065s] -- Up-to-date: /home/wang/desktop/item/chapter4/chapt4_ws/install/chapt4_interfaces/include/chapt4_interfaces/chapt4_interfaces/msg
[2.065s] -- Up-to-date: /home/wang/desktop/item/chapter4/chapt4_ws/install/chapt4_interfaces/include/chapt4_interfaces/chapt4_interfaces/msg/rosidl_typesupport_fastrtps_c__visibility_control.h
[2.065s] -- Up-to-date: /home/wang/desktop/item/chapter4/chapt4_ws/install/chapt4_interfaces/lib/libchapt4_interfaces__rosidl_typesupport_fastrtps_c.so
[2.066s] -- Up-to-date: /home/wang/desktop/item/chapter4/chapt4_ws/install/chapt4_interfaces/include/chapt4_interfaces/chapt4_interfaces
[2.066s] -- Up-to-date: /home/wang/desktop/item/chapter4/chapt4_ws/install/chapt4_interfaces/include/chapt4_interfaces/chapt4_interfaces/srv
[2.066s] -- Up-to-date: /home/wang/desktop/item/chapter4/chapt4_ws/install/chapt4_interfaces/include/chapt4_interfaces/chapt4_interfaces/srv/detail
[2.066s] -- Up-to-date: /home/wang/desktop/item/chapter4/chapt4_ws/install/chapt4_interfaces/include/chapt4_interfaces/chapt4_interfaces/srv/detail/face_detector__struct.hpp
[2.066s] -- Up-to-date: /home/wang/desktop/item/chapter4/chapt4_ws/install/chapt4_interfaces/include/chapt4_interfaces/chapt4_interfaces/srv/detail/face_detector__traits.hpp
[2.066s] -- Up-to-date: /home/wang/desktop/item/chapter4/chapt4_ws/install/chapt4_interfaces/include/chapt4_interfaces/chapt4_interfaces/srv/detail/face_detector__builder.hpp
[2.067s] -- Up-to-date: /home/wang/desktop/item/chapter4/chapt4_ws/install/chapt4_interfaces/include/chapt4_interfaces/chapt4_interfaces/srv/face_detector.hpp
[2.067s] -- Up-to-date: /home/wang/desktop/item/chapter4/chapt4_ws/install/chapt4_interfaces/include/chapt4_interfaces/chapt4_interfaces
[2.067s] -- Up-to-date: /home/wang/desktop/item/chapter4/chapt4_ws/install/chapt4_interfaces/include/chapt4_interfaces/chapt4_interfaces/srv
[2.067s] -- Up-to-date: /home/wang/desktop/item/chapter4/chapt4_ws/install/chapt4_interfaces/include/chapt4_interfaces/chapt4_interfaces/srv/detail
[2.067s] -- Up-to-date: /home/wang/desktop/item/chapter4/chapt4_ws/install/chapt4_interfaces/include/chapt4_interfaces/chapt4_interfaces/srv/detail/dds_fastrtps
[2.067s] -- Up-to-date: /home/wang/desktop/item/chapter4/chapt4_ws/install/chapt4_interfaces/include/chapt4_interfaces/chapt4_interfaces/srv/detail/face_detector__rosidl_typesupport_fastrtps_cpp.hpp
[2.067s] -- Up-to-date: /home/wang/desktop/item/chapter4/chapt4_ws/install/chapt4_interfaces/include/chapt4_interfaces/chapt4_interfaces/msg
[2.068s] -- Up-to-date: /home/wang/desktop/item/chapter4/chapt4_ws/install/chapt4_interfaces/include/chapt4_interfaces/chapt4_interfaces/msg/rosidl_typesupport_fastrtps_cpp__visibility_control.h
[2.068s] -- Up-to-date: /home/wang/desktop/item/chapter4/chapt4_ws/install/chapt4_interfaces/lib/libchapt4_interfaces__rosidl_typesupport_fastrtps_cpp.so
[2.068s] -- Up-to-date: /home/wang/desktop/item/chapter4/chapt4_ws/install/chapt4_interfaces/include/chapt4_interfaces/chapt4_interfaces
[2.068s] -- Up-to-date: /home/wang/desktop/item/chapter4/chapt4_ws/install/chapt4_interfaces/include/chapt4_interfaces/chapt4_interfaces/srv
[2.076s] -- Up-to-date: /home/wang/desktop/item/chapter4/chapt4_ws/install/chapt4_interfaces/include/chapt4_interfaces/chapt4_interfaces/srv/detail
[2.076s] -- Up-to-date: /home/wang/desktop/item/chapter4/chapt4_ws/install/chapt4_interfaces/include/chapt4_interfaces/chapt4_interfaces/srv/detail/face_detector__rosidl_typesupport_introspection_c.h
[2.077s] -- Up-to-date: /home/wang/desktop/item/chapter4/chapt4_ws/install/chapt4_interfaces/include/chapt4_interfaces/chapt4_interfaces/srv/detail/face_detector__type_support.c
[2.077s] -- Up-to-date: /home/wang/desktop/item/chapter4/chapt4_ws/install/chapt4_interfaces/include/chapt4_interfaces/chapt4_interfaces/msg
[2.077s] -- Up-to-date: /home/wang/desktop/item/chapter4/chapt4_ws/install/chapt4_interfaces/include/chapt4_interfaces/chapt4_interfaces/msg/rosidl_typesupport_introspection_c__visibility_control.h
[2.077s] -- Up-to-date: /home/wang/desktop/item/chapter4/chapt4_ws/install/chapt4_interfaces/lib/libchapt4_interfaces__rosidl_typesupport_introspection_c.so
[2.077s] -- Up-to-date: /home/wang/desktop/item/chapter4/chapt4_ws/install/chapt4_interfaces/lib/libchapt4_interfaces__rosidl_typesupport_c.so
[2.077s] -- Up-to-date: /home/wang/desktop/item/chapter4/chapt4_ws/install/chapt4_interfaces/include/chapt4_interfaces/chapt4_interfaces
[2.077s] -- Up-to-date: /home/wang/desktop/item/chapter4/chapt4_ws/install/chapt4_interfaces/include/chapt4_interfaces/chapt4_interfaces/srv
[2.078s] -- Up-to-date: /home/wang/desktop/item/chapter4/chapt4_ws/install/chapt4_interfaces/include/chapt4_interfaces/chapt4_interfaces/srv/detail
[2.078s] -- Up-to-date: /home/wang/desktop/item/chapter4/chapt4_ws/install/chapt4_interfaces/include/chapt4_interfaces/chapt4_interfaces/srv/detail/face_detector__rosidl_typesupport_introspection_cpp.hpp
[2.078s] -- Up-to-date: /home/wang/desktop/item/chapter4/chapt4_ws/install/chapt4_interfaces/include/chapt4_interfaces/chapt4_interfaces/srv/detail/face_detector__type_support.cpp
[2.078s] -- Up-to-date: /home/wang/desktop/item/chapter4/chapt4_ws/install/chapt4_interfaces/lib/libchapt4_interfaces__rosidl_typesupport_introspection_cpp.so
[2.078s] -- Up-to-date: /home/wang/desktop/item/chapter4/chapt4_ws/install/chapt4_interfaces/lib/libchapt4_interfaces__rosidl_typesupport_cpp.so
[2.078s] -- Up-to-date: /home/wang/desktop/item/chapter4/chapt4_ws/install/chapt4_interfaces/share/chapt4_interfaces/environment/pythonpath.sh
[2.079s] -- Up-to-date: /home/wang/desktop/item/chapter4/chapt4_ws/install/chapt4_interfaces/share/chapt4_interfaces/environment/pythonpath.dsv
[2.079s] -- Up-to-date: /home/wang/desktop/item/chapter4/chapt4_ws/install/chapt4_interfaces/local/lib/python3.10/dist-packages/chapt4_interfaces-0.0.0-py3.10.egg-info
[2.088s] -- Installing: /home/wang/desktop/item/chapter4/chapt4_ws/install/chapt4_interfaces/local/lib/python3.10/dist-packages/chapt4_interfaces-0.0.0-py3.10.egg-info/PKG-INFO
[2.089s] -- Installing: /home/wang/desktop/item/chapter4/chapt4_ws/install/chapt4_interfaces/local/lib/python3.10/dist-packages/chapt4_interfaces-0.0.0-py3.10.egg-info/SOURCES.txt
[2.089s] -- Installing: /home/wang/desktop/item/chapter4/chapt4_ws/install/chapt4_interfaces/local/lib/python3.10/dist-packages/chapt4_interfaces-0.0.0-py3.10.egg-info/top_level.txt
[2.089s] -- Installing: /home/wang/desktop/item/chapter4/chapt4_ws/install/chapt4_interfaces/local/lib/python3.10/dist-packages/chapt4_interfaces-0.0.0-py3.10.egg-info/dependency_links.txt
[2.089s] -- Up-to-date: /home/wang/desktop/item/chapter4/chapt4_ws/install/chapt4_interfaces/local/lib/python3.10/dist-packages/chapt4_interfaces
[2.089s] -- Up-to-date: /home/wang/desktop/item/chapter4/chapt4_ws/install/chapt4_interfaces/local/lib/python3.10/dist-packages/chapt4_interfaces/srv
[2.089s] -- Up-to-date: /home/wang/desktop/item/chapter4/chapt4_ws/install/chapt4_interfaces/local/lib/python3.10/dist-packages/chapt4_interfaces/srv/_face_detector.py
[2.089s] -- Up-to-date: /home/wang/desktop/item/chapter4/chapt4_ws/install/chapt4_interfaces/local/lib/python3.10/dist-packages/chapt4_interfaces/srv/__init__.py
[2.090s] -- Up-to-date: /home/wang/desktop/item/chapter4/chapt4_ws/install/chapt4_interfaces/local/lib/python3.10/dist-packages/chapt4_interfaces/srv/_face_detector_s.c
[2.090s] -- Up-to-date: /home/wang/desktop/item/chapter4/chapt4_ws/install/chapt4_interfaces/local/lib/python3.10/dist-packages/chapt4_interfaces/__init__.py
[2.090s] -- Up-to-date: /home/wang/desktop/item/chapter4/chapt4_ws/install/chapt4_interfaces/local/lib/python3.10/dist-packages/chapt4_interfaces/_chapt4_interfaces_s.ep.rosidl_typesupport_introspection_c.c
[2.090s] -- Up-to-date: /home/wang/desktop/item/chapter4/chapt4_ws/install/chapt4_interfaces/local/lib/python3.10/dist-packages/chapt4_interfaces/chapt4_interfaces_s__rosidl_typesupport_fastrtps_c.cpython-310-x86_64-linux-gnu.so
[2.091s] -- Up-to-date: /home/wang/desktop/item/chapter4/chapt4_ws/install/chapt4_interfaces/local/lib/python3.10/dist-packages/chapt4_interfaces/_chapt4_interfaces_s.ep.rosidl_typesupport_c.c
[2.091s] -- Up-to-date: /home/wang/desktop/item/chapter4/chapt4_ws/install/chapt4_interfaces/local/lib/python3.10/dist-packages/chapt4_interfaces/libchapt4_interfaces__rosidl_generator_py.so
[2.091s] -- Up-to-date: /home/wang/desktop/item/chapter4/chapt4_ws/install/chapt4_interfaces/local/lib/python3.10/dist-packages/chapt4_interfaces/_chapt4_interfaces_s.ep.rosidl_typesupport_fastrtps_c.c
[2.091s] -- Up-to-date: /home/wang/desktop/item/chapter4/chapt4_ws/install/chapt4_interfaces/local/lib/python3.10/dist-packages/chapt4_interfaces/chapt4_interfaces_s__rosidl_typesupport_c.cpython-310-x86_64-linux-gnu.so
[2.092s] -- Up-to-date: /home/wang/desktop/item/chapter4/chapt4_ws/install/chapt4_interfaces/local/lib/python3.10/dist-packages/chapt4_interfaces/chapt4_interfaces_s__rosidl_typesupport_introspection_c.cpython-310-x86_64-linux-gnu.so
[2.207s] Listing '/home/wang/desktop/item/chapter4/chapt4_ws/install/chapt4_interfaces/local/lib/python3.10/dist-packages/chapt4_interfaces'...
[2.208s] Listing '/home/wang/desktop/item/chapter4/chapt4_ws/install/chapt4_interfaces/local/lib/python3.10/dist-packages/chapt4_interfaces/srv'...
[2.216s] -- Up-to-date: /home/wang/desktop/item/chapter4/chapt4_ws/install/chapt4_interfaces/local/lib/python3.10/dist-packages/chapt4_interfaces/chapt4_interfaces_s__rosidl_typesupport_fastrtps_c.cpython-310-x86_64-linux-gnu.so
[2.217s] -- Up-to-date: /home/wang/desktop/item/chapter4/chapt4_ws/install/chapt4_interfaces/local/lib/python3.10/dist-packages/chapt4_interfaces/chapt4_interfaces_s__rosidl_typesupport_introspection_c.cpython-310-x86_64-linux-gnu.so
[2.217s] -- Up-to-date: /home/wang/desktop/item/chapter4/chapt4_ws/install/chapt4_interfaces/local/lib/python3.10/dist-packages/chapt4_interfaces/chapt4_interfaces_s__rosidl_typesupport_c.cpython-310-x86_64-linux-gnu.so
[2.218s] -- Up-to-date: /home/wang/desktop/item/chapter4/chapt4_ws/install/chapt4_interfaces/lib/libchapt4_interfaces__rosidl_generator_py.so
[2.219s] -- Up-to-date: /home/wang/desktop/item/chapter4/chapt4_ws/install/chapt4_interfaces/share/chapt4_interfaces/srv/FaceDetector.idl
[2.219s] -- Up-to-date: /home/wang/desktop/item/chapter4/chapt4_ws/install/chapt4_interfaces/share/chapt4_interfaces/srv/FaceDetector.srv
[2.219s] -- Up-to-date: /home/wang/desktop/item/chapter4/chapt4_ws/install/chapt4_interfaces/share/chapt4_interfaces/srv/FaceDetector_Request.msg
[2.219s] -- Up-to-date: /home/wang/desktop/item/chapter4/chapt4_ws/install/chapt4_interfaces/share/chapt4_interfaces/srv/FaceDetector_Response.msg
[2.219s] -- Up-to-date: /home/wang/desktop/item/chapter4/chapt4_ws/install/chapt4_interfaces/share/ament_index/resource_index/package_run_dependencies/chapt4_interfaces
[2.219s] -- Up-to-date: /home/wang/desktop/item/chapter4/chapt4_ws/install/chapt4_interfaces/share/ament_index/resource_index/parent_prefix_path/chapt4_interfaces
[2.220s] -- Up-to-date: /home/wang/desktop/item/chapter4/chapt4_ws/install/chapt4_interfaces/share/chapt4_interfaces/environment/ament_prefix_path.sh
[2.220s] -- Up-to-date: /home/wang/desktop/item/chapter4/chapt4_ws/install/chapt4_interfaces/share/chapt4_interfaces/environment/ament_prefix_path.dsv
[2.221s] -- Up-to-date: /home/wang/desktop/item/chapter4/chapt4_ws/install/chapt4_interfaces/share/chapt4_interfaces/environment/path.sh
[2.221s] -- Up-to-date: /home/wang/desktop/item/chapter4/chapt4_ws/install/chapt4_interfaces/share/chapt4_interfaces/environment/path.dsv
[2.222s] -- Up-to-date: /home/wang/desktop/item/chapter4/chapt4_ws/install/chapt4_interfaces/share/chapt4_interfaces/local_setup.bash
[2.222s] -- Up-to-date: /home/wang/desktop/item/chapter4/chapt4_ws/install/chapt4_interfaces/share/chapt4_interfaces/local_setup.sh
[2.222s] -- Up-to-date: /home/wang/desktop/item/chapter4/chapt4_ws/install/chapt4_interfaces/share/chapt4_interfaces/local_setup.zsh
[2.222s] -- Up-to-date: /home/wang/desktop/item/chapter4/chapt4_ws/install/chapt4_interfaces/share/chapt4_interfaces/local_setup.dsv
[2.222s] -- Installing: /home/wang/desktop/item/chapter4/chapt4_ws/install/chapt4_interfaces/share/chapt4_interfaces/package.dsv
[2.226s] -- Up-to-date: /home/wang/desktop/item/chapter4/chapt4_ws/install/chapt4_interfaces/share/ament_index/resource_index/packages/chapt4_interfaces
[2.237s] -- Up-to-date: /home/wang/desktop/item/chapter4/chapt4_ws/install/chapt4_interfaces/share/chapt4_interfaces/cmake/export_chapt4_interfaces__rosidl_generator_cExport.cmake
[2.238s] -- Up-to-date: /home/wang/desktop/item/chapter4/chapt4_ws/install/chapt4_interfaces/share/chapt4_interfaces/cmake/export_chapt4_interfaces__rosidl_generator_cExport-noconfig.cmake
[2.238s] -- Up-to-date: /home/wang/desktop/item/chapter4/chapt4_ws/install/chapt4_interfaces/share/chapt4_interfaces/cmake/export_chapt4_interfaces__rosidl_typesupport_fastrtps_cExport.cmake
[2.238s] -- Up-to-date: /home/wang/desktop/item/chapter4/chapt4_ws/install/chapt4_interfaces/share/chapt4_interfaces/cmake/export_chapt4_interfaces__rosidl_typesupport_fastrtps_cExport-noconfig.cmake
[2.239s] -- Up-to-date: /home/wang/desktop/item/chapter4/chapt4_ws/install/chapt4_interfaces/share/chapt4_interfaces/cmake/export_chapt4_interfaces__rosidl_generator_cppExport.cmake
[2.239s] -- Up-to-date: /home/wang/desktop/item/chapter4/chapt4_ws/install/chapt4_interfaces/share/chapt4_interfaces/cmake/export_chapt4_interfaces__rosidl_typesupport_fastrtps_cppExport.cmake
[2.239s] -- Up-to-date: /home/wang/desktop/item/chapter4/chapt4_ws/install/chapt4_interfaces/share/chapt4_interfaces/cmake/export_chapt4_interfaces__rosidl_typesupport_fastrtps_cppExport-noconfig.cmake
[2.239s] -- Up-to-date: /home/wang/desktop/item/chapter4/chapt4_ws/install/chapt4_interfaces/share/chapt4_interfaces/cmake/chapt4_interfaces__rosidl_typesupport_introspection_cExport.cmake
[2.240s] -- Up-to-date: /home/wang/desktop/item/chapter4/chapt4_ws/install/chapt4_interfaces/share/chapt4_interfaces/cmake/chapt4_interfaces__rosidl_typesupport_introspection_cExport-noconfig.cmake
[2.240s] -- Up-to-date: /home/wang/desktop/item/chapter4/chapt4_ws/install/chapt4_interfaces/share/chapt4_interfaces/cmake/chapt4_interfaces__rosidl_typesupport_cExport.cmake
[2.240s] -- Up-to-date: /home/wang/desktop/item/chapter4/chapt4_ws/install/chapt4_interfaces/share/chapt4_interfaces/cmake/chapt4_interfaces__rosidl_typesupport_cExport-noconfig.cmake
[2.243s] -- Up-to-date: /home/wang/desktop/item/chapter4/chapt4_ws/install/chapt4_interfaces/share/chapt4_interfaces/cmake/chapt4_interfaces__rosidl_typesupport_introspection_cppExport.cmake
[2.243s] -- Up-to-date: /home/wang/desktop/item/chapter4/chapt4_ws/install/chapt4_interfaces/share/chapt4_interfaces/cmake/chapt4_interfaces__rosidl_typesupport_introspection_cppExport-noconfig.cmake
[2.249s] -- Up-to-date: /home/wang/desktop/item/chapter4/chapt4_ws/install/chapt4_interfaces/share/chapt4_interfaces/cmake/chapt4_interfaces__rosidl_typesupport_cppExport.cmake
[2.249s] -- Up-to-date: /home/wang/desktop/item/chapter4/chapt4_ws/install/chapt4_interfaces/share/chapt4_interfaces/cmake/chapt4_interfaces__rosidl_typesupport_cppExport-noconfig.cmake
[2.249s] -- Up-to-date: /home/wang/desktop/item/chapter4/chapt4_ws/install/chapt4_interfaces/share/chapt4_interfaces/cmake/export_chapt4_interfaces__rosidl_generator_pyExport.cmake
[2.249s] -- Up-to-date: /home/wang/desktop/item/chapter4/chapt4_ws/install/chapt4_interfaces/share/chapt4_interfaces/cmake/export_chapt4_interfaces__rosidl_generator_pyExport-noconfig.cmake
[2.250s] -- Up-to-date: /home/wang/desktop/item/chapter4/chapt4_ws/install/chapt4_interfaces/share/chapt4_interfaces/cmake/rosidl_cmake-extras.cmake
[2.250s] -- Up-to-date: /home/wang/desktop/item/chapter4/chapt4_ws/install/chapt4_interfaces/share/chapt4_interfaces/cmake/ament_cmake_export_dependencies-extras.cmake
[2.250s] -- Up-to-date: /home/wang/desktop/item/chapter4/chapt4_ws/install/chapt4_interfaces/share/chapt4_interfaces/cmake/ament_cmake_export_include_directories-extras.cmake
[2.250s] -- Up-to-date: /home/wang/desktop/item/chapter4/chapt4_ws/install/chapt4_interfaces/share/chapt4_interfaces/cmake/ament_cmake_export_libraries-extras.cmake
[2.251s] -- Up-to-date: /home/wang/desktop/item/chapter4/chapt4_ws/install/chapt4_interfaces/share/chapt4_interfaces/cmake/ament_cmake_export_targets-extras.cmake
[2.251s] -- Up-to-date: /home/wang/desktop/item/chapter4/chapt4_ws/install/chapt4_interfaces/share/chapt4_interfaces/cmake/rosidl_cmake_export_typesupport_targets-extras.cmake
[2.251s] -- Up-to-date: /home/wang/desktop/item/chapter4/chapt4_ws/install/chapt4_interfaces/share/chapt4_interfaces/cmake/rosidl_cmake_export_typesupport_libraries-extras.cmake
[2.252s] -- Up-to-date: /home/wang/desktop/item/chapter4/chapt4_ws/install/chapt4_interfaces/share/chapt4_interfaces/cmake/chapt4_interfacesConfig.cmake
[2.252s] -- Up-to-date: /home/wang/desktop/item/chapter4/chapt4_ws/install/chapt4_interfaces/share/chapt4_interfaces/cmake/chapt4_interfacesConfig-version.cmake
[2.252s] -- Up-to-date: /home/wang/desktop/item/chapter4/chapt4_ws/install/chapt4_interfaces/share/chapt4_interfaces/package.xml
[2.262s] Invoked command in '/home/wang/desktop/item/chapter4/chapt4_ws/build/chapt4_interfaces' returned '0': CMAKE_PREFIX_PATH=${CMAKE_PREFIX_PATH}:/home/wang/tb3_ws/install/turtlebot3_teleop:/home/wang/tb3_ws/install/turtlebot3_example:/opt/ros/humble /usr/bin/cmake --install /home/wang/desktop/item/chapter4/chapt4_ws/build/chapt4_interfaces
