[0.049s] Invoking command in '/home/wang/桌面/item/chapter2/chapter2_ws/build/demo_cpp_pkg': CMAKE_PREFIX_PATH=${CMAKE_PREFIX_PATH}:/home/wang/桌面/item/chapter2/chapter2_ws/install/demo_python_pkg:/home/wang/tb3_ws/install/turtlebot3_teleop:/home/wang/tb3_ws/install/turtlebot3_example:/opt/ros/humble /usr/bin/cmake --build /home/wang/桌面/item/chapter2/chapter2_ws/build/demo_cpp_pkg -- -j4 -l4
[0.144s] -- Found ament_cmake: 1.3.10 (/opt/ros/humble/share/ament_cmake/cmake)
[0.586s] -- Found rclcpp: 16.0.10 (/opt/ros/humble/share/rclcpp/cmake)
[0.671s] -- Found rosidl_generator_c: 3.1.5 (/opt/ros/humble/share/rosidl_generator_c/cmake)
[0.681s] -- Found rosidl_adapter: 3.1.5 (/opt/ros/humble/share/rosidl_adapter/cmake)
[0.699s] -- Found rosidl_generator_cpp: 3.1.5 (/opt/ros/humble/share/rosidl_generator_cpp/cmake)
[0.733s] -- Using all available rosidl_typesupport_c: rosidl_typesupport_fastrtps_c;rosidl_typesupport_introspection_c
[0.766s] -- Using all available rosidl_typesupport_cpp: rosidl_typesupport_fastrtps_cpp;rosidl_typesupport_introspection_cpp
[0.860s] -- Found rmw_implementation_cmake: 6.1.2 (/opt/ros/humble/share/rmw_implementation_cmake/cmake)
[0.867s] -- Found rmw_fastrtps_cpp: 6.2.7 (/opt/ros/humble/share/rmw_fastrtps_cpp/cmake)
[1.180s] -- Using RMW implementation 'rmw_fastrtps_cpp' as default
[1.346s] -- Found ament_lint_auto: 0.12.11 (/opt/ros/humble/share/ament_lint_auto/cmake)
[1.629s] -- Added test 'cppcheck' to perform static code analysis on C / C++ code
[1.630s] -- Configured cppcheck include dirs: 
[1.630s] -- Configured cppcheck exclude dirs and/or files: 
[1.636s] -- Added test 'lint_cmake' to check CMake code style
[1.649s] -- Added test 'uncrustify' to check C / C++ code style
[1.650s] -- Configured uncrustify additional arguments: 
[1.652s] -- Added test 'xmllint' to check XML markup files
[1.655s] -- Configuring done
[1.666s] [31mCMake Error at CMakeLists.txt:20 (add_executable):
[1.666s]   Cannot find source file:
[1.666s] 
[1.666s]     src/learn_funcational.cpp
[1.666s] 
[1.666s]   Tried extensions .c .C .c++ .cc .cpp .cxx .cu .mpp .m .M .mm .ixx .cppm .h
[1.667s]   .hh .h++ .hm .hpp .hxx .in .txx .f .F .for .f77 .f90 .f95 .f03 .hip .ispc
[1.667s] 
[1.667s] [0m
[1.667s] [31mCMake Error at CMakeLists.txt:20 (add_executable):
[1.667s]   No SOURCES given to target: learn_funcational
[1.667s] 
[1.668s] [0m
[1.668s] [0mCMake Generate step failed.  Build files cannot be regenerated correctly.[0m
[1.687s] gmake: *** [Makefile:431：cmake_check_build_system] 错误 1
[1.701s] Invoked command in '/home/wang/桌面/item/chapter2/chapter2_ws/build/demo_cpp_pkg' returned '2': CMAKE_PREFIX_PATH=${CMAKE_PREFIX_PATH}:/home/wang/桌面/item/chapter2/chapter2_ws/install/demo_python_pkg:/home/wang/tb3_ws/install/turtlebot3_teleop:/home/wang/tb3_ws/install/turtlebot3_example:/opt/ros/humble /usr/bin/cmake --build /home/wang/桌面/item/chapter2/chapter2_ws/build/demo_cpp_pkg -- -j4 -l4
