[2.027s] Invoking command in '/home/wang/桌面/item/chapter2/chapter2_ws/src/demo_python_pkg': PYTHONPATH=/home/wang/桌面/item/chapter2/chapter2_ws/build/demo_python_pkg/prefix_override:/usr/lib/python3/dist-packages/colcon_core/task/python/colcon_distutils_commands:/home/wang/桌面/item/chapter2/chapter2_ws/install/demo_python_pkg/lib/python3.10/site-packages:${PYTHONPATH} /usr/bin/python3 -W ignore:setup.py install is deprecated setup.py egg_info --egg-base ../../build/demo_python_pkg build --build-base /home/wang/桌面/item/chapter2/chapter2_ws/build/demo_python_pkg/build install --record /home/wang/桌面/item/chapter2/chapter2_ws/build/demo_python_pkg/install.log --single-version-externally-managed install_data
[2.796s] running egg_info
[2.800s] writing ../../build/demo_python_pkg/demo_python_pkg.egg-info/PKG-INFO
[2.802s] writing dependency_links to ../../build/demo_python_pkg/demo_python_pkg.egg-info/dependency_links.txt
[2.806s] writing entry points to ../../build/demo_python_pkg/demo_python_pkg.egg-info/entry_points.txt
[2.807s] writing requirements to ../../build/demo_python_pkg/demo_python_pkg.egg-info/requires.txt
[2.807s] writing top-level names to ../../build/demo_python_pkg/demo_python_pkg.egg-info/top_level.txt
[2.814s] reading manifest file '../../build/demo_python_pkg/demo_python_pkg.egg-info/SOURCES.txt'
[2.816s] adding license file 'LICENSE'
[2.818s] writing manifest file '../../build/demo_python_pkg/demo_python_pkg.egg-info/SOURCES.txt'
[2.818s] running build
[2.818s] running build_py
[2.821s] running install
[2.821s] running install_lib
[2.826s] running install_data
[2.826s] running install_egg_info
[2.838s] removing '/home/wang/桌面/item/chapter2/chapter2_ws/install/demo_python_pkg/lib/python3.10/site-packages/demo_python_pkg-0.0.0-py3.10.egg-info' (and everything under it)
[2.839s] Copying ../../build/demo_python_pkg/demo_python_pkg.egg-info to /home/wang/桌面/item/chapter2/chapter2_ws/install/demo_python_pkg/lib/python3.10/site-packages/demo_python_pkg-0.0.0-py3.10.egg-info
[2.839s] running install_scripts
[2.897s] Installing person_node script to /home/wang/桌面/item/chapter2/chapter2_ws/install/demo_python_pkg/lib/demo_python_pkg
[2.902s] Installing python_node script to /home/wang/桌面/item/chapter2/chapter2_ws/install/demo_python_pkg/lib/demo_python_pkg
[2.902s] Installing write_node script to /home/wang/桌面/item/chapter2/chapter2_ws/install/demo_python_pkg/lib/demo_python_pkg
[2.903s] writing list of installed files to '/home/wang/桌面/item/chapter2/chapter2_ws/build/demo_python_pkg/install.log'
[2.972s] Invoked command in '/home/wang/桌面/item/chapter2/chapter2_ws/src/demo_python_pkg' returned '0': PYTHONPATH=/home/wang/桌面/item/chapter2/chapter2_ws/build/demo_python_pkg/prefix_override:/usr/lib/python3/dist-packages/colcon_core/task/python/colcon_distutils_commands:/home/wang/桌面/item/chapter2/chapter2_ws/install/demo_python_pkg/lib/python3.10/site-packages:${PYTHONPATH} /usr/bin/python3 -W ignore:setup.py install is deprecated setup.py egg_info --egg-base ../../build/demo_python_pkg build --build-base /home/wang/桌面/item/chapter2/chapter2_ws/build/demo_python_pkg/build install --record /home/wang/桌面/item/chapter2/chapter2_ws/build/demo_python_pkg/install.log --single-version-externally-managed install_data
