[0.353s] DEBUG:colcon:Command line arguments: ['/usr/bin/colcon', 'build']
[0.353s] DEBUG:colcon:Parsed command line arguments: Namespace(log_base=None, log_level=None, verb_name='build', build_base='build', install_base='install', merge_install=False, symlink_install=False, test_result_base=None, continue_on_error=False, executor='parallel', parallel_workers=4, event_handlers=None, ignore_user_meta=False, metas=['./colcon.meta'], base_paths=['.'], packages_ignore=None, packages_ignore_regex=None, paths=None, packages_up_to=None, packages_up_to_regex=None, packages_above=None, packages_above_and_dependencies=None, packages_above_depth=None, packages_select_by_dep=None, packages_skip_by_dep=None, packages_skip_up_to=None, packages_select_build_failed=False, packages_skip_build_finished=False, packages_select_test_failures=False, packages_skip_test_passed=False, packages_select=None, packages_skip=None, packages_select_regex=None, packages_skip_regex=None, packages_start=None, packages_end=None, allow_overriding=[], cmake_args=None, cmake_target=None, cmake_target_skip_unavailable=False, cmake_clean_cache=False, cmake_clean_first=False, cmake_force_configure=False, ament_cmake_args=None, catkin_cmake_args=None, catkin_skip_building_tests=False, verb_parser=<colcon_defaults.argument_parser.defaults.DefaultArgumentsDecorator object at 0x748ca3431b70>, verb_extension=<colcon_core.verb.build.BuildVerb object at 0x748ca3431660>, main=<bound method BuildVerb.main of <colcon_core.verb.build.BuildVerb object at 0x748ca3431660>>)
[0.944s] Level 1:colcon.colcon_core.package_discovery:discover_packages(colcon_meta) check parameters
[0.945s] Level 1:colcon.colcon_core.package_discovery:discover_packages(recursive) check parameters
[0.945s] Level 1:colcon.colcon_core.package_discovery:discover_packages(ignore) check parameters
[0.945s] Level 1:colcon.colcon_core.package_discovery:discover_packages(path) check parameters
[0.945s] Level 1:colcon.colcon_core.package_discovery:discover_packages(colcon_meta) discover
[0.945s] Level 1:colcon.colcon_core.package_discovery:discover_packages(recursive) discover
[0.945s] INFO:colcon.colcon_core.package_discovery:Crawling recursively for packages in '/home/wang/desktop/item/chapter4/chapt4_ws'
[0.946s] Level 1:colcon.colcon_core.package_identification:_identify(.) by extensions ['ignore', 'ignore_ament_install']
[0.946s] Level 1:colcon.colcon_core.package_identification:_identify(.) by extension 'ignore'
[0.946s] Level 1:colcon.colcon_core.package_identification:_identify(.) by extension 'ignore_ament_install'
[0.946s] Level 1:colcon.colcon_core.package_identification:_identify(.) by extensions ['colcon_pkg']
[0.946s] Level 1:colcon.colcon_core.package_identification:_identify(.) by extension 'colcon_pkg'
[0.946s] Level 1:colcon.colcon_core.package_identification:_identify(.) by extensions ['colcon_meta']
[0.946s] Level 1:colcon.colcon_core.package_identification:_identify(.) by extension 'colcon_meta'
[0.947s] Level 1:colcon.colcon_core.package_identification:_identify(.) by extensions ['ros']
[0.947s] Level 1:colcon.colcon_core.package_identification:_identify(.) by extension 'ros'
[0.981s] Level 1:colcon.colcon_core.package_identification:_identify(.) by extensions ['cmake', 'python']
[0.981s] Level 1:colcon.colcon_core.package_identification:_identify(.) by extension 'cmake'
[0.982s] Level 1:colcon.colcon_core.package_identification:_identify(.) by extension 'python'
[0.982s] Level 1:colcon.colcon_core.package_identification:_identify(.) by extensions ['python_setup_py']
[0.982s] Level 1:colcon.colcon_core.package_identification:_identify(.) by extension 'python_setup_py'
[0.982s] Level 1:colcon.colcon_core.package_identification:_identify(build) by extensions ['ignore', 'ignore_ament_install']
[0.982s] Level 1:colcon.colcon_core.package_identification:_identify(build) by extension 'ignore'
[0.982s] Level 1:colcon.colcon_core.package_identification:_identify(build) ignored
[0.983s] Level 1:colcon.colcon_core.package_identification:_identify(install) by extensions ['ignore', 'ignore_ament_install']
[0.983s] Level 1:colcon.colcon_core.package_identification:_identify(install) by extension 'ignore'
[0.983s] Level 1:colcon.colcon_core.package_identification:_identify(install) ignored
[0.984s] Level 1:colcon.colcon_core.package_identification:_identify(log) by extensions ['ignore', 'ignore_ament_install']
[0.984s] Level 1:colcon.colcon_core.package_identification:_identify(log) by extension 'ignore'
[0.984s] Level 1:colcon.colcon_core.package_identification:_identify(log) ignored
[0.984s] Level 1:colcon.colcon_core.package_identification:_identify(src) by extensions ['ignore', 'ignore_ament_install']
[0.984s] Level 1:colcon.colcon_core.package_identification:_identify(src) by extension 'ignore'
[0.984s] Level 1:colcon.colcon_core.package_identification:_identify(src) by extension 'ignore_ament_install'
[0.985s] Level 1:colcon.colcon_core.package_identification:_identify(src) by extensions ['colcon_pkg']
[0.985s] Level 1:colcon.colcon_core.package_identification:_identify(src) by extension 'colcon_pkg'
[0.985s] Level 1:colcon.colcon_core.package_identification:_identify(src) by extensions ['colcon_meta']
[0.985s] Level 1:colcon.colcon_core.package_identification:_identify(src) by extension 'colcon_meta'
[0.985s] Level 1:colcon.colcon_core.package_identification:_identify(src) by extensions ['ros']
[0.985s] Level 1:colcon.colcon_core.package_identification:_identify(src) by extension 'ros'
[0.985s] Level 1:colcon.colcon_core.package_identification:_identify(src) by extensions ['cmake', 'python']
[0.985s] Level 1:colcon.colcon_core.package_identification:_identify(src) by extension 'cmake'
[0.985s] Level 1:colcon.colcon_core.package_identification:_identify(src) by extension 'python'
[0.985s] Level 1:colcon.colcon_core.package_identification:_identify(src) by extensions ['python_setup_py']
[0.986s] Level 1:colcon.colcon_core.package_identification:_identify(src) by extension 'python_setup_py'
[0.986s] Level 1:colcon.colcon_core.package_identification:_identify(src/chapt4_interfaces) by extensions ['ignore', 'ignore_ament_install']
[0.986s] Level 1:colcon.colcon_core.package_identification:_identify(src/chapt4_interfaces) by extension 'ignore'
[0.986s] Level 1:colcon.colcon_core.package_identification:_identify(src/chapt4_interfaces) by extension 'ignore_ament_install'
[0.986s] Level 1:colcon.colcon_core.package_identification:_identify(src/chapt4_interfaces) by extensions ['colcon_pkg']
[0.986s] Level 1:colcon.colcon_core.package_identification:_identify(src/chapt4_interfaces) by extension 'colcon_pkg'
[0.987s] Level 1:colcon.colcon_core.package_identification:_identify(src/chapt4_interfaces) by extensions ['colcon_meta']
[0.987s] Level 1:colcon.colcon_core.package_identification:_identify(src/chapt4_interfaces) by extension 'colcon_meta'
[0.987s] Level 1:colcon.colcon_core.package_identification:_identify(src/chapt4_interfaces) by extensions ['ros']
[0.987s] Level 1:colcon.colcon_core.package_identification:_identify(src/chapt4_interfaces) by extension 'ros'
[0.994s] DEBUG:colcon.colcon_core.package_identification:Package 'src/chapt4_interfaces' with type 'ros.ament_cmake' and name 'chapt4_interfaces'
[0.994s] Level 1:colcon.colcon_core.package_identification:_identify(src/demo_cpp_service) by extensions ['ignore', 'ignore_ament_install']
[0.995s] Level 1:colcon.colcon_core.package_identification:_identify(src/demo_cpp_service) by extension 'ignore'
[0.995s] Level 1:colcon.colcon_core.package_identification:_identify(src/demo_cpp_service) by extension 'ignore_ament_install'
[0.995s] Level 1:colcon.colcon_core.package_identification:_identify(src/demo_cpp_service) by extensions ['colcon_pkg']
[0.995s] Level 1:colcon.colcon_core.package_identification:_identify(src/demo_cpp_service) by extension 'colcon_pkg'
[0.995s] Level 1:colcon.colcon_core.package_identification:_identify(src/demo_cpp_service) by extensions ['colcon_meta']
[0.995s] Level 1:colcon.colcon_core.package_identification:_identify(src/demo_cpp_service) by extension 'colcon_meta'
[0.996s] Level 1:colcon.colcon_core.package_identification:_identify(src/demo_cpp_service) by extensions ['ros']
[0.996s] Level 1:colcon.colcon_core.package_identification:_identify(src/demo_cpp_service) by extension 'ros'
[0.998s] DEBUG:colcon.colcon_core.package_identification:Package 'src/demo_cpp_service' with type 'ros.ament_cmake' and name 'demo_cpp_service'
[0.998s] Level 1:colcon.colcon_core.package_identification:_identify(src/demo_python_service) by extensions ['ignore', 'ignore_ament_install']
[1.000s] Level 1:colcon.colcon_core.package_identification:_identify(src/demo_python_service) by extension 'ignore'
[1.001s] Level 1:colcon.colcon_core.package_identification:_identify(src/demo_python_service) by extension 'ignore_ament_install'
[1.001s] Level 1:colcon.colcon_core.package_identification:_identify(src/demo_python_service) by extensions ['colcon_pkg']
[1.001s] Level 1:colcon.colcon_core.package_identification:_identify(src/demo_python_service) by extension 'colcon_pkg'
[1.001s] Level 1:colcon.colcon_core.package_identification:_identify(src/demo_python_service) by extensions ['colcon_meta']
[1.001s] Level 1:colcon.colcon_core.package_identification:_identify(src/demo_python_service) by extension 'colcon_meta'
[1.001s] Level 1:colcon.colcon_core.package_identification:_identify(src/demo_python_service) by extensions ['ros']
[1.002s] Level 1:colcon.colcon_core.package_identification:_identify(src/demo_python_service) by extension 'ros'
[1.004s] DEBUG:colcon.colcon_core.package_identification:Package 'src/demo_python_service' with type 'ros.ament_python' and name 'demo_python_service'
[1.004s] Level 1:colcon.colcon_core.package_discovery:discover_packages(recursive) using defaults
[1.005s] Level 1:colcon.colcon_core.package_discovery:discover_packages(ignore) discover
[1.005s] Level 1:colcon.colcon_core.package_discovery:discover_packages(ignore) using defaults
[1.005s] Level 1:colcon.colcon_core.package_discovery:discover_packages(path) discover
[1.005s] Level 1:colcon.colcon_core.package_discovery:discover_packages(path) using defaults
[1.101s] Level 1:colcon.colcon_core.package_discovery:discover_packages(prefix_path) check parameters
[1.101s] Level 1:colcon.colcon_core.package_discovery:discover_packages(prefix_path) discover
[1.108s] DEBUG:colcon.colcon_installed_package_information.package_discovery:Found 17 installed packages in /home/wang/tb3_ws/install
[1.113s] DEBUG:colcon.colcon_installed_package_information.package_discovery:Found 407 installed packages in /opt/ros/humble
[1.120s] Level 1:colcon.colcon_core.package_discovery:discover_packages(prefix_path) using defaults
[1.314s] Level 5:colcon.colcon_core.verb:set package 'chapt4_interfaces' build argument 'cmake_args' from command line to 'None'
[1.314s] Level 5:colcon.colcon_core.verb:set package 'chapt4_interfaces' build argument 'cmake_target' from command line to 'None'
[1.314s] Level 5:colcon.colcon_core.verb:set package 'chapt4_interfaces' build argument 'cmake_target_skip_unavailable' from command line to 'False'
[1.314s] Level 5:colcon.colcon_core.verb:set package 'chapt4_interfaces' build argument 'cmake_clean_cache' from command line to 'False'
[1.314s] Level 5:colcon.colcon_core.verb:set package 'chapt4_interfaces' build argument 'cmake_clean_first' from command line to 'False'
[1.314s] Level 5:colcon.colcon_core.verb:set package 'chapt4_interfaces' build argument 'cmake_force_configure' from command line to 'False'
[1.314s] Level 5:colcon.colcon_core.verb:set package 'chapt4_interfaces' build argument 'ament_cmake_args' from command line to 'None'
[1.314s] Level 5:colcon.colcon_core.verb:set package 'chapt4_interfaces' build argument 'catkin_cmake_args' from command line to 'None'
[1.314s] Level 5:colcon.colcon_core.verb:set package 'chapt4_interfaces' build argument 'catkin_skip_building_tests' from command line to 'False'
[1.314s] DEBUG:colcon.colcon_core.verb:Building package 'chapt4_interfaces' with the following arguments: {'ament_cmake_args': None, 'build_base': '/home/wang/desktop/item/chapter4/chapt4_ws/build/chapt4_interfaces', 'catkin_cmake_args': None, 'catkin_skip_building_tests': False, 'cmake_args': None, 'cmake_clean_cache': False, 'cmake_clean_first': False, 'cmake_force_configure': False, 'cmake_target': None, 'cmake_target_skip_unavailable': False, 'install_base': '/home/wang/desktop/item/chapter4/chapt4_ws/install/chapt4_interfaces', 'merge_install': False, 'path': '/home/wang/desktop/item/chapter4/chapt4_ws/src/chapt4_interfaces', 'symlink_install': False, 'test_result_base': None}
[1.315s] Level 5:colcon.colcon_core.verb:set package 'demo_cpp_service' build argument 'cmake_args' from command line to 'None'
[1.316s] Level 5:colcon.colcon_core.verb:set package 'demo_cpp_service' build argument 'cmake_target' from command line to 'None'
[1.316s] Level 5:colcon.colcon_core.verb:set package 'demo_cpp_service' build argument 'cmake_target_skip_unavailable' from command line to 'False'
[1.316s] Level 5:colcon.colcon_core.verb:set package 'demo_cpp_service' build argument 'cmake_clean_cache' from command line to 'False'
[1.316s] Level 5:colcon.colcon_core.verb:set package 'demo_cpp_service' build argument 'cmake_clean_first' from command line to 'False'
[1.316s] Level 5:colcon.colcon_core.verb:set package 'demo_cpp_service' build argument 'cmake_force_configure' from command line to 'False'
[1.316s] Level 5:colcon.colcon_core.verb:set package 'demo_cpp_service' build argument 'ament_cmake_args' from command line to 'None'
[1.316s] Level 5:colcon.colcon_core.verb:set package 'demo_cpp_service' build argument 'catkin_cmake_args' from command line to 'None'
[1.316s] Level 5:colcon.colcon_core.verb:set package 'demo_cpp_service' build argument 'catkin_skip_building_tests' from command line to 'False'
[1.316s] DEBUG:colcon.colcon_core.verb:Building package 'demo_cpp_service' with the following arguments: {'ament_cmake_args': None, 'build_base': '/home/wang/desktop/item/chapter4/chapt4_ws/build/demo_cpp_service', 'catkin_cmake_args': None, 'catkin_skip_building_tests': False, 'cmake_args': None, 'cmake_clean_cache': False, 'cmake_clean_first': False, 'cmake_force_configure': False, 'cmake_target': None, 'cmake_target_skip_unavailable': False, 'install_base': '/home/wang/desktop/item/chapter4/chapt4_ws/install/demo_cpp_service', 'merge_install': False, 'path': '/home/wang/desktop/item/chapter4/chapt4_ws/src/demo_cpp_service', 'symlink_install': False, 'test_result_base': None}
[1.317s] Level 5:colcon.colcon_core.verb:set package 'demo_python_service' build argument 'cmake_args' from command line to 'None'
[1.317s] Level 5:colcon.colcon_core.verb:set package 'demo_python_service' build argument 'cmake_target' from command line to 'None'
[1.317s] Level 5:colcon.colcon_core.verb:set package 'demo_python_service' build argument 'cmake_target_skip_unavailable' from command line to 'False'
[1.317s] Level 5:colcon.colcon_core.verb:set package 'demo_python_service' build argument 'cmake_clean_cache' from command line to 'False'
[1.317s] Level 5:colcon.colcon_core.verb:set package 'demo_python_service' build argument 'cmake_clean_first' from command line to 'False'
[1.317s] Level 5:colcon.colcon_core.verb:set package 'demo_python_service' build argument 'cmake_force_configure' from command line to 'False'
[1.317s] Level 5:colcon.colcon_core.verb:set package 'demo_python_service' build argument 'ament_cmake_args' from command line to 'None'
[1.317s] Level 5:colcon.colcon_core.verb:set package 'demo_python_service' build argument 'catkin_cmake_args' from command line to 'None'
[1.317s] Level 5:colcon.colcon_core.verb:set package 'demo_python_service' build argument 'catkin_skip_building_tests' from command line to 'False'
[1.318s] DEBUG:colcon.colcon_core.verb:Building package 'demo_python_service' with the following arguments: {'ament_cmake_args': None, 'build_base': '/home/wang/desktop/item/chapter4/chapt4_ws/build/demo_python_service', 'catkin_cmake_args': None, 'catkin_skip_building_tests': False, 'cmake_args': None, 'cmake_clean_cache': False, 'cmake_clean_first': False, 'cmake_force_configure': False, 'cmake_target': None, 'cmake_target_skip_unavailable': False, 'install_base': '/home/wang/desktop/item/chapter4/chapt4_ws/install/demo_python_service', 'merge_install': False, 'path': '/home/wang/desktop/item/chapter4/chapt4_ws/src/demo_python_service', 'symlink_install': False, 'test_result_base': None}
[1.318s] INFO:colcon.colcon_core.executor:Executing jobs using 'parallel' executor
[1.322s] DEBUG:colcon.colcon_parallel_executor.executor.parallel:run_until_complete
[1.322s] INFO:colcon.colcon_ros.task.ament_cmake.build:Building ROS package in '/home/wang/desktop/item/chapter4/chapt4_ws/src/chapt4_interfaces' with build type 'ament_cmake'
[1.322s] INFO:colcon.colcon_cmake.task.cmake.build:Building CMake package in '/home/wang/desktop/item/chapter4/chapt4_ws/src/chapt4_interfaces'
[1.327s] INFO:colcon.colcon_core.plugin_system:Skipping extension 'colcon_core.shell.bat': Not used on non-Windows systems
[1.327s] INFO:colcon.colcon_core.shell:Skip shell extension 'powershell' for command environment: Not usable outside of PowerShell
[1.328s] DEBUG:colcon.colcon_core.shell:Skip shell extension 'dsv' for command environment
[1.370s] DEBUG:colcon.colcon_core.event_handler.log_command:Invoking command in '/home/wang/desktop/item/chapter4/chapt4_ws/build/chapt4_interfaces': CMAKE_PREFIX_PATH=${CMAKE_PREFIX_PATH}:/home/wang/tb3_ws/install/turtlebot3_teleop:/home/wang/tb3_ws/install/turtlebot3_example:/opt/ros/humble /usr/bin/cmake --build /home/wang/desktop/item/chapter4/chapt4_ws/build/chapt4_interfaces -- -j4 -l4
[19.647s] DEBUG:colcon.colcon_core.event_handler.log_command:Invoked command in '/home/wang/desktop/item/chapter4/chapt4_ws/build/chapt4_interfaces' returned '0': CMAKE_PREFIX_PATH=${CMAKE_PREFIX_PATH}:/home/wang/tb3_ws/install/turtlebot3_teleop:/home/wang/tb3_ws/install/turtlebot3_example:/opt/ros/humble /usr/bin/cmake --build /home/wang/desktop/item/chapter4/chapt4_ws/build/chapt4_interfaces -- -j4 -l4
[19.915s] DEBUG:colcon.colcon_core.event_handler.log_command:Invoking command in '/home/wang/desktop/item/chapter4/chapt4_ws/build/chapt4_interfaces': CMAKE_PREFIX_PATH=${CMAKE_PREFIX_PATH}:/home/wang/tb3_ws/install/turtlebot3_teleop:/home/wang/tb3_ws/install/turtlebot3_example:/opt/ros/humble /usr/bin/cmake --install /home/wang/desktop/item/chapter4/chapt4_ws/build/chapt4_interfaces
[20.188s] Level 1:colcon.colcon_core.environment:create_environment_scripts_only(chapt4_interfaces)
[20.190s] DEBUG:colcon.colcon_core.event_handler.log_command:Invoked command in '/home/wang/desktop/item/chapter4/chapt4_ws/build/chapt4_interfaces' returned '0': CMAKE_PREFIX_PATH=${CMAKE_PREFIX_PATH}:/home/wang/tb3_ws/install/turtlebot3_teleop:/home/wang/tb3_ws/install/turtlebot3_example:/opt/ros/humble /usr/bin/cmake --install /home/wang/desktop/item/chapter4/chapt4_ws/build/chapt4_interfaces
[20.199s] Level 1:colcon.colcon_core.environment:checking '/home/wang/desktop/item/chapter4/chapt4_ws/install/chapt4_interfaces' for CMake module files
[20.201s] Level 1:colcon.colcon_core.environment:checking '/home/wang/desktop/item/chapter4/chapt4_ws/install/chapt4_interfaces' for CMake config files
[20.202s] Level 1:colcon.colcon_core.shell:create_environment_hook('chapt4_interfaces', 'cmake_prefix_path')
[20.203s] INFO:colcon.colcon_core.shell:Creating environment hook '/home/wang/desktop/item/chapter4/chapt4_ws/install/chapt4_interfaces/share/chapt4_interfaces/hook/cmake_prefix_path.ps1'
[20.205s] INFO:colcon.colcon_core.shell:Creating environment descriptor '/home/wang/desktop/item/chapter4/chapt4_ws/install/chapt4_interfaces/share/chapt4_interfaces/hook/cmake_prefix_path.dsv'
[20.207s] INFO:colcon.colcon_core.shell:Creating environment hook '/home/wang/desktop/item/chapter4/chapt4_ws/install/chapt4_interfaces/share/chapt4_interfaces/hook/cmake_prefix_path.sh'
[20.209s] Level 1:colcon.colcon_core.environment:checking '/home/wang/desktop/item/chapter4/chapt4_ws/install/chapt4_interfaces/lib'
[20.211s] Level 1:colcon.colcon_core.shell:create_environment_hook('chapt4_interfaces', 'ld_library_path_lib')
[20.211s] INFO:colcon.colcon_core.shell:Creating environment hook '/home/wang/desktop/item/chapter4/chapt4_ws/install/chapt4_interfaces/share/chapt4_interfaces/hook/ld_library_path_lib.ps1'
[20.213s] INFO:colcon.colcon_core.shell:Creating environment descriptor '/home/wang/desktop/item/chapter4/chapt4_ws/install/chapt4_interfaces/share/chapt4_interfaces/hook/ld_library_path_lib.dsv'
[20.215s] INFO:colcon.colcon_core.shell:Creating environment hook '/home/wang/desktop/item/chapter4/chapt4_ws/install/chapt4_interfaces/share/chapt4_interfaces/hook/ld_library_path_lib.sh'
[20.217s] Level 1:colcon.colcon_core.environment:checking '/home/wang/desktop/item/chapter4/chapt4_ws/install/chapt4_interfaces/bin'
[20.217s] Level 1:colcon.colcon_core.environment:checking '/home/wang/desktop/item/chapter4/chapt4_ws/install/chapt4_interfaces/lib/pkgconfig/chapt4_interfaces.pc'
[20.218s] Level 1:colcon.colcon_core.environment:checking '/home/wang/desktop/item/chapter4/chapt4_ws/install/chapt4_interfaces/lib/python3.10/site-packages'
[20.219s] Level 1:colcon.colcon_core.environment:checking '/home/wang/desktop/item/chapter4/chapt4_ws/install/chapt4_interfaces/bin'
[20.220s] INFO:colcon.colcon_core.shell:Creating package script '/home/wang/desktop/item/chapter4/chapt4_ws/install/chapt4_interfaces/share/chapt4_interfaces/package.ps1'
[20.224s] INFO:colcon.colcon_core.shell:Creating package descriptor '/home/wang/desktop/item/chapter4/chapt4_ws/install/chapt4_interfaces/share/chapt4_interfaces/package.dsv'
[20.227s] INFO:colcon.colcon_core.shell:Creating package script '/home/wang/desktop/item/chapter4/chapt4_ws/install/chapt4_interfaces/share/chapt4_interfaces/package.sh'
[20.230s] INFO:colcon.colcon_core.shell:Creating package script '/home/wang/desktop/item/chapter4/chapt4_ws/install/chapt4_interfaces/share/chapt4_interfaces/package.bash'
[20.233s] INFO:colcon.colcon_core.shell:Creating package script '/home/wang/desktop/item/chapter4/chapt4_ws/install/chapt4_interfaces/share/chapt4_interfaces/package.zsh'
[20.235s] Level 1:colcon.colcon_core.environment:create_file_with_runtime_dependencies(/home/wang/desktop/item/chapter4/chapt4_ws/install/chapt4_interfaces/share/colcon-core/packages/chapt4_interfaces)
[20.560s] Level 1:colcon.colcon_core.environment:create_environment_scripts_only(chapt4_interfaces)
[20.561s] Level 1:colcon.colcon_core.environment:checking '/home/wang/desktop/item/chapter4/chapt4_ws/install/chapt4_interfaces' for CMake module files
[20.562s] Level 1:colcon.colcon_core.environment:checking '/home/wang/desktop/item/chapter4/chapt4_ws/install/chapt4_interfaces' for CMake config files
[20.563s] Level 1:colcon.colcon_core.shell:create_environment_hook('chapt4_interfaces', 'cmake_prefix_path')
[20.563s] INFO:colcon.colcon_core.shell:Creating environment hook '/home/wang/desktop/item/chapter4/chapt4_ws/install/chapt4_interfaces/share/chapt4_interfaces/hook/cmake_prefix_path.ps1'
[20.565s] INFO:colcon.colcon_core.shell:Creating environment descriptor '/home/wang/desktop/item/chapter4/chapt4_ws/install/chapt4_interfaces/share/chapt4_interfaces/hook/cmake_prefix_path.dsv'
[20.566s] INFO:colcon.colcon_core.shell:Creating environment hook '/home/wang/desktop/item/chapter4/chapt4_ws/install/chapt4_interfaces/share/chapt4_interfaces/hook/cmake_prefix_path.sh'
[20.567s] Level 1:colcon.colcon_core.environment:checking '/home/wang/desktop/item/chapter4/chapt4_ws/install/chapt4_interfaces/lib'
[20.567s] Level 1:colcon.colcon_core.shell:create_environment_hook('chapt4_interfaces', 'ld_library_path_lib')
[20.568s] INFO:colcon.colcon_core.shell:Creating environment hook '/home/wang/desktop/item/chapter4/chapt4_ws/install/chapt4_interfaces/share/chapt4_interfaces/hook/ld_library_path_lib.ps1'
[20.570s] INFO:colcon.colcon_core.shell:Creating environment descriptor '/home/wang/desktop/item/chapter4/chapt4_ws/install/chapt4_interfaces/share/chapt4_interfaces/hook/ld_library_path_lib.dsv'
[20.571s] INFO:colcon.colcon_core.shell:Creating environment hook '/home/wang/desktop/item/chapter4/chapt4_ws/install/chapt4_interfaces/share/chapt4_interfaces/hook/ld_library_path_lib.sh'
[20.572s] Level 1:colcon.colcon_core.environment:checking '/home/wang/desktop/item/chapter4/chapt4_ws/install/chapt4_interfaces/bin'
[20.572s] Level 1:colcon.colcon_core.environment:checking '/home/wang/desktop/item/chapter4/chapt4_ws/install/chapt4_interfaces/lib/pkgconfig/chapt4_interfaces.pc'
[20.573s] Level 1:colcon.colcon_core.environment:checking '/home/wang/desktop/item/chapter4/chapt4_ws/install/chapt4_interfaces/lib/python3.10/site-packages'
[20.574s] Level 1:colcon.colcon_core.environment:checking '/home/wang/desktop/item/chapter4/chapt4_ws/install/chapt4_interfaces/bin'
[20.575s] INFO:colcon.colcon_core.shell:Creating package script '/home/wang/desktop/item/chapter4/chapt4_ws/install/chapt4_interfaces/share/chapt4_interfaces/package.ps1'
[20.576s] INFO:colcon.colcon_core.shell:Creating package descriptor '/home/wang/desktop/item/chapter4/chapt4_ws/install/chapt4_interfaces/share/chapt4_interfaces/package.dsv'
[20.578s] INFO:colcon.colcon_core.shell:Creating package script '/home/wang/desktop/item/chapter4/chapt4_ws/install/chapt4_interfaces/share/chapt4_interfaces/package.sh'
[20.579s] INFO:colcon.colcon_core.shell:Creating package script '/home/wang/desktop/item/chapter4/chapt4_ws/install/chapt4_interfaces/share/chapt4_interfaces/package.bash'
[20.582s] INFO:colcon.colcon_core.shell:Creating package script '/home/wang/desktop/item/chapter4/chapt4_ws/install/chapt4_interfaces/share/chapt4_interfaces/package.zsh'
[20.583s] Level 1:colcon.colcon_core.environment:create_file_with_runtime_dependencies(/home/wang/desktop/item/chapter4/chapt4_ws/install/chapt4_interfaces/share/colcon-core/packages/chapt4_interfaces)
[20.585s] INFO:colcon.colcon_ros.task.ament_cmake.build:Building ROS package in '/home/wang/desktop/item/chapter4/chapt4_ws/src/demo_cpp_service' with build type 'ament_cmake'
[20.585s] INFO:colcon.colcon_cmake.task.cmake.build:Building CMake package in '/home/wang/desktop/item/chapter4/chapt4_ws/src/demo_cpp_service'
[20.586s] INFO:colcon.colcon_core.shell:Skip shell extension 'powershell' for command environment: Not usable outside of PowerShell
[20.587s] DEBUG:colcon.colcon_core.shell:Skip shell extension 'dsv' for command environment
[20.609s] INFO:colcon.colcon_ros.task.ament_python.build:Building ROS package in '/home/wang/desktop/item/chapter4/chapt4_ws/src/demo_python_service' with build type 'ament_python'
[20.610s] Level 1:colcon.colcon_core.shell:create_environment_hook('demo_python_service', 'ament_prefix_path')
[20.611s] INFO:colcon.colcon_core.shell:Creating environment hook '/home/wang/desktop/item/chapter4/chapt4_ws/install/demo_python_service/share/demo_python_service/hook/ament_prefix_path.ps1'
[20.614s] INFO:colcon.colcon_core.shell:Creating environment descriptor '/home/wang/desktop/item/chapter4/chapt4_ws/install/demo_python_service/share/demo_python_service/hook/ament_prefix_path.dsv'
[20.616s] INFO:colcon.colcon_core.shell:Creating environment hook '/home/wang/desktop/item/chapter4/chapt4_ws/install/demo_python_service/share/demo_python_service/hook/ament_prefix_path.sh'
[20.619s] INFO:colcon.colcon_core.shell:Skip shell extension 'powershell' for command environment: Not usable outside of PowerShell
[20.619s] DEBUG:colcon.colcon_core.shell:Skip shell extension 'dsv' for command environment
[20.643s] DEBUG:colcon.colcon_core.event_handler.log_command:Invoking command in '/home/wang/desktop/item/chapter4/chapt4_ws/build/demo_cpp_service': AMENT_PREFIX_PATH=/home/wang/desktop/item/chapter4/chapt4_ws/install/chapt4_interfaces:${AMENT_PREFIX_PATH} CMAKE_PREFIX_PATH=/home/wang/desktop/item/chapter4/chapt4_ws/install/chapt4_interfaces:/home/wang/tb3_ws/install/turtlebot3:/home/wang/tb3_ws/install/turtlebot3_simulations:/home/wang/tb3_ws/install/turtlebot3_bringup:/home/wang/tb3_ws/install/turtlebot3_node:/home/wang/tb3_ws/install/turtlebot3_navigation2:/home/wang/tb3_ws/install/turtlebot3_fake_node:/home/wang/tb3_ws/install/turtlebot3_msgs:/home/wang/tb3_ws/install/turtlebot3_gazebo:/home/wang/tb3_ws/install/turtlebot3_description:/home/wang/tb3_ws/install/turtlebot3_cartographer:/home/wang/tb3_ws/install/ld08_driver:/home/wang/tb3_ws/install/hls_lfcd_lds_driver:/home/wang/tb3_ws/install/dynamixel_sdk_examples:/home/wang/tb3_ws/install/dynamixel_sdk_custom_interfaces:/home/wang/tb3_ws/install/dynamixel_sdk:/home/wang/tb3_ws/install/turtlebot3_teleop:/home/wang/tb3_ws/install/turtlebot3_example:/opt/ros/humble LD_LIBRARY_PATH=/home/wang/desktop/item/chapter4/chapt4_ws/install/chapt4_interfaces/lib:${LD_LIBRARY_PATH} PYTHONPATH=/home/wang/desktop/item/chapter4/chapt4_ws/install/chapt4_interfaces/local/lib/python3.10/dist-packages:${PYTHONPATH} /usr/bin/cmake /home/wang/desktop/item/chapter4/chapt4_ws/src/demo_cpp_service -DCMAKE_INSTALL_PREFIX=/home/wang/desktop/item/chapter4/chapt4_ws/install/demo_cpp_service
[21.628s] INFO:colcon.colcon_core.task.python.build:Building Python package in '/home/wang/desktop/item/chapter4/chapt4_ws/src/demo_python_service'
[21.630s] INFO:colcon.colcon_core.shell:Skip shell extension 'powershell' for command environment: Not usable outside of PowerShell
[21.630s] DEBUG:colcon.colcon_core.shell:Skip shell extension 'dsv' for command environment
[22.892s] DEBUG:colcon.colcon_core.event_handler.log_command:Invoking command in '/home/wang/desktop/item/chapter4/chapt4_ws/src/demo_python_service': AMENT_PREFIX_PATH=/home/wang/desktop/item/chapter4/chapt4_ws/install/chapt4_interfaces:${AMENT_PREFIX_PATH} CMAKE_PREFIX_PATH=/home/wang/desktop/item/chapter4/chapt4_ws/install/chapt4_interfaces:${CMAKE_PREFIX_PATH} LD_LIBRARY_PATH=/home/wang/desktop/item/chapter4/chapt4_ws/install/chapt4_interfaces/lib:${LD_LIBRARY_PATH} PYTHONPATH=/home/wang/desktop/item/chapter4/chapt4_ws/build/demo_python_service/prefix_override:/usr/lib/python3/dist-packages/colcon_core/task/python/colcon_distutils_commands:/home/wang/desktop/item/chapter4/chapt4_ws/install/demo_python_service/lib/python3.10/site-packages:/home/wang/desktop/item/chapter4/chapt4_ws/install/chapt4_interfaces/local/lib/python3.10/dist-packages:${PYTHONPATH} /usr/bin/python3 -W ignore:setup.py install is deprecated setup.py egg_info --egg-base ../../build/demo_python_service build --build-base /home/wang/desktop/item/chapter4/chapt4_ws/build/demo_python_service/build install --record /home/wang/desktop/item/chapter4/chapt4_ws/build/demo_python_service/install.log --single-version-externally-managed install_data
[23.844s] Level 1:colcon.colcon_core.environment:checking '/home/wang/desktop/item/chapter4/chapt4_ws/install/demo_python_service' for CMake module files
[23.849s] Level 1:colcon.colcon_core.environment:checking '/home/wang/desktop/item/chapter4/chapt4_ws/install/demo_python_service' for CMake config files
[23.850s] DEBUG:colcon.colcon_core.event_handler.log_command:Invoked command in '/home/wang/desktop/item/chapter4/chapt4_ws/src/demo_python_service' returned '0': AMENT_PREFIX_PATH=/home/wang/desktop/item/chapter4/chapt4_ws/install/chapt4_interfaces:${AMENT_PREFIX_PATH} CMAKE_PREFIX_PATH=/home/wang/desktop/item/chapter4/chapt4_ws/install/chapt4_interfaces:${CMAKE_PREFIX_PATH} LD_LIBRARY_PATH=/home/wang/desktop/item/chapter4/chapt4_ws/install/chapt4_interfaces/lib:${LD_LIBRARY_PATH} PYTHONPATH=/home/wang/desktop/item/chapter4/chapt4_ws/build/demo_python_service/prefix_override:/usr/lib/python3/dist-packages/colcon_core/task/python/colcon_distutils_commands:/home/wang/desktop/item/chapter4/chapt4_ws/install/demo_python_service/lib/python3.10/site-packages:/home/wang/desktop/item/chapter4/chapt4_ws/install/chapt4_interfaces/local/lib/python3.10/dist-packages:${PYTHONPATH} /usr/bin/python3 -W ignore:setup.py install is deprecated setup.py egg_info --egg-base ../../build/demo_python_service build --build-base /home/wang/desktop/item/chapter4/chapt4_ws/build/demo_python_service/build install --record /home/wang/desktop/item/chapter4/chapt4_ws/build/demo_python_service/install.log --single-version-externally-managed install_data
[23.854s] Level 1:colcon.colcon_core.environment:checking '/home/wang/desktop/item/chapter4/chapt4_ws/install/demo_python_service/lib'
[23.854s] Level 1:colcon.colcon_core.environment:checking '/home/wang/desktop/item/chapter4/chapt4_ws/install/demo_python_service/bin'
[23.854s] Level 1:colcon.colcon_core.environment:checking '/home/wang/desktop/item/chapter4/chapt4_ws/install/demo_python_service/lib/pkgconfig/demo_python_service.pc'
[23.855s] Level 1:colcon.colcon_core.environment:checking '/home/wang/desktop/item/chapter4/chapt4_ws/install/demo_python_service/lib/python3.10/site-packages'
[23.855s] Level 1:colcon.colcon_core.shell:create_environment_hook('demo_python_service', 'pythonpath')
[23.856s] INFO:colcon.colcon_core.shell:Creating environment hook '/home/wang/desktop/item/chapter4/chapt4_ws/install/demo_python_service/share/demo_python_service/hook/pythonpath.ps1'
[23.858s] INFO:colcon.colcon_core.shell:Creating environment descriptor '/home/wang/desktop/item/chapter4/chapt4_ws/install/demo_python_service/share/demo_python_service/hook/pythonpath.dsv'
[23.860s] INFO:colcon.colcon_core.shell:Creating environment hook '/home/wang/desktop/item/chapter4/chapt4_ws/install/demo_python_service/share/demo_python_service/hook/pythonpath.sh'
[23.862s] Level 1:colcon.colcon_core.environment:checking '/home/wang/desktop/item/chapter4/chapt4_ws/install/demo_python_service/bin'
[23.862s] Level 1:colcon.colcon_core.environment:create_environment_scripts_only(demo_python_service)
[23.863s] INFO:colcon.colcon_core.shell:Creating package script '/home/wang/desktop/item/chapter4/chapt4_ws/install/demo_python_service/share/demo_python_service/package.ps1'
[23.866s] INFO:colcon.colcon_core.shell:Creating package descriptor '/home/wang/desktop/item/chapter4/chapt4_ws/install/demo_python_service/share/demo_python_service/package.dsv'
[23.869s] INFO:colcon.colcon_core.shell:Creating package script '/home/wang/desktop/item/chapter4/chapt4_ws/install/demo_python_service/share/demo_python_service/package.sh'
[23.872s] INFO:colcon.colcon_core.shell:Creating package script '/home/wang/desktop/item/chapter4/chapt4_ws/install/demo_python_service/share/demo_python_service/package.bash'
[23.875s] INFO:colcon.colcon_core.shell:Creating package script '/home/wang/desktop/item/chapter4/chapt4_ws/install/demo_python_service/share/demo_python_service/package.zsh'
[23.877s] Level 1:colcon.colcon_core.environment:create_file_with_runtime_dependencies(/home/wang/desktop/item/chapter4/chapt4_ws/install/demo_python_service/share/colcon-core/packages/demo_python_service)
[25.872s] DEBUG:colcon.colcon_core.event_handler.log_command:Invoked command in '/home/wang/desktop/item/chapter4/chapt4_ws/build/demo_cpp_service' returned '0': AMENT_PREFIX_PATH=/home/wang/desktop/item/chapter4/chapt4_ws/install/chapt4_interfaces:${AMENT_PREFIX_PATH} CMAKE_PREFIX_PATH=/home/wang/desktop/item/chapter4/chapt4_ws/install/chapt4_interfaces:/home/wang/tb3_ws/install/turtlebot3:/home/wang/tb3_ws/install/turtlebot3_simulations:/home/wang/tb3_ws/install/turtlebot3_bringup:/home/wang/tb3_ws/install/turtlebot3_node:/home/wang/tb3_ws/install/turtlebot3_navigation2:/home/wang/tb3_ws/install/turtlebot3_fake_node:/home/wang/tb3_ws/install/turtlebot3_msgs:/home/wang/tb3_ws/install/turtlebot3_gazebo:/home/wang/tb3_ws/install/turtlebot3_description:/home/wang/tb3_ws/install/turtlebot3_cartographer:/home/wang/tb3_ws/install/ld08_driver:/home/wang/tb3_ws/install/hls_lfcd_lds_driver:/home/wang/tb3_ws/install/dynamixel_sdk_examples:/home/wang/tb3_ws/install/dynamixel_sdk_custom_interfaces:/home/wang/tb3_ws/install/dynamixel_sdk:/home/wang/tb3_ws/install/turtlebot3_teleop:/home/wang/tb3_ws/install/turtlebot3_example:/opt/ros/humble LD_LIBRARY_PATH=/home/wang/desktop/item/chapter4/chapt4_ws/install/chapt4_interfaces/lib:${LD_LIBRARY_PATH} PYTHONPATH=/home/wang/desktop/item/chapter4/chapt4_ws/install/chapt4_interfaces/local/lib/python3.10/dist-packages:${PYTHONPATH} /usr/bin/cmake /home/wang/desktop/item/chapter4/chapt4_ws/src/demo_cpp_service -DCMAKE_INSTALL_PREFIX=/home/wang/desktop/item/chapter4/chapt4_ws/install/demo_cpp_service
[25.875s] DEBUG:colcon.colcon_core.event_handler.log_command:Invoking command in '/home/wang/desktop/item/chapter4/chapt4_ws/build/demo_cpp_service': AMENT_PREFIX_PATH=/home/wang/desktop/item/chapter4/chapt4_ws/install/chapt4_interfaces:${AMENT_PREFIX_PATH} CMAKE_PREFIX_PATH=/home/wang/desktop/item/chapter4/chapt4_ws/install/chapt4_interfaces:/home/wang/tb3_ws/install/turtlebot3:/home/wang/tb3_ws/install/turtlebot3_simulations:/home/wang/tb3_ws/install/turtlebot3_bringup:/home/wang/tb3_ws/install/turtlebot3_node:/home/wang/tb3_ws/install/turtlebot3_navigation2:/home/wang/tb3_ws/install/turtlebot3_fake_node:/home/wang/tb3_ws/install/turtlebot3_msgs:/home/wang/tb3_ws/install/turtlebot3_gazebo:/home/wang/tb3_ws/install/turtlebot3_description:/home/wang/tb3_ws/install/turtlebot3_cartographer:/home/wang/tb3_ws/install/ld08_driver:/home/wang/tb3_ws/install/hls_lfcd_lds_driver:/home/wang/tb3_ws/install/dynamixel_sdk_examples:/home/wang/tb3_ws/install/dynamixel_sdk_custom_interfaces:/home/wang/tb3_ws/install/dynamixel_sdk:/home/wang/tb3_ws/install/turtlebot3_teleop:/home/wang/tb3_ws/install/turtlebot3_example:/opt/ros/humble LD_LIBRARY_PATH=/home/wang/desktop/item/chapter4/chapt4_ws/install/chapt4_interfaces/lib:${LD_LIBRARY_PATH} PYTHONPATH=/home/wang/desktop/item/chapter4/chapt4_ws/install/chapt4_interfaces/local/lib/python3.10/dist-packages:${PYTHONPATH} /usr/bin/cmake --build /home/wang/desktop/item/chapter4/chapt4_ws/build/demo_cpp_service -- -j4 -l4
[57.888s] DEBUG:colcon.colcon_core.event_handler.log_command:Invoked command in '/home/wang/desktop/item/chapter4/chapt4_ws/build/demo_cpp_service' returned '0': AMENT_PREFIX_PATH=/home/wang/desktop/item/chapter4/chapt4_ws/install/chapt4_interfaces:${AMENT_PREFIX_PATH} CMAKE_PREFIX_PATH=/home/wang/desktop/item/chapter4/chapt4_ws/install/chapt4_interfaces:/home/wang/tb3_ws/install/turtlebot3:/home/wang/tb3_ws/install/turtlebot3_simulations:/home/wang/tb3_ws/install/turtlebot3_bringup:/home/wang/tb3_ws/install/turtlebot3_node:/home/wang/tb3_ws/install/turtlebot3_navigation2:/home/wang/tb3_ws/install/turtlebot3_fake_node:/home/wang/tb3_ws/install/turtlebot3_msgs:/home/wang/tb3_ws/install/turtlebot3_gazebo:/home/wang/tb3_ws/install/turtlebot3_description:/home/wang/tb3_ws/install/turtlebot3_cartographer:/home/wang/tb3_ws/install/ld08_driver:/home/wang/tb3_ws/install/hls_lfcd_lds_driver:/home/wang/tb3_ws/install/dynamixel_sdk_examples:/home/wang/tb3_ws/install/dynamixel_sdk_custom_interfaces:/home/wang/tb3_ws/install/dynamixel_sdk:/home/wang/tb3_ws/install/turtlebot3_teleop:/home/wang/tb3_ws/install/turtlebot3_example:/opt/ros/humble LD_LIBRARY_PATH=/home/wang/desktop/item/chapter4/chapt4_ws/install/chapt4_interfaces/lib:${LD_LIBRARY_PATH} PYTHONPATH=/home/wang/desktop/item/chapter4/chapt4_ws/install/chapt4_interfaces/local/lib/python3.10/dist-packages:${PYTHONPATH} /usr/bin/cmake --build /home/wang/desktop/item/chapter4/chapt4_ws/build/demo_cpp_service -- -j4 -l4
[58.077s] DEBUG:colcon.colcon_core.event_handler.log_command:Invoking command in '/home/wang/desktop/item/chapter4/chapt4_ws/build/demo_cpp_service': AMENT_PREFIX_PATH=/home/wang/desktop/item/chapter4/chapt4_ws/install/chapt4_interfaces:${AMENT_PREFIX_PATH} CMAKE_PREFIX_PATH=/home/wang/desktop/item/chapter4/chapt4_ws/install/chapt4_interfaces:/home/wang/tb3_ws/install/turtlebot3:/home/wang/tb3_ws/install/turtlebot3_simulations:/home/wang/tb3_ws/install/turtlebot3_bringup:/home/wang/tb3_ws/install/turtlebot3_node:/home/wang/tb3_ws/install/turtlebot3_navigation2:/home/wang/tb3_ws/install/turtlebot3_fake_node:/home/wang/tb3_ws/install/turtlebot3_msgs:/home/wang/tb3_ws/install/turtlebot3_gazebo:/home/wang/tb3_ws/install/turtlebot3_description:/home/wang/tb3_ws/install/turtlebot3_cartographer:/home/wang/tb3_ws/install/ld08_driver:/home/wang/tb3_ws/install/hls_lfcd_lds_driver:/home/wang/tb3_ws/install/dynamixel_sdk_examples:/home/wang/tb3_ws/install/dynamixel_sdk_custom_interfaces:/home/wang/tb3_ws/install/dynamixel_sdk:/home/wang/tb3_ws/install/turtlebot3_teleop:/home/wang/tb3_ws/install/turtlebot3_example:/opt/ros/humble LD_LIBRARY_PATH=/home/wang/desktop/item/chapter4/chapt4_ws/install/chapt4_interfaces/lib:${LD_LIBRARY_PATH} PYTHONPATH=/home/wang/desktop/item/chapter4/chapt4_ws/install/chapt4_interfaces/local/lib/python3.10/dist-packages:${PYTHONPATH} /usr/bin/cmake --install /home/wang/desktop/item/chapter4/chapt4_ws/build/demo_cpp_service
[58.127s] Level 1:colcon.colcon_core.environment:create_environment_scripts_only(demo_cpp_service)
[58.129s] DEBUG:colcon.colcon_core.event_handler.log_command:Invoked command in '/home/wang/desktop/item/chapter4/chapt4_ws/build/demo_cpp_service' returned '0': AMENT_PREFIX_PATH=/home/wang/desktop/item/chapter4/chapt4_ws/install/chapt4_interfaces:${AMENT_PREFIX_PATH} CMAKE_PREFIX_PATH=/home/wang/desktop/item/chapter4/chapt4_ws/install/chapt4_interfaces:/home/wang/tb3_ws/install/turtlebot3:/home/wang/tb3_ws/install/turtlebot3_simulations:/home/wang/tb3_ws/install/turtlebot3_bringup:/home/wang/tb3_ws/install/turtlebot3_node:/home/wang/tb3_ws/install/turtlebot3_navigation2:/home/wang/tb3_ws/install/turtlebot3_fake_node:/home/wang/tb3_ws/install/turtlebot3_msgs:/home/wang/tb3_ws/install/turtlebot3_gazebo:/home/wang/tb3_ws/install/turtlebot3_description:/home/wang/tb3_ws/install/turtlebot3_cartographer:/home/wang/tb3_ws/install/ld08_driver:/home/wang/tb3_ws/install/hls_lfcd_lds_driver:/home/wang/tb3_ws/install/dynamixel_sdk_examples:/home/wang/tb3_ws/install/dynamixel_sdk_custom_interfaces:/home/wang/tb3_ws/install/dynamixel_sdk:/home/wang/tb3_ws/install/turtlebot3_teleop:/home/wang/tb3_ws/install/turtlebot3_example:/opt/ros/humble LD_LIBRARY_PATH=/home/wang/desktop/item/chapter4/chapt4_ws/install/chapt4_interfaces/lib:${LD_LIBRARY_PATH} PYTHONPATH=/home/wang/desktop/item/chapter4/chapt4_ws/install/chapt4_interfaces/local/lib/python3.10/dist-packages:${PYTHONPATH} /usr/bin/cmake --install /home/wang/desktop/item/chapter4/chapt4_ws/build/demo_cpp_service
[58.131s] Level 1:colcon.colcon_core.environment:checking '/home/wang/desktop/item/chapter4/chapt4_ws/install/demo_cpp_service' for CMake module files
[58.133s] Level 1:colcon.colcon_core.environment:checking '/home/wang/desktop/item/chapter4/chapt4_ws/install/demo_cpp_service' for CMake config files
[58.134s] Level 1:colcon.colcon_core.shell:create_environment_hook('demo_cpp_service', 'cmake_prefix_path')
[58.134s] INFO:colcon.colcon_core.shell:Creating environment hook '/home/wang/desktop/item/chapter4/chapt4_ws/install/demo_cpp_service/share/demo_cpp_service/hook/cmake_prefix_path.ps1'
[58.135s] INFO:colcon.colcon_core.shell:Creating environment descriptor '/home/wang/desktop/item/chapter4/chapt4_ws/install/demo_cpp_service/share/demo_cpp_service/hook/cmake_prefix_path.dsv'
[58.136s] INFO:colcon.colcon_core.shell:Creating environment hook '/home/wang/desktop/item/chapter4/chapt4_ws/install/demo_cpp_service/share/demo_cpp_service/hook/cmake_prefix_path.sh'
[58.137s] Level 1:colcon.colcon_core.environment:checking '/home/wang/desktop/item/chapter4/chapt4_ws/install/demo_cpp_service/lib'
[58.138s] Level 1:colcon.colcon_core.environment:checking '/home/wang/desktop/item/chapter4/chapt4_ws/install/demo_cpp_service/bin'
[58.138s] Level 1:colcon.colcon_core.environment:checking '/home/wang/desktop/item/chapter4/chapt4_ws/install/demo_cpp_service/lib/pkgconfig/demo_cpp_service.pc'
[58.139s] Level 1:colcon.colcon_core.environment:checking '/home/wang/desktop/item/chapter4/chapt4_ws/install/demo_cpp_service/lib/python3.10/site-packages'
[58.145s] Level 1:colcon.colcon_core.environment:checking '/home/wang/desktop/item/chapter4/chapt4_ws/install/demo_cpp_service/bin'
[58.146s] INFO:colcon.colcon_core.shell:Creating package script '/home/wang/desktop/item/chapter4/chapt4_ws/install/demo_cpp_service/share/demo_cpp_service/package.ps1'
[58.162s] INFO:colcon.colcon_core.shell:Creating package descriptor '/home/wang/desktop/item/chapter4/chapt4_ws/install/demo_cpp_service/share/demo_cpp_service/package.dsv'
[58.163s] INFO:colcon.colcon_core.shell:Creating package script '/home/wang/desktop/item/chapter4/chapt4_ws/install/demo_cpp_service/share/demo_cpp_service/package.sh'
[58.164s] INFO:colcon.colcon_core.shell:Creating package script '/home/wang/desktop/item/chapter4/chapt4_ws/install/demo_cpp_service/share/demo_cpp_service/package.bash'
[58.165s] INFO:colcon.colcon_core.shell:Creating package script '/home/wang/desktop/item/chapter4/chapt4_ws/install/demo_cpp_service/share/demo_cpp_service/package.zsh'
[58.166s] Level 1:colcon.colcon_core.environment:create_file_with_runtime_dependencies(/home/wang/desktop/item/chapter4/chapt4_ws/install/demo_cpp_service/share/colcon-core/packages/demo_cpp_service)
[58.267s] Level 1:colcon.colcon_core.environment:create_environment_scripts_only(demo_cpp_service)
[58.268s] Level 1:colcon.colcon_core.environment:checking '/home/wang/desktop/item/chapter4/chapt4_ws/install/demo_cpp_service' for CMake module files
[58.269s] Level 1:colcon.colcon_core.environment:checking '/home/wang/desktop/item/chapter4/chapt4_ws/install/demo_cpp_service' for CMake config files
[58.285s] Level 1:colcon.colcon_core.shell:create_environment_hook('demo_cpp_service', 'cmake_prefix_path')
[58.285s] INFO:colcon.colcon_core.shell:Creating environment hook '/home/wang/desktop/item/chapter4/chapt4_ws/install/demo_cpp_service/share/demo_cpp_service/hook/cmake_prefix_path.ps1'
[58.287s] INFO:colcon.colcon_core.shell:Creating environment descriptor '/home/wang/desktop/item/chapter4/chapt4_ws/install/demo_cpp_service/share/demo_cpp_service/hook/cmake_prefix_path.dsv'
[58.288s] INFO:colcon.colcon_core.shell:Creating environment hook '/home/wang/desktop/item/chapter4/chapt4_ws/install/demo_cpp_service/share/demo_cpp_service/hook/cmake_prefix_path.sh'
[58.289s] Level 1:colcon.colcon_core.environment:checking '/home/wang/desktop/item/chapter4/chapt4_ws/install/demo_cpp_service/lib'
[58.290s] Level 1:colcon.colcon_core.environment:checking '/home/wang/desktop/item/chapter4/chapt4_ws/install/demo_cpp_service/bin'
[58.290s] Level 1:colcon.colcon_core.environment:checking '/home/wang/desktop/item/chapter4/chapt4_ws/install/demo_cpp_service/lib/pkgconfig/demo_cpp_service.pc'
[58.291s] Level 1:colcon.colcon_core.environment:checking '/home/wang/desktop/item/chapter4/chapt4_ws/install/demo_cpp_service/lib/python3.10/site-packages'
[58.291s] Level 1:colcon.colcon_core.environment:checking '/home/wang/desktop/item/chapter4/chapt4_ws/install/demo_cpp_service/bin'
[58.292s] INFO:colcon.colcon_core.shell:Creating package script '/home/wang/desktop/item/chapter4/chapt4_ws/install/demo_cpp_service/share/demo_cpp_service/package.ps1'
[58.293s] INFO:colcon.colcon_core.shell:Creating package descriptor '/home/wang/desktop/item/chapter4/chapt4_ws/install/demo_cpp_service/share/demo_cpp_service/package.dsv'
[58.294s] INFO:colcon.colcon_core.shell:Creating package script '/home/wang/desktop/item/chapter4/chapt4_ws/install/demo_cpp_service/share/demo_cpp_service/package.sh'
[58.296s] INFO:colcon.colcon_core.shell:Creating package script '/home/wang/desktop/item/chapter4/chapt4_ws/install/demo_cpp_service/share/demo_cpp_service/package.bash'
[58.297s] INFO:colcon.colcon_core.shell:Creating package script '/home/wang/desktop/item/chapter4/chapt4_ws/install/demo_cpp_service/share/demo_cpp_service/package.zsh'
[58.298s] Level 1:colcon.colcon_core.environment:create_file_with_runtime_dependencies(/home/wang/desktop/item/chapter4/chapt4_ws/install/demo_cpp_service/share/colcon-core/packages/demo_cpp_service)
[58.299s] DEBUG:colcon.colcon_parallel_executor.executor.parallel:closing loop
[58.299s] DEBUG:colcon.colcon_parallel_executor.executor.parallel:loop closed
[58.299s] DEBUG:colcon.colcon_parallel_executor.executor.parallel:run_until_complete finished with '0'
[58.299s] DEBUG:colcon.colcon_core.event_reactor:joining thread
[58.354s] INFO:colcon.colcon_core.plugin_system:Skipping extension 'colcon_notification.desktop_notification.terminal_notifier': Not used on non-Darwin systems
[58.354s] INFO:colcon.colcon_core.plugin_system:Skipping extension 'colcon_notification.desktop_notification.win32': Not used on non-Windows systems
[58.354s] INFO:colcon.colcon_notification.desktop_notification:Sending desktop notification using 'notify2'
[58.407s] DEBUG:colcon.colcon_core.event_reactor:joined thread
[58.408s] INFO:colcon.colcon_core.shell:Creating prefix script '/home/wang/desktop/item/chapter4/chapt4_ws/install/local_setup.ps1'
[58.411s] INFO:colcon.colcon_core.shell:Creating prefix util module '/home/wang/desktop/item/chapter4/chapt4_ws/install/_local_setup_util_ps1.py'
[58.415s] INFO:colcon.colcon_core.shell:Creating prefix chain script '/home/wang/desktop/item/chapter4/chapt4_ws/install/setup.ps1'
[58.422s] INFO:colcon.colcon_core.shell:Creating prefix script '/home/wang/desktop/item/chapter4/chapt4_ws/install/local_setup.sh'
[58.426s] INFO:colcon.colcon_core.shell:Creating prefix util module '/home/wang/desktop/item/chapter4/chapt4_ws/install/_local_setup_util_sh.py'
[58.426s] INFO:colcon.colcon_core.shell:Creating prefix chain script '/home/wang/desktop/item/chapter4/chapt4_ws/install/setup.sh'
[58.432s] INFO:colcon.colcon_core.shell:Creating prefix script '/home/wang/desktop/item/chapter4/chapt4_ws/install/local_setup.bash'
[58.434s] INFO:colcon.colcon_core.shell:Creating prefix chain script '/home/wang/desktop/item/chapter4/chapt4_ws/install/setup.bash'
[58.440s] INFO:colcon.colcon_core.shell:Creating prefix script '/home/wang/desktop/item/chapter4/chapt4_ws/install/local_setup.zsh'
[58.444s] INFO:colcon.colcon_core.shell:Creating prefix chain script '/home/wang/desktop/item/chapter4/chapt4_ws/install/setup.zsh'
