[0.361s] DEBUG:colcon:Command line arguments: ['/usr/bin/colcon', 'build']
[0.362s] DEBUG:colcon:Parsed command line arguments: Namespace(log_base=None, log_level=None, verb_name='build', build_base='build', install_base='install', merge_install=False, symlink_install=False, test_result_base=None, continue_on_error=False, executor='parallel', parallel_workers=4, event_handlers=None, ignore_user_meta=False, metas=['./colcon.meta'], base_paths=['.'], packages_ignore=None, packages_ignore_regex=None, paths=None, packages_up_to=None, packages_up_to_regex=None, packages_above=None, packages_above_and_dependencies=None, packages_above_depth=None, packages_select_by_dep=None, packages_skip_by_dep=None, packages_skip_up_to=None, packages_select_build_failed=False, packages_skip_build_finished=False, packages_select_test_failures=False, packages_skip_test_passed=False, packages_select=None, packages_skip=None, packages_select_regex=None, packages_skip_regex=None, packages_start=None, packages_end=None, allow_overriding=[], cmake_args=None, cmake_target=None, cmake_target_skip_unavailable=False, cmake_clean_cache=False, cmake_clean_first=False, cmake_force_configure=False, ament_cmake_args=None, catkin_cmake_args=None, catkin_skip_building_tests=False, verb_parser=<colcon_defaults.argument_parser.defaults.DefaultArgumentsDecorator object at 0x7c101d335b10>, verb_extension=<colcon_core.verb.build.BuildVerb object at 0x7c101d3355d0>, main=<bound method BuildVerb.main of <colcon_core.verb.build.BuildVerb object at 0x7c101d3355d0>>)
[0.850s] Level 1:colcon.colcon_core.package_discovery:discover_packages(colcon_meta) check parameters
[0.850s] Level 1:colcon.colcon_core.package_discovery:discover_packages(recursive) check parameters
[0.850s] Level 1:colcon.colcon_core.package_discovery:discover_packages(ignore) check parameters
[0.850s] Level 1:colcon.colcon_core.package_discovery:discover_packages(path) check parameters
[0.850s] Level 1:colcon.colcon_core.package_discovery:discover_packages(colcon_meta) discover
[0.851s] Level 1:colcon.colcon_core.package_discovery:discover_packages(recursive) discover
[0.851s] INFO:colcon.colcon_core.package_discovery:Crawling recursively for packages in '/home/wang/桌面/item/chapter2/chapter2_ws'
[0.851s] Level 1:colcon.colcon_core.package_identification:_identify(.) by extensions ['ignore', 'ignore_ament_install']
[0.851s] Level 1:colcon.colcon_core.package_identification:_identify(.) by extension 'ignore'
[0.851s] Level 1:colcon.colcon_core.package_identification:_identify(.) by extension 'ignore_ament_install'
[0.852s] Level 1:colcon.colcon_core.package_identification:_identify(.) by extensions ['colcon_pkg']
[0.852s] Level 1:colcon.colcon_core.package_identification:_identify(.) by extension 'colcon_pkg'
[0.852s] Level 1:colcon.colcon_core.package_identification:_identify(.) by extensions ['colcon_meta']
[0.852s] Level 1:colcon.colcon_core.package_identification:_identify(.) by extension 'colcon_meta'
[0.852s] Level 1:colcon.colcon_core.package_identification:_identify(.) by extensions ['ros']
[0.852s] Level 1:colcon.colcon_core.package_identification:_identify(.) by extension 'ros'
[0.887s] Level 1:colcon.colcon_core.package_identification:_identify(.) by extensions ['cmake', 'python']
[0.887s] Level 1:colcon.colcon_core.package_identification:_identify(.) by extension 'cmake'
[0.888s] Level 1:colcon.colcon_core.package_identification:_identify(.) by extension 'python'
[0.889s] Level 1:colcon.colcon_core.package_identification:_identify(.) by extensions ['python_setup_py']
[0.890s] Level 1:colcon.colcon_core.package_identification:_identify(.) by extension 'python_setup_py'
[0.890s] Level 1:colcon.colcon_core.package_identification:_identify(build) by extensions ['ignore', 'ignore_ament_install']
[0.890s] Level 1:colcon.colcon_core.package_identification:_identify(build) by extension 'ignore'
[0.890s] Level 1:colcon.colcon_core.package_identification:_identify(build) ignored
[0.891s] Level 1:colcon.colcon_core.package_identification:_identify(install) by extensions ['ignore', 'ignore_ament_install']
[0.891s] Level 1:colcon.colcon_core.package_identification:_identify(install) by extension 'ignore'
[0.891s] Level 1:colcon.colcon_core.package_identification:_identify(install) ignored
[0.892s] Level 1:colcon.colcon_core.package_identification:_identify(log) by extensions ['ignore', 'ignore_ament_install']
[0.892s] Level 1:colcon.colcon_core.package_identification:_identify(log) by extension 'ignore'
[0.893s] Level 1:colcon.colcon_core.package_identification:_identify(log) ignored
[0.893s] Level 1:colcon.colcon_core.package_identification:_identify(src) by extensions ['ignore', 'ignore_ament_install']
[0.893s] Level 1:colcon.colcon_core.package_identification:_identify(src) by extension 'ignore'
[0.893s] Level 1:colcon.colcon_core.package_identification:_identify(src) by extension 'ignore_ament_install'
[0.893s] Level 1:colcon.colcon_core.package_identification:_identify(src) by extensions ['colcon_pkg']
[0.893s] Level 1:colcon.colcon_core.package_identification:_identify(src) by extension 'colcon_pkg'
[0.893s] Level 1:colcon.colcon_core.package_identification:_identify(src) by extensions ['colcon_meta']
[0.894s] Level 1:colcon.colcon_core.package_identification:_identify(src) by extension 'colcon_meta'
[0.894s] Level 1:colcon.colcon_core.package_identification:_identify(src) by extensions ['ros']
[0.894s] Level 1:colcon.colcon_core.package_identification:_identify(src) by extension 'ros'
[0.894s] Level 1:colcon.colcon_core.package_identification:_identify(src) by extensions ['cmake', 'python']
[0.894s] Level 1:colcon.colcon_core.package_identification:_identify(src) by extension 'cmake'
[0.894s] Level 1:colcon.colcon_core.package_identification:_identify(src) by extension 'python'
[0.894s] Level 1:colcon.colcon_core.package_identification:_identify(src) by extensions ['python_setup_py']
[0.894s] Level 1:colcon.colcon_core.package_identification:_identify(src) by extension 'python_setup_py'
[0.894s] Level 1:colcon.colcon_core.package_identification:_identify(src/demo_cpp_pkg) by extensions ['ignore', 'ignore_ament_install']
[0.895s] Level 1:colcon.colcon_core.package_identification:_identify(src/demo_cpp_pkg) by extension 'ignore'
[0.895s] Level 1:colcon.colcon_core.package_identification:_identify(src/demo_cpp_pkg) by extension 'ignore_ament_install'
[0.895s] Level 1:colcon.colcon_core.package_identification:_identify(src/demo_cpp_pkg) by extensions ['colcon_pkg']
[0.895s] Level 1:colcon.colcon_core.package_identification:_identify(src/demo_cpp_pkg) by extension 'colcon_pkg'
[0.895s] Level 1:colcon.colcon_core.package_identification:_identify(src/demo_cpp_pkg) by extensions ['colcon_meta']
[0.895s] Level 1:colcon.colcon_core.package_identification:_identify(src/demo_cpp_pkg) by extension 'colcon_meta'
[0.895s] Level 1:colcon.colcon_core.package_identification:_identify(src/demo_cpp_pkg) by extensions ['ros']
[0.895s] Level 1:colcon.colcon_core.package_identification:_identify(src/demo_cpp_pkg) by extension 'ros'
[0.902s] DEBUG:colcon.colcon_core.package_identification:Package 'src/demo_cpp_pkg' with type 'ros.ament_cmake' and name 'demo_cpp_pkg'
[0.902s] Level 1:colcon.colcon_core.package_identification:_identify(src/demo_python_pkg) by extensions ['ignore', 'ignore_ament_install']
[0.903s] Level 1:colcon.colcon_core.package_identification:_identify(src/demo_python_pkg) by extension 'ignore'
[0.903s] Level 1:colcon.colcon_core.package_identification:_identify(src/demo_python_pkg) by extension 'ignore_ament_install'
[0.903s] Level 1:colcon.colcon_core.package_identification:_identify(src/demo_python_pkg) by extensions ['colcon_pkg']
[0.907s] Level 1:colcon.colcon_core.package_identification:_identify(src/demo_python_pkg) by extension 'colcon_pkg'
[0.907s] Level 1:colcon.colcon_core.package_identification:_identify(src/demo_python_pkg) by extensions ['colcon_meta']
[0.907s] Level 1:colcon.colcon_core.package_identification:_identify(src/demo_python_pkg) by extension 'colcon_meta'
[0.908s] Level 1:colcon.colcon_core.package_identification:_identify(src/demo_python_pkg) by extensions ['ros']
[0.908s] Level 1:colcon.colcon_core.package_identification:_identify(src/demo_python_pkg) by extension 'ros'
[0.911s] DEBUG:colcon.colcon_core.package_identification:Package 'src/demo_python_pkg' with type 'ros.ament_python' and name 'demo_python_pkg'
[0.913s] Level 1:colcon.colcon_core.package_discovery:discover_packages(recursive) using defaults
[0.914s] Level 1:colcon.colcon_core.package_discovery:discover_packages(ignore) discover
[0.915s] Level 1:colcon.colcon_core.package_discovery:discover_packages(ignore) using defaults
[0.915s] Level 1:colcon.colcon_core.package_discovery:discover_packages(path) discover
[0.915s] Level 1:colcon.colcon_core.package_discovery:discover_packages(path) using defaults
[1.004s] Level 1:colcon.colcon_core.package_discovery:discover_packages(prefix_path) check parameters
[1.005s] Level 1:colcon.colcon_core.package_discovery:discover_packages(prefix_path) discover
[1.012s] DEBUG:colcon.colcon_installed_package_information.package_discovery:Found 2 installed packages in /home/wang/桌面/item/chapter2/chapter2_ws/install
[1.015s] DEBUG:colcon.colcon_installed_package_information.package_discovery:Found 17 installed packages in /home/wang/tb3_ws/install
[1.020s] DEBUG:colcon.colcon_installed_package_information.package_discovery:Found 406 installed packages in /opt/ros/humble
[1.027s] Level 1:colcon.colcon_core.package_discovery:discover_packages(prefix_path) using defaults
[1.196s] Level 5:colcon.colcon_core.verb:set package 'demo_cpp_pkg' build argument 'cmake_args' from command line to 'None'
[1.197s] Level 5:colcon.colcon_core.verb:set package 'demo_cpp_pkg' build argument 'cmake_target' from command line to 'None'
[1.197s] Level 5:colcon.colcon_core.verb:set package 'demo_cpp_pkg' build argument 'cmake_target_skip_unavailable' from command line to 'False'
[1.197s] Level 5:colcon.colcon_core.verb:set package 'demo_cpp_pkg' build argument 'cmake_clean_cache' from command line to 'False'
[1.197s] Level 5:colcon.colcon_core.verb:set package 'demo_cpp_pkg' build argument 'cmake_clean_first' from command line to 'False'
[1.197s] Level 5:colcon.colcon_core.verb:set package 'demo_cpp_pkg' build argument 'cmake_force_configure' from command line to 'False'
[1.197s] Level 5:colcon.colcon_core.verb:set package 'demo_cpp_pkg' build argument 'ament_cmake_args' from command line to 'None'
[1.197s] Level 5:colcon.colcon_core.verb:set package 'demo_cpp_pkg' build argument 'catkin_cmake_args' from command line to 'None'
[1.198s] Level 5:colcon.colcon_core.verb:set package 'demo_cpp_pkg' build argument 'catkin_skip_building_tests' from command line to 'False'
[1.198s] DEBUG:colcon.colcon_core.verb:Building package 'demo_cpp_pkg' with the following arguments: {'ament_cmake_args': None, 'build_base': '/home/wang/桌面/item/chapter2/chapter2_ws/build/demo_cpp_pkg', 'catkin_cmake_args': None, 'catkin_skip_building_tests': False, 'cmake_args': None, 'cmake_clean_cache': False, 'cmake_clean_first': False, 'cmake_force_configure': False, 'cmake_target': None, 'cmake_target_skip_unavailable': False, 'install_base': '/home/wang/桌面/item/chapter2/chapter2_ws/install/demo_cpp_pkg', 'merge_install': False, 'path': '/home/wang/桌面/item/chapter2/chapter2_ws/src/demo_cpp_pkg', 'symlink_install': False, 'test_result_base': None}
[1.199s] Level 5:colcon.colcon_core.verb:set package 'demo_python_pkg' build argument 'cmake_args' from command line to 'None'
[1.201s] Level 5:colcon.colcon_core.verb:set package 'demo_python_pkg' build argument 'cmake_target' from command line to 'None'
[1.201s] Level 5:colcon.colcon_core.verb:set package 'demo_python_pkg' build argument 'cmake_target_skip_unavailable' from command line to 'False'
[1.201s] Level 5:colcon.colcon_core.verb:set package 'demo_python_pkg' build argument 'cmake_clean_cache' from command line to 'False'
[1.201s] Level 5:colcon.colcon_core.verb:set package 'demo_python_pkg' build argument 'cmake_clean_first' from command line to 'False'
[1.202s] Level 5:colcon.colcon_core.verb:set package 'demo_python_pkg' build argument 'cmake_force_configure' from command line to 'False'
[1.202s] Level 5:colcon.colcon_core.verb:set package 'demo_python_pkg' build argument 'ament_cmake_args' from command line to 'None'
[1.202s] Level 5:colcon.colcon_core.verb:set package 'demo_python_pkg' build argument 'catkin_cmake_args' from command line to 'None'
[1.202s] Level 5:colcon.colcon_core.verb:set package 'demo_python_pkg' build argument 'catkin_skip_building_tests' from command line to 'False'
[1.202s] DEBUG:colcon.colcon_core.verb:Building package 'demo_python_pkg' with the following arguments: {'ament_cmake_args': None, 'build_base': '/home/wang/桌面/item/chapter2/chapter2_ws/build/demo_python_pkg', 'catkin_cmake_args': None, 'catkin_skip_building_tests': False, 'cmake_args': None, 'cmake_clean_cache': False, 'cmake_clean_first': False, 'cmake_force_configure': False, 'cmake_target': None, 'cmake_target_skip_unavailable': False, 'install_base': '/home/wang/桌面/item/chapter2/chapter2_ws/install/demo_python_pkg', 'merge_install': False, 'path': '/home/wang/桌面/item/chapter2/chapter2_ws/src/demo_python_pkg', 'symlink_install': False, 'test_result_base': None}
[1.202s] INFO:colcon.colcon_core.executor:Executing jobs using 'parallel' executor
[1.209s] DEBUG:colcon.colcon_parallel_executor.executor.parallel:run_until_complete
[1.210s] INFO:colcon.colcon_ros.task.ament_cmake.build:Building ROS package in '/home/wang/桌面/item/chapter2/chapter2_ws/src/demo_cpp_pkg' with build type 'ament_cmake'
[1.211s] INFO:colcon.colcon_cmake.task.cmake.build:Building CMake package in '/home/wang/桌面/item/chapter2/chapter2_ws/src/demo_cpp_pkg'
[1.217s] INFO:colcon.colcon_core.plugin_system:Skipping extension 'colcon_core.shell.bat': Not used on non-Windows systems
[1.218s] INFO:colcon.colcon_core.shell:Skip shell extension 'powershell' for command environment: Not usable outside of PowerShell
[1.218s] DEBUG:colcon.colcon_core.shell:Skip shell extension 'dsv' for command environment
[1.255s] DEBUG:colcon.colcon_core.event_handler.log_command:Invoking command in '/home/wang/桌面/item/chapter2/chapter2_ws/build/demo_cpp_pkg': CMAKE_PREFIX_PATH=${CMAKE_PREFIX_PATH}:/home/wang/桌面/item/chapter2/chapter2_ws/install/demo_python_pkg:/home/wang/tb3_ws/install/turtlebot3_teleop:/home/wang/tb3_ws/install/turtlebot3_example:/opt/ros/humble /usr/bin/cmake --build /home/wang/桌面/item/chapter2/chapter2_ws/build/demo_cpp_pkg -- -j4 -l4
[1.688s] DEBUG:colcon.colcon_core.event_handler.log_command:Invoked command in '/home/wang/桌面/item/chapter2/chapter2_ws/build/demo_cpp_pkg' returned '0': CMAKE_PREFIX_PATH=${CMAKE_PREFIX_PATH}:/home/wang/桌面/item/chapter2/chapter2_ws/install/demo_python_pkg:/home/wang/tb3_ws/install/turtlebot3_teleop:/home/wang/tb3_ws/install/turtlebot3_example:/opt/ros/humble /usr/bin/cmake --build /home/wang/桌面/item/chapter2/chapter2_ws/build/demo_cpp_pkg -- -j4 -l4
[1.939s] DEBUG:colcon.colcon_core.event_handler.log_command:Invoking command in '/home/wang/桌面/item/chapter2/chapter2_ws/build/demo_cpp_pkg': CMAKE_PREFIX_PATH=${CMAKE_PREFIX_PATH}:/home/wang/桌面/item/chapter2/chapter2_ws/install/demo_python_pkg:/home/wang/tb3_ws/install/turtlebot3_teleop:/home/wang/tb3_ws/install/turtlebot3_example:/opt/ros/humble /usr/bin/cmake --install /home/wang/桌面/item/chapter2/chapter2_ws/build/demo_cpp_pkg
[1.985s] Level 1:colcon.colcon_core.environment:create_environment_scripts_only(demo_cpp_pkg)
[1.989s] DEBUG:colcon.colcon_core.event_handler.log_command:Invoked command in '/home/wang/桌面/item/chapter2/chapter2_ws/build/demo_cpp_pkg' returned '0': CMAKE_PREFIX_PATH=${CMAKE_PREFIX_PATH}:/home/wang/桌面/item/chapter2/chapter2_ws/install/demo_python_pkg:/home/wang/tb3_ws/install/turtlebot3_teleop:/home/wang/tb3_ws/install/turtlebot3_example:/opt/ros/humble /usr/bin/cmake --install /home/wang/桌面/item/chapter2/chapter2_ws/build/demo_cpp_pkg
[1.993s] Level 1:colcon.colcon_core.environment:checking '/home/wang/桌面/item/chapter2/chapter2_ws/install/demo_cpp_pkg' for CMake module files
[1.994s] Level 1:colcon.colcon_core.environment:checking '/home/wang/桌面/item/chapter2/chapter2_ws/install/demo_cpp_pkg' for CMake config files
[1.995s] Level 1:colcon.colcon_core.shell:create_environment_hook('demo_cpp_pkg', 'cmake_prefix_path')
[1.995s] INFO:colcon.colcon_core.shell:Creating environment hook '/home/wang/桌面/item/chapter2/chapter2_ws/install/demo_cpp_pkg/share/demo_cpp_pkg/hook/cmake_prefix_path.ps1'
[1.997s] INFO:colcon.colcon_core.shell:Creating environment descriptor '/home/wang/桌面/item/chapter2/chapter2_ws/install/demo_cpp_pkg/share/demo_cpp_pkg/hook/cmake_prefix_path.dsv'
[1.999s] INFO:colcon.colcon_core.shell:Creating environment hook '/home/wang/桌面/item/chapter2/chapter2_ws/install/demo_cpp_pkg/share/demo_cpp_pkg/hook/cmake_prefix_path.sh'
[2.003s] Level 1:colcon.colcon_core.environment:checking '/home/wang/桌面/item/chapter2/chapter2_ws/install/demo_cpp_pkg/lib'
[2.004s] Level 1:colcon.colcon_core.environment:checking '/home/wang/桌面/item/chapter2/chapter2_ws/install/demo_cpp_pkg/bin'
[2.004s] Level 1:colcon.colcon_core.environment:checking '/home/wang/桌面/item/chapter2/chapter2_ws/install/demo_cpp_pkg/lib/pkgconfig/demo_cpp_pkg.pc'
[2.005s] Level 1:colcon.colcon_core.environment:checking '/home/wang/桌面/item/chapter2/chapter2_ws/install/demo_cpp_pkg/lib/python3.10/site-packages'
[2.006s] Level 1:colcon.colcon_core.environment:checking '/home/wang/桌面/item/chapter2/chapter2_ws/install/demo_cpp_pkg/bin'
[2.008s] INFO:colcon.colcon_core.shell:Creating package script '/home/wang/桌面/item/chapter2/chapter2_ws/install/demo_cpp_pkg/share/demo_cpp_pkg/package.ps1'
[2.010s] INFO:colcon.colcon_core.shell:Creating package descriptor '/home/wang/桌面/item/chapter2/chapter2_ws/install/demo_cpp_pkg/share/demo_cpp_pkg/package.dsv'
[2.014s] INFO:colcon.colcon_core.shell:Creating package script '/home/wang/桌面/item/chapter2/chapter2_ws/install/demo_cpp_pkg/share/demo_cpp_pkg/package.sh'
[2.016s] INFO:colcon.colcon_core.shell:Creating package script '/home/wang/桌面/item/chapter2/chapter2_ws/install/demo_cpp_pkg/share/demo_cpp_pkg/package.bash'
[2.018s] INFO:colcon.colcon_core.shell:Creating package script '/home/wang/桌面/item/chapter2/chapter2_ws/install/demo_cpp_pkg/share/demo_cpp_pkg/package.zsh'
[2.020s] Level 1:colcon.colcon_core.environment:create_file_with_runtime_dependencies(/home/wang/桌面/item/chapter2/chapter2_ws/install/demo_cpp_pkg/share/colcon-core/packages/demo_cpp_pkg)
[2.211s] Level 1:colcon.colcon_core.environment:create_environment_scripts_only(demo_cpp_pkg)
[2.212s] Level 1:colcon.colcon_core.environment:checking '/home/wang/桌面/item/chapter2/chapter2_ws/install/demo_cpp_pkg' for CMake module files
[2.214s] Level 1:colcon.colcon_core.environment:checking '/home/wang/桌面/item/chapter2/chapter2_ws/install/demo_cpp_pkg' for CMake config files
[2.215s] Level 1:colcon.colcon_core.shell:create_environment_hook('demo_cpp_pkg', 'cmake_prefix_path')
[2.216s] INFO:colcon.colcon_core.shell:Creating environment hook '/home/wang/桌面/item/chapter2/chapter2_ws/install/demo_cpp_pkg/share/demo_cpp_pkg/hook/cmake_prefix_path.ps1'
[2.219s] INFO:colcon.colcon_core.shell:Creating environment descriptor '/home/wang/桌面/item/chapter2/chapter2_ws/install/demo_cpp_pkg/share/demo_cpp_pkg/hook/cmake_prefix_path.dsv'
[2.220s] INFO:colcon.colcon_core.shell:Creating environment hook '/home/wang/桌面/item/chapter2/chapter2_ws/install/demo_cpp_pkg/share/demo_cpp_pkg/hook/cmake_prefix_path.sh'
[2.223s] Level 1:colcon.colcon_core.environment:checking '/home/wang/桌面/item/chapter2/chapter2_ws/install/demo_cpp_pkg/lib'
[2.224s] Level 1:colcon.colcon_core.environment:checking '/home/wang/桌面/item/chapter2/chapter2_ws/install/demo_cpp_pkg/bin'
[2.224s] Level 1:colcon.colcon_core.environment:checking '/home/wang/桌面/item/chapter2/chapter2_ws/install/demo_cpp_pkg/lib/pkgconfig/demo_cpp_pkg.pc'
[2.225s] Level 1:colcon.colcon_core.environment:checking '/home/wang/桌面/item/chapter2/chapter2_ws/install/demo_cpp_pkg/lib/python3.10/site-packages'
[2.226s] Level 1:colcon.colcon_core.environment:checking '/home/wang/桌面/item/chapter2/chapter2_ws/install/demo_cpp_pkg/bin'
[2.227s] INFO:colcon.colcon_core.shell:Creating package script '/home/wang/桌面/item/chapter2/chapter2_ws/install/demo_cpp_pkg/share/demo_cpp_pkg/package.ps1'
[2.230s] INFO:colcon.colcon_core.shell:Creating package descriptor '/home/wang/桌面/item/chapter2/chapter2_ws/install/demo_cpp_pkg/share/demo_cpp_pkg/package.dsv'
[2.232s] INFO:colcon.colcon_core.shell:Creating package script '/home/wang/桌面/item/chapter2/chapter2_ws/install/demo_cpp_pkg/share/demo_cpp_pkg/package.sh'
[2.234s] INFO:colcon.colcon_core.shell:Creating package script '/home/wang/桌面/item/chapter2/chapter2_ws/install/demo_cpp_pkg/share/demo_cpp_pkg/package.bash'
[2.239s] INFO:colcon.colcon_core.shell:Creating package script '/home/wang/桌面/item/chapter2/chapter2_ws/install/demo_cpp_pkg/share/demo_cpp_pkg/package.zsh'
[2.241s] Level 1:colcon.colcon_core.environment:create_file_with_runtime_dependencies(/home/wang/桌面/item/chapter2/chapter2_ws/install/demo_cpp_pkg/share/colcon-core/packages/demo_cpp_pkg)
[2.244s] INFO:colcon.colcon_ros.task.ament_python.build:Building ROS package in '/home/wang/桌面/item/chapter2/chapter2_ws/src/demo_python_pkg' with build type 'ament_python'
[2.246s] Level 1:colcon.colcon_core.shell:create_environment_hook('demo_python_pkg', 'ament_prefix_path')
[2.247s] INFO:colcon.colcon_core.shell:Creating environment hook '/home/wang/桌面/item/chapter2/chapter2_ws/install/demo_python_pkg/share/demo_python_pkg/hook/ament_prefix_path.ps1'
[2.251s] INFO:colcon.colcon_core.shell:Creating environment descriptor '/home/wang/桌面/item/chapter2/chapter2_ws/install/demo_python_pkg/share/demo_python_pkg/hook/ament_prefix_path.dsv'
[2.253s] INFO:colcon.colcon_core.shell:Creating environment hook '/home/wang/桌面/item/chapter2/chapter2_ws/install/demo_python_pkg/share/demo_python_pkg/hook/ament_prefix_path.sh'
[2.256s] INFO:colcon.colcon_core.shell:Skip shell extension 'powershell' for command environment: Not usable outside of PowerShell
[2.256s] DEBUG:colcon.colcon_core.shell:Skip shell extension 'dsv' for command environment
[3.133s] INFO:colcon.colcon_core.task.python.build:Building Python package in '/home/wang/桌面/item/chapter2/chapter2_ws/src/demo_python_pkg'
[3.134s] INFO:colcon.colcon_core.shell:Skip shell extension 'powershell' for command environment: Not usable outside of PowerShell
[3.134s] DEBUG:colcon.colcon_core.shell:Skip shell extension 'dsv' for command environment
[4.360s] DEBUG:colcon.colcon_core.event_handler.log_command:Invoking command in '/home/wang/桌面/item/chapter2/chapter2_ws/src/demo_python_pkg': PYTHONPATH=/home/wang/桌面/item/chapter2/chapter2_ws/build/demo_python_pkg/prefix_override:/usr/lib/python3/dist-packages/colcon_core/task/python/colcon_distutils_commands:/home/wang/桌面/item/chapter2/chapter2_ws/install/demo_python_pkg/lib/python3.10/site-packages:${PYTHONPATH} /usr/bin/python3 -W ignore:setup.py install is deprecated setup.py egg_info --egg-base ../../build/demo_python_pkg build --build-base /home/wang/桌面/item/chapter2/chapter2_ws/build/demo_python_pkg/build install --record /home/wang/桌面/item/chapter2/chapter2_ws/build/demo_python_pkg/install.log --single-version-externally-managed install_data
[5.316s] Level 1:colcon.colcon_core.environment:checking '/home/wang/桌面/item/chapter2/chapter2_ws/install/demo_python_pkg' for CMake module files
[5.318s] DEBUG:colcon.colcon_core.event_handler.log_command:Invoked command in '/home/wang/桌面/item/chapter2/chapter2_ws/src/demo_python_pkg' returned '0': PYTHONPATH=/home/wang/桌面/item/chapter2/chapter2_ws/build/demo_python_pkg/prefix_override:/usr/lib/python3/dist-packages/colcon_core/task/python/colcon_distutils_commands:/home/wang/桌面/item/chapter2/chapter2_ws/install/demo_python_pkg/lib/python3.10/site-packages:${PYTHONPATH} /usr/bin/python3 -W ignore:setup.py install is deprecated setup.py egg_info --egg-base ../../build/demo_python_pkg build --build-base /home/wang/桌面/item/chapter2/chapter2_ws/build/demo_python_pkg/build install --record /home/wang/桌面/item/chapter2/chapter2_ws/build/demo_python_pkg/install.log --single-version-externally-managed install_data
[5.319s] Level 1:colcon.colcon_core.environment:checking '/home/wang/桌面/item/chapter2/chapter2_ws/install/demo_python_pkg' for CMake config files
[5.321s] Level 1:colcon.colcon_core.environment:checking '/home/wang/桌面/item/chapter2/chapter2_ws/install/demo_python_pkg/lib'
[5.322s] Level 1:colcon.colcon_core.environment:checking '/home/wang/桌面/item/chapter2/chapter2_ws/install/demo_python_pkg/bin'
[5.339s] Level 1:colcon.colcon_core.environment:checking '/home/wang/桌面/item/chapter2/chapter2_ws/install/demo_python_pkg/lib/pkgconfig/demo_python_pkg.pc'
[5.339s] Level 1:colcon.colcon_core.environment:checking '/home/wang/桌面/item/chapter2/chapter2_ws/install/demo_python_pkg/lib/python3.10/site-packages'
[5.340s] Level 1:colcon.colcon_core.shell:create_environment_hook('demo_python_pkg', 'pythonpath')
[5.340s] INFO:colcon.colcon_core.shell:Creating environment hook '/home/wang/桌面/item/chapter2/chapter2_ws/install/demo_python_pkg/share/demo_python_pkg/hook/pythonpath.ps1'
[5.346s] INFO:colcon.colcon_core.shell:Creating environment descriptor '/home/wang/桌面/item/chapter2/chapter2_ws/install/demo_python_pkg/share/demo_python_pkg/hook/pythonpath.dsv'
[5.347s] INFO:colcon.colcon_core.shell:Creating environment hook '/home/wang/桌面/item/chapter2/chapter2_ws/install/demo_python_pkg/share/demo_python_pkg/hook/pythonpath.sh'
[5.353s] Level 1:colcon.colcon_core.environment:checking '/home/wang/桌面/item/chapter2/chapter2_ws/install/demo_python_pkg/bin'
[5.355s] Level 1:colcon.colcon_core.environment:create_environment_scripts_only(demo_python_pkg)
[5.356s] INFO:colcon.colcon_core.shell:Creating package script '/home/wang/桌面/item/chapter2/chapter2_ws/install/demo_python_pkg/share/demo_python_pkg/package.ps1'
[5.359s] INFO:colcon.colcon_core.shell:Creating package descriptor '/home/wang/桌面/item/chapter2/chapter2_ws/install/demo_python_pkg/share/demo_python_pkg/package.dsv'
[5.361s] INFO:colcon.colcon_core.shell:Creating package script '/home/wang/桌面/item/chapter2/chapter2_ws/install/demo_python_pkg/share/demo_python_pkg/package.sh'
[5.363s] INFO:colcon.colcon_core.shell:Creating package script '/home/wang/桌面/item/chapter2/chapter2_ws/install/demo_python_pkg/share/demo_python_pkg/package.bash'
[5.364s] INFO:colcon.colcon_core.shell:Creating package script '/home/wang/桌面/item/chapter2/chapter2_ws/install/demo_python_pkg/share/demo_python_pkg/package.zsh'
[5.366s] Level 1:colcon.colcon_core.environment:create_file_with_runtime_dependencies(/home/wang/桌面/item/chapter2/chapter2_ws/install/demo_python_pkg/share/colcon-core/packages/demo_python_pkg)
[5.368s] DEBUG:colcon.colcon_parallel_executor.executor.parallel:closing loop
[5.370s] DEBUG:colcon.colcon_parallel_executor.executor.parallel:loop closed
[5.371s] DEBUG:colcon.colcon_parallel_executor.executor.parallel:run_until_complete finished with '0'
[5.371s] DEBUG:colcon.colcon_core.event_reactor:joining thread
[5.392s] INFO:colcon.colcon_core.plugin_system:Skipping extension 'colcon_notification.desktop_notification.terminal_notifier': Not used on non-Darwin systems
[5.393s] INFO:colcon.colcon_core.plugin_system:Skipping extension 'colcon_notification.desktop_notification.win32': Not used on non-Windows systems
[5.393s] INFO:colcon.colcon_notification.desktop_notification:Sending desktop notification using 'notify2'
[5.451s] DEBUG:colcon.colcon_core.event_reactor:joined thread
[5.453s] INFO:colcon.colcon_core.shell:Creating prefix script '/home/wang/桌面/item/chapter2/chapter2_ws/install/local_setup.ps1'
[5.459s] INFO:colcon.colcon_core.shell:Creating prefix util module '/home/wang/桌面/item/chapter2/chapter2_ws/install/_local_setup_util_ps1.py'
[5.464s] INFO:colcon.colcon_core.shell:Creating prefix chain script '/home/wang/桌面/item/chapter2/chapter2_ws/install/setup.ps1'
[5.471s] INFO:colcon.colcon_core.shell:Creating prefix script '/home/wang/桌面/item/chapter2/chapter2_ws/install/local_setup.sh'
[5.473s] INFO:colcon.colcon_core.shell:Creating prefix util module '/home/wang/桌面/item/chapter2/chapter2_ws/install/_local_setup_util_sh.py'
[5.476s] INFO:colcon.colcon_core.shell:Creating prefix chain script '/home/wang/桌面/item/chapter2/chapter2_ws/install/setup.sh'
[5.484s] INFO:colcon.colcon_core.shell:Creating prefix script '/home/wang/桌面/item/chapter2/chapter2_ws/install/local_setup.bash'
[5.486s] INFO:colcon.colcon_core.shell:Creating prefix chain script '/home/wang/桌面/item/chapter2/chapter2_ws/install/setup.bash'
[5.491s] INFO:colcon.colcon_core.shell:Creating prefix script '/home/wang/桌面/item/chapter2/chapter2_ws/install/local_setup.zsh'
[5.493s] INFO:colcon.colcon_core.shell:Creating prefix chain script '/home/wang/桌面/item/chapter2/chapter2_ws/install/setup.zsh'
