[0.010s] Invoking command in '/home/wang/Desktop/item/chapter6/chapt6_ws/build/fishbot_description': CMAKE_PREFIX_PATH=${CMAKE_PREFIX_PATH}:/opt/ros/jazzy DEBUGINFOD_URLS=https://debuginfod.ubuntu.com /usr/bin/cmake /home/wang/Desktop/item/chapter6/chapt6_ws/src/fishbot_description -DCMAKE_INSTALL_PREFIX=/home/wang/Desktop/item/chapter6/chapt6_ws/install/fishbot_description
[0.176s] -- The C compiler identification is GNU 13.2.0
[0.306s] -- The CXX compiler identification is GNU 13.2.0
[0.337s] -- Detecting C compiler ABI info
[0.448s] -- Detecting C compiler ABI info - done
[0.458s] -- Check for working C compiler: /usr/bin/cc - skipped
[0.458s] -- Detecting C compile features
[0.459s] -- Detecting C compile features - done
[0.473s] -- Detecting CXX compiler ABI info
[0.595s] -- Detecting CXX compiler ABI info - done
[0.604s] -- Check for working CXX compiler: /usr/bin/c++ - skipped
[0.605s] -- Detecting CXX compile features
[0.605s] -- Detecting CXX compile features - done
[0.609s] -- Found ament_cmake: 2.5.2 (/opt/ros/jazzy/share/ament_cmake/cmake)
[0.757s] -- Found Python3: /usr/bin/python3 (found version "3.12.3") found components: Interpreter 
[0.883s] -- Found ament_lint_auto: 0.17.1 (/opt/ros/jazzy/share/ament_lint_auto/cmake)
[0.991s] -- Added test 'flake8' to check Python code syntax and style conventions
[0.991s] -- Configured 'flake8' exclude dirs and/or files: 
[0.992s] -- Added test 'lint_cmake' to check CMake code style
[0.993s] -- Added test 'pep257' to check Python code against some of the docstring style conventions in PEP 257
[0.996s] -- Added test 'xmllint' to check XML markup files
[0.997s] -- Configuring done (1.0s)
[1.000s] -- Generating done (0.0s)
[1.000s] -- Build files have been written to: /home/wang/Desktop/item/chapter6/chapt6_ws/build/fishbot_description
[1.007s] Invoked command in '/home/wang/Desktop/item/chapter6/chapt6_ws/build/fishbot_description' returned '0': CMAKE_PREFIX_PATH=${CMAKE_PREFIX_PATH}:/opt/ros/jazzy DEBUGINFOD_URLS=https://debuginfod.ubuntu.com /usr/bin/cmake /home/wang/Desktop/item/chapter6/chapt6_ws/src/fishbot_description -DCMAKE_INSTALL_PREFIX=/home/wang/Desktop/item/chapter6/chapt6_ws/install/fishbot_description
[1.008s] Invoking command in '/home/wang/Desktop/item/chapter6/chapt6_ws/build/fishbot_description': CMAKE_PREFIX_PATH=${CMAKE_PREFIX_PATH}:/opt/ros/jazzy DEBUGINFOD_URLS=https://debuginfod.ubuntu.com /usr/bin/cmake --build /home/wang/Desktop/item/chapter6/chapt6_ws/build/fishbot_description -- -j20 -l20
[1.043s] Invoked command in '/home/wang/Desktop/item/chapter6/chapt6_ws/build/fishbot_description' returned '0': CMAKE_PREFIX_PATH=${CMAKE_PREFIX_PATH}:/opt/ros/jazzy DEBUGINFOD_URLS=https://debuginfod.ubuntu.com /usr/bin/cmake --build /home/wang/Desktop/item/chapter6/chapt6_ws/build/fishbot_description -- -j20 -l20
[1.081s] Invoking command in '/home/wang/Desktop/item/chapter6/chapt6_ws/build/fishbot_description': CMAKE_PREFIX_PATH=${CMAKE_PREFIX_PATH}:/opt/ros/jazzy DEBUGINFOD_URLS=https://debuginfod.ubuntu.com /usr/bin/cmake --install /home/wang/Desktop/item/chapter6/chapt6_ws/build/fishbot_description
[1.090s] -- Install configuration: ""
[1.090s] -- Installing: /home/wang/Desktop/item/chapter6/chapt6_ws/install/fishbot_description/share/fishbot_description/launch
[1.090s] -- Installing: /home/wang/Desktop/item/chapter6/chapt6_ws/install/fishbot_description/share/fishbot_description/launch/gazebo_sim.launch.py
[1.091s] -- Installing: /home/wang/Desktop/item/chapter6/chapt6_ws/install/fishbot_description/share/fishbot_description/launch/__pycache__
[1.091s] -- Installing: /home/wang/Desktop/item/chapter6/chapt6_ws/install/fishbot_description/share/fishbot_description/launch/__pycache__/gazebo_sim.launch.cpython-310.pyc
[1.091s] -- Installing: /home/wang/Desktop/item/chapter6/chapt6_ws/install/fishbot_description/share/fishbot_description/launch/display_robot.launch.py
[1.091s] -- Installing: /home/wang/Desktop/item/chapter6/chapt6_ws/install/fishbot_description/share/fishbot_description/urdf
[1.091s] -- Installing: /home/wang/Desktop/item/chapter6/chapt6_ws/install/fishbot_description/share/fishbot_description/urdf/first_robot.urdf.xacro
[1.091s] -- Installing: /home/wang/Desktop/item/chapter6/chapt6_ws/install/fishbot_description/share/fishbot_description/urdf/first_robot.urdf
[1.092s] -- Installing: /home/wang/Desktop/item/chapter6/chapt6_ws/install/fishbot_description/share/fishbot_description/urdf/first_robot.pdf
[1.092s] -- Installing: /home/wang/Desktop/item/chapter6/chapt6_ws/install/fishbot_description/share/fishbot_description/urdf/fishbot
[1.092s] -- Installing: /home/wang/Desktop/item/chapter6/chapt6_ws/install/fishbot_description/share/fishbot_description/urdf/fishbot/actuator
[1.092s] -- Installing: /home/wang/Desktop/item/chapter6/chapt6_ws/install/fishbot_description/share/fishbot_description/urdf/fishbot/actuator/caster.urdf.xacro
[1.092s] -- Installing: /home/wang/Desktop/item/chapter6/chapt6_ws/install/fishbot_description/share/fishbot_description/urdf/fishbot/actuator/wheel.urdf.xacro
[1.093s] -- Installing: /home/wang/Desktop/item/chapter6/chapt6_ws/install/fishbot_description/share/fishbot_description/urdf/fishbot/sensor
[1.093s] -- Installing: /home/wang/Desktop/item/chapter6/chapt6_ws/install/fishbot_description/share/fishbot_description/urdf/fishbot/sensor/camera.urdf.xacro
[1.093s] -- Installing: /home/wang/Desktop/item/chapter6/chapt6_ws/install/fishbot_description/share/fishbot_description/urdf/fishbot/sensor/imu.urdf.xacro
[1.093s] -- Installing: /home/wang/Desktop/item/chapter6/chapt6_ws/install/fishbot_description/share/fishbot_description/urdf/fishbot/sensor/laser.urdf.xacro
[1.094s] -- Installing: /home/wang/Desktop/item/chapter6/chapt6_ws/install/fishbot_description/share/fishbot_description/urdf/fishbot/common_inertia.xacro
[1.094s] -- Installing: /home/wang/Desktop/item/chapter6/chapt6_ws/install/fishbot_description/share/fishbot_description/urdf/fishbot/base.urdf.xacro
[1.094s] -- Installing: /home/wang/Desktop/item/chapter6/chapt6_ws/install/fishbot_description/share/fishbot_description/urdf/fishbot/fishbot.ros2_control.xacro
[1.094s] -- Installing: /home/wang/Desktop/item/chapter6/chapt6_ws/install/fishbot_description/share/fishbot_description/urdf/fishbot/fishbot.urdf.xacro
[1.094s] -- Installing: /home/wang/Desktop/item/chapter6/chapt6_ws/install/fishbot_description/share/fishbot_description/urdf/fishbot/plugins
[1.094s] -- Installing: /home/wang/Desktop/item/chapter6/chapt6_ws/install/fishbot_description/share/fishbot_description/urdf/fishbot/plugins/gazebo_control_plugin.xacro
[1.095s] -- Installing: /home/wang/Desktop/item/chapter6/chapt6_ws/install/fishbot_description/share/fishbot_description/urdf/fishbot/plugins/gazebo_sensor_plugin.xacro
[1.095s] -- Installing: /home/wang/Desktop/item/chapter6/chapt6_ws/install/fishbot_description/share/fishbot_description/urdf/first_robot.gv
[1.095s] -- Installing: /home/wang/Desktop/item/chapter6/chapt6_ws/install/fishbot_description/share/fishbot_description/config
[1.096s] -- Installing: /home/wang/Desktop/item/chapter6/chapt6_ws/install/fishbot_description/share/fishbot_description/config/fishbot_ros2_controller.yaml
[1.096s] -- Installing: /home/wang/Desktop/item/chapter6/chapt6_ws/install/fishbot_description/share/fishbot_description/config/rviz
[1.096s] -- Installing: /home/wang/Desktop/item/chapter6/chapt6_ws/install/fishbot_description/share/fishbot_description/config/rviz/dispaly_mode.rviz
[1.096s] -- Installing: /home/wang/Desktop/item/chapter6/chapt6_ws/install/fishbot_description/share/fishbot_description/world
[1.096s] -- Installing: /home/wang/Desktop/item/chapter6/chapt6_ws/install/fishbot_description/share/fishbot_description/world/room
[1.096s] -- Installing: /home/wang/Desktop/item/chapter6/chapt6_ws/install/fishbot_description/share/fishbot_description/world/room/model.config
[1.096s] -- Installing: /home/wang/Desktop/item/chapter6/chapt6_ws/install/fishbot_description/share/fishbot_description/world/room/model.sdf
[1.096s] -- Installing: /home/wang/Desktop/item/chapter6/chapt6_ws/install/fishbot_description/share/fishbot_description/world/custom_room.world
[1.096s] -- Installing: /home/wang/Desktop/item/chapter6/chapt6_ws/install/fishbot_description/share/ament_index/resource_index/package_run_dependencies/fishbot_description
[1.096s] -- Installing: /home/wang/Desktop/item/chapter6/chapt6_ws/install/fishbot_description/share/ament_index/resource_index/parent_prefix_path/fishbot_description
[1.096s] -- Installing: /home/wang/Desktop/item/chapter6/chapt6_ws/install/fishbot_description/share/fishbot_description/environment/ament_prefix_path.sh
[1.096s] -- Installing: /home/wang/Desktop/item/chapter6/chapt6_ws/install/fishbot_description/share/fishbot_description/environment/ament_prefix_path.dsv
[1.096s] -- Installing: /home/wang/Desktop/item/chapter6/chapt6_ws/install/fishbot_description/share/fishbot_description/environment/path.sh
[1.097s] -- Installing: /home/wang/Desktop/item/chapter6/chapt6_ws/install/fishbot_description/share/fishbot_description/environment/path.dsv
[1.097s] -- Installing: /home/wang/Desktop/item/chapter6/chapt6_ws/install/fishbot_description/share/fishbot_description/local_setup.bash
[1.097s] -- Installing: /home/wang/Desktop/item/chapter6/chapt6_ws/install/fishbot_description/share/fishbot_description/local_setup.sh
[1.097s] -- Installing: /home/wang/Desktop/item/chapter6/chapt6_ws/install/fishbot_description/share/fishbot_description/local_setup.zsh
[1.097s] -- Installing: /home/wang/Desktop/item/chapter6/chapt6_ws/install/fishbot_description/share/fishbot_description/local_setup.dsv
[1.097s] -- Installing: /home/wang/Desktop/item/chapter6/chapt6_ws/install/fishbot_description/share/fishbot_description/package.dsv
[1.097s] -- Installing: /home/wang/Desktop/item/chapter6/chapt6_ws/install/fishbot_description/share/ament_index/resource_index/packages/fishbot_description
[1.097s] -- Installing: /home/wang/Desktop/item/chapter6/chapt6_ws/install/fishbot_description/share/fishbot_description/cmake/fishbot_descriptionConfig.cmake
[1.097s] -- Installing: /home/wang/Desktop/item/chapter6/chapt6_ws/install/fishbot_description/share/fishbot_description/cmake/fishbot_descriptionConfig-version.cmake
[1.097s] -- Installing: /home/wang/Desktop/item/chapter6/chapt6_ws/install/fishbot_description/share/fishbot_description/package.xml
[1.097s] Invoked command in '/home/wang/Desktop/item/chapter6/chapt6_ws/build/fishbot_description' returned '0': CMAKE_PREFIX_PATH=${CMAKE_PREFIX_PATH}:/opt/ros/jazzy DEBUGINFOD_URLS=https://debuginfod.ubuntu.com /usr/bin/cmake --install /home/wang/Desktop/item/chapter6/chapt6_ws/build/fishbot_description
