[2.646s] Invoking command in '/home/wang/桌面/item/chapter3/topic_ws/src/demo_python_topic': PYTHONPATH=/home/wang/桌面/item/chapter3/topic_ws/build/demo_python_topic/prefix_override:/usr/lib/python3/dist-packages/colcon_core/task/python/colcon_distutils_commands:/home/wang/桌面/item/chapter3/topic_ws/install/demo_python_topic/lib/python3.10/site-packages:${PYTHONPATH} /usr/bin/python3 -W ignore:setup.py install is deprecated setup.py egg_info --egg-base ../../build/demo_python_topic build --build-base /home/wang/桌面/item/chapter3/topic_ws/build/demo_python_topic/build install --record /home/wang/桌面/item/chapter3/topic_ws/build/demo_python_topic/install.log --single-version-externally-managed install_data
[3.608s] running egg_info
[3.613s] writing ../../build/demo_python_topic/demo_python_topic.egg-info/PKG-INFO
[3.616s] writing dependency_links to ../../build/demo_python_topic/demo_python_topic.egg-info/dependency_links.txt
[3.618s] writing entry points to ../../build/demo_python_topic/demo_python_topic.egg-info/entry_points.txt
[3.619s] writing requirements to ../../build/demo_python_topic/demo_python_topic.egg-info/requires.txt
[3.623s] writing top-level names to ../../build/demo_python_topic/demo_python_topic.egg-info/top_level.txt
[3.629s] reading manifest file '../../build/demo_python_topic/demo_python_topic.egg-info/SOURCES.txt'
[3.632s] adding license file 'LICENSE'
[3.633s] writing manifest file '../../build/demo_python_topic/demo_python_topic.egg-info/SOURCES.txt'
[3.635s] running build
[3.636s] running build_py
[3.638s] copying demo_python_topic/novel_sub_node.py -> /home/wang/桌面/item/chapter3/topic_ws/build/demo_python_topic/build/lib/demo_python_topic
[3.638s] copying demo_python_topic/novel_pub_node.py -> /home/wang/桌面/item/chapter3/topic_ws/build/demo_python_topic/build/lib/demo_python_topic
[3.642s] running install
[3.643s] running install_lib
[3.643s] copying /home/wang/桌面/item/chapter3/topic_ws/build/demo_python_topic/build/lib/demo_python_topic/novel_sub_node.py -> /home/wang/桌面/item/chapter3/topic_ws/install/demo_python_topic/lib/python3.10/site-packages/demo_python_topic
[3.643s] copying /home/wang/桌面/item/chapter3/topic_ws/build/demo_python_topic/build/lib/demo_python_topic/novel_pub_node.py -> /home/wang/桌面/item/chapter3/topic_ws/install/demo_python_topic/lib/python3.10/site-packages/demo_python_topic
[3.644s] byte-compiling /home/wang/桌面/item/chapter3/topic_ws/install/demo_python_topic/lib/python3.10/site-packages/demo_python_topic/novel_sub_node.py to novel_sub_node.cpython-310.pyc
[3.645s] byte-compiling /home/wang/桌面/item/chapter3/topic_ws/install/demo_python_topic/lib/python3.10/site-packages/demo_python_topic/novel_pub_node.py to novel_pub_node.cpython-310.pyc
[3.645s] running install_data
[3.645s] running install_egg_info
[3.652s] removing '/home/wang/桌面/item/chapter3/topic_ws/install/demo_python_topic/lib/python3.10/site-packages/demo_python_topic-0.0.0-py3.10.egg-info' (and everything under it)
[3.653s] Copying ../../build/demo_python_topic/demo_python_topic.egg-info to /home/wang/桌面/item/chapter3/topic_ws/install/demo_python_topic/lib/python3.10/site-packages/demo_python_topic-0.0.0-py3.10.egg-info
[3.656s] running install_scripts
[3.717s] Installing novel_pub_node script to /home/wang/桌面/item/chapter3/topic_ws/install/demo_python_topic/lib/demo_python_topic
[3.718s] writing list of installed files to '/home/wang/桌面/item/chapter3/topic_ws/build/demo_python_topic/install.log'
[3.802s] Invoked command in '/home/wang/桌面/item/chapter3/topic_ws/src/demo_python_topic' returned '0': PYTHONPATH=/home/wang/桌面/item/chapter3/topic_ws/build/demo_python_topic/prefix_override:/usr/lib/python3/dist-packages/colcon_core/task/python/colcon_distutils_commands:/home/wang/桌面/item/chapter3/topic_ws/install/demo_python_topic/lib/python3.10/site-packages:${PYTHONPATH} /usr/bin/python3 -W ignore:setup.py install is deprecated setup.py egg_info --egg-base ../../build/demo_python_topic build --build-base /home/wang/桌面/item/chapter3/topic_ws/build/demo_python_topic/build install --record /home/wang/桌面/item/chapter3/topic_ws/build/demo_python_topic/install.log --single-version-externally-managed install_data
