[2.767s] Invoking command in '/home/wang/desktop/item/chapter4/chapt4_ws/src/demo_python_service': AMENT_PREFIX_PATH=/home/wang/desktop/item/chapter4/chapt4_ws/install/chapt4_interfaces:${AMENT_PREFIX_PATH} CMAKE_PREFIX_PATH=/home/wang/desktop/item/chapter4/chapt4_ws/install/chapt4_interfaces:${CMAKE_PREFIX_PATH} LD_LIBRARY_PATH=/home/wang/desktop/item/chapter4/chapt4_ws/install/chapt4_interfaces/lib:${LD_LIBRARY_PATH} PYTHONPATH=/home/wang/desktop/item/chapter4/chapt4_ws/build/demo_python_service/prefix_override:/usr/lib/python3/dist-packages/colcon_core/task/python/colcon_distutils_commands:/home/wang/desktop/item/chapter4/chapt4_ws/install/demo_python_service/lib/python3.10/site-packages:/home/wang/desktop/item/chapter4/chapt4_ws/install/chapt4_interfaces/local/lib/python3.10/dist-packages:${PYTHONPATH} /usr/bin/python3 -W ignore:setup.py install is deprecated setup.py egg_info --egg-base ../../build/demo_python_service build --build-base /home/wang/desktop/item/chapter4/chapt4_ws/build/demo_python_service/build install --record /home/wang/desktop/item/chapter4/chapt4_ws/build/demo_python_service/install.log --single-version-externally-managed install_data
[3.576s] running egg_info
[3.576s] writing ../../build/demo_python_service/demo_python_service.egg-info/PKG-INFO
[3.579s] writing dependency_links to ../../build/demo_python_service/demo_python_service.egg-info/dependency_links.txt
[3.579s] writing entry points to ../../build/demo_python_service/demo_python_service.egg-info/entry_points.txt
[3.583s] writing requirements to ../../build/demo_python_service/demo_python_service.egg-info/requires.txt
[3.583s] writing top-level names to ../../build/demo_python_service/demo_python_service.egg-info/top_level.txt
[3.597s] reading manifest file '../../build/demo_python_service/demo_python_service.egg-info/SOURCES.txt'
[3.598s] adding license file 'LICENSE'
[3.598s] writing manifest file '../../build/demo_python_service/demo_python_service.egg-info/SOURCES.txt'
[3.598s] running build
[3.599s] running build_py
[3.604s] running install
[3.604s] running install_lib
[3.607s] running install_data
[3.615s] running install_egg_info
[3.627s] removing '/home/wang/desktop/item/chapter4/chapt4_ws/install/demo_python_service/lib/python3.10/site-packages/demo_python_service-0.0.0-py3.10.egg-info' (and everything under it)
[3.627s] Copying ../../build/demo_python_service/demo_python_service.egg-info to /home/wang/desktop/item/chapter4/chapt4_ws/install/demo_python_service/lib/python3.10/site-packages/demo_python_service-0.0.0-py3.10.egg-info
[3.628s] running install_scripts
[3.688s] Installing face_detect_client_node script to /home/wang/desktop/item/chapter4/chapt4_ws/install/demo_python_service/lib/demo_python_service
[3.689s] Installing face_detect_node script to /home/wang/desktop/item/chapter4/chapt4_ws/install/demo_python_service/lib/demo_python_service
[3.691s] Installing learn_face_detect script to /home/wang/desktop/item/chapter4/chapt4_ws/install/demo_python_service/lib/demo_python_service
[3.691s] writing list of installed files to '/home/wang/desktop/item/chapter4/chapt4_ws/build/demo_python_service/install.log'
[3.760s] Invoked command in '/home/wang/desktop/item/chapter4/chapt4_ws/src/demo_python_service' returned '0': AMENT_PREFIX_PATH=/home/wang/desktop/item/chapter4/chapt4_ws/install/chapt4_interfaces:${AMENT_PREFIX_PATH} CMAKE_PREFIX_PATH=/home/wang/desktop/item/chapter4/chapt4_ws/install/chapt4_interfaces:${CMAKE_PREFIX_PATH} LD_LIBRARY_PATH=/home/wang/desktop/item/chapter4/chapt4_ws/install/chapt4_interfaces/lib:${LD_LIBRARY_PATH} PYTHONPATH=/home/wang/desktop/item/chapter4/chapt4_ws/build/demo_python_service/prefix_override:/usr/lib/python3/dist-packages/colcon_core/task/python/colcon_distutils_commands:/home/wang/desktop/item/chapter4/chapt4_ws/install/demo_python_service/lib/python3.10/site-packages:/home/wang/desktop/item/chapter4/chapt4_ws/install/chapt4_interfaces/local/lib/python3.10/dist-packages:${PYTHONPATH} /usr/bin/python3 -W ignore:setup.py install is deprecated setup.py egg_info --egg-base ../../build/demo_python_service build --build-base /home/wang/desktop/item/chapter4/chapt4_ws/build/demo_python_service/build install --record /home/wang/desktop/item/chapter4/chapt4_ws/build/demo_python_service/install.log --single-version-externally-managed install_data
