[0.576s] DEBUG:colcon:Command line arguments: ['/usr/bin/colcon', 'build']
[0.576s] DEBUG:colcon:Parsed command line arguments: Namespace(log_base=None, log_level=None, verb_name='build', build_base='build', install_base='install', merge_install=False, symlink_install=False, test_result_base=None, continue_on_error=False, executor='parallel', parallel_workers=4, event_handlers=None, ignore_user_meta=False, metas=['./colcon.meta'], base_paths=['.'], packages_ignore=None, packages_ignore_regex=None, paths=None, packages_up_to=None, packages_up_to_regex=None, packages_above=None, packages_above_and_dependencies=None, packages_above_depth=None, packages_select_by_dep=None, packages_skip_by_dep=None, packages_skip_up_to=None, packages_select_build_failed=False, packages_skip_build_finished=False, packages_select_test_failures=False, packages_skip_test_passed=False, packages_select=None, packages_skip=None, packages_select_regex=None, packages_skip_regex=None, packages_start=None, packages_end=None, allow_overriding=[], cmake_args=None, cmake_target=None, cmake_target_skip_unavailable=False, cmake_clean_cache=False, cmake_clean_first=False, cmake_force_configure=False, ament_cmake_args=None, catkin_cmake_args=None, catkin_skip_building_tests=False, verb_parser=<colcon_defaults.argument_parser.defaults.DefaultArgumentsDecorator object at 0x74974fb25d20>, verb_extension=<colcon_core.verb.build.BuildVerb object at 0x74974fb257e0>, main=<bound method BuildVerb.main of <colcon_core.verb.build.BuildVerb object at 0x74974fb257e0>>)
[1.130s] Level 1:colcon.colcon_core.package_discovery:discover_packages(colcon_meta) check parameters
[1.131s] Level 1:colcon.colcon_core.package_discovery:discover_packages(recursive) check parameters
[1.131s] Level 1:colcon.colcon_core.package_discovery:discover_packages(ignore) check parameters
[1.131s] Level 1:colcon.colcon_core.package_discovery:discover_packages(path) check parameters
[1.131s] Level 1:colcon.colcon_core.package_discovery:discover_packages(colcon_meta) discover
[1.132s] Level 1:colcon.colcon_core.package_discovery:discover_packages(recursive) discover
[1.132s] INFO:colcon.colcon_core.package_discovery:Crawling recursively for packages in '/home/wang/desktop/item/chapter4/chapt4_ws'
[1.132s] Level 1:colcon.colcon_core.package_identification:_identify(.) by extensions ['ignore', 'ignore_ament_install']
[1.132s] Level 1:colcon.colcon_core.package_identification:_identify(.) by extension 'ignore'
[1.133s] Level 1:colcon.colcon_core.package_identification:_identify(.) by extension 'ignore_ament_install'
[1.133s] Level 1:colcon.colcon_core.package_identification:_identify(.) by extensions ['colcon_pkg']
[1.133s] Level 1:colcon.colcon_core.package_identification:_identify(.) by extension 'colcon_pkg'
[1.133s] Level 1:colcon.colcon_core.package_identification:_identify(.) by extensions ['colcon_meta']
[1.133s] Level 1:colcon.colcon_core.package_identification:_identify(.) by extension 'colcon_meta'
[1.133s] Level 1:colcon.colcon_core.package_identification:_identify(.) by extensions ['ros']
[1.133s] Level 1:colcon.colcon_core.package_identification:_identify(.) by extension 'ros'
[1.204s] Level 1:colcon.colcon_core.package_identification:_identify(.) by extensions ['cmake', 'python']
[1.204s] Level 1:colcon.colcon_core.package_identification:_identify(.) by extension 'cmake'
[1.204s] Level 1:colcon.colcon_core.package_identification:_identify(.) by extension 'python'
[1.204s] Level 1:colcon.colcon_core.package_identification:_identify(.) by extensions ['python_setup_py']
[1.204s] Level 1:colcon.colcon_core.package_identification:_identify(.) by extension 'python_setup_py'
[1.205s] Level 1:colcon.colcon_core.package_identification:_identify(build) by extensions ['ignore', 'ignore_ament_install']
[1.206s] Level 1:colcon.colcon_core.package_identification:_identify(build) by extension 'ignore'
[1.206s] Level 1:colcon.colcon_core.package_identification:_identify(build) ignored
[1.206s] Level 1:colcon.colcon_core.package_identification:_identify(install) by extensions ['ignore', 'ignore_ament_install']
[1.207s] Level 1:colcon.colcon_core.package_identification:_identify(install) by extension 'ignore'
[1.207s] Level 1:colcon.colcon_core.package_identification:_identify(install) ignored
[1.207s] Level 1:colcon.colcon_core.package_identification:_identify(log) by extensions ['ignore', 'ignore_ament_install']
[1.207s] Level 1:colcon.colcon_core.package_identification:_identify(log) by extension 'ignore'
[1.208s] Level 1:colcon.colcon_core.package_identification:_identify(log) ignored
[1.208s] Level 1:colcon.colcon_core.package_identification:_identify(src) by extensions ['ignore', 'ignore_ament_install']
[1.209s] Level 1:colcon.colcon_core.package_identification:_identify(src) by extension 'ignore'
[1.209s] Level 1:colcon.colcon_core.package_identification:_identify(src) by extension 'ignore_ament_install'
[1.210s] Level 1:colcon.colcon_core.package_identification:_identify(src) by extensions ['colcon_pkg']
[1.210s] Level 1:colcon.colcon_core.package_identification:_identify(src) by extension 'colcon_pkg'
[1.210s] Level 1:colcon.colcon_core.package_identification:_identify(src) by extensions ['colcon_meta']
[1.210s] Level 1:colcon.colcon_core.package_identification:_identify(src) by extension 'colcon_meta'
[1.210s] Level 1:colcon.colcon_core.package_identification:_identify(src) by extensions ['ros']
[1.211s] Level 1:colcon.colcon_core.package_identification:_identify(src) by extension 'ros'
[1.211s] Level 1:colcon.colcon_core.package_identification:_identify(src) by extensions ['cmake', 'python']
[1.211s] Level 1:colcon.colcon_core.package_identification:_identify(src) by extension 'cmake'
[1.211s] Level 1:colcon.colcon_core.package_identification:_identify(src) by extension 'python'
[1.212s] Level 1:colcon.colcon_core.package_identification:_identify(src) by extensions ['python_setup_py']
[1.212s] Level 1:colcon.colcon_core.package_identification:_identify(src) by extension 'python_setup_py'
[1.212s] Level 1:colcon.colcon_core.package_identification:_identify(src/chapt4_interfaces) by extensions ['ignore', 'ignore_ament_install']
[1.213s] Level 1:colcon.colcon_core.package_identification:_identify(src/chapt4_interfaces) by extension 'ignore'
[1.214s] Level 1:colcon.colcon_core.package_identification:_identify(src/chapt4_interfaces) by extension 'ignore_ament_install'
[1.215s] Level 1:colcon.colcon_core.package_identification:_identify(src/chapt4_interfaces) by extensions ['colcon_pkg']
[1.215s] Level 1:colcon.colcon_core.package_identification:_identify(src/chapt4_interfaces) by extension 'colcon_pkg'
[1.215s] Level 1:colcon.colcon_core.package_identification:_identify(src/chapt4_interfaces) by extensions ['colcon_meta']
[1.215s] Level 1:colcon.colcon_core.package_identification:_identify(src/chapt4_interfaces) by extension 'colcon_meta'
[1.215s] Level 1:colcon.colcon_core.package_identification:_identify(src/chapt4_interfaces) by extensions ['ros']
[1.215s] Level 1:colcon.colcon_core.package_identification:_identify(src/chapt4_interfaces) by extension 'ros'
[1.227s] DEBUG:colcon.colcon_core.package_identification:Package 'src/chapt4_interfaces' with type 'ros.ament_cmake' and name 'chapt4_interfaces'
[1.227s] Level 1:colcon.colcon_core.package_identification:_identify(src/demo_python_service) by extensions ['ignore', 'ignore_ament_install']
[1.228s] Level 1:colcon.colcon_core.package_identification:_identify(src/demo_python_service) by extension 'ignore'
[1.228s] Level 1:colcon.colcon_core.package_identification:_identify(src/demo_python_service) by extension 'ignore_ament_install'
[1.228s] Level 1:colcon.colcon_core.package_identification:_identify(src/demo_python_service) by extensions ['colcon_pkg']
[1.228s] Level 1:colcon.colcon_core.package_identification:_identify(src/demo_python_service) by extension 'colcon_pkg'
[1.228s] Level 1:colcon.colcon_core.package_identification:_identify(src/demo_python_service) by extensions ['colcon_meta']
[1.229s] Level 1:colcon.colcon_core.package_identification:_identify(src/demo_python_service) by extension 'colcon_meta'
[1.229s] Level 1:colcon.colcon_core.package_identification:_identify(src/demo_python_service) by extensions ['ros']
[1.229s] Level 1:colcon.colcon_core.package_identification:_identify(src/demo_python_service) by extension 'ros'
[1.231s] DEBUG:colcon.colcon_core.package_identification:Package 'src/demo_python_service' with type 'ros.ament_python' and name 'demo_python_service'
[1.232s] Level 1:colcon.colcon_core.package_discovery:discover_packages(recursive) using defaults
[1.232s] Level 1:colcon.colcon_core.package_discovery:discover_packages(ignore) discover
[1.232s] Level 1:colcon.colcon_core.package_discovery:discover_packages(ignore) using defaults
[1.233s] Level 1:colcon.colcon_core.package_discovery:discover_packages(path) discover
[1.233s] Level 1:colcon.colcon_core.package_discovery:discover_packages(path) using defaults
[1.359s] Level 1:colcon.colcon_core.package_discovery:discover_packages(prefix_path) check parameters
[1.360s] Level 1:colcon.colcon_core.package_discovery:discover_packages(prefix_path) discover
[1.375s] DEBUG:colcon.colcon_installed_package_information.package_discovery:Found 1 installed packages in /home/wang/desktop/item/chapter4/chapt4_ws/install
[1.390s] DEBUG:colcon.colcon_installed_package_information.package_discovery:Found 17 installed packages in /home/wang/tb3_ws/install
[1.395s] DEBUG:colcon.colcon_installed_package_information.package_discovery:Found 407 installed packages in /opt/ros/humble
[1.402s] Level 1:colcon.colcon_core.package_discovery:discover_packages(prefix_path) using defaults
[1.673s] Level 5:colcon.colcon_core.verb:set package 'chapt4_interfaces' build argument 'cmake_args' from command line to 'None'
[1.674s] Level 5:colcon.colcon_core.verb:set package 'chapt4_interfaces' build argument 'cmake_target' from command line to 'None'
[1.674s] Level 5:colcon.colcon_core.verb:set package 'chapt4_interfaces' build argument 'cmake_target_skip_unavailable' from command line to 'False'
[1.674s] Level 5:colcon.colcon_core.verb:set package 'chapt4_interfaces' build argument 'cmake_clean_cache' from command line to 'False'
[1.674s] Level 5:colcon.colcon_core.verb:set package 'chapt4_interfaces' build argument 'cmake_clean_first' from command line to 'False'
[1.674s] Level 5:colcon.colcon_core.verb:set package 'chapt4_interfaces' build argument 'cmake_force_configure' from command line to 'False'
[1.674s] Level 5:colcon.colcon_core.verb:set package 'chapt4_interfaces' build argument 'ament_cmake_args' from command line to 'None'
[1.674s] Level 5:colcon.colcon_core.verb:set package 'chapt4_interfaces' build argument 'catkin_cmake_args' from command line to 'None'
[1.674s] Level 5:colcon.colcon_core.verb:set package 'chapt4_interfaces' build argument 'catkin_skip_building_tests' from command line to 'False'
[1.674s] DEBUG:colcon.colcon_core.verb:Building package 'chapt4_interfaces' with the following arguments: {'ament_cmake_args': None, 'build_base': '/home/wang/desktop/item/chapter4/chapt4_ws/build/chapt4_interfaces', 'catkin_cmake_args': None, 'catkin_skip_building_tests': False, 'cmake_args': None, 'cmake_clean_cache': False, 'cmake_clean_first': False, 'cmake_force_configure': False, 'cmake_target': None, 'cmake_target_skip_unavailable': False, 'install_base': '/home/wang/desktop/item/chapter4/chapt4_ws/install/chapt4_interfaces', 'merge_install': False, 'path': '/home/wang/desktop/item/chapter4/chapt4_ws/src/chapt4_interfaces', 'symlink_install': False, 'test_result_base': None}
[1.675s] Level 5:colcon.colcon_core.verb:set package 'demo_python_service' build argument 'cmake_args' from command line to 'None'
[1.675s] Level 5:colcon.colcon_core.verb:set package 'demo_python_service' build argument 'cmake_target' from command line to 'None'
[1.675s] Level 5:colcon.colcon_core.verb:set package 'demo_python_service' build argument 'cmake_target_skip_unavailable' from command line to 'False'
[1.675s] Level 5:colcon.colcon_core.verb:set package 'demo_python_service' build argument 'cmake_clean_cache' from command line to 'False'
[1.675s] Level 5:colcon.colcon_core.verb:set package 'demo_python_service' build argument 'cmake_clean_first' from command line to 'False'
[1.676s] Level 5:colcon.colcon_core.verb:set package 'demo_python_service' build argument 'cmake_force_configure' from command line to 'False'
[1.676s] Level 5:colcon.colcon_core.verb:set package 'demo_python_service' build argument 'ament_cmake_args' from command line to 'None'
[1.676s] Level 5:colcon.colcon_core.verb:set package 'demo_python_service' build argument 'catkin_cmake_args' from command line to 'None'
[1.677s] Level 5:colcon.colcon_core.verb:set package 'demo_python_service' build argument 'catkin_skip_building_tests' from command line to 'False'
[1.677s] DEBUG:colcon.colcon_core.verb:Building package 'demo_python_service' with the following arguments: {'ament_cmake_args': None, 'build_base': '/home/wang/desktop/item/chapter4/chapt4_ws/build/demo_python_service', 'catkin_cmake_args': None, 'catkin_skip_building_tests': False, 'cmake_args': None, 'cmake_clean_cache': False, 'cmake_clean_first': False, 'cmake_force_configure': False, 'cmake_target': None, 'cmake_target_skip_unavailable': False, 'install_base': '/home/wang/desktop/item/chapter4/chapt4_ws/install/demo_python_service', 'merge_install': False, 'path': '/home/wang/desktop/item/chapter4/chapt4_ws/src/demo_python_service', 'symlink_install': False, 'test_result_base': None}
[1.678s] INFO:colcon.colcon_core.executor:Executing jobs using 'parallel' executor
[1.682s] DEBUG:colcon.colcon_parallel_executor.executor.parallel:run_until_complete
[1.685s] INFO:colcon.colcon_ros.task.ament_cmake.build:Building ROS package in '/home/wang/desktop/item/chapter4/chapt4_ws/src/chapt4_interfaces' with build type 'ament_cmake'
[1.691s] INFO:colcon.colcon_cmake.task.cmake.build:Building CMake package in '/home/wang/desktop/item/chapter4/chapt4_ws/src/chapt4_interfaces'
[1.731s] INFO:colcon.colcon_core.plugin_system:Skipping extension 'colcon_core.shell.bat': Not used on non-Windows systems
[1.731s] INFO:colcon.colcon_core.shell:Skip shell extension 'powershell' for command environment: Not usable outside of PowerShell
[1.731s] DEBUG:colcon.colcon_core.shell:Skip shell extension 'dsv' for command environment
[1.786s] DEBUG:colcon.colcon_core.event_handler.log_command:Invoking command in '/home/wang/desktop/item/chapter4/chapt4_ws/build/chapt4_interfaces': CMAKE_PREFIX_PATH=${CMAKE_PREFIX_PATH}:/home/wang/tb3_ws/install/turtlebot3_teleop:/home/wang/tb3_ws/install/turtlebot3_example:/opt/ros/humble /usr/bin/cmake --build /home/wang/desktop/item/chapter4/chapt4_ws/build/chapt4_interfaces -- -j4 -l4
[3.384s] DEBUG:colcon.colcon_core.event_handler.log_command:Invoked command in '/home/wang/desktop/item/chapter4/chapt4_ws/build/chapt4_interfaces' returned '0': CMAKE_PREFIX_PATH=${CMAKE_PREFIX_PATH}:/home/wang/tb3_ws/install/turtlebot3_teleop:/home/wang/tb3_ws/install/turtlebot3_example:/opt/ros/humble /usr/bin/cmake --build /home/wang/desktop/item/chapter4/chapt4_ws/build/chapt4_interfaces -- -j4 -l4
[3.705s] DEBUG:colcon.colcon_core.event_handler.log_command:Invoking command in '/home/wang/desktop/item/chapter4/chapt4_ws/build/chapt4_interfaces': CMAKE_PREFIX_PATH=${CMAKE_PREFIX_PATH}:/home/wang/tb3_ws/install/turtlebot3_teleop:/home/wang/tb3_ws/install/turtlebot3_example:/opt/ros/humble /usr/bin/cmake --install /home/wang/desktop/item/chapter4/chapt4_ws/build/chapt4_interfaces
[3.941s] Level 1:colcon.colcon_core.environment:create_environment_scripts_only(chapt4_interfaces)
[3.948s] DEBUG:colcon.colcon_core.event_handler.log_command:Invoked command in '/home/wang/desktop/item/chapter4/chapt4_ws/build/chapt4_interfaces' returned '0': CMAKE_PREFIX_PATH=${CMAKE_PREFIX_PATH}:/home/wang/tb3_ws/install/turtlebot3_teleop:/home/wang/tb3_ws/install/turtlebot3_example:/opt/ros/humble /usr/bin/cmake --install /home/wang/desktop/item/chapter4/chapt4_ws/build/chapt4_interfaces
[3.958s] Level 1:colcon.colcon_core.environment:checking '/home/wang/desktop/item/chapter4/chapt4_ws/install/chapt4_interfaces' for CMake module files
[3.960s] Level 1:colcon.colcon_core.environment:checking '/home/wang/desktop/item/chapter4/chapt4_ws/install/chapt4_interfaces' for CMake config files
[3.961s] Level 1:colcon.colcon_core.shell:create_environment_hook('chapt4_interfaces', 'cmake_prefix_path')
[3.962s] INFO:colcon.colcon_core.shell:Creating environment hook '/home/wang/desktop/item/chapter4/chapt4_ws/install/chapt4_interfaces/share/chapt4_interfaces/hook/cmake_prefix_path.ps1'
[3.964s] INFO:colcon.colcon_core.shell:Creating environment descriptor '/home/wang/desktop/item/chapter4/chapt4_ws/install/chapt4_interfaces/share/chapt4_interfaces/hook/cmake_prefix_path.dsv'
[3.966s] INFO:colcon.colcon_core.shell:Creating environment hook '/home/wang/desktop/item/chapter4/chapt4_ws/install/chapt4_interfaces/share/chapt4_interfaces/hook/cmake_prefix_path.sh'
[3.968s] Level 1:colcon.colcon_core.environment:checking '/home/wang/desktop/item/chapter4/chapt4_ws/install/chapt4_interfaces/lib'
[3.969s] Level 1:colcon.colcon_core.shell:create_environment_hook('chapt4_interfaces', 'ld_library_path_lib')
[3.970s] INFO:colcon.colcon_core.shell:Creating environment hook '/home/wang/desktop/item/chapter4/chapt4_ws/install/chapt4_interfaces/share/chapt4_interfaces/hook/ld_library_path_lib.ps1'
[3.971s] INFO:colcon.colcon_core.shell:Creating environment descriptor '/home/wang/desktop/item/chapter4/chapt4_ws/install/chapt4_interfaces/share/chapt4_interfaces/hook/ld_library_path_lib.dsv'
[3.973s] INFO:colcon.colcon_core.shell:Creating environment hook '/home/wang/desktop/item/chapter4/chapt4_ws/install/chapt4_interfaces/share/chapt4_interfaces/hook/ld_library_path_lib.sh'
[3.974s] Level 1:colcon.colcon_core.environment:checking '/home/wang/desktop/item/chapter4/chapt4_ws/install/chapt4_interfaces/bin'
[3.974s] Level 1:colcon.colcon_core.environment:checking '/home/wang/desktop/item/chapter4/chapt4_ws/install/chapt4_interfaces/lib/pkgconfig/chapt4_interfaces.pc'
[3.975s] Level 1:colcon.colcon_core.environment:checking '/home/wang/desktop/item/chapter4/chapt4_ws/install/chapt4_interfaces/lib/python3.10/site-packages'
[3.976s] Level 1:colcon.colcon_core.environment:checking '/home/wang/desktop/item/chapter4/chapt4_ws/install/chapt4_interfaces/bin'
[3.977s] INFO:colcon.colcon_core.shell:Creating package script '/home/wang/desktop/item/chapter4/chapt4_ws/install/chapt4_interfaces/share/chapt4_interfaces/package.ps1'
[3.980s] INFO:colcon.colcon_core.shell:Creating package descriptor '/home/wang/desktop/item/chapter4/chapt4_ws/install/chapt4_interfaces/share/chapt4_interfaces/package.dsv'
[3.983s] INFO:colcon.colcon_core.shell:Creating package script '/home/wang/desktop/item/chapter4/chapt4_ws/install/chapt4_interfaces/share/chapt4_interfaces/package.sh'
[3.986s] INFO:colcon.colcon_core.shell:Creating package script '/home/wang/desktop/item/chapter4/chapt4_ws/install/chapt4_interfaces/share/chapt4_interfaces/package.bash'
[3.988s] INFO:colcon.colcon_core.shell:Creating package script '/home/wang/desktop/item/chapter4/chapt4_ws/install/chapt4_interfaces/share/chapt4_interfaces/package.zsh'
[3.991s] Level 1:colcon.colcon_core.environment:create_file_with_runtime_dependencies(/home/wang/desktop/item/chapter4/chapt4_ws/install/chapt4_interfaces/share/colcon-core/packages/chapt4_interfaces)
[4.231s] Level 1:colcon.colcon_core.environment:create_environment_scripts_only(chapt4_interfaces)
[4.232s] Level 1:colcon.colcon_core.environment:checking '/home/wang/desktop/item/chapter4/chapt4_ws/install/chapt4_interfaces' for CMake module files
[4.234s] Level 1:colcon.colcon_core.environment:checking '/home/wang/desktop/item/chapter4/chapt4_ws/install/chapt4_interfaces' for CMake config files
[4.235s] Level 1:colcon.colcon_core.shell:create_environment_hook('chapt4_interfaces', 'cmake_prefix_path')
[4.236s] INFO:colcon.colcon_core.shell:Creating environment hook '/home/wang/desktop/item/chapter4/chapt4_ws/install/chapt4_interfaces/share/chapt4_interfaces/hook/cmake_prefix_path.ps1'
[4.238s] INFO:colcon.colcon_core.shell:Creating environment descriptor '/home/wang/desktop/item/chapter4/chapt4_ws/install/chapt4_interfaces/share/chapt4_interfaces/hook/cmake_prefix_path.dsv'
[4.239s] INFO:colcon.colcon_core.shell:Creating environment hook '/home/wang/desktop/item/chapter4/chapt4_ws/install/chapt4_interfaces/share/chapt4_interfaces/hook/cmake_prefix_path.sh'
[4.242s] Level 1:colcon.colcon_core.environment:checking '/home/wang/desktop/item/chapter4/chapt4_ws/install/chapt4_interfaces/lib'
[4.242s] Level 1:colcon.colcon_core.shell:create_environment_hook('chapt4_interfaces', 'ld_library_path_lib')
[4.243s] INFO:colcon.colcon_core.shell:Creating environment hook '/home/wang/desktop/item/chapter4/chapt4_ws/install/chapt4_interfaces/share/chapt4_interfaces/hook/ld_library_path_lib.ps1'
[4.245s] INFO:colcon.colcon_core.shell:Creating environment descriptor '/home/wang/desktop/item/chapter4/chapt4_ws/install/chapt4_interfaces/share/chapt4_interfaces/hook/ld_library_path_lib.dsv'
[4.247s] INFO:colcon.colcon_core.shell:Creating environment hook '/home/wang/desktop/item/chapter4/chapt4_ws/install/chapt4_interfaces/share/chapt4_interfaces/hook/ld_library_path_lib.sh'
[4.248s] Level 1:colcon.colcon_core.environment:checking '/home/wang/desktop/item/chapter4/chapt4_ws/install/chapt4_interfaces/bin'
[4.249s] Level 1:colcon.colcon_core.environment:checking '/home/wang/desktop/item/chapter4/chapt4_ws/install/chapt4_interfaces/lib/pkgconfig/chapt4_interfaces.pc'
[4.249s] Level 1:colcon.colcon_core.environment:checking '/home/wang/desktop/item/chapter4/chapt4_ws/install/chapt4_interfaces/lib/python3.10/site-packages'
[4.250s] Level 1:colcon.colcon_core.environment:checking '/home/wang/desktop/item/chapter4/chapt4_ws/install/chapt4_interfaces/bin'
[4.251s] INFO:colcon.colcon_core.shell:Creating package script '/home/wang/desktop/item/chapter4/chapt4_ws/install/chapt4_interfaces/share/chapt4_interfaces/package.ps1'
[4.254s] INFO:colcon.colcon_core.shell:Creating package descriptor '/home/wang/desktop/item/chapter4/chapt4_ws/install/chapt4_interfaces/share/chapt4_interfaces/package.dsv'
[4.256s] INFO:colcon.colcon_core.shell:Creating package script '/home/wang/desktop/item/chapter4/chapt4_ws/install/chapt4_interfaces/share/chapt4_interfaces/package.sh'
[4.258s] INFO:colcon.colcon_core.shell:Creating package script '/home/wang/desktop/item/chapter4/chapt4_ws/install/chapt4_interfaces/share/chapt4_interfaces/package.bash'
[4.261s] INFO:colcon.colcon_core.shell:Creating package script '/home/wang/desktop/item/chapter4/chapt4_ws/install/chapt4_interfaces/share/chapt4_interfaces/package.zsh'
[4.263s] Level 1:colcon.colcon_core.environment:create_file_with_runtime_dependencies(/home/wang/desktop/item/chapter4/chapt4_ws/install/chapt4_interfaces/share/colcon-core/packages/chapt4_interfaces)
[4.267s] INFO:colcon.colcon_ros.task.ament_python.build:Building ROS package in '/home/wang/desktop/item/chapter4/chapt4_ws/src/demo_python_service' with build type 'ament_python'
[4.267s] Level 1:colcon.colcon_core.shell:create_environment_hook('demo_python_service', 'ament_prefix_path')
[4.268s] INFO:colcon.colcon_core.shell:Creating environment hook '/home/wang/desktop/item/chapter4/chapt4_ws/install/demo_python_service/share/demo_python_service/hook/ament_prefix_path.ps1'
[4.270s] INFO:colcon.colcon_core.shell:Creating environment descriptor '/home/wang/desktop/item/chapter4/chapt4_ws/install/demo_python_service/share/demo_python_service/hook/ament_prefix_path.dsv'
[4.271s] INFO:colcon.colcon_core.shell:Creating environment hook '/home/wang/desktop/item/chapter4/chapt4_ws/install/demo_python_service/share/demo_python_service/hook/ament_prefix_path.sh'
[4.273s] INFO:colcon.colcon_core.shell:Skip shell extension 'powershell' for command environment: Not usable outside of PowerShell
[4.273s] DEBUG:colcon.colcon_core.shell:Skip shell extension 'dsv' for command environment
[5.313s] INFO:colcon.colcon_core.task.python.build:Building Python package in '/home/wang/desktop/item/chapter4/chapt4_ws/src/demo_python_service'
[5.314s] INFO:colcon.colcon_core.shell:Skip shell extension 'powershell' for command environment: Not usable outside of PowerShell
[5.314s] DEBUG:colcon.colcon_core.shell:Skip shell extension 'dsv' for command environment
[7.332s] DEBUG:colcon.colcon_core.event_handler.log_command:Invoking command in '/home/wang/desktop/item/chapter4/chapt4_ws/src/demo_python_service': PYTHONPATH=/home/wang/desktop/item/chapter4/chapt4_ws/build/demo_python_service/prefix_override:/usr/lib/python3/dist-packages/colcon_core/task/python/colcon_distutils_commands:/home/wang/desktop/item/chapter4/chapt4_ws/install/demo_python_service/lib/python3.10/site-packages:${PYTHONPATH} /usr/bin/python3 -W ignore:setup.py install is deprecated setup.py egg_info --egg-base ../../build/demo_python_service build --build-base /home/wang/desktop/item/chapter4/chapt4_ws/build/demo_python_service/build install --record /home/wang/desktop/item/chapter4/chapt4_ws/build/demo_python_service/install.log --single-version-externally-managed install_data
[8.349s] Level 1:colcon.colcon_core.environment:checking '/home/wang/desktop/item/chapter4/chapt4_ws/install/demo_python_service' for CMake module files
[8.350s] Level 1:colcon.colcon_core.environment:checking '/home/wang/desktop/item/chapter4/chapt4_ws/install/demo_python_service' for CMake config files
[8.352s] DEBUG:colcon.colcon_core.event_handler.log_command:Invoked command in '/home/wang/desktop/item/chapter4/chapt4_ws/src/demo_python_service' returned '0': PYTHONPATH=/home/wang/desktop/item/chapter4/chapt4_ws/build/demo_python_service/prefix_override:/usr/lib/python3/dist-packages/colcon_core/task/python/colcon_distutils_commands:/home/wang/desktop/item/chapter4/chapt4_ws/install/demo_python_service/lib/python3.10/site-packages:${PYTHONPATH} /usr/bin/python3 -W ignore:setup.py install is deprecated setup.py egg_info --egg-base ../../build/demo_python_service build --build-base /home/wang/desktop/item/chapter4/chapt4_ws/build/demo_python_service/build install --record /home/wang/desktop/item/chapter4/chapt4_ws/build/demo_python_service/install.log --single-version-externally-managed install_data
[8.354s] Level 1:colcon.colcon_core.environment:checking '/home/wang/desktop/item/chapter4/chapt4_ws/install/demo_python_service/lib'
[8.355s] Level 1:colcon.colcon_core.environment:checking '/home/wang/desktop/item/chapter4/chapt4_ws/install/demo_python_service/bin'
[8.356s] Level 1:colcon.colcon_core.environment:checking '/home/wang/desktop/item/chapter4/chapt4_ws/install/demo_python_service/lib/pkgconfig/demo_python_service.pc'
[8.357s] Level 1:colcon.colcon_core.environment:checking '/home/wang/desktop/item/chapter4/chapt4_ws/install/demo_python_service/lib/python3.10/site-packages'
[8.357s] Level 1:colcon.colcon_core.shell:create_environment_hook('demo_python_service', 'pythonpath')
[8.357s] INFO:colcon.colcon_core.shell:Creating environment hook '/home/wang/desktop/item/chapter4/chapt4_ws/install/demo_python_service/share/demo_python_service/hook/pythonpath.ps1'
[8.359s] INFO:colcon.colcon_core.shell:Creating environment descriptor '/home/wang/desktop/item/chapter4/chapt4_ws/install/demo_python_service/share/demo_python_service/hook/pythonpath.dsv'
[8.360s] INFO:colcon.colcon_core.shell:Creating environment hook '/home/wang/desktop/item/chapter4/chapt4_ws/install/demo_python_service/share/demo_python_service/hook/pythonpath.sh'
[8.362s] Level 1:colcon.colcon_core.environment:checking '/home/wang/desktop/item/chapter4/chapt4_ws/install/demo_python_service/bin'
[8.363s] Level 1:colcon.colcon_core.environment:create_environment_scripts_only(demo_python_service)
[8.364s] INFO:colcon.colcon_core.shell:Creating package script '/home/wang/desktop/item/chapter4/chapt4_ws/install/demo_python_service/share/demo_python_service/package.ps1'
[8.366s] INFO:colcon.colcon_core.shell:Creating package descriptor '/home/wang/desktop/item/chapter4/chapt4_ws/install/demo_python_service/share/demo_python_service/package.dsv'
[8.368s] INFO:colcon.colcon_core.shell:Creating package script '/home/wang/desktop/item/chapter4/chapt4_ws/install/demo_python_service/share/demo_python_service/package.sh'
[8.369s] INFO:colcon.colcon_core.shell:Creating package script '/home/wang/desktop/item/chapter4/chapt4_ws/install/demo_python_service/share/demo_python_service/package.bash'
[8.374s] INFO:colcon.colcon_core.shell:Creating package script '/home/wang/desktop/item/chapter4/chapt4_ws/install/demo_python_service/share/demo_python_service/package.zsh'
[8.375s] Level 1:colcon.colcon_core.environment:create_file_with_runtime_dependencies(/home/wang/desktop/item/chapter4/chapt4_ws/install/demo_python_service/share/colcon-core/packages/demo_python_service)
[8.376s] DEBUG:colcon.colcon_parallel_executor.executor.parallel:closing loop
[8.377s] DEBUG:colcon.colcon_parallel_executor.executor.parallel:loop closed
[8.377s] DEBUG:colcon.colcon_parallel_executor.executor.parallel:run_until_complete finished with '0'
[8.377s] DEBUG:colcon.colcon_core.event_reactor:joining thread
[8.407s] INFO:colcon.colcon_core.plugin_system:Skipping extension 'colcon_notification.desktop_notification.terminal_notifier': Not used on non-Darwin systems
[8.407s] INFO:colcon.colcon_core.plugin_system:Skipping extension 'colcon_notification.desktop_notification.win32': Not used on non-Windows systems
[8.408s] INFO:colcon.colcon_notification.desktop_notification:Sending desktop notification using 'notify2'
[8.468s] DEBUG:colcon.colcon_core.event_reactor:joined thread
[8.469s] INFO:colcon.colcon_core.shell:Creating prefix script '/home/wang/desktop/item/chapter4/chapt4_ws/install/local_setup.ps1'
[8.476s] INFO:colcon.colcon_core.shell:Creating prefix util module '/home/wang/desktop/item/chapter4/chapt4_ws/install/_local_setup_util_ps1.py'
[8.483s] INFO:colcon.colcon_core.shell:Creating prefix chain script '/home/wang/desktop/item/chapter4/chapt4_ws/install/setup.ps1'
[8.492s] INFO:colcon.colcon_core.shell:Creating prefix script '/home/wang/desktop/item/chapter4/chapt4_ws/install/local_setup.sh'
[8.497s] INFO:colcon.colcon_core.shell:Creating prefix util module '/home/wang/desktop/item/chapter4/chapt4_ws/install/_local_setup_util_sh.py'
[8.502s] INFO:colcon.colcon_core.shell:Creating prefix chain script '/home/wang/desktop/item/chapter4/chapt4_ws/install/setup.sh'
[8.511s] INFO:colcon.colcon_core.shell:Creating prefix script '/home/wang/desktop/item/chapter4/chapt4_ws/install/local_setup.bash'
[8.514s] INFO:colcon.colcon_core.shell:Creating prefix chain script '/home/wang/desktop/item/chapter4/chapt4_ws/install/setup.bash'
[8.519s] INFO:colcon.colcon_core.shell:Creating prefix script '/home/wang/desktop/item/chapter4/chapt4_ws/install/local_setup.zsh'
[8.522s] INFO:colcon.colcon_core.shell:Creating prefix chain script '/home/wang/desktop/item/chapter4/chapt4_ws/install/setup.zsh'
