[2.166s] Invoking command in '/home/wang/桌面/item/chapter2/chapter2_ws/src/demo_python_pkg': PYTHONPATH=/home/wang/桌面/item/chapter2/chapter2_ws/build/demo_python_pkg/prefix_override:/usr/lib/python3/dist-packages/colcon_core/task/python/colcon_distutils_commands:/home/wang/桌面/item/chapter2/chapter2_ws/install/demo_python_pkg/lib/python3.10/site-packages:${PYTHONPATH} /usr/bin/python3 -W ignore:setup.py install is deprecated setup.py egg_info --egg-base ../../build/demo_python_pkg build --build-base /home/wang/桌面/item/chapter2/chapter2_ws/build/demo_python_pkg/build install --record /home/wang/桌面/item/chapter2/chapter2_ws/build/demo_python_pkg/install.log --single-version-externally-managed install_data
[2.911s] running egg_info
[2.911s] writing ../../build/demo_python_pkg/demo_python_pkg.egg-info/PKG-INFO
[2.913s] writing dependency_links to ../../build/demo_python_pkg/demo_python_pkg.egg-info/dependency_links.txt
[2.915s] writing entry points to ../../build/demo_python_pkg/demo_python_pkg.egg-info/entry_points.txt
[2.916s] writing requirements to ../../build/demo_python_pkg/demo_python_pkg.egg-info/requires.txt
[2.918s] writing top-level names to ../../build/demo_python_pkg/demo_python_pkg.egg-info/top_level.txt
[2.942s] reading manifest file '../../build/demo_python_pkg/demo_python_pkg.egg-info/SOURCES.txt'
[2.942s] adding license file 'LICENSE'
[2.943s] writing manifest file '../../build/demo_python_pkg/demo_python_pkg.egg-info/SOURCES.txt'
[2.943s] running build
[2.944s] running build_py
[2.945s] copying demo_python_pkg/person_node.py -> /home/wang/桌面/item/chapter2/chapter2_ws/build/demo_python_pkg/build/lib/demo_python_pkg
[2.945s] running install
[2.948s] running install_lib
[2.954s] copying /home/wang/桌面/item/chapter2/chapter2_ws/build/demo_python_pkg/build/lib/demo_python_pkg/person_node.py -> /home/wang/桌面/item/chapter2/chapter2_ws/install/demo_python_pkg/lib/python3.10/site-packages/demo_python_pkg
[2.957s] byte-compiling /home/wang/桌面/item/chapter2/chapter2_ws/install/demo_python_pkg/lib/python3.10/site-packages/demo_python_pkg/person_node.py to person_node.cpython-310.pyc
[2.959s] running install_data
[2.959s] running install_egg_info
[2.964s] removing '/home/wang/桌面/item/chapter2/chapter2_ws/install/demo_python_pkg/lib/python3.10/site-packages/demo_python_pkg-0.0.0-py3.10.egg-info' (and everything under it)
[2.969s] Copying ../../build/demo_python_pkg/demo_python_pkg.egg-info to /home/wang/桌面/item/chapter2/chapter2_ws/install/demo_python_pkg/lib/python3.10/site-packages/demo_python_pkg-0.0.0-py3.10.egg-info
[2.971s] running install_scripts
[3.043s] Installing person_node script to /home/wang/桌面/item/chapter2/chapter2_ws/install/demo_python_pkg/lib/demo_python_pkg
[3.044s] Installing python_node script to /home/wang/桌面/item/chapter2/chapter2_ws/install/demo_python_pkg/lib/demo_python_pkg
[3.045s] Installing write_node script to /home/wang/桌面/item/chapter2/chapter2_ws/install/demo_python_pkg/lib/demo_python_pkg
[3.047s] writing list of installed files to '/home/wang/桌面/item/chapter2/chapter2_ws/build/demo_python_pkg/install.log'
[3.111s] Invoked command in '/home/wang/桌面/item/chapter2/chapter2_ws/src/demo_python_pkg' returned '0': PYTHONPATH=/home/wang/桌面/item/chapter2/chapter2_ws/build/demo_python_pkg/prefix_override:/usr/lib/python3/dist-packages/colcon_core/task/python/colcon_distutils_commands:/home/wang/桌面/item/chapter2/chapter2_ws/install/demo_python_pkg/lib/python3.10/site-packages:${PYTHONPATH} /usr/bin/python3 -W ignore:setup.py install is deprecated setup.py egg_info --egg-base ../../build/demo_python_pkg build --build-base /home/wang/桌面/item/chapter2/chapter2_ws/build/demo_python_pkg/build install --record /home/wang/桌面/item/chapter2/chapter2_ws/build/demo_python_pkg/install.log --single-version-externally-managed install_data
