[0.064s] Invoking command in '/home/wang/desktop/item/chapter4/chapt4_ws/build/demo_cpp_service': CMAKE_PREFIX_PATH=/home/wang/desktop/item/chapter4/chapt4_ws/install/chapt4_interfaces:/home/wang/desktop/item/chapter4/chapt4_ws/install/demo_cpp_service:/home/wang/tb3_ws/install/turtlebot3:/home/wang/tb3_ws/install/turtlebot3_simulations:/home/wang/tb3_ws/install/turtlebot3_bringup:/home/wang/tb3_ws/install/turtlebot3_node:/home/wang/tb3_ws/install/turtlebot3_navigation2:/home/wang/tb3_ws/install/turtlebot3_fake_node:/home/wang/tb3_ws/install/turtlebot3_msgs:/home/wang/tb3_ws/install/turtlebot3_gazebo:/home/wang/tb3_ws/install/turtlebot3_description:/home/wang/tb3_ws/install/turtlebot3_cartographer:/home/wang/tb3_ws/install/ld08_driver:/home/wang/tb3_ws/install/hls_lfcd_lds_driver:/home/wang/tb3_ws/install/dynamixel_sdk_examples:/home/wang/tb3_ws/install/dynamixel_sdk_custom_interfaces:/home/wang/tb3_ws/install/dynamixel_sdk:/home/wang/desktop/item/chapter4/chapt4_ws/install/demo_python_service:/home/wang/tb3_ws/install/turtlebot3_teleop:/home/wang/tb3_ws/install/turtlebot3_example:/opt/ros/humble /usr/bin/cmake --build /home/wang/desktop/item/chapter4/chapt4_ws/build/demo_cpp_service -- -j4 -l4
[0.251s] [35m[1mConsolidate compiler generated dependencies of target turtle_control[0m
[0.251s] [35m[1mConsolidate compiler generated dependencies of target patrol_client[0m
[0.300s] [ 25%] [32mBuilding CXX object CMakeFiles/turtle_control.dir/src/turtle_control.cpp.o[0m
[0.302s] [ 75%] Built target patrol_client
[33.138s] [100%] [32m[1mLinking CXX executable turtle_control[0m
[35.076s] [100%] Built target turtle_control
[35.120s] Invoked command in '/home/wang/desktop/item/chapter4/chapt4_ws/build/demo_cpp_service' returned '0': CMAKE_PREFIX_PATH=/home/wang/desktop/item/chapter4/chapt4_ws/install/chapt4_interfaces:/home/wang/desktop/item/chapter4/chapt4_ws/install/demo_cpp_service:/home/wang/tb3_ws/install/turtlebot3:/home/wang/tb3_ws/install/turtlebot3_simulations:/home/wang/tb3_ws/install/turtlebot3_bringup:/home/wang/tb3_ws/install/turtlebot3_node:/home/wang/tb3_ws/install/turtlebot3_navigation2:/home/wang/tb3_ws/install/turtlebot3_fake_node:/home/wang/tb3_ws/install/turtlebot3_msgs:/home/wang/tb3_ws/install/turtlebot3_gazebo:/home/wang/tb3_ws/install/turtlebot3_description:/home/wang/tb3_ws/install/turtlebot3_cartographer:/home/wang/tb3_ws/install/ld08_driver:/home/wang/tb3_ws/install/hls_lfcd_lds_driver:/home/wang/tb3_ws/install/dynamixel_sdk_examples:/home/wang/tb3_ws/install/dynamixel_sdk_custom_interfaces:/home/wang/tb3_ws/install/dynamixel_sdk:/home/wang/desktop/item/chapter4/chapt4_ws/install/demo_python_service:/home/wang/tb3_ws/install/turtlebot3_teleop:/home/wang/tb3_ws/install/turtlebot3_example:/opt/ros/humble /usr/bin/cmake --build /home/wang/desktop/item/chapter4/chapt4_ws/build/demo_cpp_service -- -j4 -l4
[35.258s] Invoking command in '/home/wang/desktop/item/chapter4/chapt4_ws/build/demo_cpp_service': CMAKE_PREFIX_PATH=/home/wang/desktop/item/chapter4/chapt4_ws/install/chapt4_interfaces:/home/wang/desktop/item/chapter4/chapt4_ws/install/demo_cpp_service:/home/wang/tb3_ws/install/turtlebot3:/home/wang/tb3_ws/install/turtlebot3_simulations:/home/wang/tb3_ws/install/turtlebot3_bringup:/home/wang/tb3_ws/install/turtlebot3_node:/home/wang/tb3_ws/install/turtlebot3_navigation2:/home/wang/tb3_ws/install/turtlebot3_fake_node:/home/wang/tb3_ws/install/turtlebot3_msgs:/home/wang/tb3_ws/install/turtlebot3_gazebo:/home/wang/tb3_ws/install/turtlebot3_description:/home/wang/tb3_ws/install/turtlebot3_cartographer:/home/wang/tb3_ws/install/ld08_driver:/home/wang/tb3_ws/install/hls_lfcd_lds_driver:/home/wang/tb3_ws/install/dynamixel_sdk_examples:/home/wang/tb3_ws/install/dynamixel_sdk_custom_interfaces:/home/wang/tb3_ws/install/dynamixel_sdk:/home/wang/desktop/item/chapter4/chapt4_ws/install/demo_python_service:/home/wang/tb3_ws/install/turtlebot3_teleop:/home/wang/tb3_ws/install/turtlebot3_example:/opt/ros/humble /usr/bin/cmake --install /home/wang/desktop/item/chapter4/chapt4_ws/build/demo_cpp_service
[35.272s] -- Install configuration: ""
[35.281s] -- Installing: /home/wang/desktop/item/chapter4/chapt4_ws/install/demo_cpp_service/lib/demo_cpp_service/turtle_control
[35.287s] -- Set runtime path of "/home/wang/desktop/item/chapter4/chapt4_ws/install/demo_cpp_service/lib/demo_cpp_service/turtle_control" to ""
[35.291s] -- Up-to-date: /home/wang/desktop/item/chapter4/chapt4_ws/install/demo_cpp_service/lib/demo_cpp_service/patrol_client
[35.294s] -- Up-to-date: /home/wang/desktop/item/chapter4/chapt4_ws/install/demo_cpp_service/share/demo_cpp_service/launch
[35.295s] -- Up-to-date: /home/wang/desktop/item/chapter4/chapt4_ws/install/demo_cpp_service/share/demo_cpp_service/launch/demo.launch.py
[35.303s] -- Up-to-date: /home/wang/desktop/item/chapter4/chapt4_ws/install/demo_cpp_service/share/ament_index/resource_index/package_run_dependencies/demo_cpp_service
[35.305s] -- Up-to-date: /home/wang/desktop/item/chapter4/chapt4_ws/install/demo_cpp_service/share/ament_index/resource_index/parent_prefix_path/demo_cpp_service
[35.305s] -- Up-to-date: /home/wang/desktop/item/chapter4/chapt4_ws/install/demo_cpp_service/share/demo_cpp_service/environment/ament_prefix_path.sh
[35.305s] -- Up-to-date: /home/wang/desktop/item/chapter4/chapt4_ws/install/demo_cpp_service/share/demo_cpp_service/environment/ament_prefix_path.dsv
[35.305s] -- Up-to-date: /home/wang/desktop/item/chapter4/chapt4_ws/install/demo_cpp_service/share/demo_cpp_service/environment/path.sh
[35.311s] -- Up-to-date: /home/wang/desktop/item/chapter4/chapt4_ws/install/demo_cpp_service/share/demo_cpp_service/environment/path.dsv
[35.312s] -- Up-to-date: /home/wang/desktop/item/chapter4/chapt4_ws/install/demo_cpp_service/share/demo_cpp_service/local_setup.bash
[35.312s] -- Up-to-date: /home/wang/desktop/item/chapter4/chapt4_ws/install/demo_cpp_service/share/demo_cpp_service/local_setup.sh
[35.312s] -- Up-to-date: /home/wang/desktop/item/chapter4/chapt4_ws/install/demo_cpp_service/share/demo_cpp_service/local_setup.zsh
[35.313s] -- Up-to-date: /home/wang/desktop/item/chapter4/chapt4_ws/install/demo_cpp_service/share/demo_cpp_service/local_setup.dsv
[35.314s] -- Installing: /home/wang/desktop/item/chapter4/chapt4_ws/install/demo_cpp_service/share/demo_cpp_service/package.dsv
[35.314s] -- Up-to-date: /home/wang/desktop/item/chapter4/chapt4_ws/install/demo_cpp_service/share/ament_index/resource_index/packages/demo_cpp_service
[35.314s] -- Up-to-date: /home/wang/desktop/item/chapter4/chapt4_ws/install/demo_cpp_service/share/demo_cpp_service/cmake/demo_cpp_serviceConfig.cmake
[35.315s] -- Up-to-date: /home/wang/desktop/item/chapter4/chapt4_ws/install/demo_cpp_service/share/demo_cpp_service/cmake/demo_cpp_serviceConfig-version.cmake
[35.315s] -- Up-to-date: /home/wang/desktop/item/chapter4/chapt4_ws/install/demo_cpp_service/share/demo_cpp_service/package.xml
[35.320s] Invoked command in '/home/wang/desktop/item/chapter4/chapt4_ws/build/demo_cpp_service' returned '0': CMAKE_PREFIX_PATH=/home/wang/desktop/item/chapter4/chapt4_ws/install/chapt4_interfaces:/home/wang/desktop/item/chapter4/chapt4_ws/install/demo_cpp_service:/home/wang/tb3_ws/install/turtlebot3:/home/wang/tb3_ws/install/turtlebot3_simulations:/home/wang/tb3_ws/install/turtlebot3_bringup:/home/wang/tb3_ws/install/turtlebot3_node:/home/wang/tb3_ws/install/turtlebot3_navigation2:/home/wang/tb3_ws/install/turtlebot3_fake_node:/home/wang/tb3_ws/install/turtlebot3_msgs:/home/wang/tb3_ws/install/turtlebot3_gazebo:/home/wang/tb3_ws/install/turtlebot3_description:/home/wang/tb3_ws/install/turtlebot3_cartographer:/home/wang/tb3_ws/install/ld08_driver:/home/wang/tb3_ws/install/hls_lfcd_lds_driver:/home/wang/tb3_ws/install/dynamixel_sdk_examples:/home/wang/tb3_ws/install/dynamixel_sdk_custom_interfaces:/home/wang/tb3_ws/install/dynamixel_sdk:/home/wang/desktop/item/chapter4/chapt4_ws/install/demo_python_service:/home/wang/tb3_ws/install/turtlebot3_teleop:/home/wang/tb3_ws/install/turtlebot3_example:/opt/ros/humble /usr/bin/cmake --install /home/wang/desktop/item/chapter4/chapt4_ws/build/demo_cpp_service
