[0.011s] Invoking command in '/home/wang/Desktop/item/chapter6/chapt6_ws/build/fishbot_description': CMAKE_PREFIX_PATH=${CMAKE_PREFIX_PATH}:/opt/ros/jazzy DEBUGINFOD_URLS=https://debuginfod.ubuntu.com /usr/bin/cmake --build /home/wang/Desktop/item/chapter6/chapt6_ws/build/fishbot_description -- -j20 -l20
[0.051s] Invoked command in '/home/wang/Desktop/item/chapter6/chapt6_ws/build/fishbot_description' returned '0': CMAKE_PREFIX_PATH=${CMAKE_PREFIX_PATH}:/opt/ros/jazzy DEBUGINFOD_URLS=https://debuginfod.ubuntu.com /usr/bin/cmake --build /home/wang/Desktop/item/chapter6/chapt6_ws/build/fishbot_description -- -j20 -l20
[0.084s] Invoking command in '/home/wang/Desktop/item/chapter6/chapt6_ws/build/fishbot_description': CMAKE_PREFIX_PATH=${CMAKE_PREFIX_PATH}:/opt/ros/jazzy DEBUGINFOD_URLS=https://debuginfod.ubuntu.com /usr/bin/cmake --install /home/wang/Desktop/item/chapter6/chapt6_ws/build/fishbot_description
[0.091s] -- Install configuration: ""
[0.091s] -- Up-to-date: /home/wang/Desktop/item/chapter6/chapt6_ws/install/fishbot_description/share/fishbot_description/launch
[0.091s] -- Installing: /home/wang/Desktop/item/chapter6/chapt6_ws/install/fishbot_description/share/fishbot_description/launch/gazebo_sim.launch.py
[0.091s] -- Up-to-date: /home/wang/Desktop/item/chapter6/chapt6_ws/install/fishbot_description/share/fishbot_description/launch/__pycache__
[0.091s] -- Up-to-date: /home/wang/Desktop/item/chapter6/chapt6_ws/install/fishbot_description/share/fishbot_description/launch/__pycache__/gazebo_sim.launch.cpython-310.pyc
[0.092s] -- Up-to-date: /home/wang/Desktop/item/chapter6/chapt6_ws/install/fishbot_description/share/fishbot_description/launch/display_robot.launch.py
[0.092s] -- Up-to-date: /home/wang/Desktop/item/chapter6/chapt6_ws/install/fishbot_description/share/fishbot_description/urdf
[0.092s] -- Up-to-date: /home/wang/Desktop/item/chapter6/chapt6_ws/install/fishbot_description/share/fishbot_description/urdf/first_robot.urdf.xacro
[0.092s] -- Up-to-date: /home/wang/Desktop/item/chapter6/chapt6_ws/install/fishbot_description/share/fishbot_description/urdf/first_robot.urdf
[0.092s] -- Up-to-date: /home/wang/Desktop/item/chapter6/chapt6_ws/install/fishbot_description/share/fishbot_description/urdf/first_robot.pdf
[0.092s] -- Up-to-date: /home/wang/Desktop/item/chapter6/chapt6_ws/install/fishbot_description/share/fishbot_description/urdf/fishbot
[0.092s] -- Up-to-date: /home/wang/Desktop/item/chapter6/chapt6_ws/install/fishbot_description/share/fishbot_description/urdf/fishbot/actuator
[0.092s] -- Up-to-date: /home/wang/Desktop/item/chapter6/chapt6_ws/install/fishbot_description/share/fishbot_description/urdf/fishbot/actuator/caster.urdf.xacro
[0.092s] -- Up-to-date: /home/wang/Desktop/item/chapter6/chapt6_ws/install/fishbot_description/share/fishbot_description/urdf/fishbot/actuator/wheel.urdf.xacro
[0.092s] -- Up-to-date: /home/wang/Desktop/item/chapter6/chapt6_ws/install/fishbot_description/share/fishbot_description/urdf/fishbot/sensor
[0.092s] -- Up-to-date: /home/wang/Desktop/item/chapter6/chapt6_ws/install/fishbot_description/share/fishbot_description/urdf/fishbot/sensor/camera.urdf.xacro
[0.092s] -- Up-to-date: /home/wang/Desktop/item/chapter6/chapt6_ws/install/fishbot_description/share/fishbot_description/urdf/fishbot/sensor/imu.urdf.xacro
[0.092s] -- Up-to-date: /home/wang/Desktop/item/chapter6/chapt6_ws/install/fishbot_description/share/fishbot_description/urdf/fishbot/sensor/laser.urdf.xacro
[0.093s] -- Up-to-date: /home/wang/Desktop/item/chapter6/chapt6_ws/install/fishbot_description/share/fishbot_description/urdf/fishbot/common_inertia.xacro
[0.093s] -- Up-to-date: /home/wang/Desktop/item/chapter6/chapt6_ws/install/fishbot_description/share/fishbot_description/urdf/fishbot/base.urdf.xacro
[0.093s] -- Up-to-date: /home/wang/Desktop/item/chapter6/chapt6_ws/install/fishbot_description/share/fishbot_description/urdf/fishbot/fishbot.ros2_control.xacro
[0.093s] -- Up-to-date: /home/wang/Desktop/item/chapter6/chapt6_ws/install/fishbot_description/share/fishbot_description/urdf/fishbot/fishbot.urdf.xacro
[0.093s] -- Up-to-date: /home/wang/Desktop/item/chapter6/chapt6_ws/install/fishbot_description/share/fishbot_description/urdf/fishbot/plugins
[0.093s] -- Up-to-date: /home/wang/Desktop/item/chapter6/chapt6_ws/install/fishbot_description/share/fishbot_description/urdf/fishbot/plugins/gazebo_control_plugin.xacro
[0.093s] -- Up-to-date: /home/wang/Desktop/item/chapter6/chapt6_ws/install/fishbot_description/share/fishbot_description/urdf/fishbot/plugins/gazebo_sensor_plugin.xacro
[0.093s] -- Up-to-date: /home/wang/Desktop/item/chapter6/chapt6_ws/install/fishbot_description/share/fishbot_description/urdf/first_robot.gv
[0.093s] -- Up-to-date: /home/wang/Desktop/item/chapter6/chapt6_ws/install/fishbot_description/share/fishbot_description/config
[0.093s] -- Up-to-date: /home/wang/Desktop/item/chapter6/chapt6_ws/install/fishbot_description/share/fishbot_description/config/fishbot_ros2_controller.yaml
[0.093s] -- Up-to-date: /home/wang/Desktop/item/chapter6/chapt6_ws/install/fishbot_description/share/fishbot_description/config/rviz
[0.093s] -- Up-to-date: /home/wang/Desktop/item/chapter6/chapt6_ws/install/fishbot_description/share/fishbot_description/config/rviz/dispaly_mode.rviz
[0.093s] -- Up-to-date: /home/wang/Desktop/item/chapter6/chapt6_ws/install/fishbot_description/share/fishbot_description/world
[0.094s] -- Up-to-date: /home/wang/Desktop/item/chapter6/chapt6_ws/install/fishbot_description/share/fishbot_description/world/room
[0.094s] -- Up-to-date: /home/wang/Desktop/item/chapter6/chapt6_ws/install/fishbot_description/share/fishbot_description/world/room/model.config
[0.095s] -- Up-to-date: /home/wang/Desktop/item/chapter6/chapt6_ws/install/fishbot_description/share/fishbot_description/world/room/model.sdf
[0.095s] -- Up-to-date: /home/wang/Desktop/item/chapter6/chapt6_ws/install/fishbot_description/share/fishbot_description/world/custom_room.world
[0.095s] -- Up-to-date: /home/wang/Desktop/item/chapter6/chapt6_ws/install/fishbot_description/share/ament_index/resource_index/package_run_dependencies/fishbot_description
[0.096s] -- Up-to-date: /home/wang/Desktop/item/chapter6/chapt6_ws/install/fishbot_description/share/ament_index/resource_index/parent_prefix_path/fishbot_description
[0.096s] -- Up-to-date: /home/wang/Desktop/item/chapter6/chapt6_ws/install/fishbot_description/share/fishbot_description/environment/ament_prefix_path.sh
[0.096s] -- Up-to-date: /home/wang/Desktop/item/chapter6/chapt6_ws/install/fishbot_description/share/fishbot_description/environment/ament_prefix_path.dsv
[0.097s] -- Up-to-date: /home/wang/Desktop/item/chapter6/chapt6_ws/install/fishbot_description/share/fishbot_description/environment/path.sh
[0.097s] -- Up-to-date: /home/wang/Desktop/item/chapter6/chapt6_ws/install/fishbot_description/share/fishbot_description/environment/path.dsv
[0.097s] -- Up-to-date: /home/wang/Desktop/item/chapter6/chapt6_ws/install/fishbot_description/share/fishbot_description/local_setup.bash
[0.097s] -- Up-to-date: /home/wang/Desktop/item/chapter6/chapt6_ws/install/fishbot_description/share/fishbot_description/local_setup.sh
[0.097s] -- Up-to-date: /home/wang/Desktop/item/chapter6/chapt6_ws/install/fishbot_description/share/fishbot_description/local_setup.zsh
[0.097s] -- Up-to-date: /home/wang/Desktop/item/chapter6/chapt6_ws/install/fishbot_description/share/fishbot_description/local_setup.dsv
[0.097s] -- Up-to-date: /home/wang/Desktop/item/chapter6/chapt6_ws/install/fishbot_description/share/fishbot_description/package.dsv
[0.097s] -- Up-to-date: /home/wang/Desktop/item/chapter6/chapt6_ws/install/fishbot_description/share/ament_index/resource_index/packages/fishbot_description
[0.097s] -- Up-to-date: /home/wang/Desktop/item/chapter6/chapt6_ws/install/fishbot_description/share/fishbot_description/cmake/fishbot_descriptionConfig.cmake
[0.097s] -- Up-to-date: /home/wang/Desktop/item/chapter6/chapt6_ws/install/fishbot_description/share/fishbot_description/cmake/fishbot_descriptionConfig-version.cmake
[0.097s] -- Up-to-date: /home/wang/Desktop/item/chapter6/chapt6_ws/install/fishbot_description/share/fishbot_description/package.xml
[0.097s] Invoked command in '/home/wang/Desktop/item/chapter6/chapt6_ws/build/fishbot_description' returned '0': CMAKE_PREFIX_PATH=${CMAKE_PREFIX_PATH}:/opt/ros/jazzy DEBUGINFOD_URLS=https://debuginfod.ubuntu.com /usr/bin/cmake --install /home/wang/Desktop/item/chapter6/chapt6_ws/build/fishbot_description
