[0.498s] DEBUG:colcon:Command line arguments: ['/usr/bin/colcon', 'build']
[0.498s] DEBUG:colcon:Parsed command line arguments: Namespace(log_base=None, log_level=None, verb_name='build', build_base='build', install_base='install', merge_install=False, symlink_install=False, test_result_base=None, continue_on_error=False, executor='parallel', parallel_workers=4, event_handlers=None, ignore_user_meta=False, metas=['./colcon.meta'], base_paths=['.'], packages_ignore=None, packages_ignore_regex=None, paths=None, packages_up_to=None, packages_up_to_regex=None, packages_above=None, packages_above_and_dependencies=None, packages_above_depth=None, packages_select_by_dep=None, packages_skip_by_dep=None, packages_skip_up_to=None, packages_select_build_failed=False, packages_skip_build_finished=False, packages_select_test_failures=False, packages_skip_test_passed=False, packages_select=None, packages_skip=None, packages_select_regex=None, packages_skip_regex=None, packages_start=None, packages_end=None, allow_overriding=[], cmake_args=None, cmake_target=None, cmake_target_skip_unavailable=False, cmake_clean_cache=False, cmake_clean_first=False, cmake_force_configure=False, ament_cmake_args=None, catkin_cmake_args=None, catkin_skip_building_tests=False, verb_parser=<colcon_defaults.argument_parser.defaults.DefaultArgumentsDecorator object at 0x7b779a43dd50>, verb_extension=<colcon_core.verb.build.BuildVerb object at 0x7b779a43d810>, main=<bound method BuildVerb.main of <colcon_core.verb.build.BuildVerb object at 0x7b779a43d810>>)
[1.168s] Level 1:colcon.colcon_core.package_discovery:discover_packages(colcon_meta) check parameters
[1.169s] Level 1:colcon.colcon_core.package_discovery:discover_packages(recursive) check parameters
[1.170s] Level 1:colcon.colcon_core.package_discovery:discover_packages(ignore) check parameters
[1.170s] Level 1:colcon.colcon_core.package_discovery:discover_packages(path) check parameters
[1.170s] Level 1:colcon.colcon_core.package_discovery:discover_packages(colcon_meta) discover
[1.170s] Level 1:colcon.colcon_core.package_discovery:discover_packages(recursive) discover
[1.170s] INFO:colcon.colcon_core.package_discovery:Crawling recursively for packages in '/home/wang/桌面/item/chapter3/topic_ws'
[1.171s] Level 1:colcon.colcon_core.package_identification:_identify(.) by extensions ['ignore', 'ignore_ament_install']
[1.172s] Level 1:colcon.colcon_core.package_identification:_identify(.) by extension 'ignore'
[1.172s] Level 1:colcon.colcon_core.package_identification:_identify(.) by extension 'ignore_ament_install'
[1.172s] Level 1:colcon.colcon_core.package_identification:_identify(.) by extensions ['colcon_pkg']
[1.172s] Level 1:colcon.colcon_core.package_identification:_identify(.) by extension 'colcon_pkg'
[1.172s] Level 1:colcon.colcon_core.package_identification:_identify(.) by extensions ['colcon_meta']
[1.172s] Level 1:colcon.colcon_core.package_identification:_identify(.) by extension 'colcon_meta'
[1.173s] Level 1:colcon.colcon_core.package_identification:_identify(.) by extensions ['ros']
[1.173s] Level 1:colcon.colcon_core.package_identification:_identify(.) by extension 'ros'
[1.210s] Level 1:colcon.colcon_core.package_identification:_identify(.) by extensions ['cmake', 'python']
[1.210s] Level 1:colcon.colcon_core.package_identification:_identify(.) by extension 'cmake'
[1.210s] Level 1:colcon.colcon_core.package_identification:_identify(.) by extension 'python'
[1.210s] Level 1:colcon.colcon_core.package_identification:_identify(.) by extensions ['python_setup_py']
[1.211s] Level 1:colcon.colcon_core.package_identification:_identify(.) by extension 'python_setup_py'
[1.211s] Level 1:colcon.colcon_core.package_identification:_identify(build) by extensions ['ignore', 'ignore_ament_install']
[1.211s] Level 1:colcon.colcon_core.package_identification:_identify(build) by extension 'ignore'
[1.211s] Level 1:colcon.colcon_core.package_identification:_identify(build) ignored
[1.212s] Level 1:colcon.colcon_core.package_identification:_identify(install) by extensions ['ignore', 'ignore_ament_install']
[1.212s] Level 1:colcon.colcon_core.package_identification:_identify(install) by extension 'ignore'
[1.212s] Level 1:colcon.colcon_core.package_identification:_identify(install) ignored
[1.213s] Level 1:colcon.colcon_core.package_identification:_identify(log) by extensions ['ignore', 'ignore_ament_install']
[1.213s] Level 1:colcon.colcon_core.package_identification:_identify(log) by extension 'ignore'
[1.213s] Level 1:colcon.colcon_core.package_identification:_identify(log) ignored
[1.213s] Level 1:colcon.colcon_core.package_identification:_identify(src) by extensions ['ignore', 'ignore_ament_install']
[1.213s] Level 1:colcon.colcon_core.package_identification:_identify(src) by extension 'ignore'
[1.213s] Level 1:colcon.colcon_core.package_identification:_identify(src) by extension 'ignore_ament_install'
[1.214s] Level 1:colcon.colcon_core.package_identification:_identify(src) by extensions ['colcon_pkg']
[1.214s] Level 1:colcon.colcon_core.package_identification:_identify(src) by extension 'colcon_pkg'
[1.214s] Level 1:colcon.colcon_core.package_identification:_identify(src) by extensions ['colcon_meta']
[1.214s] Level 1:colcon.colcon_core.package_identification:_identify(src) by extension 'colcon_meta'
[1.214s] Level 1:colcon.colcon_core.package_identification:_identify(src) by extensions ['ros']
[1.214s] Level 1:colcon.colcon_core.package_identification:_identify(src) by extension 'ros'
[1.214s] Level 1:colcon.colcon_core.package_identification:_identify(src) by extensions ['cmake', 'python']
[1.214s] Level 1:colcon.colcon_core.package_identification:_identify(src) by extension 'cmake'
[1.215s] Level 1:colcon.colcon_core.package_identification:_identify(src) by extension 'python'
[1.215s] Level 1:colcon.colcon_core.package_identification:_identify(src) by extensions ['python_setup_py']
[1.215s] Level 1:colcon.colcon_core.package_identification:_identify(src) by extension 'python_setup_py'
[1.215s] Level 1:colcon.colcon_core.package_identification:_identify(src/demo_python_topic) by extensions ['ignore', 'ignore_ament_install']
[1.215s] Level 1:colcon.colcon_core.package_identification:_identify(src/demo_python_topic) by extension 'ignore'
[1.216s] Level 1:colcon.colcon_core.package_identification:_identify(src/demo_python_topic) by extension 'ignore_ament_install'
[1.216s] Level 1:colcon.colcon_core.package_identification:_identify(src/demo_python_topic) by extensions ['colcon_pkg']
[1.216s] Level 1:colcon.colcon_core.package_identification:_identify(src/demo_python_topic) by extension 'colcon_pkg'
[1.217s] Level 1:colcon.colcon_core.package_identification:_identify(src/demo_python_topic) by extensions ['colcon_meta']
[1.217s] Level 1:colcon.colcon_core.package_identification:_identify(src/demo_python_topic) by extension 'colcon_meta'
[1.217s] Level 1:colcon.colcon_core.package_identification:_identify(src/demo_python_topic) by extensions ['ros']
[1.217s] Level 1:colcon.colcon_core.package_identification:_identify(src/demo_python_topic) by extension 'ros'
[1.224s] DEBUG:colcon.colcon_core.package_identification:Package 'src/demo_python_topic' with type 'ros.ament_python' and name 'demo_python_topic'
[1.224s] Level 1:colcon.colcon_core.package_discovery:discover_packages(recursive) using defaults
[1.224s] Level 1:colcon.colcon_core.package_discovery:discover_packages(ignore) discover
[1.224s] Level 1:colcon.colcon_core.package_discovery:discover_packages(ignore) using defaults
[1.224s] Level 1:colcon.colcon_core.package_discovery:discover_packages(path) discover
[1.224s] Level 1:colcon.colcon_core.package_discovery:discover_packages(path) using defaults
[1.324s] Level 1:colcon.colcon_core.package_discovery:discover_packages(prefix_path) check parameters
[1.324s] Level 1:colcon.colcon_core.package_discovery:discover_packages(prefix_path) discover
[1.331s] DEBUG:colcon.colcon_installed_package_information.package_discovery:Found 1 installed packages in /home/wang/桌面/item/chapter3/topic_ws/install
[1.334s] DEBUG:colcon.colcon_installed_package_information.package_discovery:Found 17 installed packages in /home/wang/tb3_ws/install
[1.338s] DEBUG:colcon.colcon_installed_package_information.package_discovery:Found 406 installed packages in /opt/ros/humble
[1.347s] Level 1:colcon.colcon_core.package_discovery:discover_packages(prefix_path) using defaults
[1.542s] Level 5:colcon.colcon_core.verb:set package 'demo_python_topic' build argument 'cmake_args' from command line to 'None'
[1.544s] Level 5:colcon.colcon_core.verb:set package 'demo_python_topic' build argument 'cmake_target' from command line to 'None'
[1.544s] Level 5:colcon.colcon_core.verb:set package 'demo_python_topic' build argument 'cmake_target_skip_unavailable' from command line to 'False'
[1.545s] Level 5:colcon.colcon_core.verb:set package 'demo_python_topic' build argument 'cmake_clean_cache' from command line to 'False'
[1.545s] Level 5:colcon.colcon_core.verb:set package 'demo_python_topic' build argument 'cmake_clean_first' from command line to 'False'
[1.545s] Level 5:colcon.colcon_core.verb:set package 'demo_python_topic' build argument 'cmake_force_configure' from command line to 'False'
[1.545s] Level 5:colcon.colcon_core.verb:set package 'demo_python_topic' build argument 'ament_cmake_args' from command line to 'None'
[1.545s] Level 5:colcon.colcon_core.verb:set package 'demo_python_topic' build argument 'catkin_cmake_args' from command line to 'None'
[1.545s] Level 5:colcon.colcon_core.verb:set package 'demo_python_topic' build argument 'catkin_skip_building_tests' from command line to 'False'
[1.545s] DEBUG:colcon.colcon_core.verb:Building package 'demo_python_topic' with the following arguments: {'ament_cmake_args': None, 'build_base': '/home/wang/桌面/item/chapter3/topic_ws/build/demo_python_topic', 'catkin_cmake_args': None, 'catkin_skip_building_tests': False, 'cmake_args': None, 'cmake_clean_cache': False, 'cmake_clean_first': False, 'cmake_force_configure': False, 'cmake_target': None, 'cmake_target_skip_unavailable': False, 'install_base': '/home/wang/桌面/item/chapter3/topic_ws/install/demo_python_topic', 'merge_install': False, 'path': '/home/wang/桌面/item/chapter3/topic_ws/src/demo_python_topic', 'symlink_install': False, 'test_result_base': None}
[1.545s] INFO:colcon.colcon_core.executor:Executing jobs using 'parallel' executor
[1.548s] DEBUG:colcon.colcon_parallel_executor.executor.parallel:run_until_complete
[1.549s] INFO:colcon.colcon_ros.task.ament_python.build:Building ROS package in '/home/wang/桌面/item/chapter3/topic_ws/src/demo_python_topic' with build type 'ament_python'
[1.550s] Level 1:colcon.colcon_core.shell:create_environment_hook('demo_python_topic', 'ament_prefix_path')
[1.555s] INFO:colcon.colcon_core.plugin_system:Skipping extension 'colcon_core.shell.bat': Not used on non-Windows systems
[1.555s] INFO:colcon.colcon_core.shell:Creating environment hook '/home/wang/桌面/item/chapter3/topic_ws/install/demo_python_topic/share/demo_python_topic/hook/ament_prefix_path.ps1'
[1.559s] INFO:colcon.colcon_core.shell:Creating environment descriptor '/home/wang/桌面/item/chapter3/topic_ws/install/demo_python_topic/share/demo_python_topic/hook/ament_prefix_path.dsv'
[1.560s] INFO:colcon.colcon_core.shell:Creating environment hook '/home/wang/桌面/item/chapter3/topic_ws/install/demo_python_topic/share/demo_python_topic/hook/ament_prefix_path.sh'
[1.563s] INFO:colcon.colcon_core.shell:Skip shell extension 'powershell' for command environment: Not usable outside of PowerShell
[1.564s] DEBUG:colcon.colcon_core.shell:Skip shell extension 'dsv' for command environment
[2.538s] INFO:colcon.colcon_core.task.python.build:Building Python package in '/home/wang/桌面/item/chapter3/topic_ws/src/demo_python_topic'
[2.540s] INFO:colcon.colcon_core.shell:Skip shell extension 'powershell' for command environment: Not usable outside of PowerShell
[2.541s] DEBUG:colcon.colcon_core.shell:Skip shell extension 'dsv' for command environment
[3.864s] DEBUG:colcon.colcon_core.event_handler.log_command:Invoking command in '/home/wang/桌面/item/chapter3/topic_ws/src/demo_python_topic': PYTHONPATH=/home/wang/桌面/item/chapter3/topic_ws/build/demo_python_topic/prefix_override:/usr/lib/python3/dist-packages/colcon_core/task/python/colcon_distutils_commands:/home/wang/桌面/item/chapter3/topic_ws/install/demo_python_topic/lib/python3.10/site-packages:${PYTHONPATH} /usr/bin/python3 -W ignore:setup.py install is deprecated setup.py egg_info --egg-base ../../build/demo_python_topic build --build-base /home/wang/桌面/item/chapter3/topic_ws/build/demo_python_topic/build install --record /home/wang/桌面/item/chapter3/topic_ws/build/demo_python_topic/install.log --single-version-externally-managed install_data
[4.988s] DEBUG:colcon.colcon_core.event_handler.log_command:Invoked command in '/home/wang/桌面/item/chapter3/topic_ws/src/demo_python_topic' returned '0': PYTHONPATH=/home/wang/桌面/item/chapter3/topic_ws/build/demo_python_topic/prefix_override:/usr/lib/python3/dist-packages/colcon_core/task/python/colcon_distutils_commands:/home/wang/桌面/item/chapter3/topic_ws/install/demo_python_topic/lib/python3.10/site-packages:${PYTHONPATH} /usr/bin/python3 -W ignore:setup.py install is deprecated setup.py egg_info --egg-base ../../build/demo_python_topic build --build-base /home/wang/桌面/item/chapter3/topic_ws/build/demo_python_topic/build install --record /home/wang/桌面/item/chapter3/topic_ws/build/demo_python_topic/install.log --single-version-externally-managed install_data
[4.995s] Level 1:colcon.colcon_core.environment:checking '/home/wang/桌面/item/chapter3/topic_ws/install/demo_python_topic' for CMake module files
[4.996s] Level 1:colcon.colcon_core.environment:checking '/home/wang/桌面/item/chapter3/topic_ws/install/demo_python_topic' for CMake config files
[4.998s] Level 1:colcon.colcon_core.environment:checking '/home/wang/桌面/item/chapter3/topic_ws/install/demo_python_topic/lib'
[4.999s] Level 1:colcon.colcon_core.environment:checking '/home/wang/桌面/item/chapter3/topic_ws/install/demo_python_topic/bin'
[4.999s] Level 1:colcon.colcon_core.environment:checking '/home/wang/桌面/item/chapter3/topic_ws/install/demo_python_topic/lib/pkgconfig/demo_python_topic.pc'
[5.000s] Level 1:colcon.colcon_core.environment:checking '/home/wang/桌面/item/chapter3/topic_ws/install/demo_python_topic/lib/python3.10/site-packages'
[5.000s] Level 1:colcon.colcon_core.shell:create_environment_hook('demo_python_topic', 'pythonpath')
[5.001s] INFO:colcon.colcon_core.shell:Creating environment hook '/home/wang/桌面/item/chapter3/topic_ws/install/demo_python_topic/share/demo_python_topic/hook/pythonpath.ps1'
[5.003s] INFO:colcon.colcon_core.shell:Creating environment descriptor '/home/wang/桌面/item/chapter3/topic_ws/install/demo_python_topic/share/demo_python_topic/hook/pythonpath.dsv'
[5.005s] INFO:colcon.colcon_core.shell:Creating environment hook '/home/wang/桌面/item/chapter3/topic_ws/install/demo_python_topic/share/demo_python_topic/hook/pythonpath.sh'
[5.007s] Level 1:colcon.colcon_core.environment:checking '/home/wang/桌面/item/chapter3/topic_ws/install/demo_python_topic/bin'
[5.008s] Level 1:colcon.colcon_core.environment:create_environment_scripts_only(demo_python_topic)
[5.009s] INFO:colcon.colcon_core.shell:Creating package script '/home/wang/桌面/item/chapter3/topic_ws/install/demo_python_topic/share/demo_python_topic/package.ps1'
[5.011s] INFO:colcon.colcon_core.shell:Creating package descriptor '/home/wang/桌面/item/chapter3/topic_ws/install/demo_python_topic/share/demo_python_topic/package.dsv'
[5.013s] INFO:colcon.colcon_core.shell:Creating package script '/home/wang/桌面/item/chapter3/topic_ws/install/demo_python_topic/share/demo_python_topic/package.sh'
[5.016s] INFO:colcon.colcon_core.shell:Creating package script '/home/wang/桌面/item/chapter3/topic_ws/install/demo_python_topic/share/demo_python_topic/package.bash'
[5.018s] INFO:colcon.colcon_core.shell:Creating package script '/home/wang/桌面/item/chapter3/topic_ws/install/demo_python_topic/share/demo_python_topic/package.zsh'
[5.021s] Level 1:colcon.colcon_core.environment:create_file_with_runtime_dependencies(/home/wang/桌面/item/chapter3/topic_ws/install/demo_python_topic/share/colcon-core/packages/demo_python_topic)
[5.023s] DEBUG:colcon.colcon_parallel_executor.executor.parallel:closing loop
[5.024s] DEBUG:colcon.colcon_parallel_executor.executor.parallel:loop closed
[5.024s] DEBUG:colcon.colcon_parallel_executor.executor.parallel:run_until_complete finished with '0'
[5.024s] DEBUG:colcon.colcon_core.event_reactor:joining thread
[5.053s] INFO:colcon.colcon_core.plugin_system:Skipping extension 'colcon_notification.desktop_notification.terminal_notifier': Not used on non-Darwin systems
[5.053s] INFO:colcon.colcon_core.plugin_system:Skipping extension 'colcon_notification.desktop_notification.win32': Not used on non-Windows systems
[5.053s] INFO:colcon.colcon_notification.desktop_notification:Sending desktop notification using 'notify2'
[5.122s] DEBUG:colcon.colcon_core.event_reactor:joined thread
[5.123s] INFO:colcon.colcon_core.shell:Creating prefix script '/home/wang/桌面/item/chapter3/topic_ws/install/local_setup.ps1'
[5.127s] INFO:colcon.colcon_core.shell:Creating prefix util module '/home/wang/桌面/item/chapter3/topic_ws/install/_local_setup_util_ps1.py'
[5.131s] INFO:colcon.colcon_core.shell:Creating prefix chain script '/home/wang/桌面/item/chapter3/topic_ws/install/setup.ps1'
[5.140s] INFO:colcon.colcon_core.shell:Creating prefix script '/home/wang/桌面/item/chapter3/topic_ws/install/local_setup.sh'
[5.143s] INFO:colcon.colcon_core.shell:Creating prefix util module '/home/wang/桌面/item/chapter3/topic_ws/install/_local_setup_util_sh.py'
[5.145s] INFO:colcon.colcon_core.shell:Creating prefix chain script '/home/wang/桌面/item/chapter3/topic_ws/install/setup.sh'
[5.151s] INFO:colcon.colcon_core.shell:Creating prefix script '/home/wang/桌面/item/chapter3/topic_ws/install/local_setup.bash'
[5.153s] INFO:colcon.colcon_core.shell:Creating prefix chain script '/home/wang/桌面/item/chapter3/topic_ws/install/setup.bash'
[5.165s] INFO:colcon.colcon_core.shell:Creating prefix script '/home/wang/桌面/item/chapter3/topic_ws/install/local_setup.zsh'
[5.167s] INFO:colcon.colcon_core.shell:Creating prefix chain script '/home/wang/桌面/item/chapter3/topic_ws/install/setup.zsh'
