[2.328s] Invoking command in '/home/wang/desktop/item/chapter4/chapt4_ws/src/demo_python_service': PYTHONPATH=/home/wang/desktop/item/chapter4/chapt4_ws/build/demo_python_service/prefix_override:/usr/lib/python3/dist-packages/colcon_core/task/python/colcon_distutils_commands:/home/wang/desktop/item/chapter4/chapt4_ws/install/demo_python_service/lib/python3.10/site-packages:${PYTHONPATH} /usr/bin/python3 -W ignore:setup.py install is deprecated setup.py egg_info --egg-base ../../build/demo_python_service build --build-base /home/wang/desktop/item/chapter4/chapt4_ws/build/demo_python_service/build install --record /home/wang/desktop/item/chapter4/chapt4_ws/build/demo_python_service/install.log --single-version-externally-managed install_data
[3.145s] running egg_info
[3.146s] writing ../../build/demo_python_service/demo_python_service.egg-info/PKG-INFO
[3.147s] writing dependency_links to ../../build/demo_python_service/demo_python_service.egg-info/dependency_links.txt
[3.147s] writing entry points to ../../build/demo_python_service/demo_python_service.egg-info/entry_points.txt
[3.147s] writing requirements to ../../build/demo_python_service/demo_python_service.egg-info/requires.txt
[3.147s] writing top-level names to ../../build/demo_python_service/demo_python_service.egg-info/top_level.txt
[3.153s] reading manifest file '../../build/demo_python_service/demo_python_service.egg-info/SOURCES.txt'
[3.154s] adding license file 'LICENSE'
[3.160s] writing manifest file '../../build/demo_python_service/demo_python_service.egg-info/SOURCES.txt'
[3.160s] running build
[3.161s] running build_py
[3.161s] copying demo_python_service/face_detect_node.py -> /home/wang/desktop/item/chapter4/chapt4_ws/build/demo_python_service/build/lib/demo_python_service
[3.164s] running install
[3.166s] running install_lib
[3.167s] copying /home/wang/desktop/item/chapter4/chapt4_ws/build/demo_python_service/build/lib/demo_python_service/face_detect_node.py -> /home/wang/desktop/item/chapter4/chapt4_ws/install/demo_python_service/lib/python3.10/site-packages/demo_python_service
[3.170s] byte-compiling /home/wang/desktop/item/chapter4/chapt4_ws/install/demo_python_service/lib/python3.10/site-packages/demo_python_service/face_detect_node.py to face_detect_node.cpython-310.pyc
[3.174s] running install_data
[3.175s] running install_egg_info
[3.183s] removing '/home/wang/desktop/item/chapter4/chapt4_ws/install/demo_python_service/lib/python3.10/site-packages/demo_python_service-0.0.0-py3.10.egg-info' (and everything under it)
[3.183s] Copying ../../build/demo_python_service/demo_python_service.egg-info to /home/wang/desktop/item/chapter4/chapt4_ws/install/demo_python_service/lib/python3.10/site-packages/demo_python_service-0.0.0-py3.10.egg-info
[3.188s] running install_scripts
[3.246s] Installing face_detect_client_node script to /home/wang/desktop/item/chapter4/chapt4_ws/install/demo_python_service/lib/demo_python_service
[3.247s] Installing face_detect_node script to /home/wang/desktop/item/chapter4/chapt4_ws/install/demo_python_service/lib/demo_python_service
[3.248s] Installing learn_face_detect script to /home/wang/desktop/item/chapter4/chapt4_ws/install/demo_python_service/lib/demo_python_service
[3.249s] writing list of installed files to '/home/wang/desktop/item/chapter4/chapt4_ws/build/demo_python_service/install.log'
[3.320s] Invoked command in '/home/wang/desktop/item/chapter4/chapt4_ws/src/demo_python_service' returned '0': PYTHONPATH=/home/wang/desktop/item/chapter4/chapt4_ws/build/demo_python_service/prefix_override:/usr/lib/python3/dist-packages/colcon_core/task/python/colcon_distutils_commands:/home/wang/desktop/item/chapter4/chapt4_ws/install/demo_python_service/lib/python3.10/site-packages:${PYTHONPATH} /usr/bin/python3 -W ignore:setup.py install is deprecated setup.py egg_info --egg-base ../../build/demo_python_service build --build-base /home/wang/desktop/item/chapter4/chapt4_ws/build/demo_python_service/build install --record /home/wang/desktop/item/chapter4/chapt4_ws/build/demo_python_service/install.log --single-version-externally-managed install_data
