-- Found ament_cmake: 1.3.10 (/opt/ros/humble/share/ament_cmake/cmake)
-- Found rclcpp: 16.0.10 (/opt/ros/humble/share/rclcpp/cmake)
-- Found rosidl_generator_c: 3.1.5 (/opt/ros/humble/share/rosidl_generator_c/cmake)
-- Found rosidl_adapter: 3.1.5 (/opt/ros/humble/share/rosidl_adapter/cmake)
-- Found rosidl_generator_cpp: 3.1.5 (/opt/ros/humble/share/rosidl_generator_cpp/cmake)
-- Using all available rosidl_typesupport_c: rosidl_typesupport_fastrtps_c;rosidl_typesupport_introspection_c
-- Using all available rosidl_typesupport_cpp: rosidl_typesupport_fastrtps_cpp;rosidl_typesupport_introspection_cpp
-- Found rmw_implementation_cmake: 6.1.2 (/opt/ros/humble/share/rmw_implementation_cmake/cmake)
-- Found rmw_fastrtps_cpp: 6.2.7 (/opt/ros/humble/share/rmw_fastrtps_cpp/cmake)
-- Using RMW implementation 'rmw_fastrtps_cpp' as default
-- Found ament_lint_auto: 0.12.11 (/opt/ros/humble/share/ament_lint_auto/cmake)
-- Added test 'cppcheck' to perform static code analysis on C / C++ code
-- Configured cppcheck include dirs: /home/wang/桌面/item/chapter2/chapter2_ws/src/demo_cpp_pkg/include
-- Configured cppcheck exclude dirs and/or files: 
-- Added test 'flake8' to check Python code syntax and style conventions
-- Added test 'lint_cmake' to check CMake code style
-- Added test 'pep257' to check Python code against some of the docstring style conventions in PEP 257
-- Added test 'uncrustify' to check C / C++ code style
-- Configured uncrustify additional arguments: 
-- Added test 'xmllint' to check XML markup files
-- Configuring done
-- Generating done
-- Build files have been written to: /home/wang/桌面/item/chapter2/chapter2_ws/build/demo_cpp_pkg
[35m[1mConsolidate compiler generated dependencies of target learn_auto[0m
[35m[1mConsolidate compiler generated dependencies of target person_node[0m
[35m[1mConsolidate compiler generated dependencies of target cpp_node[0m
[35m[1mConsolidate compiler generated dependencies of target learn_shared_ptr[0m
[  7%] [32mBuilding CXX object CMakeFiles/learn_shared_ptr.dir/src/learn_shared_ptr.cpp.o[0m
[ 14%] [32mBuilding CXX object CMakeFiles/learn_auto.dir/src/learn_auto.cpp.o[0m
[ 21%] [32mBuilding CXX object CMakeFiles/person_node.dir/src/person_node.cpp.o[0m
[ 28%] [32mBuilding CXX object CMakeFiles/cpp_node.dir/src/cpp_node.cpp.o[0m
[ 35%] [32m[1mLinking CXX executable learn_shared_ptr[0m
[ 42%] [32m[1mLinking CXX executable learn_auto[0m
[ 42%] Built target learn_shared_ptr
[35m[1mConsolidate compiler generated dependencies of target learn_lambda[0m
[ 50%] [32mBuilding CXX object CMakeFiles/learn_lambda.dir/src/learn_lambda.cpp.o[0m
[ 50%] Built target learn_auto
[35m[1mConsolidate compiler generated dependencies of target learn_funcational[0m
[ 57%] [32mBuilding CXX object CMakeFiles/learn_funcational.dir/src/learn_funcational.cpp.o[0m
[ 64%] [32m[1mLinking CXX executable learn_lambda[0m
[ 64%] Built target learn_lambda
[ 71%] [32m[1mLinking CXX executable learn_funcational[0m
[ 78%] [32mBuilding CXX object CMakeFiles/learn_thread.dir/src/learn_thread.cpp.o[0m
[ 78%] Built target learn_funcational
[ 85%] [32m[1mLinking CXX executable cpp_node[0m
[ 92%] [32m[1mLinking CXX executable person_node[0m
[ 92%] Built target cpp_node
[ 92%] Built target person_node
