[2.581s] Invoking command in '/home/wang/桌面/item/chapter2/chapter2_ws/src/demo_python_pkg': AMENT_PREFIX_PATH=/home/wang/桌面/item/chapter2/chapter2_ws/install/demo_cpp_pkg:${AMENT_PREFIX_PATH} CMAKE_PREFIX_PATH=/home/wang/桌面/item/chapter2/chapter2_ws/install/demo_cpp_pkg:${CMAKE_PREFIX_PATH} PYTHONPATH=/home/wang/桌面/item/chapter2/chapter2_ws/build/demo_python_pkg/prefix_override:/usr/lib/python3/dist-packages/colcon_core/task/python/colcon_distutils_commands:/home/wang/桌面/item/chapter2/chapter2_ws/install/demo_python_pkg/lib/python3.10/site-packages:${PYTHONPATH} /usr/bin/python3 -W ignore:setup.py install is deprecated setup.py egg_info --egg-base ../../build/demo_python_pkg build --build-base /home/wang/桌面/item/chapter2/chapter2_ws/build/demo_python_pkg/build install --record /home/wang/桌面/item/chapter2/chapter2_ws/build/demo_python_pkg/install.log --single-version-externally-managed install_data
[3.348s] running egg_info
[3.351s] writing ../../build/demo_python_pkg/demo_python_pkg.egg-info/PKG-INFO
[3.351s] writing dependency_links to ../../build/demo_python_pkg/demo_python_pkg.egg-info/dependency_links.txt
[3.355s] writing entry points to ../../build/demo_python_pkg/demo_python_pkg.egg-info/entry_points.txt
[3.355s] writing requirements to ../../build/demo_python_pkg/demo_python_pkg.egg-info/requires.txt
[3.355s] writing top-level names to ../../build/demo_python_pkg/demo_python_pkg.egg-info/top_level.txt
[3.359s] reading manifest file '../../build/demo_python_pkg/demo_python_pkg.egg-info/SOURCES.txt'
[3.361s] adding license file 'LICENSE'
[3.363s] writing manifest file '../../build/demo_python_pkg/demo_python_pkg.egg-info/SOURCES.txt'
[3.364s] running build
[3.364s] running build_py
[3.365s] running install
[3.367s] running install_lib
[3.376s] running install_data
[3.376s] running install_egg_info
[3.379s] removing '/home/wang/桌面/item/chapter2/chapter2_ws/install/demo_python_pkg/lib/python3.10/site-packages/demo_python_pkg-0.0.0-py3.10.egg-info' (and everything under it)
[3.381s] Copying ../../build/demo_python_pkg/demo_python_pkg.egg-info to /home/wang/桌面/item/chapter2/chapter2_ws/install/demo_python_pkg/lib/python3.10/site-packages/demo_python_pkg-0.0.0-py3.10.egg-info
[3.384s] running install_scripts
[3.447s] Installing person_node script to /home/wang/桌面/item/chapter2/chapter2_ws/install/demo_python_pkg/lib/demo_python_pkg
[3.448s] Installing python_node script to /home/wang/桌面/item/chapter2/chapter2_ws/install/demo_python_pkg/lib/demo_python_pkg
[3.448s] Installing write_node script to /home/wang/桌面/item/chapter2/chapter2_ws/install/demo_python_pkg/lib/demo_python_pkg
[3.449s] writing list of installed files to '/home/wang/桌面/item/chapter2/chapter2_ws/build/demo_python_pkg/install.log'
[3.529s] Invoked command in '/home/wang/桌面/item/chapter2/chapter2_ws/src/demo_python_pkg' returned '0': AMENT_PREFIX_PATH=/home/wang/桌面/item/chapter2/chapter2_ws/install/demo_cpp_pkg:${AMENT_PREFIX_PATH} CMAKE_PREFIX_PATH=/home/wang/桌面/item/chapter2/chapter2_ws/install/demo_cpp_pkg:${CMAKE_PREFIX_PATH} PYTHONPATH=/home/wang/桌面/item/chapter2/chapter2_ws/build/demo_python_pkg/prefix_override:/usr/lib/python3/dist-packages/colcon_core/task/python/colcon_distutils_commands:/home/wang/桌面/item/chapter2/chapter2_ws/install/demo_python_pkg/lib/python3.10/site-packages:${PYTHONPATH} /usr/bin/python3 -W ignore:setup.py install is deprecated setup.py egg_info --egg-base ../../build/demo_python_pkg build --build-base /home/wang/桌面/item/chapter2/chapter2_ws/build/demo_python_pkg/build install --record /home/wang/桌面/item/chapter2/chapter2_ws/build/demo_python_pkg/install.log --single-version-externally-managed install_data
