[3.064s] Invoking command in '/home/wang/desktop/item/chapter4/chapt4_ws/src/demo_python_service': PYTHONPATH=/home/wang/desktop/item/chapter4/chapt4_ws/build/demo_python_service/prefix_override:/usr/lib/python3/dist-packages/colcon_core/task/python/colcon_distutils_commands:/home/wang/desktop/item/chapter4/chapt4_ws/install/demo_python_service/lib/python3.10/site-packages:${PYTHONPATH} /usr/bin/python3 -W ignore:setup.py install is deprecated setup.py egg_info --egg-base ../../build/demo_python_service build --build-base /home/wang/desktop/item/chapter4/chapt4_ws/build/demo_python_service/build install --record /home/wang/desktop/item/chapter4/chapt4_ws/build/demo_python_service/install.log --single-version-externally-managed install_data
[3.909s] running egg_info
[3.909s] creating ../../build/demo_python_service/demo_python_service.egg-info
[3.909s] writing ../../build/demo_python_service/demo_python_service.egg-info/PKG-INFO
[3.909s] writing dependency_links to ../../build/demo_python_service/demo_python_service.egg-info/dependency_links.txt
[3.910s] writing entry points to ../../build/demo_python_service/demo_python_service.egg-info/entry_points.txt
[3.911s] writing requirements to ../../build/demo_python_service/demo_python_service.egg-info/requires.txt
[3.911s] writing top-level names to ../../build/demo_python_service/demo_python_service.egg-info/top_level.txt
[3.911s] writing manifest file '../../build/demo_python_service/demo_python_service.egg-info/SOURCES.txt'
[3.917s] reading manifest file '../../build/demo_python_service/demo_python_service.egg-info/SOURCES.txt'
[3.919s] adding license file 'LICENSE'
[3.921s] writing manifest file '../../build/demo_python_service/demo_python_service.egg-info/SOURCES.txt'
[3.921s] running build
[3.922s] running build_py
[3.923s] creating /home/wang/desktop/item/chapter4/chapt4_ws/build/demo_python_service/build
[3.923s] creating /home/wang/desktop/item/chapter4/chapt4_ws/build/demo_python_service/build/lib
[3.924s] creating /home/wang/desktop/item/chapter4/chapt4_ws/build/demo_python_service/build/lib/demo_python_service
[3.924s] copying demo_python_service/face_detect_client_node.py -> /home/wang/desktop/item/chapter4/chapt4_ws/build/demo_python_service/build/lib/demo_python_service
[3.925s] copying demo_python_service/__init__.py -> /home/wang/desktop/item/chapter4/chapt4_ws/build/demo_python_service/build/lib/demo_python_service
[3.925s] copying demo_python_service/face_detect_node.py -> /home/wang/desktop/item/chapter4/chapt4_ws/build/demo_python_service/build/lib/demo_python_service
[3.925s] copying demo_python_service/learn_face_detect.py -> /home/wang/desktop/item/chapter4/chapt4_ws/build/demo_python_service/build/lib/demo_python_service
[3.925s] running install
[3.925s] running install_lib
[3.926s] creating /home/wang/desktop/item/chapter4/chapt4_ws/install/demo_python_service/lib/python3.10/site-packages/demo_python_service
[3.927s] copying /home/wang/desktop/item/chapter4/chapt4_ws/build/demo_python_service/build/lib/demo_python_service/face_detect_client_node.py -> /home/wang/desktop/item/chapter4/chapt4_ws/install/demo_python_service/lib/python3.10/site-packages/demo_python_service
[3.927s] copying /home/wang/desktop/item/chapter4/chapt4_ws/build/demo_python_service/build/lib/demo_python_service/__init__.py -> /home/wang/desktop/item/chapter4/chapt4_ws/install/demo_python_service/lib/python3.10/site-packages/demo_python_service
[3.927s] copying /home/wang/desktop/item/chapter4/chapt4_ws/build/demo_python_service/build/lib/demo_python_service/face_detect_node.py -> /home/wang/desktop/item/chapter4/chapt4_ws/install/demo_python_service/lib/python3.10/site-packages/demo_python_service
[3.927s] copying /home/wang/desktop/item/chapter4/chapt4_ws/build/demo_python_service/build/lib/demo_python_service/learn_face_detect.py -> /home/wang/desktop/item/chapter4/chapt4_ws/install/demo_python_service/lib/python3.10/site-packages/demo_python_service
[3.929s] byte-compiling /home/wang/desktop/item/chapter4/chapt4_ws/install/demo_python_service/lib/python3.10/site-packages/demo_python_service/face_detect_client_node.py to face_detect_client_node.cpython-310.pyc
[3.931s] byte-compiling /home/wang/desktop/item/chapter4/chapt4_ws/install/demo_python_service/lib/python3.10/site-packages/demo_python_service/__init__.py to __init__.cpython-310.pyc
[3.932s] byte-compiling /home/wang/desktop/item/chapter4/chapt4_ws/install/demo_python_service/lib/python3.10/site-packages/demo_python_service/face_detect_node.py to face_detect_node.cpython-310.pyc
[3.933s] byte-compiling /home/wang/desktop/item/chapter4/chapt4_ws/install/demo_python_service/lib/python3.10/site-packages/demo_python_service/learn_face_detect.py to learn_face_detect.cpython-310.pyc
[3.934s] running install_data
[3.935s] creating /home/wang/desktop/item/chapter4/chapt4_ws/install/demo_python_service/share/ament_index
[3.935s] creating /home/wang/desktop/item/chapter4/chapt4_ws/install/demo_python_service/share/ament_index/resource_index
[3.935s] creating /home/wang/desktop/item/chapter4/chapt4_ws/install/demo_python_service/share/ament_index/resource_index/packages
[3.935s] copying resource/demo_python_service -> /home/wang/desktop/item/chapter4/chapt4_ws/install/demo_python_service/share/ament_index/resource_index/packages
[3.935s] copying package.xml -> /home/wang/desktop/item/chapter4/chapt4_ws/install/demo_python_service/share/demo_python_service
[3.936s] creating /home/wang/desktop/item/chapter4/chapt4_ws/install/demo_python_service/share/demo_python_service/resource
[3.936s] copying resource/default.jpg -> /home/wang/desktop/item/chapter4/chapt4_ws/install/demo_python_service/share/demo_python_service/resource
[3.937s] copying resource/test1.jpg -> /home/wang/desktop/item/chapter4/chapt4_ws/install/demo_python_service/share/demo_python_service/resource
[3.937s] creating /home/wang/desktop/item/chapter4/chapt4_ws/install/demo_python_service/share/demo_python_service/launch
[3.940s] copying launch/demo.launch.py -> /home/wang/desktop/item/chapter4/chapt4_ws/install/demo_python_service/share/demo_python_service/launch
[3.941s] running install_egg_info
[3.954s] Copying ../../build/demo_python_service/demo_python_service.egg-info to /home/wang/desktop/item/chapter4/chapt4_ws/install/demo_python_service/lib/python3.10/site-packages/demo_python_service-0.0.0-py3.10.egg-info
[3.955s] running install_scripts
[4.009s] Installing face_detect_client_node script to /home/wang/desktop/item/chapter4/chapt4_ws/install/demo_python_service/lib/demo_python_service
[4.011s] Installing face_detect_node script to /home/wang/desktop/item/chapter4/chapt4_ws/install/demo_python_service/lib/demo_python_service
[4.012s] Installing learn_face_detect script to /home/wang/desktop/item/chapter4/chapt4_ws/install/demo_python_service/lib/demo_python_service
[4.012s] writing list of installed files to '/home/wang/desktop/item/chapter4/chapt4_ws/build/demo_python_service/install.log'
[4.084s] Invoked command in '/home/wang/desktop/item/chapter4/chapt4_ws/src/demo_python_service' returned '0': PYTHONPATH=/home/wang/desktop/item/chapter4/chapt4_ws/build/demo_python_service/prefix_override:/usr/lib/python3/dist-packages/colcon_core/task/python/colcon_distutils_commands:/home/wang/desktop/item/chapter4/chapt4_ws/install/demo_python_service/lib/python3.10/site-packages:${PYTHONPATH} /usr/bin/python3 -W ignore:setup.py install is deprecated setup.py egg_info --egg-base ../../build/demo_python_service build --build-base /home/wang/desktop/item/chapter4/chapt4_ws/build/demo_python_service/build install --record /home/wang/desktop/item/chapter4/chapt4_ws/build/demo_python_service/install.log --single-version-externally-managed install_data
