[2.099s] Invoking command in '/home/wang/桌面/item/chapter3/topic_ws/src/demo_python_topic': PYTHONPATH=/home/wang/桌面/item/chapter3/topic_ws/build/demo_python_topic/prefix_override:/usr/lib/python3/dist-packages/colcon_core/task/python/colcon_distutils_commands:/home/wang/桌面/item/chapter3/topic_ws/install/demo_python_topic/lib/python3.10/site-packages:${PYTHONPATH} /usr/bin/python3 -W ignore:setup.py install is deprecated setup.py egg_info --egg-base ../../build/demo_python_topic build --build-base /home/wang/桌面/item/chapter3/topic_ws/build/demo_python_topic/build install --record /home/wang/桌面/item/chapter3/topic_ws/build/demo_python_topic/install.log --single-version-externally-managed install_data
[3.065s] running egg_info
[3.066s] writing ../../build/demo_python_topic/demo_python_topic.egg-info/PKG-INFO
[3.067s] writing dependency_links to ../../build/demo_python_topic/demo_python_topic.egg-info/dependency_links.txt
[3.068s] writing entry points to ../../build/demo_python_topic/demo_python_topic.egg-info/entry_points.txt
[3.068s] writing requirements to ../../build/demo_python_topic/demo_python_topic.egg-info/requires.txt
[3.068s] writing top-level names to ../../build/demo_python_topic/demo_python_topic.egg-info/top_level.txt
[3.073s] reading manifest file '../../build/demo_python_topic/demo_python_topic.egg-info/SOURCES.txt'
[3.073s] adding license file 'LICENSE'
[3.075s] writing manifest file '../../build/demo_python_topic/demo_python_topic.egg-info/SOURCES.txt'
[3.078s] running build
[3.079s] running build_py
[3.079s] copying demo_python_topic/novel_pub_node.py -> /home/wang/桌面/item/chapter3/topic_ws/build/demo_python_topic/build/lib/demo_python_topic
[3.080s] running install
[3.081s] running install_lib
[3.084s] copying /home/wang/桌面/item/chapter3/topic_ws/build/demo_python_topic/build/lib/demo_python_topic/novel_pub_node.py -> /home/wang/桌面/item/chapter3/topic_ws/install/demo_python_topic/lib/python3.10/site-packages/demo_python_topic
[3.086s] byte-compiling /home/wang/桌面/item/chapter3/topic_ws/install/demo_python_topic/lib/python3.10/site-packages/demo_python_topic/novel_pub_node.py to novel_pub_node.cpython-310.pyc
[3.088s] running install_data
[3.089s] running install_egg_info
[3.106s] removing '/home/wang/桌面/item/chapter3/topic_ws/install/demo_python_topic/lib/python3.10/site-packages/demo_python_topic-0.0.0-py3.10.egg-info' (and everything under it)
[3.107s] Copying ../../build/demo_python_topic/demo_python_topic.egg-info to /home/wang/桌面/item/chapter3/topic_ws/install/demo_python_topic/lib/python3.10/site-packages/demo_python_topic-0.0.0-py3.10.egg-info
[3.109s] running install_scripts
[3.174s] Installing novel_pub_node script to /home/wang/桌面/item/chapter3/topic_ws/install/demo_python_topic/lib/demo_python_topic
[3.174s] writing list of installed files to '/home/wang/桌面/item/chapter3/topic_ws/build/demo_python_topic/install.log'
[3.235s] Invoked command in '/home/wang/桌面/item/chapter3/topic_ws/src/demo_python_topic' returned '0': PYTHONPATH=/home/wang/桌面/item/chapter3/topic_ws/build/demo_python_topic/prefix_override:/usr/lib/python3/dist-packages/colcon_core/task/python/colcon_distutils_commands:/home/wang/桌面/item/chapter3/topic_ws/install/demo_python_topic/lib/python3.10/site-packages:${PYTHONPATH} /usr/bin/python3 -W ignore:setup.py install is deprecated setup.py egg_info --egg-base ../../build/demo_python_topic build --build-base /home/wang/桌面/item/chapter3/topic_ws/build/demo_python_topic/build install --record /home/wang/桌面/item/chapter3/topic_ws/build/demo_python_topic/install.log --single-version-externally-managed install_data
