[0.350s] DEBUG:colcon:Command line arguments: ['/usr/bin/colcon', 'build']
[0.350s] DEBUG:colcon:Parsed command line arguments: Namespace(log_base=None, log_level=None, verb_name='build', build_base='build', install_base='install', merge_install=False, symlink_install=False, test_result_base=None, continue_on_error=False, executor='parallel', parallel_workers=4, event_handlers=None, ignore_user_meta=False, metas=['./colcon.meta'], base_paths=['.'], packages_ignore=None, packages_ignore_regex=None, paths=None, packages_up_to=None, packages_up_to_regex=None, packages_above=None, packages_above_and_dependencies=None, packages_above_depth=None, packages_select_by_dep=None, packages_skip_by_dep=None, packages_skip_up_to=None, packages_select_build_failed=False, packages_skip_build_finished=False, packages_select_test_failures=False, packages_skip_test_passed=False, packages_select=None, packages_skip=None, packages_select_regex=None, packages_skip_regex=None, packages_start=None, packages_end=None, allow_overriding=[], cmake_args=None, cmake_target=None, cmake_target_skip_unavailable=False, cmake_clean_cache=False, cmake_clean_first=False, cmake_force_configure=False, ament_cmake_args=None, catkin_cmake_args=None, catkin_skip_building_tests=False, verb_parser=<colcon_defaults.argument_parser.defaults.DefaultArgumentsDecorator object at 0x793b4fc41ae0>, verb_extension=<colcon_core.verb.build.BuildVerb object at 0x793b4fc415a0>, main=<bound method BuildVerb.main of <colcon_core.verb.build.BuildVerb object at 0x793b4fc415a0>>)
[0.895s] Level 1:colcon.colcon_core.package_discovery:discover_packages(colcon_meta) check parameters
[0.896s] Level 1:colcon.colcon_core.package_discovery:discover_packages(recursive) check parameters
[0.897s] Level 1:colcon.colcon_core.package_discovery:discover_packages(ignore) check parameters
[0.897s] Level 1:colcon.colcon_core.package_discovery:discover_packages(path) check parameters
[0.898s] Level 1:colcon.colcon_core.package_discovery:discover_packages(colcon_meta) discover
[0.898s] Level 1:colcon.colcon_core.package_discovery:discover_packages(recursive) discover
[0.898s] INFO:colcon.colcon_core.package_discovery:Crawling recursively for packages in '/home/wang/桌面/item/chapter2/chapter2_ws'
[0.899s] Level 1:colcon.colcon_core.package_identification:_identify(.) by extensions ['ignore', 'ignore_ament_install']
[0.899s] Level 1:colcon.colcon_core.package_identification:_identify(.) by extension 'ignore'
[0.899s] Level 1:colcon.colcon_core.package_identification:_identify(.) by extension 'ignore_ament_install'
[0.900s] Level 1:colcon.colcon_core.package_identification:_identify(.) by extensions ['colcon_pkg']
[0.900s] Level 1:colcon.colcon_core.package_identification:_identify(.) by extension 'colcon_pkg'
[0.901s] Level 1:colcon.colcon_core.package_identification:_identify(.) by extensions ['colcon_meta']
[0.901s] Level 1:colcon.colcon_core.package_identification:_identify(.) by extension 'colcon_meta'
[0.901s] Level 1:colcon.colcon_core.package_identification:_identify(.) by extensions ['ros']
[0.901s] Level 1:colcon.colcon_core.package_identification:_identify(.) by extension 'ros'
[0.942s] Level 1:colcon.colcon_core.package_identification:_identify(.) by extensions ['cmake', 'python']
[0.942s] Level 1:colcon.colcon_core.package_identification:_identify(.) by extension 'cmake'
[0.942s] Level 1:colcon.colcon_core.package_identification:_identify(.) by extension 'python'
[0.942s] Level 1:colcon.colcon_core.package_identification:_identify(.) by extensions ['python_setup_py']
[0.942s] Level 1:colcon.colcon_core.package_identification:_identify(.) by extension 'python_setup_py'
[0.943s] Level 1:colcon.colcon_core.package_identification:_identify(build) by extensions ['ignore', 'ignore_ament_install']
[0.943s] Level 1:colcon.colcon_core.package_identification:_identify(build) by extension 'ignore'
[0.943s] Level 1:colcon.colcon_core.package_identification:_identify(build) ignored
[0.944s] Level 1:colcon.colcon_core.package_identification:_identify(install) by extensions ['ignore', 'ignore_ament_install']
[0.944s] Level 1:colcon.colcon_core.package_identification:_identify(install) by extension 'ignore'
[0.944s] Level 1:colcon.colcon_core.package_identification:_identify(install) ignored
[0.945s] Level 1:colcon.colcon_core.package_identification:_identify(log) by extensions ['ignore', 'ignore_ament_install']
[0.945s] Level 1:colcon.colcon_core.package_identification:_identify(log) by extension 'ignore'
[0.946s] Level 1:colcon.colcon_core.package_identification:_identify(log) ignored
[0.946s] Level 1:colcon.colcon_core.package_identification:_identify(src) by extensions ['ignore', 'ignore_ament_install']
[0.947s] Level 1:colcon.colcon_core.package_identification:_identify(src) by extension 'ignore'
[0.947s] Level 1:colcon.colcon_core.package_identification:_identify(src) by extension 'ignore_ament_install'
[0.947s] Level 1:colcon.colcon_core.package_identification:_identify(src) by extensions ['colcon_pkg']
[0.947s] Level 1:colcon.colcon_core.package_identification:_identify(src) by extension 'colcon_pkg'
[0.947s] Level 1:colcon.colcon_core.package_identification:_identify(src) by extensions ['colcon_meta']
[0.947s] Level 1:colcon.colcon_core.package_identification:_identify(src) by extension 'colcon_meta'
[0.948s] Level 1:colcon.colcon_core.package_identification:_identify(src) by extensions ['ros']
[0.948s] Level 1:colcon.colcon_core.package_identification:_identify(src) by extension 'ros'
[0.948s] Level 1:colcon.colcon_core.package_identification:_identify(src) by extensions ['cmake', 'python']
[0.948s] Level 1:colcon.colcon_core.package_identification:_identify(src) by extension 'cmake'
[0.948s] Level 1:colcon.colcon_core.package_identification:_identify(src) by extension 'python'
[0.948s] Level 1:colcon.colcon_core.package_identification:_identify(src) by extensions ['python_setup_py']
[0.948s] Level 1:colcon.colcon_core.package_identification:_identify(src) by extension 'python_setup_py'
[0.949s] Level 1:colcon.colcon_core.package_identification:_identify(src/demo_cpp_pkg) by extensions ['ignore', 'ignore_ament_install']
[0.949s] Level 1:colcon.colcon_core.package_identification:_identify(src/demo_cpp_pkg) by extension 'ignore'
[0.949s] Level 1:colcon.colcon_core.package_identification:_identify(src/demo_cpp_pkg) by extension 'ignore_ament_install'
[0.949s] Level 1:colcon.colcon_core.package_identification:_identify(src/demo_cpp_pkg) by extensions ['colcon_pkg']
[0.949s] Level 1:colcon.colcon_core.package_identification:_identify(src/demo_cpp_pkg) by extension 'colcon_pkg'
[0.949s] Level 1:colcon.colcon_core.package_identification:_identify(src/demo_cpp_pkg) by extensions ['colcon_meta']
[0.950s] Level 1:colcon.colcon_core.package_identification:_identify(src/demo_cpp_pkg) by extension 'colcon_meta'
[0.950s] Level 1:colcon.colcon_core.package_identification:_identify(src/demo_cpp_pkg) by extensions ['ros']
[0.950s] Level 1:colcon.colcon_core.package_identification:_identify(src/demo_cpp_pkg) by extension 'ros'
[0.958s] DEBUG:colcon.colcon_core.package_identification:Package 'src/demo_cpp_pkg' with type 'ros.ament_cmake' and name 'demo_cpp_pkg'
[0.959s] Level 1:colcon.colcon_core.package_identification:_identify(src/demo_python_pkg) by extensions ['ignore', 'ignore_ament_install']
[0.959s] Level 1:colcon.colcon_core.package_identification:_identify(src/demo_python_pkg) by extension 'ignore'
[0.959s] Level 1:colcon.colcon_core.package_identification:_identify(src/demo_python_pkg) by extension 'ignore_ament_install'
[0.959s] Level 1:colcon.colcon_core.package_identification:_identify(src/demo_python_pkg) by extensions ['colcon_pkg']
[0.960s] Level 1:colcon.colcon_core.package_identification:_identify(src/demo_python_pkg) by extension 'colcon_pkg'
[0.960s] Level 1:colcon.colcon_core.package_identification:_identify(src/demo_python_pkg) by extensions ['colcon_meta']
[0.960s] Level 1:colcon.colcon_core.package_identification:_identify(src/demo_python_pkg) by extension 'colcon_meta'
[0.960s] Level 1:colcon.colcon_core.package_identification:_identify(src/demo_python_pkg) by extensions ['ros']
[0.960s] Level 1:colcon.colcon_core.package_identification:_identify(src/demo_python_pkg) by extension 'ros'
[0.962s] DEBUG:colcon.colcon_core.package_identification:Package 'src/demo_python_pkg' with type 'ros.ament_python' and name 'demo_python_pkg'
[0.963s] Level 1:colcon.colcon_core.package_discovery:discover_packages(recursive) using defaults
[0.963s] Level 1:colcon.colcon_core.package_discovery:discover_packages(ignore) discover
[0.963s] Level 1:colcon.colcon_core.package_discovery:discover_packages(ignore) using defaults
[0.963s] Level 1:colcon.colcon_core.package_discovery:discover_packages(path) discover
[0.963s] Level 1:colcon.colcon_core.package_discovery:discover_packages(path) using defaults
[1.069s] Level 1:colcon.colcon_core.package_discovery:discover_packages(prefix_path) check parameters
[1.070s] Level 1:colcon.colcon_core.package_discovery:discover_packages(prefix_path) discover
[1.076s] DEBUG:colcon.colcon_installed_package_information.package_discovery:Found 2 installed packages in /home/wang/桌面/item/chapter2/chapter2_ws/install
[1.079s] DEBUG:colcon.colcon_installed_package_information.package_discovery:Found 17 installed packages in /home/wang/tb3_ws/install
[1.084s] DEBUG:colcon.colcon_installed_package_information.package_discovery:Found 406 installed packages in /opt/ros/humble
[1.091s] Level 1:colcon.colcon_core.package_discovery:discover_packages(prefix_path) using defaults
[1.273s] Level 5:colcon.colcon_core.verb:set package 'demo_cpp_pkg' build argument 'cmake_args' from command line to 'None'
[1.274s] Level 5:colcon.colcon_core.verb:set package 'demo_cpp_pkg' build argument 'cmake_target' from command line to 'None'
[1.274s] Level 5:colcon.colcon_core.verb:set package 'demo_cpp_pkg' build argument 'cmake_target_skip_unavailable' from command line to 'False'
[1.275s] Level 5:colcon.colcon_core.verb:set package 'demo_cpp_pkg' build argument 'cmake_clean_cache' from command line to 'False'
[1.275s] Level 5:colcon.colcon_core.verb:set package 'demo_cpp_pkg' build argument 'cmake_clean_first' from command line to 'False'
[1.275s] Level 5:colcon.colcon_core.verb:set package 'demo_cpp_pkg' build argument 'cmake_force_configure' from command line to 'False'
[1.275s] Level 5:colcon.colcon_core.verb:set package 'demo_cpp_pkg' build argument 'ament_cmake_args' from command line to 'None'
[1.275s] Level 5:colcon.colcon_core.verb:set package 'demo_cpp_pkg' build argument 'catkin_cmake_args' from command line to 'None'
[1.275s] Level 5:colcon.colcon_core.verb:set package 'demo_cpp_pkg' build argument 'catkin_skip_building_tests' from command line to 'False'
[1.276s] DEBUG:colcon.colcon_core.verb:Building package 'demo_cpp_pkg' with the following arguments: {'ament_cmake_args': None, 'build_base': '/home/wang/桌面/item/chapter2/chapter2_ws/build/demo_cpp_pkg', 'catkin_cmake_args': None, 'catkin_skip_building_tests': False, 'cmake_args': None, 'cmake_clean_cache': False, 'cmake_clean_first': False, 'cmake_force_configure': False, 'cmake_target': None, 'cmake_target_skip_unavailable': False, 'install_base': '/home/wang/桌面/item/chapter2/chapter2_ws/install/demo_cpp_pkg', 'merge_install': False, 'path': '/home/wang/桌面/item/chapter2/chapter2_ws/src/demo_cpp_pkg', 'symlink_install': False, 'test_result_base': None}
[1.278s] Level 5:colcon.colcon_core.verb:set package 'demo_python_pkg' build argument 'cmake_args' from command line to 'None'
[1.279s] Level 5:colcon.colcon_core.verb:set package 'demo_python_pkg' build argument 'cmake_target' from command line to 'None'
[1.279s] Level 5:colcon.colcon_core.verb:set package 'demo_python_pkg' build argument 'cmake_target_skip_unavailable' from command line to 'False'
[1.280s] Level 5:colcon.colcon_core.verb:set package 'demo_python_pkg' build argument 'cmake_clean_cache' from command line to 'False'
[1.280s] Level 5:colcon.colcon_core.verb:set package 'demo_python_pkg' build argument 'cmake_clean_first' from command line to 'False'
[1.280s] Level 5:colcon.colcon_core.verb:set package 'demo_python_pkg' build argument 'cmake_force_configure' from command line to 'False'
[1.280s] Level 5:colcon.colcon_core.verb:set package 'demo_python_pkg' build argument 'ament_cmake_args' from command line to 'None'
[1.280s] Level 5:colcon.colcon_core.verb:set package 'demo_python_pkg' build argument 'catkin_cmake_args' from command line to 'None'
[1.280s] Level 5:colcon.colcon_core.verb:set package 'demo_python_pkg' build argument 'catkin_skip_building_tests' from command line to 'False'
[1.280s] DEBUG:colcon.colcon_core.verb:Building package 'demo_python_pkg' with the following arguments: {'ament_cmake_args': None, 'build_base': '/home/wang/桌面/item/chapter2/chapter2_ws/build/demo_python_pkg', 'catkin_cmake_args': None, 'catkin_skip_building_tests': False, 'cmake_args': None, 'cmake_clean_cache': False, 'cmake_clean_first': False, 'cmake_force_configure': False, 'cmake_target': None, 'cmake_target_skip_unavailable': False, 'install_base': '/home/wang/桌面/item/chapter2/chapter2_ws/install/demo_python_pkg', 'merge_install': False, 'path': '/home/wang/桌面/item/chapter2/chapter2_ws/src/demo_python_pkg', 'symlink_install': False, 'test_result_base': None}
[1.280s] INFO:colcon.colcon_core.executor:Executing jobs using 'parallel' executor
[1.286s] DEBUG:colcon.colcon_parallel_executor.executor.parallel:run_until_complete
[1.287s] INFO:colcon.colcon_ros.task.ament_cmake.build:Building ROS package in '/home/wang/桌面/item/chapter2/chapter2_ws/src/demo_cpp_pkg' with build type 'ament_cmake'
[1.289s] INFO:colcon.colcon_cmake.task.cmake.build:Building CMake package in '/home/wang/桌面/item/chapter2/chapter2_ws/src/demo_cpp_pkg'
[1.295s] INFO:colcon.colcon_core.plugin_system:Skipping extension 'colcon_core.shell.bat': Not used on non-Windows systems
[1.296s] INFO:colcon.colcon_core.shell:Skip shell extension 'powershell' for command environment: Not usable outside of PowerShell
[1.296s] DEBUG:colcon.colcon_core.shell:Skip shell extension 'dsv' for command environment
[1.347s] DEBUG:colcon.colcon_core.event_handler.log_command:Invoking command in '/home/wang/桌面/item/chapter2/chapter2_ws/build/demo_cpp_pkg': CMAKE_PREFIX_PATH=${CMAKE_PREFIX_PATH}:/home/wang/桌面/item/chapter2/chapter2_ws/install/demo_python_pkg:/home/wang/tb3_ws/install/turtlebot3_teleop:/home/wang/tb3_ws/install/turtlebot3_example:/opt/ros/humble /usr/bin/cmake --build /home/wang/桌面/item/chapter2/chapter2_ws/build/demo_cpp_pkg -- -j4 -l4
[3.336s] DEBUG:colcon.colcon_core.event_handler.log_command:Invoked command in '/home/wang/桌面/item/chapter2/chapter2_ws/build/demo_cpp_pkg' returned '0': CMAKE_PREFIX_PATH=${CMAKE_PREFIX_PATH}:/home/wang/桌面/item/chapter2/chapter2_ws/install/demo_python_pkg:/home/wang/tb3_ws/install/turtlebot3_teleop:/home/wang/tb3_ws/install/turtlebot3_example:/opt/ros/humble /usr/bin/cmake --build /home/wang/桌面/item/chapter2/chapter2_ws/build/demo_cpp_pkg -- -j4 -l4
[3.545s] DEBUG:colcon.colcon_core.event_handler.log_command:Invoking command in '/home/wang/桌面/item/chapter2/chapter2_ws/build/demo_cpp_pkg': CMAKE_PREFIX_PATH=${CMAKE_PREFIX_PATH}:/home/wang/桌面/item/chapter2/chapter2_ws/install/demo_python_pkg:/home/wang/tb3_ws/install/turtlebot3_teleop:/home/wang/tb3_ws/install/turtlebot3_example:/opt/ros/humble /usr/bin/cmake --install /home/wang/桌面/item/chapter2/chapter2_ws/build/demo_cpp_pkg
[3.597s] Level 1:colcon.colcon_core.environment:create_environment_scripts_only(demo_cpp_pkg)
[3.610s] Level 1:colcon.colcon_core.environment:checking '/home/wang/桌面/item/chapter2/chapter2_ws/install/demo_cpp_pkg' for CMake module files
[3.616s] Level 1:colcon.colcon_core.environment:checking '/home/wang/桌面/item/chapter2/chapter2_ws/install/demo_cpp_pkg' for CMake config files
[3.614s] DEBUG:colcon.colcon_core.event_handler.log_command:Invoked command in '/home/wang/桌面/item/chapter2/chapter2_ws/build/demo_cpp_pkg' returned '0': CMAKE_PREFIX_PATH=${CMAKE_PREFIX_PATH}:/home/wang/桌面/item/chapter2/chapter2_ws/install/demo_python_pkg:/home/wang/tb3_ws/install/turtlebot3_teleop:/home/wang/tb3_ws/install/turtlebot3_example:/opt/ros/humble /usr/bin/cmake --install /home/wang/桌面/item/chapter2/chapter2_ws/build/demo_cpp_pkg
[3.617s] Level 1:colcon.colcon_core.shell:create_environment_hook('demo_cpp_pkg', 'cmake_prefix_path')
[3.618s] INFO:colcon.colcon_core.shell:Creating environment hook '/home/wang/桌面/item/chapter2/chapter2_ws/install/demo_cpp_pkg/share/demo_cpp_pkg/hook/cmake_prefix_path.ps1'
[3.621s] INFO:colcon.colcon_core.shell:Creating environment descriptor '/home/wang/桌面/item/chapter2/chapter2_ws/install/demo_cpp_pkg/share/demo_cpp_pkg/hook/cmake_prefix_path.dsv'
[3.622s] INFO:colcon.colcon_core.shell:Creating environment hook '/home/wang/桌面/item/chapter2/chapter2_ws/install/demo_cpp_pkg/share/demo_cpp_pkg/hook/cmake_prefix_path.sh'
[3.626s] Level 1:colcon.colcon_core.environment:checking '/home/wang/桌面/item/chapter2/chapter2_ws/install/demo_cpp_pkg/lib'
[3.626s] Level 1:colcon.colcon_core.environment:checking '/home/wang/桌面/item/chapter2/chapter2_ws/install/demo_cpp_pkg/bin'
[3.627s] Level 1:colcon.colcon_core.environment:checking '/home/wang/桌面/item/chapter2/chapter2_ws/install/demo_cpp_pkg/lib/pkgconfig/demo_cpp_pkg.pc'
[3.628s] Level 1:colcon.colcon_core.environment:checking '/home/wang/桌面/item/chapter2/chapter2_ws/install/demo_cpp_pkg/lib/python3.10/site-packages'
[3.629s] Level 1:colcon.colcon_core.environment:checking '/home/wang/桌面/item/chapter2/chapter2_ws/install/demo_cpp_pkg/bin'
[3.629s] INFO:colcon.colcon_core.shell:Creating package script '/home/wang/桌面/item/chapter2/chapter2_ws/install/demo_cpp_pkg/share/demo_cpp_pkg/package.ps1'
[3.632s] INFO:colcon.colcon_core.shell:Creating package descriptor '/home/wang/桌面/item/chapter2/chapter2_ws/install/demo_cpp_pkg/share/demo_cpp_pkg/package.dsv'
[3.634s] INFO:colcon.colcon_core.shell:Creating package script '/home/wang/桌面/item/chapter2/chapter2_ws/install/demo_cpp_pkg/share/demo_cpp_pkg/package.sh'
[3.638s] INFO:colcon.colcon_core.shell:Creating package script '/home/wang/桌面/item/chapter2/chapter2_ws/install/demo_cpp_pkg/share/demo_cpp_pkg/package.bash'
[3.640s] INFO:colcon.colcon_core.shell:Creating package script '/home/wang/桌面/item/chapter2/chapter2_ws/install/demo_cpp_pkg/share/demo_cpp_pkg/package.zsh'
[3.643s] Level 1:colcon.colcon_core.environment:create_file_with_runtime_dependencies(/home/wang/桌面/item/chapter2/chapter2_ws/install/demo_cpp_pkg/share/colcon-core/packages/demo_cpp_pkg)
[3.816s] Level 1:colcon.colcon_core.environment:create_environment_scripts_only(demo_cpp_pkg)
[3.817s] Level 1:colcon.colcon_core.environment:checking '/home/wang/桌面/item/chapter2/chapter2_ws/install/demo_cpp_pkg' for CMake module files
[3.819s] Level 1:colcon.colcon_core.environment:checking '/home/wang/桌面/item/chapter2/chapter2_ws/install/demo_cpp_pkg' for CMake config files
[3.820s] Level 1:colcon.colcon_core.shell:create_environment_hook('demo_cpp_pkg', 'cmake_prefix_path')
[3.823s] INFO:colcon.colcon_core.shell:Creating environment hook '/home/wang/桌面/item/chapter2/chapter2_ws/install/demo_cpp_pkg/share/demo_cpp_pkg/hook/cmake_prefix_path.ps1'
[3.825s] INFO:colcon.colcon_core.shell:Creating environment descriptor '/home/wang/桌面/item/chapter2/chapter2_ws/install/demo_cpp_pkg/share/demo_cpp_pkg/hook/cmake_prefix_path.dsv'
[3.830s] INFO:colcon.colcon_core.shell:Creating environment hook '/home/wang/桌面/item/chapter2/chapter2_ws/install/demo_cpp_pkg/share/demo_cpp_pkg/hook/cmake_prefix_path.sh'
[3.833s] Level 1:colcon.colcon_core.environment:checking '/home/wang/桌面/item/chapter2/chapter2_ws/install/demo_cpp_pkg/lib'
[3.833s] Level 1:colcon.colcon_core.environment:checking '/home/wang/桌面/item/chapter2/chapter2_ws/install/demo_cpp_pkg/bin'
[3.839s] Level 1:colcon.colcon_core.environment:checking '/home/wang/桌面/item/chapter2/chapter2_ws/install/demo_cpp_pkg/lib/pkgconfig/demo_cpp_pkg.pc'
[3.839s] Level 1:colcon.colcon_core.environment:checking '/home/wang/桌面/item/chapter2/chapter2_ws/install/demo_cpp_pkg/lib/python3.10/site-packages'
[3.840s] Level 1:colcon.colcon_core.environment:checking '/home/wang/桌面/item/chapter2/chapter2_ws/install/demo_cpp_pkg/bin'
[3.842s] INFO:colcon.colcon_core.shell:Creating package script '/home/wang/桌面/item/chapter2/chapter2_ws/install/demo_cpp_pkg/share/demo_cpp_pkg/package.ps1'
[3.845s] INFO:colcon.colcon_core.shell:Creating package descriptor '/home/wang/桌面/item/chapter2/chapter2_ws/install/demo_cpp_pkg/share/demo_cpp_pkg/package.dsv'
[3.851s] INFO:colcon.colcon_core.shell:Creating package script '/home/wang/桌面/item/chapter2/chapter2_ws/install/demo_cpp_pkg/share/demo_cpp_pkg/package.sh'
[3.853s] INFO:colcon.colcon_core.shell:Creating package script '/home/wang/桌面/item/chapter2/chapter2_ws/install/demo_cpp_pkg/share/demo_cpp_pkg/package.bash'
[3.856s] INFO:colcon.colcon_core.shell:Creating package script '/home/wang/桌面/item/chapter2/chapter2_ws/install/demo_cpp_pkg/share/demo_cpp_pkg/package.zsh'
[3.862s] Level 1:colcon.colcon_core.environment:create_file_with_runtime_dependencies(/home/wang/桌面/item/chapter2/chapter2_ws/install/demo_cpp_pkg/share/colcon-core/packages/demo_cpp_pkg)
[3.863s] INFO:colcon.colcon_ros.task.ament_python.build:Building ROS package in '/home/wang/桌面/item/chapter2/chapter2_ws/src/demo_python_pkg' with build type 'ament_python'
[3.864s] Level 1:colcon.colcon_core.shell:create_environment_hook('demo_python_pkg', 'ament_prefix_path')
[3.866s] INFO:colcon.colcon_core.shell:Creating environment hook '/home/wang/桌面/item/chapter2/chapter2_ws/install/demo_python_pkg/share/demo_python_pkg/hook/ament_prefix_path.ps1'
[3.868s] INFO:colcon.colcon_core.shell:Creating environment descriptor '/home/wang/桌面/item/chapter2/chapter2_ws/install/demo_python_pkg/share/demo_python_pkg/hook/ament_prefix_path.dsv'
[3.871s] INFO:colcon.colcon_core.shell:Creating environment hook '/home/wang/桌面/item/chapter2/chapter2_ws/install/demo_python_pkg/share/demo_python_pkg/hook/ament_prefix_path.sh'
[3.876s] INFO:colcon.colcon_core.shell:Skip shell extension 'powershell' for command environment: Not usable outside of PowerShell
[3.876s] DEBUG:colcon.colcon_core.shell:Skip shell extension 'dsv' for command environment
[4.765s] INFO:colcon.colcon_core.task.python.build:Building Python package in '/home/wang/桌面/item/chapter2/chapter2_ws/src/demo_python_pkg'
[4.765s] INFO:colcon.colcon_core.shell:Skip shell extension 'powershell' for command environment: Not usable outside of PowerShell
[4.766s] DEBUG:colcon.colcon_core.shell:Skip shell extension 'dsv' for command environment
[6.017s] DEBUG:colcon.colcon_core.event_handler.log_command:Invoking command in '/home/wang/桌面/item/chapter2/chapter2_ws/src/demo_python_pkg': PYTHONPATH=/home/wang/桌面/item/chapter2/chapter2_ws/build/demo_python_pkg/prefix_override:/usr/lib/python3/dist-packages/colcon_core/task/python/colcon_distutils_commands:/home/wang/桌面/item/chapter2/chapter2_ws/install/demo_python_pkg/lib/python3.10/site-packages:${PYTHONPATH} /usr/bin/python3 -W ignore:setup.py install is deprecated setup.py egg_info --egg-base ../../build/demo_python_pkg build --build-base /home/wang/桌面/item/chapter2/chapter2_ws/build/demo_python_pkg/build install --record /home/wang/桌面/item/chapter2/chapter2_ws/build/demo_python_pkg/install.log --single-version-externally-managed install_data
[6.999s] Level 1:colcon.colcon_core.environment:checking '/home/wang/桌面/item/chapter2/chapter2_ws/install/demo_python_pkg' for CMake module files
[7.005s] DEBUG:colcon.colcon_core.event_handler.log_command:Invoked command in '/home/wang/桌面/item/chapter2/chapter2_ws/src/demo_python_pkg' returned '0': PYTHONPATH=/home/wang/桌面/item/chapter2/chapter2_ws/build/demo_python_pkg/prefix_override:/usr/lib/python3/dist-packages/colcon_core/task/python/colcon_distutils_commands:/home/wang/桌面/item/chapter2/chapter2_ws/install/demo_python_pkg/lib/python3.10/site-packages:${PYTHONPATH} /usr/bin/python3 -W ignore:setup.py install is deprecated setup.py egg_info --egg-base ../../build/demo_python_pkg build --build-base /home/wang/桌面/item/chapter2/chapter2_ws/build/demo_python_pkg/build install --record /home/wang/桌面/item/chapter2/chapter2_ws/build/demo_python_pkg/install.log --single-version-externally-managed install_data
[7.009s] Level 1:colcon.colcon_core.environment:checking '/home/wang/桌面/item/chapter2/chapter2_ws/install/demo_python_pkg' for CMake config files
[7.010s] Level 1:colcon.colcon_core.environment:checking '/home/wang/桌面/item/chapter2/chapter2_ws/install/demo_python_pkg/lib'
[7.010s] Level 1:colcon.colcon_core.environment:checking '/home/wang/桌面/item/chapter2/chapter2_ws/install/demo_python_pkg/bin'
[7.010s] Level 1:colcon.colcon_core.environment:checking '/home/wang/桌面/item/chapter2/chapter2_ws/install/demo_python_pkg/lib/pkgconfig/demo_python_pkg.pc'
[7.010s] Level 1:colcon.colcon_core.environment:checking '/home/wang/桌面/item/chapter2/chapter2_ws/install/demo_python_pkg/lib/python3.10/site-packages'
[7.011s] Level 1:colcon.colcon_core.shell:create_environment_hook('demo_python_pkg', 'pythonpath')
[7.012s] INFO:colcon.colcon_core.shell:Creating environment hook '/home/wang/桌面/item/chapter2/chapter2_ws/install/demo_python_pkg/share/demo_python_pkg/hook/pythonpath.ps1'
[7.013s] INFO:colcon.colcon_core.shell:Creating environment descriptor '/home/wang/桌面/item/chapter2/chapter2_ws/install/demo_python_pkg/share/demo_python_pkg/hook/pythonpath.dsv'
[7.014s] INFO:colcon.colcon_core.shell:Creating environment hook '/home/wang/桌面/item/chapter2/chapter2_ws/install/demo_python_pkg/share/demo_python_pkg/hook/pythonpath.sh'
[7.015s] Level 1:colcon.colcon_core.environment:checking '/home/wang/桌面/item/chapter2/chapter2_ws/install/demo_python_pkg/bin'
[7.015s] Level 1:colcon.colcon_core.environment:create_environment_scripts_only(demo_python_pkg)
[7.016s] INFO:colcon.colcon_core.shell:Creating package script '/home/wang/桌面/item/chapter2/chapter2_ws/install/demo_python_pkg/share/demo_python_pkg/package.ps1'
[7.017s] INFO:colcon.colcon_core.shell:Creating package descriptor '/home/wang/桌面/item/chapter2/chapter2_ws/install/demo_python_pkg/share/demo_python_pkg/package.dsv'
[7.019s] INFO:colcon.colcon_core.shell:Creating package script '/home/wang/桌面/item/chapter2/chapter2_ws/install/demo_python_pkg/share/demo_python_pkg/package.sh'
[7.021s] INFO:colcon.colcon_core.shell:Creating package script '/home/wang/桌面/item/chapter2/chapter2_ws/install/demo_python_pkg/share/demo_python_pkg/package.bash'
[7.023s] INFO:colcon.colcon_core.shell:Creating package script '/home/wang/桌面/item/chapter2/chapter2_ws/install/demo_python_pkg/share/demo_python_pkg/package.zsh'
[7.024s] Level 1:colcon.colcon_core.environment:create_file_with_runtime_dependencies(/home/wang/桌面/item/chapter2/chapter2_ws/install/demo_python_pkg/share/colcon-core/packages/demo_python_pkg)
[7.025s] DEBUG:colcon.colcon_parallel_executor.executor.parallel:closing loop
[7.026s] DEBUG:colcon.colcon_parallel_executor.executor.parallel:loop closed
[7.031s] DEBUG:colcon.colcon_parallel_executor.executor.parallel:run_until_complete finished with '0'
[7.033s] DEBUG:colcon.colcon_core.event_reactor:joining thread
[7.053s] INFO:colcon.colcon_core.plugin_system:Skipping extension 'colcon_notification.desktop_notification.terminal_notifier': Not used on non-Darwin systems
[7.054s] INFO:colcon.colcon_core.plugin_system:Skipping extension 'colcon_notification.desktop_notification.win32': Not used on non-Windows systems
[7.054s] INFO:colcon.colcon_notification.desktop_notification:Sending desktop notification using 'notify2'
[7.110s] DEBUG:colcon.colcon_core.event_reactor:joined thread
[7.111s] INFO:colcon.colcon_core.shell:Creating prefix script '/home/wang/桌面/item/chapter2/chapter2_ws/install/local_setup.ps1'
[7.122s] INFO:colcon.colcon_core.shell:Creating prefix util module '/home/wang/桌面/item/chapter2/chapter2_ws/install/_local_setup_util_ps1.py'
[7.129s] INFO:colcon.colcon_core.shell:Creating prefix chain script '/home/wang/桌面/item/chapter2/chapter2_ws/install/setup.ps1'
[7.141s] INFO:colcon.colcon_core.shell:Creating prefix script '/home/wang/桌面/item/chapter2/chapter2_ws/install/local_setup.sh'
[7.147s] INFO:colcon.colcon_core.shell:Creating prefix util module '/home/wang/桌面/item/chapter2/chapter2_ws/install/_local_setup_util_sh.py'
[7.152s] INFO:colcon.colcon_core.shell:Creating prefix chain script '/home/wang/桌面/item/chapter2/chapter2_ws/install/setup.sh'
[7.159s] INFO:colcon.colcon_core.shell:Creating prefix script '/home/wang/桌面/item/chapter2/chapter2_ws/install/local_setup.bash'
[7.162s] INFO:colcon.colcon_core.shell:Creating prefix chain script '/home/wang/桌面/item/chapter2/chapter2_ws/install/setup.bash'
[7.169s] INFO:colcon.colcon_core.shell:Creating prefix script '/home/wang/桌面/item/chapter2/chapter2_ws/install/local_setup.zsh'
[7.171s] INFO:colcon.colcon_core.shell:Creating prefix chain script '/home/wang/桌面/item/chapter2/chapter2_ws/install/setup.zsh'
