[2.393s] Invoking command in '/home/wang/desktop/item/chapter4/chapt4_ws/src/demo_python_service': PYTHONPATH=/home/wang/desktop/item/chapter4/chapt4_ws/build/demo_python_service/prefix_override:/usr/lib/python3/dist-packages/colcon_core/task/python/colcon_distutils_commands:/home/wang/desktop/item/chapter4/chapt4_ws/install/demo_python_service/lib/python3.10/site-packages:${PYTHONPATH} /usr/bin/python3 -W ignore:setup.py install is deprecated setup.py egg_info --egg-base ../../build/demo_python_service build --build-base /home/wang/desktop/item/chapter4/chapt4_ws/build/demo_python_service/build install --record /home/wang/desktop/item/chapter4/chapt4_ws/build/demo_python_service/install.log --single-version-externally-managed install_data
[3.199s] running egg_info
[3.202s] writing ../../build/demo_python_service/demo_python_service.egg-info/PKG-INFO
[3.206s] writing dependency_links to ../../build/demo_python_service/demo_python_service.egg-info/dependency_links.txt
[3.207s] writing entry points to ../../build/demo_python_service/demo_python_service.egg-info/entry_points.txt
[3.207s] writing requirements to ../../build/demo_python_service/demo_python_service.egg-info/requires.txt
[3.207s] writing top-level names to ../../build/demo_python_service/demo_python_service.egg-info/top_level.txt
[3.215s] reading manifest file '../../build/demo_python_service/demo_python_service.egg-info/SOURCES.txt'
[3.215s] adding license file 'LICENSE'
[3.216s] writing manifest file '../../build/demo_python_service/demo_python_service.egg-info/SOURCES.txt'
[3.217s] running build
[3.217s] running build_py
[3.220s] running install
[3.222s] running install_lib
[3.232s] running install_data
[3.232s] running install_egg_info
[3.239s] removing '/home/wang/desktop/item/chapter4/chapt4_ws/install/demo_python_service/lib/python3.10/site-packages/demo_python_service-0.0.0-py3.10.egg-info' (and everything under it)
[3.244s] Copying ../../build/demo_python_service/demo_python_service.egg-info to /home/wang/desktop/item/chapter4/chapt4_ws/install/demo_python_service/lib/python3.10/site-packages/demo_python_service-0.0.0-py3.10.egg-info
[3.245s] running install_scripts
[3.310s] Installing face_detect_client_node script to /home/wang/desktop/item/chapter4/chapt4_ws/install/demo_python_service/lib/demo_python_service
[3.312s] Installing face_detect_node script to /home/wang/desktop/item/chapter4/chapt4_ws/install/demo_python_service/lib/demo_python_service
[3.312s] Installing learn_face_detect script to /home/wang/desktop/item/chapter4/chapt4_ws/install/demo_python_service/lib/demo_python_service
[3.312s] writing list of installed files to '/home/wang/desktop/item/chapter4/chapt4_ws/build/demo_python_service/install.log'
[3.386s] Invoked command in '/home/wang/desktop/item/chapter4/chapt4_ws/src/demo_python_service' returned '0': PYTHONPATH=/home/wang/desktop/item/chapter4/chapt4_ws/build/demo_python_service/prefix_override:/usr/lib/python3/dist-packages/colcon_core/task/python/colcon_distutils_commands:/home/wang/desktop/item/chapter4/chapt4_ws/install/demo_python_service/lib/python3.10/site-packages:${PYTHONPATH} /usr/bin/python3 -W ignore:setup.py install is deprecated setup.py egg_info --egg-base ../../build/demo_python_service build --build-base /home/wang/desktop/item/chapter4/chapt4_ws/build/demo_python_service/build install --record /home/wang/desktop/item/chapter4/chapt4_ws/build/demo_python_service/install.log --single-version-externally-managed install_data
