[0.039s] Invoking command in '/home/wang/æ¡Œé¢/item/chapter2/chapter2_ws/build/demo_cpp_pkg': CMAKE_PREFIX_PATH=${CMAKE_PREFIX_PATH}:/home/wang/æ¡Œé¢/item/chapter2/chapter2_ws/install/demo_python_pkg:/home/wang/tb3_ws/install/turtlebot3_teleop:/home/wang/tb3_ws/install/turtlebot3_example:/opt/ros/humble /usr/bin/cmake --build /home/wang/æ¡Œé¢/item/chapter2/chapter2_ws/build/demo_cpp_pkg -- -j4 -l4
[0.206s] [35m[1mConsolidate compiler generated dependencies of target person_node[0m
[0.292s] [ 50%] Built target cpp_node
[0.322s] [ 75%] [32mBuilding CXX object CMakeFiles/person_node.dir/src/person_node.cpp.o[0m
[10.024s] [100%] [32m[1mLinking CXX executable person_node[0m
[10.451s] [100%] Built target person_node
[10.485s] Invoked command in '/home/wang/æ¡Œé¢/item/chapter2/chapter2_ws/build/demo_cpp_pkg' returned '0': CMAKE_PREFIX_PATH=${CMAKE_PREFIX_PATH}:/home/wang/æ¡Œé¢/item/chapter2/chapter2_ws/install/demo_python_pkg:/home/wang/tb3_ws/install/turtlebot3_teleop:/home/wang/tb3_ws/install/turtlebot3_example:/opt/ros/humble /usr/bin/cmake --build /home/wang/æ¡Œé¢/item/chapter2/chapter2_ws/build/demo_cpp_pkg -- -j4 -l4
[10.635s] Invoking command in '/home/wang/æ¡Œé¢/item/chapter2/chapter2_ws/build/demo_cpp_pkg': CMAKE_PREFIX_PATH=${CMAKE_PREFIX_PATH}:/home/wang/æ¡Œé¢/item/chapter2/chapter2_ws/install/demo_python_pkg:/home/wang/tb3_ws/install/turtlebot3_teleop:/home/wang/tb3_ws/install/turtlebot3_example:/opt/ros/humble /usr/bin/cmake --install /home/wang/æ¡Œé¢/item/chapter2/chapter2_ws/build/demo_cpp_pkg
[10.667s] -- Install configuration: ""
[10.676s] -- Up-to-date: /home/wang/æ¡Œé¢/item/chapter2/chapter2_ws/install/demo_cpp_pkg/lib/demo_cpp_pkg/cpp_node
[10.676s] -- Installing: /home/wang/æ¡Œé¢/item/chapter2/chapter2_ws/install/demo_cpp_pkg/lib/demo_cpp_pkg/person_node
[10.677s] -- Set runtime path of "/home/wang/æ¡Œé¢/item/chapter2/chapter2_ws/install/demo_cpp_pkg/lib/demo_cpp_pkg/person_node" to ""
[10.682s] -- Up-to-date: /home/wang/æ¡Œé¢/item/chapter2/chapter2_ws/install/demo_cpp_pkg/share/ament_index/resource_index/package_run_dependencies/demo_cpp_pkg
[10.683s] -- Up-to-date: /home/wang/æ¡Œé¢/item/chapter2/chapter2_ws/install/demo_cpp_pkg/share/ament_index/resource_index/parent_prefix_path/demo_cpp_pkg
[10.683s] -- Up-to-date: /home/wang/æ¡Œé¢/item/chapter2/chapter2_ws/install/demo_cpp_pkg/share/demo_cpp_pkg/environment/ament_prefix_path.sh
[10.683s] -- Up-to-date: /home/wang/æ¡Œé¢/item/chapter2/chapter2_ws/install/demo_cpp_pkg/share/demo_cpp_pkg/environment/ament_prefix_path.dsv
[10.683s] -- Up-to-date: /home/wang/æ¡Œé¢/item/chapter2/chapter2_ws/install/demo_cpp_pkg/share/demo_cpp_pkg/environment/path.sh
[10.683s] -- Up-to-date: /home/wang/æ¡Œé¢/item/chapter2/chapter2_ws/install/demo_cpp_pkg/share/demo_cpp_pkg/environment/path.dsv
[10.684s] -- Up-to-date: /home/wang/æ¡Œé¢/item/chapter2/chapter2_ws/install/demo_cpp_pkg/share/demo_cpp_pkg/local_setup.bash
[10.684s] -- Up-to-date: /home/wang/æ¡Œé¢/item/chapter2/chapter2_ws/install/demo_cpp_pkg/share/demo_cpp_pkg/local_setup.sh
[10.688s] -- Up-to-date: /home/wang/æ¡Œé¢/item/chapter2/chapter2_ws/install/demo_cpp_pkg/share/demo_cpp_pkg/local_setup.zsh
[10.688s] -- Up-to-date: /home/wang/æ¡Œé¢/item/chapter2/chapter2_ws/install/demo_cpp_pkg/share/demo_cpp_pkg/local_setup.dsv
[10.689s] -- Installing: /home/wang/æ¡Œé¢/item/chapter2/chapter2_ws/install/demo_cpp_pkg/share/demo_cpp_pkg/package.dsv
[10.689s] -- Up-to-date: /home/wang/æ¡Œé¢/item/chapter2/chapter2_ws/install/demo_cpp_pkg/share/ament_index/resource_index/packages/demo_cpp_pkg
[10.690s] -- Up-to-date: /home/wang/æ¡Œé¢/item/chapter2/chapter2_ws/install/demo_cpp_pkg/share/demo_cpp_pkg/cmake/demo_cpp_pkgConfig.cmake
[10.690s] -- Up-to-date: /home/wang/æ¡Œé¢/item/chapter2/chapter2_ws/install/demo_cpp_pkg/share/demo_cpp_pkg/cmake/demo_cpp_pkgConfig-version.cmake
[10.690s] -- Up-to-date: /home/wang/æ¡Œé¢/item/chapter2/chapter2_ws/install/demo_cpp_pkg/share/demo_cpp_pkg/package.xml
[10.698s] Invoked command in '/home/wang/æ¡Œé¢/item/chapter2/chapter2_ws/build/demo_cpp_pkg' returned '0': CMAKE_PREFIX_PATH=${CMAKE_PREFIX_PATH}:/home/wang/æ¡Œé¢/item/chapter2/chapter2_ws/install/demo_python_pkg:/home/wang/tb3_ws/install/turtlebot3_teleop:/home/wang/tb3_ws/install/turtlebot3_example:/opt/ros/humble /usr/bin/cmake --install /home/wang/æ¡Œé¢/item/chapter2/chapter2_ws/build/demo_cpp_pkg
