[0.024s] Invoking command in '/home/wang/æ¡Œé¢/item/chapter2/chapter2_ws/build/demo_cpp_pkg': CMAKE_PREFIX_PATH=${CMAKE_PREFIX_PATH}:/home/wang/æ¡Œé¢/item/chapter2/install/demo_python_pkg:/home/wang/tb3_ws/install/turtlebot3_teleop:/home/wang/tb3_ws/install/turtlebot3_example:/opt/ros/humble /usr/bin/cmake --build /home/wang/æ¡Œé¢/item/chapter2/chapter2_ws/build/demo_cpp_pkg -- -j4 -l4
[0.145s] [35m[1mConsolidate compiler generated dependencies of target cpp_node[0m
[0.208s] [100%] Built target cpp_node
[0.245s] Invoked command in '/home/wang/æ¡Œé¢/item/chapter2/chapter2_ws/build/demo_cpp_pkg' returned '0': CMAKE_PREFIX_PATH=${CMAKE_PREFIX_PATH}:/home/wang/æ¡Œé¢/item/chapter2/install/demo_python_pkg:/home/wang/tb3_ws/install/turtlebot3_teleop:/home/wang/tb3_ws/install/turtlebot3_example:/opt/ros/humble /usr/bin/cmake --build /home/wang/æ¡Œé¢/item/chapter2/chapter2_ws/build/demo_cpp_pkg -- -j4 -l4
[0.358s] Invoking command in '/home/wang/æ¡Œé¢/item/chapter2/chapter2_ws/build/demo_cpp_pkg': CMAKE_PREFIX_PATH=${CMAKE_PREFIX_PATH}:/home/wang/æ¡Œé¢/item/chapter2/install/demo_python_pkg:/home/wang/tb3_ws/install/turtlebot3_teleop:/home/wang/tb3_ws/install/turtlebot3_example:/opt/ros/humble /usr/bin/cmake --install /home/wang/æ¡Œé¢/item/chapter2/chapter2_ws/build/demo_cpp_pkg
[0.384s] -- Install configuration: ""
[0.388s] -- Up-to-date: /home/wang/æ¡Œé¢/item/chapter2/chapter2_ws/install/demo_cpp_pkg/lib/demo_cpp_pkg/cpp_node
[0.388s] -- Up-to-date: /home/wang/æ¡Œé¢/item/chapter2/chapter2_ws/install/demo_cpp_pkg/share/ament_index/resource_index/package_run_dependencies/demo_cpp_pkg
[0.388s] -- Up-to-date: /home/wang/æ¡Œé¢/item/chapter2/chapter2_ws/install/demo_cpp_pkg/share/ament_index/resource_index/parent_prefix_path/demo_cpp_pkg
[0.388s] -- Up-to-date: /home/wang/æ¡Œé¢/item/chapter2/chapter2_ws/install/demo_cpp_pkg/share/demo_cpp_pkg/environment/ament_prefix_path.sh
[0.388s] -- Up-to-date: /home/wang/æ¡Œé¢/item/chapter2/chapter2_ws/install/demo_cpp_pkg/share/demo_cpp_pkg/environment/ament_prefix_path.dsv
[0.389s] -- Up-to-date: /home/wang/æ¡Œé¢/item/chapter2/chapter2_ws/install/demo_cpp_pkg/share/demo_cpp_pkg/environment/path.sh
[0.389s] -- Up-to-date: /home/wang/æ¡Œé¢/item/chapter2/chapter2_ws/install/demo_cpp_pkg/share/demo_cpp_pkg/environment/path.dsv
[0.389s] -- Up-to-date: /home/wang/æ¡Œé¢/item/chapter2/chapter2_ws/install/demo_cpp_pkg/share/demo_cpp_pkg/local_setup.bash
[0.389s] -- Up-to-date: /home/wang/æ¡Œé¢/item/chapter2/chapter2_ws/install/demo_cpp_pkg/share/demo_cpp_pkg/local_setup.sh
[0.390s] -- Up-to-date: /home/wang/æ¡Œé¢/item/chapter2/chapter2_ws/install/demo_cpp_pkg/share/demo_cpp_pkg/local_setup.zsh
[0.390s] -- Up-to-date: /home/wang/æ¡Œé¢/item/chapter2/chapter2_ws/install/demo_cpp_pkg/share/demo_cpp_pkg/local_setup.dsv
[0.391s] -- Installing: /home/wang/æ¡Œé¢/item/chapter2/chapter2_ws/install/demo_cpp_pkg/share/demo_cpp_pkg/package.dsv
[0.391s] -- Up-to-date: /home/wang/æ¡Œé¢/item/chapter2/chapter2_ws/install/demo_cpp_pkg/share/ament_index/resource_index/packages/demo_cpp_pkg
[0.391s] -- Up-to-date: /home/wang/æ¡Œé¢/item/chapter2/chapter2_ws/install/demo_cpp_pkg/share/demo_cpp_pkg/cmake/demo_cpp_pkgConfig.cmake
[0.391s] -- Up-to-date: /home/wang/æ¡Œé¢/item/chapter2/chapter2_ws/install/demo_cpp_pkg/share/demo_cpp_pkg/cmake/demo_cpp_pkgConfig-version.cmake
[0.391s] -- Up-to-date: /home/wang/æ¡Œé¢/item/chapter2/chapter2_ws/install/demo_cpp_pkg/share/demo_cpp_pkg/package.xml
[0.395s] Invoked command in '/home/wang/æ¡Œé¢/item/chapter2/chapter2_ws/build/demo_cpp_pkg' returned '0': CMAKE_PREFIX_PATH=${CMAKE_PREFIX_PATH}:/home/wang/æ¡Œé¢/item/chapter2/install/demo_python_pkg:/home/wang/tb3_ws/install/turtlebot3_teleop:/home/wang/tb3_ws/install/turtlebot3_example:/opt/ros/humble /usr/bin/cmake --install /home/wang/æ¡Œé¢/item/chapter2/chapter2_ws/build/demo_cpp_pkg
