[0.039s] Invoking command in '/home/wang/æ¡Œé¢/item/chapter2/chapter2_ws/build/demo_cpp_pkg': CMAKE_PREFIX_PATH=${CMAKE_PREFIX_PATH}:/home/wang/æ¡Œé¢/item/chapter2/chapter2_ws/install/demo_python_pkg:/home/wang/tb3_ws/install/turtlebot3_teleop:/home/wang/tb3_ws/install/turtlebot3_example:/opt/ros/humble /usr/bin/cmake --build /home/wang/æ¡Œé¢/item/chapter2/chapter2_ws/build/demo_cpp_pkg -- -j4 -l4
[0.317s] [ 14%] Built target learn_shared_ptr
[0.317s] [ 28%] Built target cpp_node
[0.352s] [ 42%] Built target learn_auto
[0.359s] [ 57%] Built target person_node
[0.397s] [35m[1mConsolidate compiler generated dependencies of target learn_thread[0m
[0.447s] [ 64%] [32mBuilding CXX object CMakeFiles/learn_thread.dir/src/learn_thread.cpp.o[0m
[0.494s] [ 78%] Built target learn_funcational
[0.508s] [ 92%] Built target learn_lambda
[17.713s] [100%] [32m[1mLinking CXX executable learn_thread[0m
[18.279s] [100%] Built target learn_thread
[18.338s] Invoked command in '/home/wang/æ¡Œé¢/item/chapter2/chapter2_ws/build/demo_cpp_pkg' returned '0': CMAKE_PREFIX_PATH=${CMAKE_PREFIX_PATH}:/home/wang/æ¡Œé¢/item/chapter2/chapter2_ws/install/demo_python_pkg:/home/wang/tb3_ws/install/turtlebot3_teleop:/home/wang/tb3_ws/install/turtlebot3_example:/opt/ros/humble /usr/bin/cmake --build /home/wang/æ¡Œé¢/item/chapter2/chapter2_ws/build/demo_cpp_pkg -- -j4 -l4
[18.562s] Invoking command in '/home/wang/æ¡Œé¢/item/chapter2/chapter2_ws/build/demo_cpp_pkg': CMAKE_PREFIX_PATH=${CMAKE_PREFIX_PATH}:/home/wang/æ¡Œé¢/item/chapter2/chapter2_ws/install/demo_python_pkg:/home/wang/tb3_ws/install/turtlebot3_teleop:/home/wang/tb3_ws/install/turtlebot3_example:/opt/ros/humble /usr/bin/cmake --install /home/wang/æ¡Œé¢/item/chapter2/chapter2_ws/build/demo_cpp_pkg
[18.591s] -- Install configuration: ""
[18.591s] -- Up-to-date: /home/wang/æ¡Œé¢/item/chapter2/chapter2_ws/install/demo_cpp_pkg/lib/demo_cpp_pkg/cpp_node
[18.592s] -- Up-to-date: /home/wang/æ¡Œé¢/item/chapter2/chapter2_ws/install/demo_cpp_pkg/lib/demo_cpp_pkg/person_node
[18.592s] -- Up-to-date: /home/wang/æ¡Œé¢/item/chapter2/chapter2_ws/install/demo_cpp_pkg/lib/demo_cpp_pkg/learn_auto
[18.593s] -- Up-to-date: /home/wang/æ¡Œé¢/item/chapter2/chapter2_ws/install/demo_cpp_pkg/lib/demo_cpp_pkg/learn_shared_ptr
[18.593s] -- Up-to-date: /home/wang/æ¡Œé¢/item/chapter2/chapter2_ws/install/demo_cpp_pkg/lib/demo_cpp_pkg/learn_lambda
[18.594s] -- Up-to-date: /home/wang/æ¡Œé¢/item/chapter2/chapter2_ws/install/demo_cpp_pkg/lib/demo_cpp_pkg/learn_funcational
[18.594s] -- Installing: /home/wang/æ¡Œé¢/item/chapter2/chapter2_ws/install/demo_cpp_pkg/lib/demo_cpp_pkg/learn_thread
[18.597s] -- Up-to-date: /home/wang/æ¡Œé¢/item/chapter2/chapter2_ws/install/demo_cpp_pkg/share/ament_index/resource_index/package_run_dependencies/demo_cpp_pkg
[18.597s] -- Up-to-date: /home/wang/æ¡Œé¢/item/chapter2/chapter2_ws/install/demo_cpp_pkg/share/ament_index/resource_index/parent_prefix_path/demo_cpp_pkg
[18.598s] -- Up-to-date: /home/wang/æ¡Œé¢/item/chapter2/chapter2_ws/install/demo_cpp_pkg/share/demo_cpp_pkg/environment/ament_prefix_path.sh
[18.598s] -- Up-to-date: /home/wang/æ¡Œé¢/item/chapter2/chapter2_ws/install/demo_cpp_pkg/share/demo_cpp_pkg/environment/ament_prefix_path.dsv
[18.598s] -- Up-to-date: /home/wang/æ¡Œé¢/item/chapter2/chapter2_ws/install/demo_cpp_pkg/share/demo_cpp_pkg/environment/path.sh
[18.598s] -- Up-to-date: /home/wang/æ¡Œé¢/item/chapter2/chapter2_ws/install/demo_cpp_pkg/share/demo_cpp_pkg/environment/path.dsv
[18.598s] -- Up-to-date: /home/wang/æ¡Œé¢/item/chapter2/chapter2_ws/install/demo_cpp_pkg/share/demo_cpp_pkg/local_setup.bash
[18.598s] -- Up-to-date: /home/wang/æ¡Œé¢/item/chapter2/chapter2_ws/install/demo_cpp_pkg/share/demo_cpp_pkg/local_setup.sh
[18.605s] -- Up-to-date: /home/wang/æ¡Œé¢/item/chapter2/chapter2_ws/install/demo_cpp_pkg/share/demo_cpp_pkg/local_setup.zsh
[18.605s] -- Up-to-date: /home/wang/æ¡Œé¢/item/chapter2/chapter2_ws/install/demo_cpp_pkg/share/demo_cpp_pkg/local_setup.dsv
[18.619s] -- Installing: /home/wang/æ¡Œé¢/item/chapter2/chapter2_ws/install/demo_cpp_pkg/share/demo_cpp_pkg/package.dsv
[18.620s] -- Up-to-date: /home/wang/æ¡Œé¢/item/chapter2/chapter2_ws/install/demo_cpp_pkg/share/ament_index/resource_index/packages/demo_cpp_pkg
[18.620s] -- Up-to-date: /home/wang/æ¡Œé¢/item/chapter2/chapter2_ws/install/demo_cpp_pkg/share/demo_cpp_pkg/cmake/demo_cpp_pkgConfig.cmake
[18.620s] -- Up-to-date: /home/wang/æ¡Œé¢/item/chapter2/chapter2_ws/install/demo_cpp_pkg/share/demo_cpp_pkg/cmake/demo_cpp_pkgConfig-version.cmake
[18.620s] -- Up-to-date: /home/wang/æ¡Œé¢/item/chapter2/chapter2_ws/install/demo_cpp_pkg/share/demo_cpp_pkg/package.xml
[18.621s] Invoked command in '/home/wang/æ¡Œé¢/item/chapter2/chapter2_ws/build/demo_cpp_pkg' returned '0': CMAKE_PREFIX_PATH=${CMAKE_PREFIX_PATH}:/home/wang/æ¡Œé¢/item/chapter2/chapter2_ws/install/demo_python_pkg:/home/wang/tb3_ws/install/turtlebot3_teleop:/home/wang/tb3_ws/install/turtlebot3_example:/opt/ros/humble /usr/bin/cmake --install /home/wang/æ¡Œé¢/item/chapter2/chapter2_ws/build/demo_cpp_pkg
