[0.438s] DEBUG:colcon:Command line arguments: ['/usr/bin/colcon', 'build']
[0.438s] DEBUG:colcon:Parsed command line arguments: Namespace(log_base=None, log_level=None, verb_name='build', build_base='build', install_base='install', merge_install=False, symlink_install=False, test_result_base=None, continue_on_error=False, executor='parallel', parallel_workers=4, event_handlers=None, ignore_user_meta=False, metas=['./colcon.meta'], base_paths=['.'], packages_ignore=None, packages_ignore_regex=None, paths=None, packages_up_to=None, packages_up_to_regex=None, packages_above=None, packages_above_and_dependencies=None, packages_above_depth=None, packages_select_by_dep=None, packages_skip_by_dep=None, packages_skip_up_to=None, packages_select_build_failed=False, packages_skip_build_finished=False, packages_select_test_failures=False, packages_skip_test_passed=False, packages_select=None, packages_skip=None, packages_select_regex=None, packages_skip_regex=None, packages_start=None, packages_end=None, allow_overriding=[], cmake_args=None, cmake_target=None, cmake_target_skip_unavailable=False, cmake_clean_cache=False, cmake_clean_first=False, cmake_force_configure=False, ament_cmake_args=None, catkin_cmake_args=None, catkin_skip_building_tests=False, verb_parser=<colcon_defaults.argument_parser.defaults.DefaultArgumentsDecorator object at 0x754712d41b70>, verb_extension=<colcon_core.verb.build.BuildVerb object at 0x754712d41660>, main=<bound method BuildVerb.main of <colcon_core.verb.build.BuildVerb object at 0x754712d41660>>)
[0.927s] Level 1:colcon.colcon_core.package_discovery:discover_packages(colcon_meta) check parameters
[0.927s] Level 1:colcon.colcon_core.package_discovery:discover_packages(recursive) check parameters
[0.927s] Level 1:colcon.colcon_core.package_discovery:discover_packages(ignore) check parameters
[0.927s] Level 1:colcon.colcon_core.package_discovery:discover_packages(path) check parameters
[0.928s] Level 1:colcon.colcon_core.package_discovery:discover_packages(colcon_meta) discover
[0.928s] Level 1:colcon.colcon_core.package_discovery:discover_packages(recursive) discover
[0.928s] INFO:colcon.colcon_core.package_discovery:Crawling recursively for packages in '/home/wang/desktop/item/chapter5/chapt5_ws'
[0.928s] Level 1:colcon.colcon_core.package_identification:_identify(.) by extensions ['ignore', 'ignore_ament_install']
[0.929s] Level 1:colcon.colcon_core.package_identification:_identify(.) by extension 'ignore'
[0.929s] Level 1:colcon.colcon_core.package_identification:_identify(.) by extension 'ignore_ament_install'
[0.929s] Level 1:colcon.colcon_core.package_identification:_identify(.) by extensions ['colcon_pkg']
[0.929s] Level 1:colcon.colcon_core.package_identification:_identify(.) by extension 'colcon_pkg'
[0.929s] Level 1:colcon.colcon_core.package_identification:_identify(.) by extensions ['colcon_meta']
[0.929s] Level 1:colcon.colcon_core.package_identification:_identify(.) by extension 'colcon_meta'
[0.929s] Level 1:colcon.colcon_core.package_identification:_identify(.) by extensions ['ros']
[0.929s] Level 1:colcon.colcon_core.package_identification:_identify(.) by extension 'ros'
[0.964s] Level 1:colcon.colcon_core.package_identification:_identify(.) by extensions ['cmake', 'python']
[0.964s] Level 1:colcon.colcon_core.package_identification:_identify(.) by extension 'cmake'
[0.964s] Level 1:colcon.colcon_core.package_identification:_identify(.) by extension 'python'
[0.966s] Level 1:colcon.colcon_core.package_identification:_identify(.) by extensions ['python_setup_py']
[0.966s] Level 1:colcon.colcon_core.package_identification:_identify(.) by extension 'python_setup_py'
[0.966s] Level 1:colcon.colcon_core.package_identification:_identify(build) by extensions ['ignore', 'ignore_ament_install']
[0.966s] Level 1:colcon.colcon_core.package_identification:_identify(build) by extension 'ignore'
[0.966s] Level 1:colcon.colcon_core.package_identification:_identify(build) ignored
[0.967s] Level 1:colcon.colcon_core.package_identification:_identify(install) by extensions ['ignore', 'ignore_ament_install']
[0.967s] Level 1:colcon.colcon_core.package_identification:_identify(install) by extension 'ignore'
[0.967s] Level 1:colcon.colcon_core.package_identification:_identify(install) ignored
[0.967s] Level 1:colcon.colcon_core.package_identification:_identify(log) by extensions ['ignore', 'ignore_ament_install']
[0.967s] Level 1:colcon.colcon_core.package_identification:_identify(log) by extension 'ignore'
[0.968s] Level 1:colcon.colcon_core.package_identification:_identify(log) ignored
[0.968s] Level 1:colcon.colcon_core.package_identification:_identify(src) by extensions ['ignore', 'ignore_ament_install']
[0.968s] Level 1:colcon.colcon_core.package_identification:_identify(src) by extension 'ignore'
[0.968s] Level 1:colcon.colcon_core.package_identification:_identify(src) by extension 'ignore_ament_install'
[0.968s] Level 1:colcon.colcon_core.package_identification:_identify(src) by extensions ['colcon_pkg']
[0.968s] Level 1:colcon.colcon_core.package_identification:_identify(src) by extension 'colcon_pkg'
[0.968s] Level 1:colcon.colcon_core.package_identification:_identify(src) by extensions ['colcon_meta']
[0.968s] Level 1:colcon.colcon_core.package_identification:_identify(src) by extension 'colcon_meta'
[0.968s] Level 1:colcon.colcon_core.package_identification:_identify(src) by extensions ['ros']
[0.968s] Level 1:colcon.colcon_core.package_identification:_identify(src) by extension 'ros'
[0.969s] Level 1:colcon.colcon_core.package_identification:_identify(src) by extensions ['cmake', 'python']
[0.970s] Level 1:colcon.colcon_core.package_identification:_identify(src) by extension 'cmake'
[0.970s] Level 1:colcon.colcon_core.package_identification:_identify(src) by extension 'python'
[0.970s] Level 1:colcon.colcon_core.package_identification:_identify(src) by extensions ['python_setup_py']
[0.970s] Level 1:colcon.colcon_core.package_identification:_identify(src) by extension 'python_setup_py'
[0.970s] Level 1:colcon.colcon_core.package_identification:_identify(src/demo_cpp_tf) by extensions ['ignore', 'ignore_ament_install']
[0.970s] Level 1:colcon.colcon_core.package_identification:_identify(src/demo_cpp_tf) by extension 'ignore'
[0.970s] Level 1:colcon.colcon_core.package_identification:_identify(src/demo_cpp_tf) by extension 'ignore_ament_install'
[0.971s] Level 1:colcon.colcon_core.package_identification:_identify(src/demo_cpp_tf) by extensions ['colcon_pkg']
[0.971s] Level 1:colcon.colcon_core.package_identification:_identify(src/demo_cpp_tf) by extension 'colcon_pkg'
[0.971s] Level 1:colcon.colcon_core.package_identification:_identify(src/demo_cpp_tf) by extensions ['colcon_meta']
[0.971s] Level 1:colcon.colcon_core.package_identification:_identify(src/demo_cpp_tf) by extension 'colcon_meta'
[0.971s] Level 1:colcon.colcon_core.package_identification:_identify(src/demo_cpp_tf) by extensions ['ros']
[0.971s] Level 1:colcon.colcon_core.package_identification:_identify(src/demo_cpp_tf) by extension 'ros'
[0.978s] DEBUG:colcon.colcon_core.package_identification:Package 'src/demo_cpp_tf' with type 'ros.ament_cmake' and name 'demo_cpp_tf'
[0.979s] Level 1:colcon.colcon_core.package_identification:_identify(src/demo_python_tf) by extensions ['ignore', 'ignore_ament_install']
[0.979s] Level 1:colcon.colcon_core.package_identification:_identify(src/demo_python_tf) by extension 'ignore'
[0.979s] Level 1:colcon.colcon_core.package_identification:_identify(src/demo_python_tf) by extension 'ignore_ament_install'
[0.979s] Level 1:colcon.colcon_core.package_identification:_identify(src/demo_python_tf) by extensions ['colcon_pkg']
[0.979s] Level 1:colcon.colcon_core.package_identification:_identify(src/demo_python_tf) by extension 'colcon_pkg'
[0.979s] Level 1:colcon.colcon_core.package_identification:_identify(src/demo_python_tf) by extensions ['colcon_meta']
[0.979s] Level 1:colcon.colcon_core.package_identification:_identify(src/demo_python_tf) by extension 'colcon_meta'
[0.979s] Level 1:colcon.colcon_core.package_identification:_identify(src/demo_python_tf) by extensions ['ros']
[0.980s] Level 1:colcon.colcon_core.package_identification:_identify(src/demo_python_tf) by extension 'ros'
[0.982s] DEBUG:colcon.colcon_core.package_identification:Package 'src/demo_python_tf' with type 'ros.ament_python' and name 'demo_python_tf'
[0.983s] Level 1:colcon.colcon_core.package_discovery:discover_packages(recursive) using defaults
[0.983s] Level 1:colcon.colcon_core.package_discovery:discover_packages(ignore) discover
[0.983s] Level 1:colcon.colcon_core.package_discovery:discover_packages(ignore) using defaults
[0.983s] Level 1:colcon.colcon_core.package_discovery:discover_packages(path) discover
[0.983s] Level 1:colcon.colcon_core.package_discovery:discover_packages(path) using defaults
[1.068s] Level 1:colcon.colcon_core.package_discovery:discover_packages(prefix_path) check parameters
[1.068s] Level 1:colcon.colcon_core.package_discovery:discover_packages(prefix_path) discover
[1.079s] DEBUG:colcon.colcon_installed_package_information.package_discovery:Found 17 installed packages in /home/wang/tb3_ws/install
[1.084s] DEBUG:colcon.colcon_installed_package_information.package_discovery:Found 408 installed packages in /opt/ros/humble
[1.090s] Level 1:colcon.colcon_core.package_discovery:discover_packages(prefix_path) using defaults
[1.341s] Level 5:colcon.colcon_core.verb:set package 'demo_cpp_tf' build argument 'cmake_args' from command line to 'None'
[1.341s] Level 5:colcon.colcon_core.verb:set package 'demo_cpp_tf' build argument 'cmake_target' from command line to 'None'
[1.341s] Level 5:colcon.colcon_core.verb:set package 'demo_cpp_tf' build argument 'cmake_target_skip_unavailable' from command line to 'False'
[1.341s] Level 5:colcon.colcon_core.verb:set package 'demo_cpp_tf' build argument 'cmake_clean_cache' from command line to 'False'
[1.341s] Level 5:colcon.colcon_core.verb:set package 'demo_cpp_tf' build argument 'cmake_clean_first' from command line to 'False'
[1.341s] Level 5:colcon.colcon_core.verb:set package 'demo_cpp_tf' build argument 'cmake_force_configure' from command line to 'False'
[1.341s] Level 5:colcon.colcon_core.verb:set package 'demo_cpp_tf' build argument 'ament_cmake_args' from command line to 'None'
[1.341s] Level 5:colcon.colcon_core.verb:set package 'demo_cpp_tf' build argument 'catkin_cmake_args' from command line to 'None'
[1.341s] Level 5:colcon.colcon_core.verb:set package 'demo_cpp_tf' build argument 'catkin_skip_building_tests' from command line to 'False'
[1.341s] DEBUG:colcon.colcon_core.verb:Building package 'demo_cpp_tf' with the following arguments: {'ament_cmake_args': None, 'build_base': '/home/wang/desktop/item/chapter5/chapt5_ws/build/demo_cpp_tf', 'catkin_cmake_args': None, 'catkin_skip_building_tests': False, 'cmake_args': None, 'cmake_clean_cache': False, 'cmake_clean_first': False, 'cmake_force_configure': False, 'cmake_target': None, 'cmake_target_skip_unavailable': False, 'install_base': '/home/wang/desktop/item/chapter5/chapt5_ws/install/demo_cpp_tf', 'merge_install': False, 'path': '/home/wang/desktop/item/chapter5/chapt5_ws/src/demo_cpp_tf', 'symlink_install': False, 'test_result_base': None}
[1.342s] Level 5:colcon.colcon_core.verb:set package 'demo_python_tf' build argument 'cmake_args' from command line to 'None'
[1.342s] Level 5:colcon.colcon_core.verb:set package 'demo_python_tf' build argument 'cmake_target' from command line to 'None'
[1.343s] Level 5:colcon.colcon_core.verb:set package 'demo_python_tf' build argument 'cmake_target_skip_unavailable' from command line to 'False'
[1.343s] Level 5:colcon.colcon_core.verb:set package 'demo_python_tf' build argument 'cmake_clean_cache' from command line to 'False'
[1.343s] Level 5:colcon.colcon_core.verb:set package 'demo_python_tf' build argument 'cmake_clean_first' from command line to 'False'
[1.343s] Level 5:colcon.colcon_core.verb:set package 'demo_python_tf' build argument 'cmake_force_configure' from command line to 'False'
[1.343s] Level 5:colcon.colcon_core.verb:set package 'demo_python_tf' build argument 'ament_cmake_args' from command line to 'None'
[1.343s] Level 5:colcon.colcon_core.verb:set package 'demo_python_tf' build argument 'catkin_cmake_args' from command line to 'None'
[1.343s] Level 5:colcon.colcon_core.verb:set package 'demo_python_tf' build argument 'catkin_skip_building_tests' from command line to 'False'
[1.343s] DEBUG:colcon.colcon_core.verb:Building package 'demo_python_tf' with the following arguments: {'ament_cmake_args': None, 'build_base': '/home/wang/desktop/item/chapter5/chapt5_ws/build/demo_python_tf', 'catkin_cmake_args': None, 'catkin_skip_building_tests': False, 'cmake_args': None, 'cmake_clean_cache': False, 'cmake_clean_first': False, 'cmake_force_configure': False, 'cmake_target': None, 'cmake_target_skip_unavailable': False, 'install_base': '/home/wang/desktop/item/chapter5/chapt5_ws/install/demo_python_tf', 'merge_install': False, 'path': '/home/wang/desktop/item/chapter5/chapt5_ws/src/demo_python_tf', 'symlink_install': False, 'test_result_base': None}
[1.343s] INFO:colcon.colcon_core.executor:Executing jobs using 'parallel' executor
[1.350s] DEBUG:colcon.colcon_parallel_executor.executor.parallel:run_until_complete
[1.351s] INFO:colcon.colcon_ros.task.ament_cmake.build:Building ROS package in '/home/wang/desktop/item/chapter5/chapt5_ws/src/demo_cpp_tf' with build type 'ament_cmake'
[1.351s] INFO:colcon.colcon_cmake.task.cmake.build:Building CMake package in '/home/wang/desktop/item/chapter5/chapt5_ws/src/demo_cpp_tf'
[1.368s] INFO:colcon.colcon_core.plugin_system:Skipping extension 'colcon_core.shell.bat': Not used on non-Windows systems
[1.368s] INFO:colcon.colcon_core.shell:Skip shell extension 'powershell' for command environment: Not usable outside of PowerShell
[1.368s] DEBUG:colcon.colcon_core.shell:Skip shell extension 'dsv' for command environment
[1.386s] INFO:colcon.colcon_ros.task.ament_python.build:Building ROS package in '/home/wang/desktop/item/chapter5/chapt5_ws/src/demo_python_tf' with build type 'ament_python'
[1.387s] Level 1:colcon.colcon_core.shell:create_environment_hook('demo_python_tf', 'ament_prefix_path')
[1.387s] INFO:colcon.colcon_core.shell:Creating environment hook '/home/wang/desktop/item/chapter5/chapt5_ws/install/demo_python_tf/share/demo_python_tf/hook/ament_prefix_path.ps1'
[1.391s] INFO:colcon.colcon_core.shell:Creating environment descriptor '/home/wang/desktop/item/chapter5/chapt5_ws/install/demo_python_tf/share/demo_python_tf/hook/ament_prefix_path.dsv'
[1.394s] INFO:colcon.colcon_core.shell:Creating environment hook '/home/wang/desktop/item/chapter5/chapt5_ws/install/demo_python_tf/share/demo_python_tf/hook/ament_prefix_path.sh'
[1.397s] INFO:colcon.colcon_core.shell:Skip shell extension 'powershell' for command environment: Not usable outside of PowerShell
[1.397s] DEBUG:colcon.colcon_core.shell:Skip shell extension 'dsv' for command environment
[1.429s] DEBUG:colcon.colcon_core.event_handler.log_command:Invoking command in '/home/wang/desktop/item/chapter5/chapt5_ws/build/demo_cpp_tf': CMAKE_PREFIX_PATH=${CMAKE_PREFIX_PATH}:/home/wang/tb3_ws/install/turtlebot3_teleop:/home/wang/tb3_ws/install/turtlebot3_example:/opt/ros/humble /usr/bin/cmake /home/wang/desktop/item/chapter5/chapt5_ws/src/demo_cpp_tf -DCMAKE_INSTALL_PREFIX=/home/wang/desktop/item/chapter5/chapt5_ws/install/demo_cpp_tf
[2.368s] INFO:colcon.colcon_core.task.python.build:Building Python package in '/home/wang/desktop/item/chapter5/chapt5_ws/src/demo_python_tf'
[2.369s] INFO:colcon.colcon_core.shell:Skip shell extension 'powershell' for command environment: Not usable outside of PowerShell
[2.369s] DEBUG:colcon.colcon_core.shell:Skip shell extension 'dsv' for command environment
[4.181s] DEBUG:colcon.colcon_core.event_handler.log_command:Invoking command in '/home/wang/desktop/item/chapter5/chapt5_ws/src/demo_python_tf': PYTHONPATH=/home/wang/desktop/item/chapter5/chapt5_ws/build/demo_python_tf/prefix_override:/usr/lib/python3/dist-packages/colcon_core/task/python/colcon_distutils_commands:/home/wang/desktop/item/chapter5/chapt5_ws/install/demo_python_tf/lib/python3.10/site-packages:${PYTHONPATH} /usr/bin/python3 -W ignore:setup.py install is deprecated setup.py egg_info --egg-base ../../build/demo_python_tf build --build-base /home/wang/desktop/item/chapter5/chapt5_ws/build/demo_python_tf/build install --record /home/wang/desktop/item/chapter5/chapt5_ws/build/demo_python_tf/install.log --single-version-externally-managed install_data
[5.241s] DEBUG:colcon.colcon_core.event_handler.log_command:Invoked command in '/home/wang/desktop/item/chapter5/chapt5_ws/src/demo_python_tf' returned '0': PYTHONPATH=/home/wang/desktop/item/chapter5/chapt5_ws/build/demo_python_tf/prefix_override:/usr/lib/python3/dist-packages/colcon_core/task/python/colcon_distutils_commands:/home/wang/desktop/item/chapter5/chapt5_ws/install/demo_python_tf/lib/python3.10/site-packages:${PYTHONPATH} /usr/bin/python3 -W ignore:setup.py install is deprecated setup.py egg_info --egg-base ../../build/demo_python_tf build --build-base /home/wang/desktop/item/chapter5/chapt5_ws/build/demo_python_tf/build install --record /home/wang/desktop/item/chapter5/chapt5_ws/build/demo_python_tf/install.log --single-version-externally-managed install_data
[5.263s] Level 1:colcon.colcon_core.environment:checking '/home/wang/desktop/item/chapter5/chapt5_ws/install/demo_python_tf' for CMake module files
[5.265s] Level 1:colcon.colcon_core.environment:checking '/home/wang/desktop/item/chapter5/chapt5_ws/install/demo_python_tf' for CMake config files
[5.267s] Level 1:colcon.colcon_core.environment:checking '/home/wang/desktop/item/chapter5/chapt5_ws/install/demo_python_tf/lib'
[5.268s] Level 1:colcon.colcon_core.environment:checking '/home/wang/desktop/item/chapter5/chapt5_ws/install/demo_python_tf/bin'
[5.268s] Level 1:colcon.colcon_core.environment:checking '/home/wang/desktop/item/chapter5/chapt5_ws/install/demo_python_tf/lib/pkgconfig/demo_python_tf.pc'
[5.269s] Level 1:colcon.colcon_core.environment:checking '/home/wang/desktop/item/chapter5/chapt5_ws/install/demo_python_tf/lib/python3.10/site-packages'
[5.269s] Level 1:colcon.colcon_core.shell:create_environment_hook('demo_python_tf', 'pythonpath')
[5.271s] INFO:colcon.colcon_core.shell:Creating environment hook '/home/wang/desktop/item/chapter5/chapt5_ws/install/demo_python_tf/share/demo_python_tf/hook/pythonpath.ps1'
[5.273s] INFO:colcon.colcon_core.shell:Creating environment descriptor '/home/wang/desktop/item/chapter5/chapt5_ws/install/demo_python_tf/share/demo_python_tf/hook/pythonpath.dsv'
[5.275s] INFO:colcon.colcon_core.shell:Creating environment hook '/home/wang/desktop/item/chapter5/chapt5_ws/install/demo_python_tf/share/demo_python_tf/hook/pythonpath.sh'
[5.276s] Level 1:colcon.colcon_core.environment:checking '/home/wang/desktop/item/chapter5/chapt5_ws/install/demo_python_tf/bin'
[5.276s] Level 1:colcon.colcon_core.environment:create_environment_scripts_only(demo_python_tf)
[5.278s] INFO:colcon.colcon_core.shell:Creating package script '/home/wang/desktop/item/chapter5/chapt5_ws/install/demo_python_tf/share/demo_python_tf/package.ps1'
[5.281s] INFO:colcon.colcon_core.shell:Creating package descriptor '/home/wang/desktop/item/chapter5/chapt5_ws/install/demo_python_tf/share/demo_python_tf/package.dsv'
[5.286s] INFO:colcon.colcon_core.shell:Creating package script '/home/wang/desktop/item/chapter5/chapt5_ws/install/demo_python_tf/share/demo_python_tf/package.sh'
[5.289s] INFO:colcon.colcon_core.shell:Creating package script '/home/wang/desktop/item/chapter5/chapt5_ws/install/demo_python_tf/share/demo_python_tf/package.bash'
[5.291s] INFO:colcon.colcon_core.shell:Creating package script '/home/wang/desktop/item/chapter5/chapt5_ws/install/demo_python_tf/share/demo_python_tf/package.zsh'
[5.294s] Level 1:colcon.colcon_core.environment:create_file_with_runtime_dependencies(/home/wang/desktop/item/chapter5/chapt5_ws/install/demo_python_tf/share/colcon-core/packages/demo_python_tf)
[7.189s] DEBUG:colcon.colcon_core.event_handler.log_command:Invoked command in '/home/wang/desktop/item/chapter5/chapt5_ws/build/demo_cpp_tf' returned '0': CMAKE_PREFIX_PATH=${CMAKE_PREFIX_PATH}:/home/wang/tb3_ws/install/turtlebot3_teleop:/home/wang/tb3_ws/install/turtlebot3_example:/opt/ros/humble /usr/bin/cmake /home/wang/desktop/item/chapter5/chapt5_ws/src/demo_cpp_tf -DCMAKE_INSTALL_PREFIX=/home/wang/desktop/item/chapter5/chapt5_ws/install/demo_cpp_tf
[7.206s] DEBUG:colcon.colcon_core.event_handler.log_command:Invoking command in '/home/wang/desktop/item/chapter5/chapt5_ws/build/demo_cpp_tf': CMAKE_PREFIX_PATH=${CMAKE_PREFIX_PATH}:/home/wang/tb3_ws/install/turtlebot3_teleop:/home/wang/tb3_ws/install/turtlebot3_example:/opt/ros/humble /usr/bin/cmake --build /home/wang/desktop/item/chapter5/chapt5_ws/build/demo_cpp_tf -- -j4 -l4
[73.249s] DEBUG:colcon.colcon_core.event_handler.log_command:Invoked command in '/home/wang/desktop/item/chapter5/chapt5_ws/build/demo_cpp_tf' returned '0': CMAKE_PREFIX_PATH=${CMAKE_PREFIX_PATH}:/home/wang/tb3_ws/install/turtlebot3_teleop:/home/wang/tb3_ws/install/turtlebot3_example:/opt/ros/humble /usr/bin/cmake --build /home/wang/desktop/item/chapter5/chapt5_ws/build/demo_cpp_tf -- -j4 -l4
[73.418s] DEBUG:colcon.colcon_core.event_handler.log_command:Invoking command in '/home/wang/desktop/item/chapter5/chapt5_ws/build/demo_cpp_tf': CMAKE_PREFIX_PATH=${CMAKE_PREFIX_PATH}:/home/wang/tb3_ws/install/turtlebot3_teleop:/home/wang/tb3_ws/install/turtlebot3_example:/opt/ros/humble /usr/bin/cmake --install /home/wang/desktop/item/chapter5/chapt5_ws/build/demo_cpp_tf
[73.461s] Level 1:colcon.colcon_core.environment:create_environment_scripts_only(demo_cpp_tf)
[73.461s] Level 1:colcon.colcon_core.environment:checking '/home/wang/desktop/item/chapter5/chapt5_ws/install/demo_cpp_tf' for CMake module files
[73.463s] DEBUG:colcon.colcon_core.event_handler.log_command:Invoked command in '/home/wang/desktop/item/chapter5/chapt5_ws/build/demo_cpp_tf' returned '0': CMAKE_PREFIX_PATH=${CMAKE_PREFIX_PATH}:/home/wang/tb3_ws/install/turtlebot3_teleop:/home/wang/tb3_ws/install/turtlebot3_example:/opt/ros/humble /usr/bin/cmake --install /home/wang/desktop/item/chapter5/chapt5_ws/build/demo_cpp_tf
[73.464s] Level 1:colcon.colcon_core.environment:checking '/home/wang/desktop/item/chapter5/chapt5_ws/install/demo_cpp_tf' for CMake config files
[73.465s] Level 1:colcon.colcon_core.shell:create_environment_hook('demo_cpp_tf', 'cmake_prefix_path')
[73.465s] INFO:colcon.colcon_core.shell:Creating environment hook '/home/wang/desktop/item/chapter5/chapt5_ws/install/demo_cpp_tf/share/demo_cpp_tf/hook/cmake_prefix_path.ps1'
[73.466s] INFO:colcon.colcon_core.shell:Creating environment descriptor '/home/wang/desktop/item/chapter5/chapt5_ws/install/demo_cpp_tf/share/demo_cpp_tf/hook/cmake_prefix_path.dsv'
[73.467s] INFO:colcon.colcon_core.shell:Creating environment hook '/home/wang/desktop/item/chapter5/chapt5_ws/install/demo_cpp_tf/share/demo_cpp_tf/hook/cmake_prefix_path.sh'
[73.468s] Level 1:colcon.colcon_core.environment:checking '/home/wang/desktop/item/chapter5/chapt5_ws/install/demo_cpp_tf/lib'
[73.468s] Level 1:colcon.colcon_core.environment:checking '/home/wang/desktop/item/chapter5/chapt5_ws/install/demo_cpp_tf/bin'
[73.469s] Level 1:colcon.colcon_core.environment:checking '/home/wang/desktop/item/chapter5/chapt5_ws/install/demo_cpp_tf/lib/pkgconfig/demo_cpp_tf.pc'
[73.469s] Level 1:colcon.colcon_core.environment:checking '/home/wang/desktop/item/chapter5/chapt5_ws/install/demo_cpp_tf/lib/python3.10/site-packages'
[73.470s] Level 1:colcon.colcon_core.environment:checking '/home/wang/desktop/item/chapter5/chapt5_ws/install/demo_cpp_tf/bin'
[73.470s] INFO:colcon.colcon_core.shell:Creating package script '/home/wang/desktop/item/chapter5/chapt5_ws/install/demo_cpp_tf/share/demo_cpp_tf/package.ps1'
[73.472s] INFO:colcon.colcon_core.shell:Creating package descriptor '/home/wang/desktop/item/chapter5/chapt5_ws/install/demo_cpp_tf/share/demo_cpp_tf/package.dsv'
[73.473s] INFO:colcon.colcon_core.shell:Creating package script '/home/wang/desktop/item/chapter5/chapt5_ws/install/demo_cpp_tf/share/demo_cpp_tf/package.sh'
[73.475s] INFO:colcon.colcon_core.shell:Creating package script '/home/wang/desktop/item/chapter5/chapt5_ws/install/demo_cpp_tf/share/demo_cpp_tf/package.bash'
[73.477s] INFO:colcon.colcon_core.shell:Creating package script '/home/wang/desktop/item/chapter5/chapt5_ws/install/demo_cpp_tf/share/demo_cpp_tf/package.zsh'
[73.478s] Level 1:colcon.colcon_core.environment:create_file_with_runtime_dependencies(/home/wang/desktop/item/chapter5/chapt5_ws/install/demo_cpp_tf/share/colcon-core/packages/demo_cpp_tf)
[73.592s] Level 1:colcon.colcon_core.environment:create_environment_scripts_only(demo_cpp_tf)
[73.593s] Level 1:colcon.colcon_core.environment:checking '/home/wang/desktop/item/chapter5/chapt5_ws/install/demo_cpp_tf' for CMake module files
[73.594s] Level 1:colcon.colcon_core.environment:checking '/home/wang/desktop/item/chapter5/chapt5_ws/install/demo_cpp_tf' for CMake config files
[73.594s] Level 1:colcon.colcon_core.shell:create_environment_hook('demo_cpp_tf', 'cmake_prefix_path')
[73.594s] INFO:colcon.colcon_core.shell:Creating environment hook '/home/wang/desktop/item/chapter5/chapt5_ws/install/demo_cpp_tf/share/demo_cpp_tf/hook/cmake_prefix_path.ps1'
[73.596s] INFO:colcon.colcon_core.shell:Creating environment descriptor '/home/wang/desktop/item/chapter5/chapt5_ws/install/demo_cpp_tf/share/demo_cpp_tf/hook/cmake_prefix_path.dsv'
[73.597s] INFO:colcon.colcon_core.shell:Creating environment hook '/home/wang/desktop/item/chapter5/chapt5_ws/install/demo_cpp_tf/share/demo_cpp_tf/hook/cmake_prefix_path.sh'
[73.598s] Level 1:colcon.colcon_core.environment:checking '/home/wang/desktop/item/chapter5/chapt5_ws/install/demo_cpp_tf/lib'
[73.598s] Level 1:colcon.colcon_core.environment:checking '/home/wang/desktop/item/chapter5/chapt5_ws/install/demo_cpp_tf/bin'
[73.598s] Level 1:colcon.colcon_core.environment:checking '/home/wang/desktop/item/chapter5/chapt5_ws/install/demo_cpp_tf/lib/pkgconfig/demo_cpp_tf.pc'
[73.599s] Level 1:colcon.colcon_core.environment:checking '/home/wang/desktop/item/chapter5/chapt5_ws/install/demo_cpp_tf/lib/python3.10/site-packages'
[73.599s] Level 1:colcon.colcon_core.environment:checking '/home/wang/desktop/item/chapter5/chapt5_ws/install/demo_cpp_tf/bin'
[73.599s] INFO:colcon.colcon_core.shell:Creating package script '/home/wang/desktop/item/chapter5/chapt5_ws/install/demo_cpp_tf/share/demo_cpp_tf/package.ps1'
[73.600s] INFO:colcon.colcon_core.shell:Creating package descriptor '/home/wang/desktop/item/chapter5/chapt5_ws/install/demo_cpp_tf/share/demo_cpp_tf/package.dsv'
[73.601s] INFO:colcon.colcon_core.shell:Creating package script '/home/wang/desktop/item/chapter5/chapt5_ws/install/demo_cpp_tf/share/demo_cpp_tf/package.sh'
[73.602s] INFO:colcon.colcon_core.shell:Creating package script '/home/wang/desktop/item/chapter5/chapt5_ws/install/demo_cpp_tf/share/demo_cpp_tf/package.bash'
[73.603s] INFO:colcon.colcon_core.shell:Creating package script '/home/wang/desktop/item/chapter5/chapt5_ws/install/demo_cpp_tf/share/demo_cpp_tf/package.zsh'
[73.604s] Level 1:colcon.colcon_core.environment:create_file_with_runtime_dependencies(/home/wang/desktop/item/chapter5/chapt5_ws/install/demo_cpp_tf/share/colcon-core/packages/demo_cpp_tf)
[73.605s] DEBUG:colcon.colcon_parallel_executor.executor.parallel:closing loop
[73.605s] DEBUG:colcon.colcon_parallel_executor.executor.parallel:loop closed
[73.606s] DEBUG:colcon.colcon_parallel_executor.executor.parallel:run_until_complete finished with '0'
[73.606s] DEBUG:colcon.colcon_core.event_reactor:joining thread
[73.644s] INFO:colcon.colcon_core.plugin_system:Skipping extension 'colcon_notification.desktop_notification.terminal_notifier': Not used on non-Darwin systems
[73.644s] INFO:colcon.colcon_core.plugin_system:Skipping extension 'colcon_notification.desktop_notification.win32': Not used on non-Windows systems
[73.645s] INFO:colcon.colcon_notification.desktop_notification:Sending desktop notification using 'notify2'
[73.749s] DEBUG:colcon.colcon_core.event_reactor:joined thread
[73.751s] INFO:colcon.colcon_core.shell:Creating prefix script '/home/wang/desktop/item/chapter5/chapt5_ws/install/local_setup.ps1'
[73.755s] INFO:colcon.colcon_core.shell:Creating prefix util module '/home/wang/desktop/item/chapter5/chapt5_ws/install/_local_setup_util_ps1.py'
[73.763s] INFO:colcon.colcon_core.shell:Creating prefix chain script '/home/wang/desktop/item/chapter5/chapt5_ws/install/setup.ps1'
[73.770s] INFO:colcon.colcon_core.shell:Creating prefix script '/home/wang/desktop/item/chapter5/chapt5_ws/install/local_setup.sh'
[73.775s] INFO:colcon.colcon_core.shell:Creating prefix util module '/home/wang/desktop/item/chapter5/chapt5_ws/install/_local_setup_util_sh.py'
[73.776s] INFO:colcon.colcon_core.shell:Creating prefix chain script '/home/wang/desktop/item/chapter5/chapt5_ws/install/setup.sh'
[73.781s] INFO:colcon.colcon_core.shell:Creating prefix script '/home/wang/desktop/item/chapter5/chapt5_ws/install/local_setup.bash'
[73.784s] INFO:colcon.colcon_core.shell:Creating prefix chain script '/home/wang/desktop/item/chapter5/chapt5_ws/install/setup.bash'
[73.789s] INFO:colcon.colcon_core.shell:Creating prefix script '/home/wang/desktop/item/chapter5/chapt5_ws/install/local_setup.zsh'
[73.793s] INFO:colcon.colcon_core.shell:Creating prefix chain script '/home/wang/desktop/item/chapter5/chapt5_ws/install/setup.zsh'
