-- Found ament_cmake: 1.3.10 (/opt/ros/humble/share/ament_cmake/cmake)
-- Found rclcpp: 16.0.10 (/opt/ros/humble/share/rclcpp/cmake)
-- Found rosidl_generator_c: 3.1.5 (/opt/ros/humble/share/rosidl_generator_c/cmake)
-- Found rosidl_adapter: 3.1.5 (/opt/ros/humble/share/rosidl_adapter/cmake)
-- Found rosidl_generator_cpp: 3.1.5 (/opt/ros/humble/share/rosidl_generator_cpp/cmake)
-- Using all available rosidl_typesupport_c: rosidl_typesupport_fastrtps_c;rosidl_typesupport_introspection_c
-- Using all available rosidl_typesupport_cpp: rosidl_typesupport_fastrtps_cpp;rosidl_typesupport_introspection_cpp
-- Found rmw_implementation_cmake: 6.1.2 (/opt/ros/humble/share/rmw_implementation_cmake/cmake)
-- Found rmw_fastrtps_cpp: 6.2.7 (/opt/ros/humble/share/rmw_fastrtps_cpp/cmake)
-- Using RMW implementation 'rmw_fastrtps_cpp' as default
-- Found ament_lint_auto: 0.12.11 (/opt/ros/humble/share/ament_lint_auto/cmake)
-- Added test 'cppcheck' to perform static code analysis on C / C++ code
-- Configured cppcheck include dirs: 
-- Configured cppcheck exclude dirs and/or files: 
-- Added test 'lint_cmake' to check CMake code style
-- Added test 'uncrustify' to check C / C++ code style
-- Configured uncrustify additional arguments: 
-- Added test 'xmllint' to check XML markup files
-- Configuring done
-- Generating done
-- Build files have been written to: /home/wang/桌面/item/chapter2/chapter2_ws/build/demo_cpp_pkg
[35m[1mConsolidate compiler generated dependencies of target cpp_node[0m
[ 25%] [32mBuilding CXX object CMakeFiles/person_node.dir/src/person_node.cpp.o[0m
[ 75%] Built target cpp_node
In file included from [01m[K/opt/ros/humble/include/rclcpp/rclcpp/logging.hpp:24[m[K,
                 from [01m[K/opt/ros/humble/include/rclcpp/rclcpp/client.hpp:40[m[K,
                 from [01m[K/opt/ros/humble/include/rclcpp/rclcpp/callback_group.hpp:24[m[K,
                 from [01m[K/opt/ros/humble/include/rclcpp/rclcpp/any_executable.hpp:20[m[K,
                 from [01m[K/opt/ros/humble/include/rclcpp/rclcpp/memory_strategy.hpp:25[m[K,
                 from [01m[K/opt/ros/humble/include/rclcpp/rclcpp/memory_strategies.hpp:18[m[K,
                 from [01m[K/opt/ros/humble/include/rclcpp/rclcpp/executor_options.hpp:20[m[K,
                 from [01m[K/opt/ros/humble/include/rclcpp/rclcpp/executor.hpp:37[m[K,
                 from [01m[K/opt/ros/humble/include/rclcpp/rclcpp/executors/multi_threaded_executor.hpp:25[m[K,
                 from [01m[K/opt/ros/humble/include/rclcpp/rclcpp/executors.hpp:21[m[K,
                 from [01m[K/opt/ros/humble/include/rclcpp/rclcpp/rclcpp.hpp:155[m[K,
                 from [01m[K/home/wang/桌面/item/chapter2/chapter2_ws/src/demo_cpp_pkg/src/person_node.cpp:1[m[K:
[01m[K/home/wang/桌面/item/chapter2/chapter2_ws/src/demo_cpp_pkg/src/person_node.cpp:[m[K In member function ‘[01m[Kvoid PersonNode::eat(const string&)[m[K’:
[01m[K/home/wang/桌面/item/chapter2/chapter2_ws/src/demo_cpp_pkg/src/person_node.cpp:21:41:[m[K [01;35m[Kwarning: [m[Kformat ‘[01m[K%s[m[K’ expects argument of type ‘[01m[Kchar*[m[K’, but argument 7 has type ‘[01m[Kconst string[m[K’ {aka ‘[01m[Kconst std::__cxx11::basic_string<char>[m[K’} [[01;35m[K]8;;https://gcc.gnu.org/onlinedocs/gcc/Warning-Options.html#index-Wformat=-Wformat=]8;;[m[K]
   21 |         RCLCPP_INFO(this->get_logger(), [01;35m[K"我是%s,%d岁，爱吃%s"[m[K, name.c_str(), age, food_name);
      |                                         [01;35m[K^~~~~~~~~~~~~~~~~~~~~[m[K
[01m[K/home/wang/桌面/item/chapter2/chapter2_ws/src/demo_cpp_pkg/src/person_node.cpp:21:60:[m[K [01;36m[Knote: [m[Kformat string is defined here
   21 |         RCLCPP_INFO(this->get_logger(), "我是%s,%d岁，爱吃[01;36m[K%s[m[K", name.c_str(), age, food_name);
      |                                                           [01;36m[K~^[m[K
      |                                                            [01;36m[K|[m[K
      |                                                            [01;36m[Kchar*[m[K
[100%] [32m[1mLinking CXX executable person_node[0m
[100%] Built target person_node
-- Install configuration: ""
-- Up-to-date: /home/wang/桌面/item/chapter2/chapter2_ws/install/demo_cpp_pkg/lib/demo_cpp_pkg/cpp_node
-- Installing: /home/wang/桌面/item/chapter2/chapter2_ws/install/demo_cpp_pkg/lib/demo_cpp_pkg/person_node
-- Set runtime path of "/home/wang/桌面/item/chapter2/chapter2_ws/install/demo_cpp_pkg/lib/demo_cpp_pkg/person_node" to ""
-- Up-to-date: /home/wang/桌面/item/chapter2/chapter2_ws/install/demo_cpp_pkg/share/ament_index/resource_index/package_run_dependencies/demo_cpp_pkg
-- Installing: /home/wang/桌面/item/chapter2/chapter2_ws/install/demo_cpp_pkg/share/ament_index/resource_index/parent_prefix_path/demo_cpp_pkg
-- Up-to-date: /home/wang/桌面/item/chapter2/chapter2_ws/install/demo_cpp_pkg/share/demo_cpp_pkg/environment/ament_prefix_path.sh
-- Installing: /home/wang/桌面/item/chapter2/chapter2_ws/install/demo_cpp_pkg/share/demo_cpp_pkg/environment/ament_prefix_path.dsv
-- Up-to-date: /home/wang/桌面/item/chapter2/chapter2_ws/install/demo_cpp_pkg/share/demo_cpp_pkg/environment/path.sh
-- Installing: /home/wang/桌面/item/chapter2/chapter2_ws/install/demo_cpp_pkg/share/demo_cpp_pkg/environment/path.dsv
-- Up-to-date: /home/wang/桌面/item/chapter2/chapter2_ws/install/demo_cpp_pkg/share/demo_cpp_pkg/local_setup.bash
-- Up-to-date: /home/wang/桌面/item/chapter2/chapter2_ws/install/demo_cpp_pkg/share/demo_cpp_pkg/local_setup.sh
-- Up-to-date: /home/wang/桌面/item/chapter2/chapter2_ws/install/demo_cpp_pkg/share/demo_cpp_pkg/local_setup.zsh
-- Installing: /home/wang/桌面/item/chapter2/chapter2_ws/install/demo_cpp_pkg/share/demo_cpp_pkg/local_setup.dsv
-- Installing: /home/wang/桌面/item/chapter2/chapter2_ws/install/demo_cpp_pkg/share/demo_cpp_pkg/package.dsv
-- Up-to-date: /home/wang/桌面/item/chapter2/chapter2_ws/install/demo_cpp_pkg/share/ament_index/resource_index/packages/demo_cpp_pkg
-- Up-to-date: /home/wang/桌面/item/chapter2/chapter2_ws/install/demo_cpp_pkg/share/demo_cpp_pkg/cmake/demo_cpp_pkgConfig.cmake
-- Up-to-date: /home/wang/桌面/item/chapter2/chapter2_ws/install/demo_cpp_pkg/share/demo_cpp_pkg/cmake/demo_cpp_pkgConfig-version.cmake
-- Up-to-date: /home/wang/桌面/item/chapter2/chapter2_ws/install/demo_cpp_pkg/share/demo_cpp_pkg/package.xml
