[0.044s] Invoking command in '/home/wang/桌面/item/chapter2/chapter2_ws/build/demo_cpp_pkg': CMAKE_PREFIX_PATH=${CMAKE_PREFIX_PATH}:/home/wang/桌面/item/chapter2/chapter2_ws/install/demo_python_pkg:/home/wang/tb3_ws/install/turtlebot3_teleop:/home/wang/tb3_ws/install/turtlebot3_example:/opt/ros/humble /usr/bin/cmake --build /home/wang/桌面/item/chapter2/chapter2_ws/build/demo_cpp_pkg -- -j4 -l4
[0.169s] -- Found ament_cmake: 1.3.10 (/opt/ros/humble/share/ament_cmake/cmake)
[0.629s] -- Found rclcpp: 16.0.10 (/opt/ros/humble/share/rclcpp/cmake)
[0.723s] -- Found rosidl_generator_c: 3.1.5 (/opt/ros/humble/share/rosidl_generator_c/cmake)
[0.733s] -- Found rosidl_adapter: 3.1.5 (/opt/ros/humble/share/rosidl_adapter/cmake)
[0.745s] -- Found rosidl_generator_cpp: 3.1.5 (/opt/ros/humble/share/rosidl_generator_cpp/cmake)
[0.774s] -- Using all available rosidl_typesupport_c: rosidl_typesupport_fastrtps_c;rosidl_typesupport_introspection_c
[0.825s] -- Using all available rosidl_typesupport_cpp: rosidl_typesupport_fastrtps_cpp;rosidl_typesupport_introspection_cpp
[0.909s] -- Found rmw_implementation_cmake: 6.1.2 (/opt/ros/humble/share/rmw_implementation_cmake/cmake)
[0.910s] -- Found rmw_fastrtps_cpp: 6.2.7 (/opt/ros/humble/share/rmw_fastrtps_cpp/cmake)
[1.227s] -- Using RMW implementation 'rmw_fastrtps_cpp' as default
[1.367s] -- Found ament_lint_auto: 0.12.11 (/opt/ros/humble/share/ament_lint_auto/cmake)
[1.631s] -- Added test 'cppcheck' to perform static code analysis on C / C++ code
[1.632s] -- Configured cppcheck include dirs: 
[1.636s] -- Configured cppcheck exclude dirs and/or files: 
[1.637s] -- Added test 'lint_cmake' to check CMake code style
[1.646s] -- Added test 'uncrustify' to check C / C++ code style
[1.647s] -- Configured uncrustify additional arguments: 
[1.648s] -- Added test 'xmllint' to check XML markup files
[1.649s] -- Configuring done
[1.728s] -- Generating done
[1.735s] -- Build files have been written to: /home/wang/桌面/item/chapter2/chapter2_ws/build/demo_cpp_pkg
[1.858s] [35m[1mConsolidate compiler generated dependencies of target person_node[0m
[1.858s] [35m[1mConsolidate compiler generated dependencies of target learn_auto[0m
[1.883s] [35m[1mConsolidate compiler generated dependencies of target learn_shared_ptr[0m
[1.893s] [35m[1mConsolidate compiler generated dependencies of target cpp_node[0m
[1.964s] [ 16%] Built target learn_auto
[1.964s] [ 33%] Built target learn_shared_ptr
[2.029s] [ 50%] Built target person_node
[2.030s] [35m[1mConsolidate compiler generated dependencies of target learn_lambda[0m
[2.055s] [ 66%] Built target cpp_node
[2.070s] [ 75%] [32mBuilding CXX object CMakeFiles/learn_funcational.dir/src/learn_funcational.cpp.o[0m
[2.119s] [ 91%] Built target learn_lambda
[3.918s] [100%] [32m[1mLinking CXX executable learn_funcational[0m
[4.229s] [100%] Built target learn_funcational
[4.272s] Invoked command in '/home/wang/桌面/item/chapter2/chapter2_ws/build/demo_cpp_pkg' returned '0': CMAKE_PREFIX_PATH=${CMAKE_PREFIX_PATH}:/home/wang/桌面/item/chapter2/chapter2_ws/install/demo_python_pkg:/home/wang/tb3_ws/install/turtlebot3_teleop:/home/wang/tb3_ws/install/turtlebot3_example:/opt/ros/humble /usr/bin/cmake --build /home/wang/桌面/item/chapter2/chapter2_ws/build/demo_cpp_pkg -- -j4 -l4
[4.531s] Invoking command in '/home/wang/桌面/item/chapter2/chapter2_ws/build/demo_cpp_pkg': CMAKE_PREFIX_PATH=${CMAKE_PREFIX_PATH}:/home/wang/桌面/item/chapter2/chapter2_ws/install/demo_python_pkg:/home/wang/tb3_ws/install/turtlebot3_teleop:/home/wang/tb3_ws/install/turtlebot3_example:/opt/ros/humble /usr/bin/cmake --install /home/wang/桌面/item/chapter2/chapter2_ws/build/demo_cpp_pkg
[4.558s] -- Install configuration: ""
[4.569s] -- Up-to-date: /home/wang/桌面/item/chapter2/chapter2_ws/install/demo_cpp_pkg/lib/demo_cpp_pkg/cpp_node
[4.574s] -- Up-to-date: /home/wang/桌面/item/chapter2/chapter2_ws/install/demo_cpp_pkg/lib/demo_cpp_pkg/person_node
[4.575s] -- Up-to-date: /home/wang/桌面/item/chapter2/chapter2_ws/install/demo_cpp_pkg/lib/demo_cpp_pkg/learn_auto
[4.576s] -- Up-to-date: /home/wang/桌面/item/chapter2/chapter2_ws/install/demo_cpp_pkg/lib/demo_cpp_pkg/learn_shared_ptr
[4.578s] -- Up-to-date: /home/wang/桌面/item/chapter2/chapter2_ws/install/demo_cpp_pkg/lib/demo_cpp_pkg/learn_lambda
[4.579s] -- Installing: /home/wang/桌面/item/chapter2/chapter2_ws/install/demo_cpp_pkg/lib/demo_cpp_pkg/learn_funcational
[4.582s] -- Up-to-date: /home/wang/桌面/item/chapter2/chapter2_ws/install/demo_cpp_pkg/share/ament_index/resource_index/package_run_dependencies/demo_cpp_pkg
[4.582s] -- Up-to-date: /home/wang/桌面/item/chapter2/chapter2_ws/install/demo_cpp_pkg/share/ament_index/resource_index/parent_prefix_path/demo_cpp_pkg
[4.583s] -- Up-to-date: /home/wang/桌面/item/chapter2/chapter2_ws/install/demo_cpp_pkg/share/demo_cpp_pkg/environment/ament_prefix_path.sh
[4.583s] -- Installing: /home/wang/桌面/item/chapter2/chapter2_ws/install/demo_cpp_pkg/share/demo_cpp_pkg/environment/ament_prefix_path.dsv
[4.585s] -- Up-to-date: /home/wang/桌面/item/chapter2/chapter2_ws/install/demo_cpp_pkg/share/demo_cpp_pkg/environment/path.sh
[4.586s] -- Installing: /home/wang/桌面/item/chapter2/chapter2_ws/install/demo_cpp_pkg/share/demo_cpp_pkg/environment/path.dsv
[4.586s] -- Up-to-date: /home/wang/桌面/item/chapter2/chapter2_ws/install/demo_cpp_pkg/share/demo_cpp_pkg/local_setup.bash
[4.586s] -- Up-to-date: /home/wang/桌面/item/chapter2/chapter2_ws/install/demo_cpp_pkg/share/demo_cpp_pkg/local_setup.sh
[4.589s] -- Up-to-date: /home/wang/桌面/item/chapter2/chapter2_ws/install/demo_cpp_pkg/share/demo_cpp_pkg/local_setup.zsh
[4.590s] -- Installing: /home/wang/桌面/item/chapter2/chapter2_ws/install/demo_cpp_pkg/share/demo_cpp_pkg/local_setup.dsv
[4.590s] -- Installing: /home/wang/桌面/item/chapter2/chapter2_ws/install/demo_cpp_pkg/share/demo_cpp_pkg/package.dsv
[4.591s] -- Up-to-date: /home/wang/桌面/item/chapter2/chapter2_ws/install/demo_cpp_pkg/share/ament_index/resource_index/packages/demo_cpp_pkg
[4.591s] -- Up-to-date: /home/wang/桌面/item/chapter2/chapter2_ws/install/demo_cpp_pkg/share/demo_cpp_pkg/cmake/demo_cpp_pkgConfig.cmake
[4.591s] -- Up-to-date: /home/wang/桌面/item/chapter2/chapter2_ws/install/demo_cpp_pkg/share/demo_cpp_pkg/cmake/demo_cpp_pkgConfig-version.cmake
[4.595s] -- Up-to-date: /home/wang/桌面/item/chapter2/chapter2_ws/install/demo_cpp_pkg/share/demo_cpp_pkg/package.xml
[4.603s] Invoked command in '/home/wang/桌面/item/chapter2/chapter2_ws/build/demo_cpp_pkg' returned '0': CMAKE_PREFIX_PATH=${CMAKE_PREFIX_PATH}:/home/wang/桌面/item/chapter2/chapter2_ws/install/demo_python_pkg:/home/wang/tb3_ws/install/turtlebot3_teleop:/home/wang/tb3_ws/install/turtlebot3_example:/opt/ros/humble /usr/bin/cmake --install /home/wang/桌面/item/chapter2/chapter2_ws/build/demo_cpp_pkg
