[0.039s] Invoking command in '/home/wang/桌面/item/chapter2/chapter2_ws/build/demo_cpp_pkg': CMAKE_PREFIX_PATH=${CMAKE_PREFIX_PATH}:/home/wang/桌面/item/chapter2/chapter2_ws/install/demo_python_pkg:/home/wang/tb3_ws/install/turtlebot3_teleop:/home/wang/tb3_ws/install/turtlebot3_example:/opt/ros/humble /usr/bin/cmake --build /home/wang/桌面/item/chapter2/chapter2_ws/build/demo_cpp_pkg -- -j4 -l4
[0.191s] -- Found ament_cmake: 1.3.10 (/opt/ros/humble/share/ament_cmake/cmake)
[0.686s] -- Found rclcpp: 16.0.10 (/opt/ros/humble/share/rclcpp/cmake)
[0.794s] -- Found rosidl_generator_c: 3.1.5 (/opt/ros/humble/share/rosidl_generator_c/cmake)
[0.804s] -- Found rosidl_adapter: 3.1.5 (/opt/ros/humble/share/rosidl_adapter/cmake)
[0.822s] -- Found rosidl_generator_cpp: 3.1.5 (/opt/ros/humble/share/rosidl_generator_cpp/cmake)
[0.881s] -- Using all available rosidl_typesupport_c: rosidl_typesupport_fastrtps_c;rosidl_typesupport_introspection_c
[0.926s] -- Using all available rosidl_typesupport_cpp: rosidl_typesupport_fastrtps_cpp;rosidl_typesupport_introspection_cpp
[1.071s] -- Found rmw_implementation_cmake: 6.1.2 (/opt/ros/humble/share/rmw_implementation_cmake/cmake)
[1.082s] -- Found rmw_fastrtps_cpp: 6.2.7 (/opt/ros/humble/share/rmw_fastrtps_cpp/cmake)
[1.431s] -- Using RMW implementation 'rmw_fastrtps_cpp' as default
[1.574s] -- Found ament_lint_auto: 0.12.11 (/opt/ros/humble/share/ament_lint_auto/cmake)
[1.828s] -- Added test 'cppcheck' to perform static code analysis on C / C++ code
[1.828s] -- Configured cppcheck include dirs: 
[1.828s] -- Configured cppcheck exclude dirs and/or files: 
[1.830s] -- Added test 'lint_cmake' to check CMake code style
[1.839s] -- Added test 'uncrustify' to check C / C++ code style
[1.839s] -- Configured uncrustify additional arguments: 
[1.844s] -- Added test 'xmllint' to check XML markup files
[1.844s] -- Configuring done
[1.895s] -- Generating done
[1.906s] -- Build files have been written to: /home/wang/桌面/item/chapter2/chapter2_ws/build/demo_cpp_pkg
[2.033s] [35m[1mConsolidate compiler generated dependencies of target learn_auto[0m
[2.063s] [35m[1mConsolidate compiler generated dependencies of target cpp_node[0m
[2.086s] [35m[1mConsolidate compiler generated dependencies of target person_node[0m
[2.097s] [ 12%] [32mBuilding CXX object CMakeFiles/learn_auto.dir/src/learn_auto.cpp.o[0m
[2.143s] [ 25%] [32mBuilding CXX object CMakeFiles/learn_shared_ptr.dir/src/learn_shared_ptr.cpp.o[0m
[2.176s] [ 50%] Built target person_node
[2.222s] [ 75%] Built target cpp_node
[3.332s] [ 87%] [32m[1mLinking CXX executable learn_auto[0m
[3.623s] [ 87%] Built target learn_auto
[3.623s] [100%] [32m[1mLinking CXX executable learn_shared_ptr[0m
[3.888s] [100%] Built target learn_shared_ptr
[3.925s] Invoked command in '/home/wang/桌面/item/chapter2/chapter2_ws/build/demo_cpp_pkg' returned '0': CMAKE_PREFIX_PATH=${CMAKE_PREFIX_PATH}:/home/wang/桌面/item/chapter2/chapter2_ws/install/demo_python_pkg:/home/wang/tb3_ws/install/turtlebot3_teleop:/home/wang/tb3_ws/install/turtlebot3_example:/opt/ros/humble /usr/bin/cmake --build /home/wang/桌面/item/chapter2/chapter2_ws/build/demo_cpp_pkg -- -j4 -l4
[4.106s] Invoking command in '/home/wang/桌面/item/chapter2/chapter2_ws/build/demo_cpp_pkg': CMAKE_PREFIX_PATH=${CMAKE_PREFIX_PATH}:/home/wang/桌面/item/chapter2/chapter2_ws/install/demo_python_pkg:/home/wang/tb3_ws/install/turtlebot3_teleop:/home/wang/tb3_ws/install/turtlebot3_example:/opt/ros/humble /usr/bin/cmake --install /home/wang/桌面/item/chapter2/chapter2_ws/build/demo_cpp_pkg
[4.123s] -- Install configuration: ""
[4.123s] -- Up-to-date: /home/wang/桌面/item/chapter2/chapter2_ws/install/demo_cpp_pkg/lib/demo_cpp_pkg/cpp_node
[4.125s] -- Up-to-date: /home/wang/桌面/item/chapter2/chapter2_ws/install/demo_cpp_pkg/lib/demo_cpp_pkg/person_node
[4.128s] -- Installing: /home/wang/桌面/item/chapter2/chapter2_ws/install/demo_cpp_pkg/lib/demo_cpp_pkg/learn_auto
[4.128s] -- Installing: /home/wang/桌面/item/chapter2/chapter2_ws/install/demo_cpp_pkg/lib/demo_cpp_pkg/learn_shared_ptr
[4.129s] -- Up-to-date: /home/wang/桌面/item/chapter2/chapter2_ws/install/demo_cpp_pkg/share/ament_index/resource_index/package_run_dependencies/demo_cpp_pkg
[4.129s] -- Installing: /home/wang/桌面/item/chapter2/chapter2_ws/install/demo_cpp_pkg/share/ament_index/resource_index/parent_prefix_path/demo_cpp_pkg
[4.132s] -- Up-to-date: /home/wang/桌面/item/chapter2/chapter2_ws/install/demo_cpp_pkg/share/demo_cpp_pkg/environment/ament_prefix_path.sh
[4.132s] -- Installing: /home/wang/桌面/item/chapter2/chapter2_ws/install/demo_cpp_pkg/share/demo_cpp_pkg/environment/ament_prefix_path.dsv
[4.135s] -- Up-to-date: /home/wang/桌面/item/chapter2/chapter2_ws/install/demo_cpp_pkg/share/demo_cpp_pkg/environment/path.sh
[4.135s] -- Installing: /home/wang/桌面/item/chapter2/chapter2_ws/install/demo_cpp_pkg/share/demo_cpp_pkg/environment/path.dsv
[4.137s] -- Up-to-date: /home/wang/桌面/item/chapter2/chapter2_ws/install/demo_cpp_pkg/share/demo_cpp_pkg/local_setup.bash
[4.137s] -- Up-to-date: /home/wang/桌面/item/chapter2/chapter2_ws/install/demo_cpp_pkg/share/demo_cpp_pkg/local_setup.sh
[4.137s] -- Up-to-date: /home/wang/桌面/item/chapter2/chapter2_ws/install/demo_cpp_pkg/share/demo_cpp_pkg/local_setup.zsh
[4.140s] -- Installing: /home/wang/桌面/item/chapter2/chapter2_ws/install/demo_cpp_pkg/share/demo_cpp_pkg/local_setup.dsv
[4.140s] -- Installing: /home/wang/桌面/item/chapter2/chapter2_ws/install/demo_cpp_pkg/share/demo_cpp_pkg/package.dsv
[4.141s] -- Up-to-date: /home/wang/桌面/item/chapter2/chapter2_ws/install/demo_cpp_pkg/share/ament_index/resource_index/packages/demo_cpp_pkg
[4.141s] -- Up-to-date: /home/wang/桌面/item/chapter2/chapter2_ws/install/demo_cpp_pkg/share/demo_cpp_pkg/cmake/demo_cpp_pkgConfig.cmake
[4.141s] -- Up-to-date: /home/wang/桌面/item/chapter2/chapter2_ws/install/demo_cpp_pkg/share/demo_cpp_pkg/cmake/demo_cpp_pkgConfig-version.cmake
[4.141s] -- Up-to-date: /home/wang/桌面/item/chapter2/chapter2_ws/install/demo_cpp_pkg/share/demo_cpp_pkg/package.xml
[4.147s] Invoked command in '/home/wang/桌面/item/chapter2/chapter2_ws/build/demo_cpp_pkg' returned '0': CMAKE_PREFIX_PATH=${CMAKE_PREFIX_PATH}:/home/wang/桌面/item/chapter2/chapter2_ws/install/demo_python_pkg:/home/wang/tb3_ws/install/turtlebot3_teleop:/home/wang/tb3_ws/install/turtlebot3_example:/opt/ros/humble /usr/bin/cmake --install /home/wang/桌面/item/chapter2/chapter2_ws/build/demo_cpp_pkg
