[0.095s] Invoking command in '/home/wang/桌面/item/chapter3/topic_ws/build/demo_cpp_topic': CMAKE_PREFIX_PATH=${CMAKE_PREFIX_PATH}:/home/wang/tb3_ws/install/turtlebot3_teleop:/home/wang/tb3_ws/install/turtlebot3_example:/opt/ros/humble /usr/bin/cmake --build /home/wang/桌面/item/chapter3/topic_ws/build/demo_cpp_topic -- -j4 -l4
[0.421s] -- Found ament_cmake: 1.3.10 (/opt/ros/humble/share/ament_cmake/cmake)
[1.117s] -- Found rclcpp: 16.0.10 (/opt/ros/humble/share/rclcpp/cmake)
[1.294s] -- Found rosidl_generator_c: 3.1.5 (/opt/ros/humble/share/rosidl_generator_c/cmake)
[1.308s] -- Found rosidl_adapter: 3.1.5 (/opt/ros/humble/share/rosidl_adapter/cmake)
[1.339s] -- Found rosidl_generator_cpp: 3.1.5 (/opt/ros/humble/share/rosidl_generator_cpp/cmake)
[1.398s] -- Using all available rosidl_typesupport_c: rosidl_typesupport_fastrtps_c;rosidl_typesupport_introspection_c
[1.469s] -- Using all available rosidl_typesupport_cpp: rosidl_typesupport_fastrtps_cpp;rosidl_typesupport_introspection_cpp
[1.623s] -- Found rmw_implementation_cmake: 6.1.2 (/opt/ros/humble/share/rmw_implementation_cmake/cmake)
[1.639s] -- Found rmw_fastrtps_cpp: 6.2.7 (/opt/ros/humble/share/rmw_fastrtps_cpp/cmake)
[2.087s] -- Using RMW implementation 'rmw_fastrtps_cpp' as default
[2.335s] -- Found geometry_msgs: 4.2.4 (/opt/ros/humble/share/geometry_msgs/cmake)
[2.369s] -- Found turtlesim: 1.4.2 (/opt/ros/humble/share/turtlesim/cmake)
[2.504s] -- Found ament_lint_auto: 0.12.11 (/opt/ros/humble/share/ament_lint_auto/cmake)
[2.840s] -- Added test 'cppcheck' to perform static code analysis on C / C++ code
[2.840s] -- Configured cppcheck include dirs: 
[2.840s] -- Configured cppcheck exclude dirs and/or files: 
[2.845s] -- Added test 'lint_cmake' to check CMake code style
[2.849s] -- Added test 'uncrustify' to check C / C++ code style
[2.849s] -- Configured uncrustify additional arguments: 
[2.851s] -- Added test 'xmllint' to check XML markup files
[2.859s] -- Configuring done
[2.950s] -- Generating done
[2.958s] -- Build files have been written to: /home/wang/桌面/item/chapter3/topic_ws/build/demo_cpp_topic
[3.066s] [35m[1mConsolidate compiler generated dependencies of target turtle_control[0m
[3.073s] [35m[1mConsolidate compiler generated dependencies of target turtle_circle[0m
[3.123s] [ 25%] [32mBuilding CXX object CMakeFiles/turtle_control.dir/src/turtle_control.cpp.o[0m
[3.210s] [ 75%] Built target turtle_circle
[33.371s] [100%] [32m[1mLinking CXX executable turtle_control[0m
[34.746s] [100%] Built target turtle_control
[34.791s] Invoked command in '/home/wang/桌面/item/chapter3/topic_ws/build/demo_cpp_topic' returned '0': CMAKE_PREFIX_PATH=${CMAKE_PREFIX_PATH}:/home/wang/tb3_ws/install/turtlebot3_teleop:/home/wang/tb3_ws/install/turtlebot3_example:/opt/ros/humble /usr/bin/cmake --build /home/wang/桌面/item/chapter3/topic_ws/build/demo_cpp_topic -- -j4 -l4
[34.962s] Invoking command in '/home/wang/桌面/item/chapter3/topic_ws/build/demo_cpp_topic': CMAKE_PREFIX_PATH=${CMAKE_PREFIX_PATH}:/home/wang/tb3_ws/install/turtlebot3_teleop:/home/wang/tb3_ws/install/turtlebot3_example:/opt/ros/humble /usr/bin/cmake --install /home/wang/桌面/item/chapter3/topic_ws/build/demo_cpp_topic
[34.997s] -- Install configuration: ""
[35.007s] -- Installing: /home/wang/桌面/item/chapter3/topic_ws/install/demo_cpp_topic/lib/demo_cpp_topic/turtle_control
[35.021s] -- Set runtime path of "/home/wang/桌面/item/chapter3/topic_ws/install/demo_cpp_topic/lib/demo_cpp_topic/turtle_control" to ""
[35.028s] -- Up-to-date: /home/wang/桌面/item/chapter3/topic_ws/install/demo_cpp_topic/lib/demo_cpp_topic/turtle_circle
[35.029s] -- Up-to-date: /home/wang/桌面/item/chapter3/topic_ws/install/demo_cpp_topic/share/ament_index/resource_index/package_run_dependencies/demo_cpp_topic
[35.029s] -- Up-to-date: /home/wang/桌面/item/chapter3/topic_ws/install/demo_cpp_topic/share/ament_index/resource_index/parent_prefix_path/demo_cpp_topic
[35.029s] -- Up-to-date: /home/wang/桌面/item/chapter3/topic_ws/install/demo_cpp_topic/share/demo_cpp_topic/environment/ament_prefix_path.sh
[35.029s] -- Installing: /home/wang/桌面/item/chapter3/topic_ws/install/demo_cpp_topic/share/demo_cpp_topic/environment/ament_prefix_path.dsv
[35.034s] -- Up-to-date: /home/wang/桌面/item/chapter3/topic_ws/install/demo_cpp_topic/share/demo_cpp_topic/environment/path.sh
[35.037s] -- Installing: /home/wang/桌面/item/chapter3/topic_ws/install/demo_cpp_topic/share/demo_cpp_topic/environment/path.dsv
[35.037s] -- Up-to-date: /home/wang/桌面/item/chapter3/topic_ws/install/demo_cpp_topic/share/demo_cpp_topic/local_setup.bash
[35.038s] -- Up-to-date: /home/wang/桌面/item/chapter3/topic_ws/install/demo_cpp_topic/share/demo_cpp_topic/local_setup.sh
[35.039s] -- Up-to-date: /home/wang/桌面/item/chapter3/topic_ws/install/demo_cpp_topic/share/demo_cpp_topic/local_setup.zsh
[35.039s] -- Installing: /home/wang/桌面/item/chapter3/topic_ws/install/demo_cpp_topic/share/demo_cpp_topic/local_setup.dsv
[35.039s] -- Installing: /home/wang/桌面/item/chapter3/topic_ws/install/demo_cpp_topic/share/demo_cpp_topic/package.dsv
[35.040s] -- Up-to-date: /home/wang/桌面/item/chapter3/topic_ws/install/demo_cpp_topic/share/ament_index/resource_index/packages/demo_cpp_topic
[35.040s] -- Up-to-date: /home/wang/桌面/item/chapter3/topic_ws/install/demo_cpp_topic/share/demo_cpp_topic/cmake/demo_cpp_topicConfig.cmake
[35.040s] -- Up-to-date: /home/wang/桌面/item/chapter3/topic_ws/install/demo_cpp_topic/share/demo_cpp_topic/cmake/demo_cpp_topicConfig-version.cmake
[35.041s] -- Up-to-date: /home/wang/桌面/item/chapter3/topic_ws/install/demo_cpp_topic/share/demo_cpp_topic/package.xml
[35.043s] Invoked command in '/home/wang/桌面/item/chapter3/topic_ws/build/demo_cpp_topic' returned '0': CMAKE_PREFIX_PATH=${CMAKE_PREFIX_PATH}:/home/wang/tb3_ws/install/turtlebot3_teleop:/home/wang/tb3_ws/install/turtlebot3_example:/opt/ros/humble /usr/bin/cmake --install /home/wang/桌面/item/chapter3/topic_ws/build/demo_cpp_topic
