[0.328s] DEBUG:colcon:Command line arguments: ['/usr/bin/colcon', 'build']
[0.329s] DEBUG:colcon:Parsed command line arguments: Namespace(log_base=None, log_level=None, verb_name='build', build_base='build', install_base='install', merge_install=False, symlink_install=False, test_result_base=None, continue_on_error=False, executor='parallel', parallel_workers=4, event_handlers=None, ignore_user_meta=False, metas=['./colcon.meta'], base_paths=['.'], packages_ignore=None, packages_ignore_regex=None, paths=None, packages_up_to=None, packages_up_to_regex=None, packages_above=None, packages_above_and_dependencies=None, packages_above_depth=None, packages_select_by_dep=None, packages_skip_by_dep=None, packages_skip_up_to=None, packages_select_build_failed=False, packages_skip_build_finished=False, packages_select_test_failures=False, packages_skip_test_passed=False, packages_select=None, packages_skip=None, packages_select_regex=None, packages_skip_regex=None, packages_start=None, packages_end=None, allow_overriding=[], cmake_args=None, cmake_target=None, cmake_target_skip_unavailable=False, cmake_clean_cache=False, cmake_clean_first=False, cmake_force_configure=False, ament_cmake_args=None, catkin_cmake_args=None, catkin_skip_building_tests=False, verb_parser=<colcon_defaults.argument_parser.defaults.DefaultArgumentsDecorator object at 0x7088bf23db40>, verb_extension=<colcon_core.verb.build.BuildVerb object at 0x7088bf23d630>, main=<bound method BuildVerb.main of <colcon_core.verb.build.BuildVerb object at 0x7088bf23d630>>)
[0.843s] Level 1:colcon.colcon_core.package_discovery:discover_packages(colcon_meta) check parameters
[0.844s] Level 1:colcon.colcon_core.package_discovery:discover_packages(recursive) check parameters
[0.844s] Level 1:colcon.colcon_core.package_discovery:discover_packages(ignore) check parameters
[0.844s] Level 1:colcon.colcon_core.package_discovery:discover_packages(path) check parameters
[0.844s] Level 1:colcon.colcon_core.package_discovery:discover_packages(colcon_meta) discover
[0.844s] Level 1:colcon.colcon_core.package_discovery:discover_packages(recursive) discover
[0.845s] INFO:colcon.colcon_core.package_discovery:Crawling recursively for packages in '/home/wang/桌面/item/chapter2/chapter2_ws'
[0.845s] Level 1:colcon.colcon_core.package_identification:_identify(.) by extensions ['ignore', 'ignore_ament_install']
[0.845s] Level 1:colcon.colcon_core.package_identification:_identify(.) by extension 'ignore'
[0.846s] Level 1:colcon.colcon_core.package_identification:_identify(.) by extension 'ignore_ament_install'
[0.846s] Level 1:colcon.colcon_core.package_identification:_identify(.) by extensions ['colcon_pkg']
[0.846s] Level 1:colcon.colcon_core.package_identification:_identify(.) by extension 'colcon_pkg'
[0.846s] Level 1:colcon.colcon_core.package_identification:_identify(.) by extensions ['colcon_meta']
[0.846s] Level 1:colcon.colcon_core.package_identification:_identify(.) by extension 'colcon_meta'
[0.846s] Level 1:colcon.colcon_core.package_identification:_identify(.) by extensions ['ros']
[0.846s] Level 1:colcon.colcon_core.package_identification:_identify(.) by extension 'ros'
[0.885s] Level 1:colcon.colcon_core.package_identification:_identify(.) by extensions ['cmake', 'python']
[0.885s] Level 1:colcon.colcon_core.package_identification:_identify(.) by extension 'cmake'
[0.885s] Level 1:colcon.colcon_core.package_identification:_identify(.) by extension 'python'
[0.885s] Level 1:colcon.colcon_core.package_identification:_identify(.) by extensions ['python_setup_py']
[0.885s] Level 1:colcon.colcon_core.package_identification:_identify(.) by extension 'python_setup_py'
[0.886s] Level 1:colcon.colcon_core.package_identification:_identify(build) by extensions ['ignore', 'ignore_ament_install']
[0.886s] Level 1:colcon.colcon_core.package_identification:_identify(build) by extension 'ignore'
[0.886s] Level 1:colcon.colcon_core.package_identification:_identify(build) ignored
[0.887s] Level 1:colcon.colcon_core.package_identification:_identify(install) by extensions ['ignore', 'ignore_ament_install']
[0.887s] Level 1:colcon.colcon_core.package_identification:_identify(install) by extension 'ignore'
[0.887s] Level 1:colcon.colcon_core.package_identification:_identify(install) ignored
[0.887s] Level 1:colcon.colcon_core.package_identification:_identify(log) by extensions ['ignore', 'ignore_ament_install']
[0.887s] Level 1:colcon.colcon_core.package_identification:_identify(log) by extension 'ignore'
[0.888s] Level 1:colcon.colcon_core.package_identification:_identify(log) ignored
[0.888s] Level 1:colcon.colcon_core.package_identification:_identify(src) by extensions ['ignore', 'ignore_ament_install']
[0.888s] Level 1:colcon.colcon_core.package_identification:_identify(src) by extension 'ignore'
[0.888s] Level 1:colcon.colcon_core.package_identification:_identify(src) by extension 'ignore_ament_install'
[0.888s] Level 1:colcon.colcon_core.package_identification:_identify(src) by extensions ['colcon_pkg']
[0.888s] Level 1:colcon.colcon_core.package_identification:_identify(src) by extension 'colcon_pkg'
[0.889s] Level 1:colcon.colcon_core.package_identification:_identify(src) by extensions ['colcon_meta']
[0.889s] Level 1:colcon.colcon_core.package_identification:_identify(src) by extension 'colcon_meta'
[0.889s] Level 1:colcon.colcon_core.package_identification:_identify(src) by extensions ['ros']
[0.889s] Level 1:colcon.colcon_core.package_identification:_identify(src) by extension 'ros'
[0.889s] Level 1:colcon.colcon_core.package_identification:_identify(src) by extensions ['cmake', 'python']
[0.889s] Level 1:colcon.colcon_core.package_identification:_identify(src) by extension 'cmake'
[0.889s] Level 1:colcon.colcon_core.package_identification:_identify(src) by extension 'python'
[0.889s] Level 1:colcon.colcon_core.package_identification:_identify(src) by extensions ['python_setup_py']
[0.890s] Level 1:colcon.colcon_core.package_identification:_identify(src) by extension 'python_setup_py'
[0.890s] Level 1:colcon.colcon_core.package_identification:_identify(src/demo_cpp_pkg) by extensions ['ignore', 'ignore_ament_install']
[0.890s] Level 1:colcon.colcon_core.package_identification:_identify(src/demo_cpp_pkg) by extension 'ignore'
[0.890s] Level 1:colcon.colcon_core.package_identification:_identify(src/demo_cpp_pkg) by extension 'ignore_ament_install'
[0.890s] Level 1:colcon.colcon_core.package_identification:_identify(src/demo_cpp_pkg) by extensions ['colcon_pkg']
[0.890s] Level 1:colcon.colcon_core.package_identification:_identify(src/demo_cpp_pkg) by extension 'colcon_pkg'
[0.891s] Level 1:colcon.colcon_core.package_identification:_identify(src/demo_cpp_pkg) by extensions ['colcon_meta']
[0.891s] Level 1:colcon.colcon_core.package_identification:_identify(src/demo_cpp_pkg) by extension 'colcon_meta'
[0.891s] Level 1:colcon.colcon_core.package_identification:_identify(src/demo_cpp_pkg) by extensions ['ros']
[0.891s] Level 1:colcon.colcon_core.package_identification:_identify(src/demo_cpp_pkg) by extension 'ros'
[0.899s] DEBUG:colcon.colcon_core.package_identification:Package 'src/demo_cpp_pkg' with type 'ros.ament_cmake' and name 'demo_cpp_pkg'
[0.899s] Level 1:colcon.colcon_core.package_identification:_identify(src/demo_python_pkg) by extensions ['ignore', 'ignore_ament_install']
[0.899s] Level 1:colcon.colcon_core.package_identification:_identify(src/demo_python_pkg) by extension 'ignore'
[0.900s] Level 1:colcon.colcon_core.package_identification:_identify(src/demo_python_pkg) by extension 'ignore_ament_install'
[0.900s] Level 1:colcon.colcon_core.package_identification:_identify(src/demo_python_pkg) by extensions ['colcon_pkg']
[0.900s] Level 1:colcon.colcon_core.package_identification:_identify(src/demo_python_pkg) by extension 'colcon_pkg'
[0.900s] Level 1:colcon.colcon_core.package_identification:_identify(src/demo_python_pkg) by extensions ['colcon_meta']
[0.900s] Level 1:colcon.colcon_core.package_identification:_identify(src/demo_python_pkg) by extension 'colcon_meta'
[0.901s] Level 1:colcon.colcon_core.package_identification:_identify(src/demo_python_pkg) by extensions ['ros']
[0.901s] Level 1:colcon.colcon_core.package_identification:_identify(src/demo_python_pkg) by extension 'ros'
[0.902s] DEBUG:colcon.colcon_core.package_identification:Package 'src/demo_python_pkg' with type 'ros.ament_python' and name 'demo_python_pkg'
[0.903s] Level 1:colcon.colcon_core.package_discovery:discover_packages(recursive) using defaults
[0.903s] Level 1:colcon.colcon_core.package_discovery:discover_packages(ignore) discover
[0.903s] Level 1:colcon.colcon_core.package_discovery:discover_packages(ignore) using defaults
[0.903s] Level 1:colcon.colcon_core.package_discovery:discover_packages(path) discover
[0.903s] Level 1:colcon.colcon_core.package_discovery:discover_packages(path) using defaults
[1.001s] Level 1:colcon.colcon_core.package_discovery:discover_packages(prefix_path) check parameters
[1.002s] Level 1:colcon.colcon_core.package_discovery:discover_packages(prefix_path) discover
[1.004s] WARNING:colcon.colcon_core.prefix_path.colcon:The path '/home/wang/桌面/item/chapter2/install' in the environment variable COLCON_PREFIX_PATH doesn't exist
[1.005s] WARNING:colcon.colcon_ros.prefix_path.ament:The path '/home/wang/桌面/item/chapter2/install/demo_python_pkg' in the environment variable AMENT_PREFIX_PATH doesn't exist
[1.005s] WARNING:colcon.colcon_ros.prefix_path.ament:The path '/home/wang/桌面/item/chapter2/install/demo_cpp_pkg' in the environment variable AMENT_PREFIX_PATH doesn't exist
[1.007s] WARNING:colcon.colcon_ros.prefix_path.catkin:The path '/home/wang/桌面/item/chapter2/install/demo_cpp_pkg' in the environment variable CMAKE_PREFIX_PATH doesn't exist
[1.010s] DEBUG:colcon.colcon_installed_package_information.package_discovery:Found 17 installed packages in /home/wang/tb3_ws/install
[1.014s] DEBUG:colcon.colcon_installed_package_information.package_discovery:Found 406 installed packages in /opt/ros/humble
[1.021s] Level 1:colcon.colcon_core.package_discovery:discover_packages(prefix_path) using defaults
[1.237s] Level 5:colcon.colcon_core.verb:set package 'demo_cpp_pkg' build argument 'cmake_args' from command line to 'None'
[1.238s] Level 5:colcon.colcon_core.verb:set package 'demo_cpp_pkg' build argument 'cmake_target' from command line to 'None'
[1.238s] Level 5:colcon.colcon_core.verb:set package 'demo_cpp_pkg' build argument 'cmake_target_skip_unavailable' from command line to 'False'
[1.238s] Level 5:colcon.colcon_core.verb:set package 'demo_cpp_pkg' build argument 'cmake_clean_cache' from command line to 'False'
[1.238s] Level 5:colcon.colcon_core.verb:set package 'demo_cpp_pkg' build argument 'cmake_clean_first' from command line to 'False'
[1.238s] Level 5:colcon.colcon_core.verb:set package 'demo_cpp_pkg' build argument 'cmake_force_configure' from command line to 'False'
[1.238s] Level 5:colcon.colcon_core.verb:set package 'demo_cpp_pkg' build argument 'ament_cmake_args' from command line to 'None'
[1.238s] Level 5:colcon.colcon_core.verb:set package 'demo_cpp_pkg' build argument 'catkin_cmake_args' from command line to 'None'
[1.238s] Level 5:colcon.colcon_core.verb:set package 'demo_cpp_pkg' build argument 'catkin_skip_building_tests' from command line to 'False'
[1.238s] DEBUG:colcon.colcon_core.verb:Building package 'demo_cpp_pkg' with the following arguments: {'ament_cmake_args': None, 'build_base': '/home/wang/桌面/item/chapter2/chapter2_ws/build/demo_cpp_pkg', 'catkin_cmake_args': None, 'catkin_skip_building_tests': False, 'cmake_args': None, 'cmake_clean_cache': False, 'cmake_clean_first': False, 'cmake_force_configure': False, 'cmake_target': None, 'cmake_target_skip_unavailable': False, 'install_base': '/home/wang/桌面/item/chapter2/chapter2_ws/install/demo_cpp_pkg', 'merge_install': False, 'path': '/home/wang/桌面/item/chapter2/chapter2_ws/src/demo_cpp_pkg', 'symlink_install': False, 'test_result_base': None}
[1.239s] Level 5:colcon.colcon_core.verb:set package 'demo_python_pkg' build argument 'cmake_args' from command line to 'None'
[1.239s] Level 5:colcon.colcon_core.verb:set package 'demo_python_pkg' build argument 'cmake_target' from command line to 'None'
[1.239s] Level 5:colcon.colcon_core.verb:set package 'demo_python_pkg' build argument 'cmake_target_skip_unavailable' from command line to 'False'
[1.239s] Level 5:colcon.colcon_core.verb:set package 'demo_python_pkg' build argument 'cmake_clean_cache' from command line to 'False'
[1.239s] Level 5:colcon.colcon_core.verb:set package 'demo_python_pkg' build argument 'cmake_clean_first' from command line to 'False'
[1.239s] Level 5:colcon.colcon_core.verb:set package 'demo_python_pkg' build argument 'cmake_force_configure' from command line to 'False'
[1.240s] Level 5:colcon.colcon_core.verb:set package 'demo_python_pkg' build argument 'ament_cmake_args' from command line to 'None'
[1.240s] Level 5:colcon.colcon_core.verb:set package 'demo_python_pkg' build argument 'catkin_cmake_args' from command line to 'None'
[1.240s] Level 5:colcon.colcon_core.verb:set package 'demo_python_pkg' build argument 'catkin_skip_building_tests' from command line to 'False'
[1.240s] DEBUG:colcon.colcon_core.verb:Building package 'demo_python_pkg' with the following arguments: {'ament_cmake_args': None, 'build_base': '/home/wang/桌面/item/chapter2/chapter2_ws/build/demo_python_pkg', 'catkin_cmake_args': None, 'catkin_skip_building_tests': False, 'cmake_args': None, 'cmake_clean_cache': False, 'cmake_clean_first': False, 'cmake_force_configure': False, 'cmake_target': None, 'cmake_target_skip_unavailable': False, 'install_base': '/home/wang/桌面/item/chapter2/chapter2_ws/install/demo_python_pkg', 'merge_install': False, 'path': '/home/wang/桌面/item/chapter2/chapter2_ws/src/demo_python_pkg', 'symlink_install': False, 'test_result_base': None}
[1.240s] INFO:colcon.colcon_core.executor:Executing jobs using 'parallel' executor
[1.248s] DEBUG:colcon.colcon_parallel_executor.executor.parallel:run_until_complete
[1.249s] INFO:colcon.colcon_ros.task.ament_cmake.build:Building ROS package in '/home/wang/桌面/item/chapter2/chapter2_ws/src/demo_cpp_pkg' with build type 'ament_cmake'
[1.249s] INFO:colcon.colcon_cmake.task.cmake.build:Building CMake package in '/home/wang/桌面/item/chapter2/chapter2_ws/src/demo_cpp_pkg'
[1.255s] INFO:colcon.colcon_core.plugin_system:Skipping extension 'colcon_core.shell.bat': Not used on non-Windows systems
[1.255s] INFO:colcon.colcon_core.shell:Skip shell extension 'powershell' for command environment: Not usable outside of PowerShell
[1.255s] DEBUG:colcon.colcon_core.shell:Skip shell extension 'dsv' for command environment
[1.270s] INFO:colcon.colcon_ros.task.ament_python.build:Building ROS package in '/home/wang/桌面/item/chapter2/chapter2_ws/src/demo_python_pkg' with build type 'ament_python'
[1.271s] Level 1:colcon.colcon_core.shell:create_environment_hook('demo_python_pkg', 'ament_prefix_path')
[1.271s] INFO:colcon.colcon_core.shell:Creating environment hook '/home/wang/桌面/item/chapter2/chapter2_ws/install/demo_python_pkg/share/demo_python_pkg/hook/ament_prefix_path.ps1'
[1.274s] INFO:colcon.colcon_core.shell:Creating environment descriptor '/home/wang/桌面/item/chapter2/chapter2_ws/install/demo_python_pkg/share/demo_python_pkg/hook/ament_prefix_path.dsv'
[1.276s] INFO:colcon.colcon_core.shell:Creating environment hook '/home/wang/桌面/item/chapter2/chapter2_ws/install/demo_python_pkg/share/demo_python_pkg/hook/ament_prefix_path.sh'
[1.278s] INFO:colcon.colcon_core.shell:Skip shell extension 'powershell' for command environment: Not usable outside of PowerShell
[1.278s] DEBUG:colcon.colcon_core.shell:Skip shell extension 'dsv' for command environment
[1.307s] DEBUG:colcon.colcon_core.event_handler.log_command:Invoking command in '/home/wang/桌面/item/chapter2/chapter2_ws/build/demo_cpp_pkg': CMAKE_PREFIX_PATH=${CMAKE_PREFIX_PATH}:/home/wang/桌面/item/chapter2/install/demo_python_pkg:/home/wang/tb3_ws/install/turtlebot3_teleop:/home/wang/tb3_ws/install/turtlebot3_example:/opt/ros/humble /usr/bin/cmake /home/wang/桌面/item/chapter2/chapter2_ws/src/demo_cpp_pkg -DCMAKE_INSTALL_PREFIX=/home/wang/桌面/item/chapter2/chapter2_ws/install/demo_cpp_pkg
[2.372s] INFO:colcon.colcon_core.task.python.build:Building Python package in '/home/wang/桌面/item/chapter2/chapter2_ws/src/demo_python_pkg'
[2.377s] INFO:colcon.colcon_core.shell:Skip shell extension 'powershell' for command environment: Not usable outside of PowerShell
[2.378s] DEBUG:colcon.colcon_core.shell:Skip shell extension 'dsv' for command environment
[3.730s] DEBUG:colcon.colcon_core.event_handler.log_command:Invoking command in '/home/wang/桌面/item/chapter2/chapter2_ws/src/demo_python_pkg': PYTHONPATH=/home/wang/桌面/item/chapter2/chapter2_ws/build/demo_python_pkg/prefix_override:/usr/lib/python3/dist-packages/colcon_core/task/python/colcon_distutils_commands:/home/wang/桌面/item/chapter2/chapter2_ws/install/demo_python_pkg/lib/python3.10/site-packages:${PYTHONPATH} /usr/bin/python3 -W ignore:setup.py install is deprecated setup.py egg_info --egg-base ../../build/demo_python_pkg build --build-base /home/wang/桌面/item/chapter2/chapter2_ws/build/demo_python_pkg/build install --record /home/wang/桌面/item/chapter2/chapter2_ws/build/demo_python_pkg/install.log --single-version-externally-managed install_data
[4.893s] DEBUG:colcon.colcon_core.event_handler.log_command:Invoked command in '/home/wang/桌面/item/chapter2/chapter2_ws/src/demo_python_pkg' returned '0': PYTHONPATH=/home/wang/桌面/item/chapter2/chapter2_ws/build/demo_python_pkg/prefix_override:/usr/lib/python3/dist-packages/colcon_core/task/python/colcon_distutils_commands:/home/wang/桌面/item/chapter2/chapter2_ws/install/demo_python_pkg/lib/python3.10/site-packages:${PYTHONPATH} /usr/bin/python3 -W ignore:setup.py install is deprecated setup.py egg_info --egg-base ../../build/demo_python_pkg build --build-base /home/wang/桌面/item/chapter2/chapter2_ws/build/demo_python_pkg/build install --record /home/wang/桌面/item/chapter2/chapter2_ws/build/demo_python_pkg/install.log --single-version-externally-managed install_data
[4.901s] Level 1:colcon.colcon_core.environment:checking '/home/wang/桌面/item/chapter2/chapter2_ws/install/demo_python_pkg' for CMake module files
[4.903s] Level 1:colcon.colcon_core.environment:checking '/home/wang/桌面/item/chapter2/chapter2_ws/install/demo_python_pkg' for CMake config files
[4.906s] Level 1:colcon.colcon_core.environment:checking '/home/wang/桌面/item/chapter2/chapter2_ws/install/demo_python_pkg/lib'
[4.907s] Level 1:colcon.colcon_core.environment:checking '/home/wang/桌面/item/chapter2/chapter2_ws/install/demo_python_pkg/bin'
[4.907s] Level 1:colcon.colcon_core.environment:checking '/home/wang/桌面/item/chapter2/chapter2_ws/install/demo_python_pkg/lib/pkgconfig/demo_python_pkg.pc'
[4.908s] Level 1:colcon.colcon_core.environment:checking '/home/wang/桌面/item/chapter2/chapter2_ws/install/demo_python_pkg/lib/python3.10/site-packages'
[4.908s] Level 1:colcon.colcon_core.shell:create_environment_hook('demo_python_pkg', 'pythonpath')
[4.909s] INFO:colcon.colcon_core.shell:Creating environment hook '/home/wang/桌面/item/chapter2/chapter2_ws/install/demo_python_pkg/share/demo_python_pkg/hook/pythonpath.ps1'
[4.911s] INFO:colcon.colcon_core.shell:Creating environment descriptor '/home/wang/桌面/item/chapter2/chapter2_ws/install/demo_python_pkg/share/demo_python_pkg/hook/pythonpath.dsv'
[4.912s] INFO:colcon.colcon_core.shell:Creating environment hook '/home/wang/桌面/item/chapter2/chapter2_ws/install/demo_python_pkg/share/demo_python_pkg/hook/pythonpath.sh'
[4.914s] Level 1:colcon.colcon_core.environment:checking '/home/wang/桌面/item/chapter2/chapter2_ws/install/demo_python_pkg/bin'
[4.914s] Level 1:colcon.colcon_core.environment:create_environment_scripts_only(demo_python_pkg)
[4.915s] INFO:colcon.colcon_core.shell:Creating package script '/home/wang/桌面/item/chapter2/chapter2_ws/install/demo_python_pkg/share/demo_python_pkg/package.ps1'
[4.919s] INFO:colcon.colcon_core.shell:Creating package descriptor '/home/wang/桌面/item/chapter2/chapter2_ws/install/demo_python_pkg/share/demo_python_pkg/package.dsv'
[4.923s] INFO:colcon.colcon_core.shell:Creating package script '/home/wang/桌面/item/chapter2/chapter2_ws/install/demo_python_pkg/share/demo_python_pkg/package.sh'
[4.925s] INFO:colcon.colcon_core.shell:Creating package script '/home/wang/桌面/item/chapter2/chapter2_ws/install/demo_python_pkg/share/demo_python_pkg/package.bash'
[4.927s] INFO:colcon.colcon_core.shell:Creating package script '/home/wang/桌面/item/chapter2/chapter2_ws/install/demo_python_pkg/share/demo_python_pkg/package.zsh'
[4.929s] Level 1:colcon.colcon_core.environment:create_file_with_runtime_dependencies(/home/wang/桌面/item/chapter2/chapter2_ws/install/demo_python_pkg/share/colcon-core/packages/demo_python_pkg)
[6.425s] DEBUG:colcon.colcon_core.event_handler.log_command:Invoked command in '/home/wang/桌面/item/chapter2/chapter2_ws/build/demo_cpp_pkg' returned '0': CMAKE_PREFIX_PATH=${CMAKE_PREFIX_PATH}:/home/wang/桌面/item/chapter2/install/demo_python_pkg:/home/wang/tb3_ws/install/turtlebot3_teleop:/home/wang/tb3_ws/install/turtlebot3_example:/opt/ros/humble /usr/bin/cmake /home/wang/桌面/item/chapter2/chapter2_ws/src/demo_cpp_pkg -DCMAKE_INSTALL_PREFIX=/home/wang/桌面/item/chapter2/chapter2_ws/install/demo_cpp_pkg
[6.427s] DEBUG:colcon.colcon_core.event_handler.log_command:Invoking command in '/home/wang/桌面/item/chapter2/chapter2_ws/build/demo_cpp_pkg': CMAKE_PREFIX_PATH=${CMAKE_PREFIX_PATH}:/home/wang/桌面/item/chapter2/install/demo_python_pkg:/home/wang/tb3_ws/install/turtlebot3_teleop:/home/wang/tb3_ws/install/turtlebot3_example:/opt/ros/humble /usr/bin/cmake --build /home/wang/桌面/item/chapter2/chapter2_ws/build/demo_cpp_pkg -- -j4 -l4
[17.813s] DEBUG:colcon.colcon_core.event_handler.log_command:Invoked command in '/home/wang/桌面/item/chapter2/chapter2_ws/build/demo_cpp_pkg' returned '0': CMAKE_PREFIX_PATH=${CMAKE_PREFIX_PATH}:/home/wang/桌面/item/chapter2/install/demo_python_pkg:/home/wang/tb3_ws/install/turtlebot3_teleop:/home/wang/tb3_ws/install/turtlebot3_example:/opt/ros/humble /usr/bin/cmake --build /home/wang/桌面/item/chapter2/chapter2_ws/build/demo_cpp_pkg -- -j4 -l4
[17.959s] DEBUG:colcon.colcon_core.event_handler.log_command:Invoking command in '/home/wang/桌面/item/chapter2/chapter2_ws/build/demo_cpp_pkg': CMAKE_PREFIX_PATH=${CMAKE_PREFIX_PATH}:/home/wang/桌面/item/chapter2/install/demo_python_pkg:/home/wang/tb3_ws/install/turtlebot3_teleop:/home/wang/tb3_ws/install/turtlebot3_example:/opt/ros/humble /usr/bin/cmake --install /home/wang/桌面/item/chapter2/chapter2_ws/build/demo_cpp_pkg
[18.012s] Level 1:colcon.colcon_core.environment:create_environment_scripts_only(demo_cpp_pkg)
[18.014s] Level 1:colcon.colcon_core.environment:checking '/home/wang/桌面/item/chapter2/chapter2_ws/install/demo_cpp_pkg' for CMake module files
[18.013s] DEBUG:colcon.colcon_core.event_handler.log_command:Invoked command in '/home/wang/桌面/item/chapter2/chapter2_ws/build/demo_cpp_pkg' returned '0': CMAKE_PREFIX_PATH=${CMAKE_PREFIX_PATH}:/home/wang/桌面/item/chapter2/install/demo_python_pkg:/home/wang/tb3_ws/install/turtlebot3_teleop:/home/wang/tb3_ws/install/turtlebot3_example:/opt/ros/humble /usr/bin/cmake --install /home/wang/桌面/item/chapter2/chapter2_ws/build/demo_cpp_pkg
[18.019s] Level 1:colcon.colcon_core.environment:checking '/home/wang/桌面/item/chapter2/chapter2_ws/install/demo_cpp_pkg' for CMake config files
[18.020s] Level 1:colcon.colcon_core.shell:create_environment_hook('demo_cpp_pkg', 'cmake_prefix_path')
[18.022s] INFO:colcon.colcon_core.shell:Creating environment hook '/home/wang/桌面/item/chapter2/chapter2_ws/install/demo_cpp_pkg/share/demo_cpp_pkg/hook/cmake_prefix_path.ps1'
[18.023s] INFO:colcon.colcon_core.shell:Creating environment descriptor '/home/wang/桌面/item/chapter2/chapter2_ws/install/demo_cpp_pkg/share/demo_cpp_pkg/hook/cmake_prefix_path.dsv'
[18.024s] INFO:colcon.colcon_core.shell:Creating environment hook '/home/wang/桌面/item/chapter2/chapter2_ws/install/demo_cpp_pkg/share/demo_cpp_pkg/hook/cmake_prefix_path.sh'
[18.027s] Level 1:colcon.colcon_core.environment:checking '/home/wang/桌面/item/chapter2/chapter2_ws/install/demo_cpp_pkg/lib'
[18.027s] Level 1:colcon.colcon_core.environment:checking '/home/wang/桌面/item/chapter2/chapter2_ws/install/demo_cpp_pkg/bin'
[18.028s] Level 1:colcon.colcon_core.environment:checking '/home/wang/桌面/item/chapter2/chapter2_ws/install/demo_cpp_pkg/lib/pkgconfig/demo_cpp_pkg.pc'
[18.028s] Level 1:colcon.colcon_core.environment:checking '/home/wang/桌面/item/chapter2/chapter2_ws/install/demo_cpp_pkg/lib/python3.10/site-packages'
[18.029s] Level 1:colcon.colcon_core.environment:checking '/home/wang/桌面/item/chapter2/chapter2_ws/install/demo_cpp_pkg/bin'
[18.030s] INFO:colcon.colcon_core.shell:Creating package script '/home/wang/桌面/item/chapter2/chapter2_ws/install/demo_cpp_pkg/share/demo_cpp_pkg/package.ps1'
[18.031s] INFO:colcon.colcon_core.shell:Creating package descriptor '/home/wang/桌面/item/chapter2/chapter2_ws/install/demo_cpp_pkg/share/demo_cpp_pkg/package.dsv'
[18.032s] INFO:colcon.colcon_core.shell:Creating package script '/home/wang/桌面/item/chapter2/chapter2_ws/install/demo_cpp_pkg/share/demo_cpp_pkg/package.sh'
[18.034s] INFO:colcon.colcon_core.shell:Creating package script '/home/wang/桌面/item/chapter2/chapter2_ws/install/demo_cpp_pkg/share/demo_cpp_pkg/package.bash'
[18.034s] INFO:colcon.colcon_core.shell:Creating package script '/home/wang/桌面/item/chapter2/chapter2_ws/install/demo_cpp_pkg/share/demo_cpp_pkg/package.zsh'
[18.035s] Level 1:colcon.colcon_core.environment:create_file_with_runtime_dependencies(/home/wang/桌面/item/chapter2/chapter2_ws/install/demo_cpp_pkg/share/colcon-core/packages/demo_cpp_pkg)
[18.177s] Level 1:colcon.colcon_core.environment:create_environment_scripts_only(demo_cpp_pkg)
[18.177s] Level 1:colcon.colcon_core.environment:checking '/home/wang/桌面/item/chapter2/chapter2_ws/install/demo_cpp_pkg' for CMake module files
[18.179s] Level 1:colcon.colcon_core.environment:checking '/home/wang/桌面/item/chapter2/chapter2_ws/install/demo_cpp_pkg' for CMake config files
[18.180s] Level 1:colcon.colcon_core.shell:create_environment_hook('demo_cpp_pkg', 'cmake_prefix_path')
[18.180s] INFO:colcon.colcon_core.shell:Creating environment hook '/home/wang/桌面/item/chapter2/chapter2_ws/install/demo_cpp_pkg/share/demo_cpp_pkg/hook/cmake_prefix_path.ps1'
[18.182s] INFO:colcon.colcon_core.shell:Creating environment descriptor '/home/wang/桌面/item/chapter2/chapter2_ws/install/demo_cpp_pkg/share/demo_cpp_pkg/hook/cmake_prefix_path.dsv'
[18.183s] INFO:colcon.colcon_core.shell:Creating environment hook '/home/wang/桌面/item/chapter2/chapter2_ws/install/demo_cpp_pkg/share/demo_cpp_pkg/hook/cmake_prefix_path.sh'
[18.185s] Level 1:colcon.colcon_core.environment:checking '/home/wang/桌面/item/chapter2/chapter2_ws/install/demo_cpp_pkg/lib'
[18.185s] Level 1:colcon.colcon_core.environment:checking '/home/wang/桌面/item/chapter2/chapter2_ws/install/demo_cpp_pkg/bin'
[18.185s] Level 1:colcon.colcon_core.environment:checking '/home/wang/桌面/item/chapter2/chapter2_ws/install/demo_cpp_pkg/lib/pkgconfig/demo_cpp_pkg.pc'
[18.186s] Level 1:colcon.colcon_core.environment:checking '/home/wang/桌面/item/chapter2/chapter2_ws/install/demo_cpp_pkg/lib/python3.10/site-packages'
[18.187s] Level 1:colcon.colcon_core.environment:checking '/home/wang/桌面/item/chapter2/chapter2_ws/install/demo_cpp_pkg/bin'
[18.187s] INFO:colcon.colcon_core.shell:Creating package script '/home/wang/桌面/item/chapter2/chapter2_ws/install/demo_cpp_pkg/share/demo_cpp_pkg/package.ps1'
[18.189s] INFO:colcon.colcon_core.shell:Creating package descriptor '/home/wang/桌面/item/chapter2/chapter2_ws/install/demo_cpp_pkg/share/demo_cpp_pkg/package.dsv'
[18.191s] INFO:colcon.colcon_core.shell:Creating package script '/home/wang/桌面/item/chapter2/chapter2_ws/install/demo_cpp_pkg/share/demo_cpp_pkg/package.sh'
[18.193s] INFO:colcon.colcon_core.shell:Creating package script '/home/wang/桌面/item/chapter2/chapter2_ws/install/demo_cpp_pkg/share/demo_cpp_pkg/package.bash'
[18.193s] INFO:colcon.colcon_core.shell:Creating package script '/home/wang/桌面/item/chapter2/chapter2_ws/install/demo_cpp_pkg/share/demo_cpp_pkg/package.zsh'
[18.194s] Level 1:colcon.colcon_core.environment:create_file_with_runtime_dependencies(/home/wang/桌面/item/chapter2/chapter2_ws/install/demo_cpp_pkg/share/colcon-core/packages/demo_cpp_pkg)
[18.194s] DEBUG:colcon.colcon_parallel_executor.executor.parallel:closing loop
[18.194s] DEBUG:colcon.colcon_parallel_executor.executor.parallel:loop closed
[18.194s] DEBUG:colcon.colcon_parallel_executor.executor.parallel:run_until_complete finished with '0'
[18.194s] DEBUG:colcon.colcon_core.event_reactor:joining thread
[18.223s] INFO:colcon.colcon_core.plugin_system:Skipping extension 'colcon_notification.desktop_notification.terminal_notifier': Not used on non-Darwin systems
[18.224s] INFO:colcon.colcon_core.plugin_system:Skipping extension 'colcon_notification.desktop_notification.win32': Not used on non-Windows systems
[18.224s] INFO:colcon.colcon_notification.desktop_notification:Sending desktop notification using 'notify2'
[18.324s] DEBUG:colcon.colcon_core.event_reactor:joined thread
[18.325s] INFO:colcon.colcon_core.shell:Creating prefix script '/home/wang/桌面/item/chapter2/chapter2_ws/install/local_setup.ps1'
[18.338s] INFO:colcon.colcon_core.shell:Creating prefix util module '/home/wang/桌面/item/chapter2/chapter2_ws/install/_local_setup_util_ps1.py'
[18.342s] INFO:colcon.colcon_core.shell:Creating prefix chain script '/home/wang/桌面/item/chapter2/chapter2_ws/install/setup.ps1'
[18.347s] INFO:colcon.colcon_core.shell:Creating prefix script '/home/wang/桌面/item/chapter2/chapter2_ws/install/local_setup.sh'
[18.350s] INFO:colcon.colcon_core.shell:Creating prefix util module '/home/wang/桌面/item/chapter2/chapter2_ws/install/_local_setup_util_sh.py'
[18.354s] INFO:colcon.colcon_core.shell:Creating prefix chain script '/home/wang/桌面/item/chapter2/chapter2_ws/install/setup.sh'
[18.358s] INFO:colcon.colcon_core.shell:Creating prefix script '/home/wang/桌面/item/chapter2/chapter2_ws/install/local_setup.bash'
[18.359s] INFO:colcon.colcon_core.shell:Creating prefix chain script '/home/wang/桌面/item/chapter2/chapter2_ws/install/setup.bash'
[18.369s] INFO:colcon.colcon_core.shell:Creating prefix script '/home/wang/桌面/item/chapter2/chapter2_ws/install/local_setup.zsh'
[18.371s] INFO:colcon.colcon_core.shell:Creating prefix chain script '/home/wang/桌面/item/chapter2/chapter2_ws/install/setup.zsh'
