[0.318s] DEBUG:colcon:Command line arguments: ['/usr/bin/colcon', 'build']
[0.318s] DEBUG:colcon:Parsed command line arguments: Namespace(log_base=None, log_level=None, verb_name='build', build_base='build', install_base='install', merge_install=False, symlink_install=False, test_result_base=None, continue_on_error=False, executor='parallel', parallel_workers=4, event_handlers=None, ignore_user_meta=False, metas=['./colcon.meta'], base_paths=['.'], packages_ignore=None, packages_ignore_regex=None, paths=None, packages_up_to=None, packages_up_to_regex=None, packages_above=None, packages_above_and_dependencies=None, packages_above_depth=None, packages_select_by_dep=None, packages_skip_by_dep=None, packages_skip_up_to=None, packages_select_build_failed=False, packages_skip_build_finished=False, packages_select_test_failures=False, packages_skip_test_passed=False, packages_select=None, packages_skip=None, packages_select_regex=None, packages_skip_regex=None, packages_start=None, packages_end=None, allow_overriding=[], cmake_args=None, cmake_target=None, cmake_target_skip_unavailable=False, cmake_clean_cache=False, cmake_clean_first=False, cmake_force_configure=False, ament_cmake_args=None, catkin_cmake_args=None, catkin_skip_building_tests=False, verb_parser=<colcon_defaults.argument_parser.defaults.DefaultArgumentsDecorator object at 0x76c3b343dae0>, verb_extension=<colcon_core.verb.build.BuildVerb object at 0x76c3b343d5a0>, main=<bound method BuildVerb.main of <colcon_core.verb.build.BuildVerb object at 0x76c3b343d5a0>>)
[0.803s] Level 1:colcon.colcon_core.package_discovery:discover_packages(colcon_meta) check parameters
[0.804s] Level 1:colcon.colcon_core.package_discovery:discover_packages(recursive) check parameters
[0.804s] Level 1:colcon.colcon_core.package_discovery:discover_packages(ignore) check parameters
[0.804s] Level 1:colcon.colcon_core.package_discovery:discover_packages(path) check parameters
[0.804s] Level 1:colcon.colcon_core.package_discovery:discover_packages(colcon_meta) discover
[0.804s] Level 1:colcon.colcon_core.package_discovery:discover_packages(recursive) discover
[0.804s] INFO:colcon.colcon_core.package_discovery:Crawling recursively for packages in '/home/wang/桌面/item/chapter2/chapter2_ws'
[0.804s] Level 1:colcon.colcon_core.package_identification:_identify(.) by extensions ['ignore', 'ignore_ament_install']
[0.805s] Level 1:colcon.colcon_core.package_identification:_identify(.) by extension 'ignore'
[0.805s] Level 1:colcon.colcon_core.package_identification:_identify(.) by extension 'ignore_ament_install'
[0.805s] Level 1:colcon.colcon_core.package_identification:_identify(.) by extensions ['colcon_pkg']
[0.805s] Level 1:colcon.colcon_core.package_identification:_identify(.) by extension 'colcon_pkg'
[0.805s] Level 1:colcon.colcon_core.package_identification:_identify(.) by extensions ['colcon_meta']
[0.805s] Level 1:colcon.colcon_core.package_identification:_identify(.) by extension 'colcon_meta'
[0.805s] Level 1:colcon.colcon_core.package_identification:_identify(.) by extensions ['ros']
[0.806s] Level 1:colcon.colcon_core.package_identification:_identify(.) by extension 'ros'
[0.842s] Level 1:colcon.colcon_core.package_identification:_identify(.) by extensions ['cmake', 'python']
[0.842s] Level 1:colcon.colcon_core.package_identification:_identify(.) by extension 'cmake'
[0.842s] Level 1:colcon.colcon_core.package_identification:_identify(.) by extension 'python'
[0.842s] Level 1:colcon.colcon_core.package_identification:_identify(.) by extensions ['python_setup_py']
[0.843s] Level 1:colcon.colcon_core.package_identification:_identify(.) by extension 'python_setup_py'
[0.843s] Level 1:colcon.colcon_core.package_identification:_identify(build) by extensions ['ignore', 'ignore_ament_install']
[0.843s] Level 1:colcon.colcon_core.package_identification:_identify(build) by extension 'ignore'
[0.844s] Level 1:colcon.colcon_core.package_identification:_identify(build) ignored
[0.844s] Level 1:colcon.colcon_core.package_identification:_identify(install) by extensions ['ignore', 'ignore_ament_install']
[0.844s] Level 1:colcon.colcon_core.package_identification:_identify(install) by extension 'ignore'
[0.844s] Level 1:colcon.colcon_core.package_identification:_identify(install) ignored
[0.845s] Level 1:colcon.colcon_core.package_identification:_identify(log) by extensions ['ignore', 'ignore_ament_install']
[0.845s] Level 1:colcon.colcon_core.package_identification:_identify(log) by extension 'ignore'
[0.845s] Level 1:colcon.colcon_core.package_identification:_identify(log) ignored
[0.846s] Level 1:colcon.colcon_core.package_identification:_identify(src) by extensions ['ignore', 'ignore_ament_install']
[0.846s] Level 1:colcon.colcon_core.package_identification:_identify(src) by extension 'ignore'
[0.846s] Level 1:colcon.colcon_core.package_identification:_identify(src) by extension 'ignore_ament_install'
[0.846s] Level 1:colcon.colcon_core.package_identification:_identify(src) by extensions ['colcon_pkg']
[0.846s] Level 1:colcon.colcon_core.package_identification:_identify(src) by extension 'colcon_pkg'
[0.846s] Level 1:colcon.colcon_core.package_identification:_identify(src) by extensions ['colcon_meta']
[0.846s] Level 1:colcon.colcon_core.package_identification:_identify(src) by extension 'colcon_meta'
[0.846s] Level 1:colcon.colcon_core.package_identification:_identify(src) by extensions ['ros']
[0.847s] Level 1:colcon.colcon_core.package_identification:_identify(src) by extension 'ros'
[0.847s] Level 1:colcon.colcon_core.package_identification:_identify(src) by extensions ['cmake', 'python']
[0.847s] Level 1:colcon.colcon_core.package_identification:_identify(src) by extension 'cmake'
[0.847s] Level 1:colcon.colcon_core.package_identification:_identify(src) by extension 'python'
[0.847s] Level 1:colcon.colcon_core.package_identification:_identify(src) by extensions ['python_setup_py']
[0.847s] Level 1:colcon.colcon_core.package_identification:_identify(src) by extension 'python_setup_py'
[0.847s] Level 1:colcon.colcon_core.package_identification:_identify(src/demo_cpp_pkg) by extensions ['ignore', 'ignore_ament_install']
[0.847s] Level 1:colcon.colcon_core.package_identification:_identify(src/demo_cpp_pkg) by extension 'ignore'
[0.848s] Level 1:colcon.colcon_core.package_identification:_identify(src/demo_cpp_pkg) by extension 'ignore_ament_install'
[0.848s] Level 1:colcon.colcon_core.package_identification:_identify(src/demo_cpp_pkg) by extensions ['colcon_pkg']
[0.848s] Level 1:colcon.colcon_core.package_identification:_identify(src/demo_cpp_pkg) by extension 'colcon_pkg'
[0.848s] Level 1:colcon.colcon_core.package_identification:_identify(src/demo_cpp_pkg) by extensions ['colcon_meta']
[0.848s] Level 1:colcon.colcon_core.package_identification:_identify(src/demo_cpp_pkg) by extension 'colcon_meta'
[0.848s] Level 1:colcon.colcon_core.package_identification:_identify(src/demo_cpp_pkg) by extensions ['ros']
[0.848s] Level 1:colcon.colcon_core.package_identification:_identify(src/demo_cpp_pkg) by extension 'ros'
[0.857s] DEBUG:colcon.colcon_core.package_identification:Package 'src/demo_cpp_pkg' with type 'ros.ament_cmake' and name 'demo_cpp_pkg'
[0.858s] Level 1:colcon.colcon_core.package_identification:_identify(src/demo_python_pkg) by extensions ['ignore', 'ignore_ament_install']
[0.859s] Level 1:colcon.colcon_core.package_identification:_identify(src/demo_python_pkg) by extension 'ignore'
[0.861s] Level 1:colcon.colcon_core.package_identification:_identify(src/demo_python_pkg) by extension 'ignore_ament_install'
[0.863s] Level 1:colcon.colcon_core.package_identification:_identify(src/demo_python_pkg) by extensions ['colcon_pkg']
[0.864s] Level 1:colcon.colcon_core.package_identification:_identify(src/demo_python_pkg) by extension 'colcon_pkg'
[0.864s] Level 1:colcon.colcon_core.package_identification:_identify(src/demo_python_pkg) by extensions ['colcon_meta']
[0.864s] Level 1:colcon.colcon_core.package_identification:_identify(src/demo_python_pkg) by extension 'colcon_meta'
[0.864s] Level 1:colcon.colcon_core.package_identification:_identify(src/demo_python_pkg) by extensions ['ros']
[0.865s] Level 1:colcon.colcon_core.package_identification:_identify(src/demo_python_pkg) by extension 'ros'
[0.867s] DEBUG:colcon.colcon_core.package_identification:Package 'src/demo_python_pkg' with type 'ros.ament_python' and name 'demo_python_pkg'
[0.867s] Level 1:colcon.colcon_core.package_discovery:discover_packages(recursive) using defaults
[0.867s] Level 1:colcon.colcon_core.package_discovery:discover_packages(ignore) discover
[0.867s] Level 1:colcon.colcon_core.package_discovery:discover_packages(ignore) using defaults
[0.867s] Level 1:colcon.colcon_core.package_discovery:discover_packages(path) discover
[0.867s] Level 1:colcon.colcon_core.package_discovery:discover_packages(path) using defaults
[0.947s] Level 1:colcon.colcon_core.package_discovery:discover_packages(prefix_path) check parameters
[0.947s] Level 1:colcon.colcon_core.package_discovery:discover_packages(prefix_path) discover
[0.953s] DEBUG:colcon.colcon_installed_package_information.package_discovery:Found 2 installed packages in /home/wang/桌面/item/chapter2/chapter2_ws/install
[0.955s] DEBUG:colcon.colcon_installed_package_information.package_discovery:Found 17 installed packages in /home/wang/tb3_ws/install
[0.960s] DEBUG:colcon.colcon_installed_package_information.package_discovery:Found 406 installed packages in /opt/ros/humble
[0.966s] Level 1:colcon.colcon_core.package_discovery:discover_packages(prefix_path) using defaults
[1.144s] Level 5:colcon.colcon_core.verb:set package 'demo_cpp_pkg' build argument 'cmake_args' from command line to 'None'
[1.145s] Level 5:colcon.colcon_core.verb:set package 'demo_cpp_pkg' build argument 'cmake_target' from command line to 'None'
[1.145s] Level 5:colcon.colcon_core.verb:set package 'demo_cpp_pkg' build argument 'cmake_target_skip_unavailable' from command line to 'False'
[1.145s] Level 5:colcon.colcon_core.verb:set package 'demo_cpp_pkg' build argument 'cmake_clean_cache' from command line to 'False'
[1.145s] Level 5:colcon.colcon_core.verb:set package 'demo_cpp_pkg' build argument 'cmake_clean_first' from command line to 'False'
[1.145s] Level 5:colcon.colcon_core.verb:set package 'demo_cpp_pkg' build argument 'cmake_force_configure' from command line to 'False'
[1.146s] Level 5:colcon.colcon_core.verb:set package 'demo_cpp_pkg' build argument 'ament_cmake_args' from command line to 'None'
[1.146s] Level 5:colcon.colcon_core.verb:set package 'demo_cpp_pkg' build argument 'catkin_cmake_args' from command line to 'None'
[1.146s] Level 5:colcon.colcon_core.verb:set package 'demo_cpp_pkg' build argument 'catkin_skip_building_tests' from command line to 'False'
[1.146s] DEBUG:colcon.colcon_core.verb:Building package 'demo_cpp_pkg' with the following arguments: {'ament_cmake_args': None, 'build_base': '/home/wang/桌面/item/chapter2/chapter2_ws/build/demo_cpp_pkg', 'catkin_cmake_args': None, 'catkin_skip_building_tests': False, 'cmake_args': None, 'cmake_clean_cache': False, 'cmake_clean_first': False, 'cmake_force_configure': False, 'cmake_target': None, 'cmake_target_skip_unavailable': False, 'install_base': '/home/wang/桌面/item/chapter2/chapter2_ws/install/demo_cpp_pkg', 'merge_install': False, 'path': '/home/wang/桌面/item/chapter2/chapter2_ws/src/demo_cpp_pkg', 'symlink_install': False, 'test_result_base': None}
[1.147s] Level 5:colcon.colcon_core.verb:set package 'demo_python_pkg' build argument 'cmake_args' from command line to 'None'
[1.147s] Level 5:colcon.colcon_core.verb:set package 'demo_python_pkg' build argument 'cmake_target' from command line to 'None'
[1.147s] Level 5:colcon.colcon_core.verb:set package 'demo_python_pkg' build argument 'cmake_target_skip_unavailable' from command line to 'False'
[1.147s] Level 5:colcon.colcon_core.verb:set package 'demo_python_pkg' build argument 'cmake_clean_cache' from command line to 'False'
[1.147s] Level 5:colcon.colcon_core.verb:set package 'demo_python_pkg' build argument 'cmake_clean_first' from command line to 'False'
[1.147s] Level 5:colcon.colcon_core.verb:set package 'demo_python_pkg' build argument 'cmake_force_configure' from command line to 'False'
[1.147s] Level 5:colcon.colcon_core.verb:set package 'demo_python_pkg' build argument 'ament_cmake_args' from command line to 'None'
[1.147s] Level 5:colcon.colcon_core.verb:set package 'demo_python_pkg' build argument 'catkin_cmake_args' from command line to 'None'
[1.147s] Level 5:colcon.colcon_core.verb:set package 'demo_python_pkg' build argument 'catkin_skip_building_tests' from command line to 'False'
[1.148s] DEBUG:colcon.colcon_core.verb:Building package 'demo_python_pkg' with the following arguments: {'ament_cmake_args': None, 'build_base': '/home/wang/桌面/item/chapter2/chapter2_ws/build/demo_python_pkg', 'catkin_cmake_args': None, 'catkin_skip_building_tests': False, 'cmake_args': None, 'cmake_clean_cache': False, 'cmake_clean_first': False, 'cmake_force_configure': False, 'cmake_target': None, 'cmake_target_skip_unavailable': False, 'install_base': '/home/wang/桌面/item/chapter2/chapter2_ws/install/demo_python_pkg', 'merge_install': False, 'path': '/home/wang/桌面/item/chapter2/chapter2_ws/src/demo_python_pkg', 'symlink_install': False, 'test_result_base': None}
[1.148s] INFO:colcon.colcon_core.executor:Executing jobs using 'parallel' executor
[1.152s] DEBUG:colcon.colcon_parallel_executor.executor.parallel:run_until_complete
[1.153s] INFO:colcon.colcon_ros.task.ament_cmake.build:Building ROS package in '/home/wang/桌面/item/chapter2/chapter2_ws/src/demo_cpp_pkg' with build type 'ament_cmake'
[1.153s] INFO:colcon.colcon_cmake.task.cmake.build:Building CMake package in '/home/wang/桌面/item/chapter2/chapter2_ws/src/demo_cpp_pkg'
[1.161s] INFO:colcon.colcon_core.plugin_system:Skipping extension 'colcon_core.shell.bat': Not used on non-Windows systems
[1.162s] INFO:colcon.colcon_core.shell:Skip shell extension 'powershell' for command environment: Not usable outside of PowerShell
[1.162s] DEBUG:colcon.colcon_core.shell:Skip shell extension 'dsv' for command environment
[1.208s] DEBUG:colcon.colcon_core.event_handler.log_command:Invoking command in '/home/wang/桌面/item/chapter2/chapter2_ws/build/demo_cpp_pkg': CMAKE_PREFIX_PATH=${CMAKE_PREFIX_PATH}:/home/wang/桌面/item/chapter2/chapter2_ws/install/demo_python_pkg:/home/wang/tb3_ws/install/turtlebot3_teleop:/home/wang/tb3_ws/install/turtlebot3_example:/opt/ros/humble /usr/bin/cmake --build /home/wang/桌面/item/chapter2/chapter2_ws/build/demo_cpp_pkg -- -j4 -l4
[4.734s] DEBUG:colcon.colcon_core.event_handler.log_command:Invoked command in '/home/wang/桌面/item/chapter2/chapter2_ws/build/demo_cpp_pkg' returned '0': CMAKE_PREFIX_PATH=${CMAKE_PREFIX_PATH}:/home/wang/桌面/item/chapter2/chapter2_ws/install/demo_python_pkg:/home/wang/tb3_ws/install/turtlebot3_teleop:/home/wang/tb3_ws/install/turtlebot3_example:/opt/ros/humble /usr/bin/cmake --build /home/wang/桌面/item/chapter2/chapter2_ws/build/demo_cpp_pkg -- -j4 -l4
[4.953s] DEBUG:colcon.colcon_core.event_handler.log_command:Invoking command in '/home/wang/桌面/item/chapter2/chapter2_ws/build/demo_cpp_pkg': CMAKE_PREFIX_PATH=${CMAKE_PREFIX_PATH}:/home/wang/桌面/item/chapter2/chapter2_ws/install/demo_python_pkg:/home/wang/tb3_ws/install/turtlebot3_teleop:/home/wang/tb3_ws/install/turtlebot3_example:/opt/ros/humble /usr/bin/cmake --install /home/wang/桌面/item/chapter2/chapter2_ws/build/demo_cpp_pkg
[4.996s] Level 1:colcon.colcon_core.environment:create_environment_scripts_only(demo_cpp_pkg)
[5.003s] DEBUG:colcon.colcon_core.event_handler.log_command:Invoked command in '/home/wang/桌面/item/chapter2/chapter2_ws/build/demo_cpp_pkg' returned '0': CMAKE_PREFIX_PATH=${CMAKE_PREFIX_PATH}:/home/wang/桌面/item/chapter2/chapter2_ws/install/demo_python_pkg:/home/wang/tb3_ws/install/turtlebot3_teleop:/home/wang/tb3_ws/install/turtlebot3_example:/opt/ros/humble /usr/bin/cmake --install /home/wang/桌面/item/chapter2/chapter2_ws/build/demo_cpp_pkg
[5.006s] Level 1:colcon.colcon_core.environment:checking '/home/wang/桌面/item/chapter2/chapter2_ws/install/demo_cpp_pkg' for CMake module files
[5.007s] Level 1:colcon.colcon_core.environment:checking '/home/wang/桌面/item/chapter2/chapter2_ws/install/demo_cpp_pkg' for CMake config files
[5.008s] Level 1:colcon.colcon_core.shell:create_environment_hook('demo_cpp_pkg', 'cmake_prefix_path')
[5.009s] INFO:colcon.colcon_core.shell:Creating environment hook '/home/wang/桌面/item/chapter2/chapter2_ws/install/demo_cpp_pkg/share/demo_cpp_pkg/hook/cmake_prefix_path.ps1'
[5.011s] INFO:colcon.colcon_core.shell:Creating environment descriptor '/home/wang/桌面/item/chapter2/chapter2_ws/install/demo_cpp_pkg/share/demo_cpp_pkg/hook/cmake_prefix_path.dsv'
[5.013s] INFO:colcon.colcon_core.shell:Creating environment hook '/home/wang/桌面/item/chapter2/chapter2_ws/install/demo_cpp_pkg/share/demo_cpp_pkg/hook/cmake_prefix_path.sh'
[5.018s] Level 1:colcon.colcon_core.environment:checking '/home/wang/桌面/item/chapter2/chapter2_ws/install/demo_cpp_pkg/lib'
[5.018s] Level 1:colcon.colcon_core.environment:checking '/home/wang/桌面/item/chapter2/chapter2_ws/install/demo_cpp_pkg/bin'
[5.019s] Level 1:colcon.colcon_core.environment:checking '/home/wang/桌面/item/chapter2/chapter2_ws/install/demo_cpp_pkg/lib/pkgconfig/demo_cpp_pkg.pc'
[5.019s] Level 1:colcon.colcon_core.environment:checking '/home/wang/桌面/item/chapter2/chapter2_ws/install/demo_cpp_pkg/lib/python3.10/site-packages'
[5.020s] Level 1:colcon.colcon_core.environment:checking '/home/wang/桌面/item/chapter2/chapter2_ws/install/demo_cpp_pkg/bin'
[5.021s] INFO:colcon.colcon_core.shell:Creating package script '/home/wang/桌面/item/chapter2/chapter2_ws/install/demo_cpp_pkg/share/demo_cpp_pkg/package.ps1'
[5.023s] INFO:colcon.colcon_core.shell:Creating package descriptor '/home/wang/桌面/item/chapter2/chapter2_ws/install/demo_cpp_pkg/share/demo_cpp_pkg/package.dsv'
[5.025s] INFO:colcon.colcon_core.shell:Creating package script '/home/wang/桌面/item/chapter2/chapter2_ws/install/demo_cpp_pkg/share/demo_cpp_pkg/package.sh'
[5.027s] INFO:colcon.colcon_core.shell:Creating package script '/home/wang/桌面/item/chapter2/chapter2_ws/install/demo_cpp_pkg/share/demo_cpp_pkg/package.bash'
[5.033s] INFO:colcon.colcon_core.shell:Creating package script '/home/wang/桌面/item/chapter2/chapter2_ws/install/demo_cpp_pkg/share/demo_cpp_pkg/package.zsh'
[5.061s] Level 1:colcon.colcon_core.environment:create_file_with_runtime_dependencies(/home/wang/桌面/item/chapter2/chapter2_ws/install/demo_cpp_pkg/share/colcon-core/packages/demo_cpp_pkg)
[5.228s] Level 1:colcon.colcon_core.environment:create_environment_scripts_only(demo_cpp_pkg)
[5.229s] Level 1:colcon.colcon_core.environment:checking '/home/wang/桌面/item/chapter2/chapter2_ws/install/demo_cpp_pkg' for CMake module files
[5.230s] Level 1:colcon.colcon_core.environment:checking '/home/wang/桌面/item/chapter2/chapter2_ws/install/demo_cpp_pkg' for CMake config files
[5.231s] Level 1:colcon.colcon_core.shell:create_environment_hook('demo_cpp_pkg', 'cmake_prefix_path')
[5.232s] INFO:colcon.colcon_core.shell:Creating environment hook '/home/wang/桌面/item/chapter2/chapter2_ws/install/demo_cpp_pkg/share/demo_cpp_pkg/hook/cmake_prefix_path.ps1'
[5.233s] INFO:colcon.colcon_core.shell:Creating environment descriptor '/home/wang/桌面/item/chapter2/chapter2_ws/install/demo_cpp_pkg/share/demo_cpp_pkg/hook/cmake_prefix_path.dsv'
[5.235s] INFO:colcon.colcon_core.shell:Creating environment hook '/home/wang/桌面/item/chapter2/chapter2_ws/install/demo_cpp_pkg/share/demo_cpp_pkg/hook/cmake_prefix_path.sh'
[5.237s] Level 1:colcon.colcon_core.environment:checking '/home/wang/桌面/item/chapter2/chapter2_ws/install/demo_cpp_pkg/lib'
[5.237s] Level 1:colcon.colcon_core.environment:checking '/home/wang/桌面/item/chapter2/chapter2_ws/install/demo_cpp_pkg/bin'
[5.238s] Level 1:colcon.colcon_core.environment:checking '/home/wang/桌面/item/chapter2/chapter2_ws/install/demo_cpp_pkg/lib/pkgconfig/demo_cpp_pkg.pc'
[5.238s] Level 1:colcon.colcon_core.environment:checking '/home/wang/桌面/item/chapter2/chapter2_ws/install/demo_cpp_pkg/lib/python3.10/site-packages'
[5.239s] Level 1:colcon.colcon_core.environment:checking '/home/wang/桌面/item/chapter2/chapter2_ws/install/demo_cpp_pkg/bin'
[5.240s] INFO:colcon.colcon_core.shell:Creating package script '/home/wang/桌面/item/chapter2/chapter2_ws/install/demo_cpp_pkg/share/demo_cpp_pkg/package.ps1'
[5.242s] INFO:colcon.colcon_core.shell:Creating package descriptor '/home/wang/桌面/item/chapter2/chapter2_ws/install/demo_cpp_pkg/share/demo_cpp_pkg/package.dsv'
[5.243s] INFO:colcon.colcon_core.shell:Creating package script '/home/wang/桌面/item/chapter2/chapter2_ws/install/demo_cpp_pkg/share/demo_cpp_pkg/package.sh'
[5.245s] INFO:colcon.colcon_core.shell:Creating package script '/home/wang/桌面/item/chapter2/chapter2_ws/install/demo_cpp_pkg/share/demo_cpp_pkg/package.bash'
[5.247s] INFO:colcon.colcon_core.shell:Creating package script '/home/wang/桌面/item/chapter2/chapter2_ws/install/demo_cpp_pkg/share/demo_cpp_pkg/package.zsh'
[5.248s] Level 1:colcon.colcon_core.environment:create_file_with_runtime_dependencies(/home/wang/桌面/item/chapter2/chapter2_ws/install/demo_cpp_pkg/share/colcon-core/packages/demo_cpp_pkg)
[5.250s] INFO:colcon.colcon_ros.task.ament_python.build:Building ROS package in '/home/wang/桌面/item/chapter2/chapter2_ws/src/demo_python_pkg' with build type 'ament_python'
[5.251s] Level 1:colcon.colcon_core.shell:create_environment_hook('demo_python_pkg', 'ament_prefix_path')
[5.252s] INFO:colcon.colcon_core.shell:Creating environment hook '/home/wang/桌面/item/chapter2/chapter2_ws/install/demo_python_pkg/share/demo_python_pkg/hook/ament_prefix_path.ps1'
[5.254s] INFO:colcon.colcon_core.shell:Creating environment descriptor '/home/wang/桌面/item/chapter2/chapter2_ws/install/demo_python_pkg/share/demo_python_pkg/hook/ament_prefix_path.dsv'
[5.255s] INFO:colcon.colcon_core.shell:Creating environment hook '/home/wang/桌面/item/chapter2/chapter2_ws/install/demo_python_pkg/share/demo_python_pkg/hook/ament_prefix_path.sh'
[5.258s] INFO:colcon.colcon_core.shell:Skip shell extension 'powershell' for command environment: Not usable outside of PowerShell
[5.258s] DEBUG:colcon.colcon_core.shell:Skip shell extension 'dsv' for command environment
[6.133s] INFO:colcon.colcon_core.task.python.build:Building Python package in '/home/wang/桌面/item/chapter2/chapter2_ws/src/demo_python_pkg'
[6.134s] INFO:colcon.colcon_core.shell:Skip shell extension 'powershell' for command environment: Not usable outside of PowerShell
[6.134s] DEBUG:colcon.colcon_core.shell:Skip shell extension 'dsv' for command environment
[7.379s] DEBUG:colcon.colcon_core.event_handler.log_command:Invoking command in '/home/wang/桌面/item/chapter2/chapter2_ws/src/demo_python_pkg': PYTHONPATH=/home/wang/桌面/item/chapter2/chapter2_ws/build/demo_python_pkg/prefix_override:/usr/lib/python3/dist-packages/colcon_core/task/python/colcon_distutils_commands:/home/wang/桌面/item/chapter2/chapter2_ws/install/demo_python_pkg/lib/python3.10/site-packages:${PYTHONPATH} /usr/bin/python3 -W ignore:setup.py install is deprecated setup.py egg_info --egg-base ../../build/demo_python_pkg build --build-base /home/wang/桌面/item/chapter2/chapter2_ws/build/demo_python_pkg/build install --record /home/wang/桌面/item/chapter2/chapter2_ws/build/demo_python_pkg/install.log --single-version-externally-managed install_data
[8.390s] Level 1:colcon.colcon_core.environment:checking '/home/wang/桌面/item/chapter2/chapter2_ws/install/demo_python_pkg' for CMake module files
[8.393s] Level 1:colcon.colcon_core.environment:checking '/home/wang/桌面/item/chapter2/chapter2_ws/install/demo_python_pkg' for CMake config files
[8.395s] DEBUG:colcon.colcon_core.event_handler.log_command:Invoked command in '/home/wang/桌面/item/chapter2/chapter2_ws/src/demo_python_pkg' returned '0': PYTHONPATH=/home/wang/桌面/item/chapter2/chapter2_ws/build/demo_python_pkg/prefix_override:/usr/lib/python3/dist-packages/colcon_core/task/python/colcon_distutils_commands:/home/wang/桌面/item/chapter2/chapter2_ws/install/demo_python_pkg/lib/python3.10/site-packages:${PYTHONPATH} /usr/bin/python3 -W ignore:setup.py install is deprecated setup.py egg_info --egg-base ../../build/demo_python_pkg build --build-base /home/wang/桌面/item/chapter2/chapter2_ws/build/demo_python_pkg/build install --record /home/wang/桌面/item/chapter2/chapter2_ws/build/demo_python_pkg/install.log --single-version-externally-managed install_data
[8.399s] Level 1:colcon.colcon_core.environment:checking '/home/wang/桌面/item/chapter2/chapter2_ws/install/demo_python_pkg/lib'
[8.399s] Level 1:colcon.colcon_core.environment:checking '/home/wang/桌面/item/chapter2/chapter2_ws/install/demo_python_pkg/bin'
[8.399s] Level 1:colcon.colcon_core.environment:checking '/home/wang/桌面/item/chapter2/chapter2_ws/install/demo_python_pkg/lib/pkgconfig/demo_python_pkg.pc'
[8.400s] Level 1:colcon.colcon_core.environment:checking '/home/wang/桌面/item/chapter2/chapter2_ws/install/demo_python_pkg/lib/python3.10/site-packages'
[8.404s] Level 1:colcon.colcon_core.shell:create_environment_hook('demo_python_pkg', 'pythonpath')
[8.405s] INFO:colcon.colcon_core.shell:Creating environment hook '/home/wang/桌面/item/chapter2/chapter2_ws/install/demo_python_pkg/share/demo_python_pkg/hook/pythonpath.ps1'
[8.407s] INFO:colcon.colcon_core.shell:Creating environment descriptor '/home/wang/桌面/item/chapter2/chapter2_ws/install/demo_python_pkg/share/demo_python_pkg/hook/pythonpath.dsv'
[8.409s] INFO:colcon.colcon_core.shell:Creating environment hook '/home/wang/桌面/item/chapter2/chapter2_ws/install/demo_python_pkg/share/demo_python_pkg/hook/pythonpath.sh'
[8.412s] Level 1:colcon.colcon_core.environment:checking '/home/wang/桌面/item/chapter2/chapter2_ws/install/demo_python_pkg/bin'
[8.413s] Level 1:colcon.colcon_core.environment:create_environment_scripts_only(demo_python_pkg)
[8.414s] INFO:colcon.colcon_core.shell:Creating package script '/home/wang/桌面/item/chapter2/chapter2_ws/install/demo_python_pkg/share/demo_python_pkg/package.ps1'
[8.417s] INFO:colcon.colcon_core.shell:Creating package descriptor '/home/wang/桌面/item/chapter2/chapter2_ws/install/demo_python_pkg/share/demo_python_pkg/package.dsv'
[8.419s] INFO:colcon.colcon_core.shell:Creating package script '/home/wang/桌面/item/chapter2/chapter2_ws/install/demo_python_pkg/share/demo_python_pkg/package.sh'
[8.425s] INFO:colcon.colcon_core.shell:Creating package script '/home/wang/桌面/item/chapter2/chapter2_ws/install/demo_python_pkg/share/demo_python_pkg/package.bash'
[8.427s] INFO:colcon.colcon_core.shell:Creating package script '/home/wang/桌面/item/chapter2/chapter2_ws/install/demo_python_pkg/share/demo_python_pkg/package.zsh'
[8.430s] Level 1:colcon.colcon_core.environment:create_file_with_runtime_dependencies(/home/wang/桌面/item/chapter2/chapter2_ws/install/demo_python_pkg/share/colcon-core/packages/demo_python_pkg)
[8.432s] DEBUG:colcon.colcon_parallel_executor.executor.parallel:closing loop
[8.434s] DEBUG:colcon.colcon_parallel_executor.executor.parallel:loop closed
[8.436s] DEBUG:colcon.colcon_parallel_executor.executor.parallel:run_until_complete finished with '0'
[8.437s] DEBUG:colcon.colcon_core.event_reactor:joining thread
[8.455s] INFO:colcon.colcon_core.plugin_system:Skipping extension 'colcon_notification.desktop_notification.terminal_notifier': Not used on non-Darwin systems
[8.456s] INFO:colcon.colcon_core.plugin_system:Skipping extension 'colcon_notification.desktop_notification.win32': Not used on non-Windows systems
[8.457s] INFO:colcon.colcon_notification.desktop_notification:Sending desktop notification using 'notify2'
[8.510s] DEBUG:colcon.colcon_core.event_reactor:joined thread
[8.511s] INFO:colcon.colcon_core.shell:Creating prefix script '/home/wang/桌面/item/chapter2/chapter2_ws/install/local_setup.ps1'
[8.518s] INFO:colcon.colcon_core.shell:Creating prefix util module '/home/wang/桌面/item/chapter2/chapter2_ws/install/_local_setup_util_ps1.py'
[8.525s] INFO:colcon.colcon_core.shell:Creating prefix chain script '/home/wang/桌面/item/chapter2/chapter2_ws/install/setup.ps1'
[8.537s] INFO:colcon.colcon_core.shell:Creating prefix script '/home/wang/桌面/item/chapter2/chapter2_ws/install/local_setup.sh'
[8.541s] INFO:colcon.colcon_core.shell:Creating prefix util module '/home/wang/桌面/item/chapter2/chapter2_ws/install/_local_setup_util_sh.py'
[8.542s] INFO:colcon.colcon_core.shell:Creating prefix chain script '/home/wang/桌面/item/chapter2/chapter2_ws/install/setup.sh'
[8.548s] INFO:colcon.colcon_core.shell:Creating prefix script '/home/wang/桌面/item/chapter2/chapter2_ws/install/local_setup.bash'
[8.551s] INFO:colcon.colcon_core.shell:Creating prefix chain script '/home/wang/桌面/item/chapter2/chapter2_ws/install/setup.bash'
[8.561s] INFO:colcon.colcon_core.shell:Creating prefix script '/home/wang/桌面/item/chapter2/chapter2_ws/install/local_setup.zsh'
[8.565s] INFO:colcon.colcon_core.shell:Creating prefix chain script '/home/wang/桌面/item/chapter2/chapter2_ws/install/setup.zsh'
