[2.791s] Invoking command in '/home/wang/desktop/item/chapter5/chapt5_ws/src/demo_python_tf': PYTHONPATH=/home/wang/desktop/item/chapter5/chapt5_ws/build/demo_python_tf/prefix_override:/usr/lib/python3/dist-packages/colcon_core/task/python/colcon_distutils_commands:/home/wang/desktop/item/chapter5/chapt5_ws/install/demo_python_tf/lib/python3.10/site-packages:${PYTHONPATH} /usr/bin/python3 -W ignore:setup.py install is deprecated setup.py egg_info --egg-base ../../build/demo_python_tf build --build-base /home/wang/desktop/item/chapter5/chapt5_ws/build/demo_python_tf/build install --record /home/wang/desktop/item/chapter5/chapt5_ws/build/demo_python_tf/install.log --single-version-externally-managed install_data
[3.661s] running egg_info
[3.662s] creating ../../build/demo_python_tf/demo_python_tf.egg-info
[3.664s] writing ../../build/demo_python_tf/demo_python_tf.egg-info/PKG-INFO
[3.666s] writing dependency_links to ../../build/demo_python_tf/demo_python_tf.egg-info/dependency_links.txt
[3.667s] writing entry points to ../../build/demo_python_tf/demo_python_tf.egg-info/entry_points.txt
[3.667s] writing requirements to ../../build/demo_python_tf/demo_python_tf.egg-info/requires.txt
[3.667s] writing top-level names to ../../build/demo_python_tf/demo_python_tf.egg-info/top_level.txt
[3.668s] writing manifest file '../../build/demo_python_tf/demo_python_tf.egg-info/SOURCES.txt'
[3.673s] reading manifest file '../../build/demo_python_tf/demo_python_tf.egg-info/SOURCES.txt'
[3.673s] adding license file 'LICENSE'
[3.675s] writing manifest file '../../build/demo_python_tf/demo_python_tf.egg-info/SOURCES.txt'
[3.677s] running build
[3.677s] running build_py
[3.679s] creating /home/wang/desktop/item/chapter5/chapt5_ws/build/demo_python_tf/build
[3.680s] creating /home/wang/desktop/item/chapter5/chapt5_ws/build/demo_python_tf/build/lib
[3.681s] creating /home/wang/desktop/item/chapter5/chapt5_ws/build/demo_python_tf/build/lib/demo_python_tf
[3.681s] copying demo_python_tf/__init__.py -> /home/wang/desktop/item/chapter5/chapt5_ws/build/demo_python_tf/build/lib/demo_python_tf
[3.681s] copying demo_python_tf/dynamic_tf_broadcaster.py -> /home/wang/desktop/item/chapter5/chapt5_ws/build/demo_python_tf/build/lib/demo_python_tf
[3.681s] copying demo_python_tf/tf_listenr.py -> /home/wang/desktop/item/chapter5/chapt5_ws/build/demo_python_tf/build/lib/demo_python_tf
[3.681s] running install
[3.681s] running install_lib
[3.683s] creating /home/wang/desktop/item/chapter5/chapt5_ws/install/demo_python_tf/lib/python3.10/site-packages/demo_python_tf
[3.685s] copying /home/wang/desktop/item/chapter5/chapt5_ws/build/demo_python_tf/build/lib/demo_python_tf/__init__.py -> /home/wang/desktop/item/chapter5/chapt5_ws/install/demo_python_tf/lib/python3.10/site-packages/demo_python_tf
[3.685s] copying /home/wang/desktop/item/chapter5/chapt5_ws/build/demo_python_tf/build/lib/demo_python_tf/dynamic_tf_broadcaster.py -> /home/wang/desktop/item/chapter5/chapt5_ws/install/demo_python_tf/lib/python3.10/site-packages/demo_python_tf
[3.685s] copying /home/wang/desktop/item/chapter5/chapt5_ws/build/demo_python_tf/build/lib/demo_python_tf/tf_listenr.py -> /home/wang/desktop/item/chapter5/chapt5_ws/install/demo_python_tf/lib/python3.10/site-packages/demo_python_tf
[3.686s] byte-compiling /home/wang/desktop/item/chapter5/chapt5_ws/install/demo_python_tf/lib/python3.10/site-packages/demo_python_tf/__init__.py to __init__.cpython-310.pyc
[3.687s] byte-compiling /home/wang/desktop/item/chapter5/chapt5_ws/install/demo_python_tf/lib/python3.10/site-packages/demo_python_tf/dynamic_tf_broadcaster.py to dynamic_tf_broadcaster.cpython-310.pyc
[3.689s] byte-compiling /home/wang/desktop/item/chapter5/chapt5_ws/install/demo_python_tf/lib/python3.10/site-packages/demo_python_tf/tf_listenr.py to tf_listenr.cpython-310.pyc
[3.690s] running install_data
[3.690s] creating /home/wang/desktop/item/chapter5/chapt5_ws/install/demo_python_tf/share/ament_index
[3.690s] creating /home/wang/desktop/item/chapter5/chapt5_ws/install/demo_python_tf/share/ament_index/resource_index
[3.690s] creating /home/wang/desktop/item/chapter5/chapt5_ws/install/demo_python_tf/share/ament_index/resource_index/packages
[3.691s] copying resource/demo_python_tf -> /home/wang/desktop/item/chapter5/chapt5_ws/install/demo_python_tf/share/ament_index/resource_index/packages
[3.691s] copying package.xml -> /home/wang/desktop/item/chapter5/chapt5_ws/install/demo_python_tf/share/demo_python_tf
[3.691s] running install_egg_info
[3.702s] Copying ../../build/demo_python_tf/demo_python_tf.egg-info to /home/wang/desktop/item/chapter5/chapt5_ws/install/demo_python_tf/lib/python3.10/site-packages/demo_python_tf-0.0.0-py3.10.egg-info
[3.707s] running install_scripts
[3.776s] Installing dynamic_tf_broadcaster script to /home/wang/desktop/item/chapter5/chapt5_ws/install/demo_python_tf/lib/demo_python_tf
[3.778s] Installing static_tf_broadcaster script to /home/wang/desktop/item/chapter5/chapt5_ws/install/demo_python_tf/lib/demo_python_tf
[3.779s] Installing tf_listenr script to /home/wang/desktop/item/chapter5/chapt5_ws/install/demo_python_tf/lib/demo_python_tf
[3.783s] writing list of installed files to '/home/wang/desktop/item/chapter5/chapt5_ws/build/demo_python_tf/install.log'
[3.853s] Invoked command in '/home/wang/desktop/item/chapter5/chapt5_ws/src/demo_python_tf' returned '0': PYTHONPATH=/home/wang/desktop/item/chapter5/chapt5_ws/build/demo_python_tf/prefix_override:/usr/lib/python3/dist-packages/colcon_core/task/python/colcon_distutils_commands:/home/wang/desktop/item/chapter5/chapt5_ws/install/demo_python_tf/lib/python3.10/site-packages:${PYTHONPATH} /usr/bin/python3 -W ignore:setup.py install is deprecated setup.py egg_info --egg-base ../../build/demo_python_tf build --build-base /home/wang/desktop/item/chapter5/chapt5_ws/build/demo_python_tf/build install --record /home/wang/desktop/item/chapter5/chapt5_ws/build/demo_python_tf/install.log --single-version-externally-managed install_data
