[0.088s] Invoking command in '/home/wang/桌面/item/chapter3/topic_ws/build/demo_cpp_topic': CMAKE_PREFIX_PATH=${CMAKE_PREFIX_PATH}:/home/wang/tb3_ws/install/turtlebot3_teleop:/home/wang/tb3_ws/install/turtlebot3_example:/opt/ros/humble /usr/bin/cmake /home/wang/桌面/item/chapter3/topic_ws/src/demo_cpp_topic -DCMAKE_INSTALL_PREFIX=/home/wang/桌面/item/chapter3/topic_ws/install/demo_cpp_topic
[0.691s] -- The C compiler identification is GNU 11.4.0
[1.098s] -- The CXX compiler identification is GNU 11.4.0
[1.148s] -- Detecting C compiler ABI info
[1.473s] -- Detecting C compiler ABI info - done
[1.524s] -- Check for working C compiler: /usr/bin/cc - skipped
[1.528s] -- Detecting C compile features
[1.541s] -- Detecting C compile features - done
[1.558s] -- Detecting CXX compiler ABI info
[1.885s] -- Detecting CXX compiler ABI info - done
[1.915s] -- Check for working CXX compiler: /usr/bin/c++ - skipped
[1.915s] -- Detecting CXX compile features
[1.915s] -- Detecting CXX compile features - done
[2.000s] -- Found ament_cmake: 1.3.10 (/opt/ros/humble/share/ament_cmake/cmake)
[2.641s] -- Found Python3: /usr/bin/python3 (found version "3.10.12") found components: Interpreter 
[3.297s] -- Found rclcpp: 16.0.10 (/opt/ros/humble/share/rclcpp/cmake)
[3.649s] -- Found rosidl_generator_c: 3.1.5 (/opt/ros/humble/share/rosidl_generator_c/cmake)
[3.686s] -- Found rosidl_adapter: 3.1.5 (/opt/ros/humble/share/rosidl_adapter/cmake)
[3.746s] -- Found rosidl_generator_cpp: 3.1.5 (/opt/ros/humble/share/rosidl_generator_cpp/cmake)
[3.858s] -- Using all available rosidl_typesupport_c: rosidl_typesupport_fastrtps_c;rosidl_typesupport_introspection_c
[3.964s] -- Using all available rosidl_typesupport_cpp: rosidl_typesupport_fastrtps_cpp;rosidl_typesupport_introspection_cpp
[4.286s] -- Found rmw_implementation_cmake: 6.1.2 (/opt/ros/humble/share/rmw_implementation_cmake/cmake)
[4.308s] -- Found rmw_fastrtps_cpp: 6.2.7 (/opt/ros/humble/share/rmw_fastrtps_cpp/cmake)
[4.799s] -- Found OpenSSL: /usr/lib/x86_64-linux-gnu/libcrypto.so (found version "3.0.2")  
[4.939s] -- Found FastRTPS: /opt/ros/humble/include  
[5.101s] -- Using RMW implementation 'rmw_fastrtps_cpp' as default
[5.177s] -- Looking for pthread.h
[5.550s] -- Looking for pthread.h - found
[5.554s] -- Performing Test CMAKE_HAVE_LIBC_PTHREAD
[5.832s] -- Performing Test CMAKE_HAVE_LIBC_PTHREAD - Success
[5.836s] -- Found Threads: TRUE  
[6.153s] -- Found geometry_msgs: 4.2.4 (/opt/ros/humble/share/geometry_msgs/cmake)
[6.244s] -- Found turtlesim: 1.4.2 (/opt/ros/humble/share/turtlesim/cmake)
[6.519s] -- Found ament_lint_auto: 0.12.11 (/opt/ros/humble/share/ament_lint_auto/cmake)
[6.943s] -- Added test 'cppcheck' to perform static code analysis on C / C++ code
[6.943s] -- Configured cppcheck include dirs: 
[6.944s] -- Configured cppcheck exclude dirs and/or files: 
[6.949s] -- Added test 'lint_cmake' to check CMake code style
[6.954s] -- Added test 'uncrustify' to check C / C++ code style
[6.954s] -- Configured uncrustify additional arguments: 
[6.956s] -- Added test 'xmllint' to check XML markup files
[6.965s] -- Configuring done
[7.061s] -- Generating done
[7.077s] -- Build files have been written to: /home/wang/桌面/item/chapter3/topic_ws/build/demo_cpp_topic
[7.105s] Invoked command in '/home/wang/桌面/item/chapter3/topic_ws/build/demo_cpp_topic' returned '0': CMAKE_PREFIX_PATH=${CMAKE_PREFIX_PATH}:/home/wang/tb3_ws/install/turtlebot3_teleop:/home/wang/tb3_ws/install/turtlebot3_example:/opt/ros/humble /usr/bin/cmake /home/wang/桌面/item/chapter3/topic_ws/src/demo_cpp_topic -DCMAKE_INSTALL_PREFIX=/home/wang/桌面/item/chapter3/topic_ws/install/demo_cpp_topic
[7.106s] Invoking command in '/home/wang/桌面/item/chapter3/topic_ws/build/demo_cpp_topic': CMAKE_PREFIX_PATH=${CMAKE_PREFIX_PATH}:/home/wang/tb3_ws/install/turtlebot3_teleop:/home/wang/tb3_ws/install/turtlebot3_example:/opt/ros/humble /usr/bin/cmake --build /home/wang/桌面/item/chapter3/topic_ws/build/demo_cpp_topic -- -j4 -l4
[7.279s] [ 25%] [32mBuilding CXX object CMakeFiles/turtle_control.dir/src/turtle_control.cpp.o[0m
[7.332s] [ 50%] [32mBuilding CXX object CMakeFiles/turtle_circle.dir/src/turtle_circle.cpp.o[0m
[25.420s] [ 75%] [32m[1mLinking CXX executable turtle_circle[0m
[26.356s] [ 75%] Built target turtle_circle
[39.973s] [100%] [32m[1mLinking CXX executable turtle_control[0m
[41.288s] [100%] Built target turtle_control
[41.318s] Invoked command in '/home/wang/桌面/item/chapter3/topic_ws/build/demo_cpp_topic' returned '0': CMAKE_PREFIX_PATH=${CMAKE_PREFIX_PATH}:/home/wang/tb3_ws/install/turtlebot3_teleop:/home/wang/tb3_ws/install/turtlebot3_example:/opt/ros/humble /usr/bin/cmake --build /home/wang/桌面/item/chapter3/topic_ws/build/demo_cpp_topic -- -j4 -l4
[41.449s] Invoking command in '/home/wang/桌面/item/chapter3/topic_ws/build/demo_cpp_topic': CMAKE_PREFIX_PATH=${CMAKE_PREFIX_PATH}:/home/wang/tb3_ws/install/turtlebot3_teleop:/home/wang/tb3_ws/install/turtlebot3_example:/opt/ros/humble /usr/bin/cmake --install /home/wang/桌面/item/chapter3/topic_ws/build/demo_cpp_topic
[41.488s] -- Install configuration: ""
[41.490s] -- Installing: /home/wang/桌面/item/chapter3/topic_ws/install/demo_cpp_topic/lib/demo_cpp_topic/turtle_control
[41.518s] -- Set runtime path of "/home/wang/桌面/item/chapter3/topic_ws/install/demo_cpp_topic/lib/demo_cpp_topic/turtle_control" to ""
[41.519s] -- Installing: /home/wang/桌面/item/chapter3/topic_ws/install/demo_cpp_topic/lib/demo_cpp_topic/turtle_circle
[41.521s] -- Set runtime path of "/home/wang/桌面/item/chapter3/topic_ws/install/demo_cpp_topic/lib/demo_cpp_topic/turtle_circle" to ""
[41.529s] -- Installing: /home/wang/桌面/item/chapter3/topic_ws/install/demo_cpp_topic/share/ament_index/resource_index/package_run_dependencies/demo_cpp_topic
[41.533s] -- Installing: /home/wang/桌面/item/chapter3/topic_ws/install/demo_cpp_topic/share/ament_index/resource_index/parent_prefix_path/demo_cpp_topic
[41.535s] -- Installing: /home/wang/桌面/item/chapter3/topic_ws/install/demo_cpp_topic/share/demo_cpp_topic/environment/ament_prefix_path.sh
[41.535s] -- Installing: /home/wang/桌面/item/chapter3/topic_ws/install/demo_cpp_topic/share/demo_cpp_topic/environment/ament_prefix_path.dsv
[41.538s] -- Installing: /home/wang/桌面/item/chapter3/topic_ws/install/demo_cpp_topic/share/demo_cpp_topic/environment/path.sh
[41.540s] -- Installing: /home/wang/桌面/item/chapter3/topic_ws/install/demo_cpp_topic/share/demo_cpp_topic/environment/path.dsv
[41.541s] -- Installing: /home/wang/桌面/item/chapter3/topic_ws/install/demo_cpp_topic/share/demo_cpp_topic/local_setup.bash
[41.541s] -- Installing: /home/wang/桌面/item/chapter3/topic_ws/install/demo_cpp_topic/share/demo_cpp_topic/local_setup.sh
[41.541s] -- Installing: /home/wang/桌面/item/chapter3/topic_ws/install/demo_cpp_topic/share/demo_cpp_topic/local_setup.zsh
[41.545s] -- Installing: /home/wang/桌面/item/chapter3/topic_ws/install/demo_cpp_topic/share/demo_cpp_topic/local_setup.dsv
[41.545s] -- Installing: /home/wang/桌面/item/chapter3/topic_ws/install/demo_cpp_topic/share/demo_cpp_topic/package.dsv
[41.546s] -- Installing: /home/wang/桌面/item/chapter3/topic_ws/install/demo_cpp_topic/share/ament_index/resource_index/packages/demo_cpp_topic
[41.546s] -- Installing: /home/wang/桌面/item/chapter3/topic_ws/install/demo_cpp_topic/share/demo_cpp_topic/cmake/demo_cpp_topicConfig.cmake
[41.551s] -- Installing: /home/wang/桌面/item/chapter3/topic_ws/install/demo_cpp_topic/share/demo_cpp_topic/cmake/demo_cpp_topicConfig-version.cmake
[41.551s] -- Installing: /home/wang/桌面/item/chapter3/topic_ws/install/demo_cpp_topic/share/demo_cpp_topic/package.xml
[41.564s] Invoked command in '/home/wang/桌面/item/chapter3/topic_ws/build/demo_cpp_topic' returned '0': CMAKE_PREFIX_PATH=${CMAKE_PREFIX_PATH}:/home/wang/tb3_ws/install/turtlebot3_teleop:/home/wang/tb3_ws/install/turtlebot3_example:/opt/ros/humble /usr/bin/cmake --install /home/wang/桌面/item/chapter3/topic_ws/build/demo_cpp_topic
