[0.576s] DEBUG:colcon:Command line arguments: ['/usr/bin/colcon', 'build']
[0.576s] DEBUG:colcon:Parsed command line arguments: Namespace(log_base=None, log_level=None, verb_name='build', build_base='build', install_base='install', merge_install=False, symlink_install=False, test_result_base=None, continue_on_error=False, executor='parallel', parallel_workers=4, event_handlers=None, ignore_user_meta=False, metas=['./colcon.meta'], base_paths=['.'], packages_ignore=None, packages_ignore_regex=None, paths=None, packages_up_to=None, packages_up_to_regex=None, packages_above=None, packages_above_and_dependencies=None, packages_above_depth=None, packages_select_by_dep=None, packages_skip_by_dep=None, packages_skip_up_to=None, packages_select_build_failed=False, packages_skip_build_finished=False, packages_select_test_failures=False, packages_skip_test_passed=False, packages_select=None, packages_skip=None, packages_select_regex=None, packages_skip_regex=None, packages_start=None, packages_end=None, allow_overriding=[], cmake_args=None, cmake_target=None, cmake_target_skip_unavailable=False, cmake_clean_cache=False, cmake_clean_first=False, cmake_force_configure=False, ament_cmake_args=None, catkin_cmake_args=None, catkin_skip_building_tests=False, verb_parser=<colcon_defaults.argument_parser.defaults.DefaultArgumentsDecorator object at 0x7c3807f42140>, verb_extension=<colcon_core.verb.build.BuildVerb object at 0x7c3807f41c30>, main=<bound method BuildVerb.main of <colcon_core.verb.build.BuildVerb object at 0x7c3807f41c30>>)
[1.322s] Level 1:colcon.colcon_core.package_discovery:discover_packages(colcon_meta) check parameters
[1.323s] Level 1:colcon.colcon_core.package_discovery:discover_packages(recursive) check parameters
[1.323s] Level 1:colcon.colcon_core.package_discovery:discover_packages(ignore) check parameters
[1.323s] Level 1:colcon.colcon_core.package_discovery:discover_packages(path) check parameters
[1.323s] Level 1:colcon.colcon_core.package_discovery:discover_packages(colcon_meta) discover
[1.323s] Level 1:colcon.colcon_core.package_discovery:discover_packages(recursive) discover
[1.323s] INFO:colcon.colcon_core.package_discovery:Crawling recursively for packages in '/home/wang/desktop/item/chapter4/chapt4_ws'
[1.323s] Level 1:colcon.colcon_core.package_identification:_identify(.) by extensions ['ignore', 'ignore_ament_install']
[1.324s] Level 1:colcon.colcon_core.package_identification:_identify(.) by extension 'ignore'
[1.324s] Level 1:colcon.colcon_core.package_identification:_identify(.) by extension 'ignore_ament_install'
[1.324s] Level 1:colcon.colcon_core.package_identification:_identify(.) by extensions ['colcon_pkg']
[1.324s] Level 1:colcon.colcon_core.package_identification:_identify(.) by extension 'colcon_pkg'
[1.324s] Level 1:colcon.colcon_core.package_identification:_identify(.) by extensions ['colcon_meta']
[1.324s] Level 1:colcon.colcon_core.package_identification:_identify(.) by extension 'colcon_meta'
[1.324s] Level 1:colcon.colcon_core.package_identification:_identify(.) by extensions ['ros']
[1.325s] Level 1:colcon.colcon_core.package_identification:_identify(.) by extension 'ros'
[1.374s] Level 1:colcon.colcon_core.package_identification:_identify(.) by extensions ['cmake', 'python']
[1.375s] Level 1:colcon.colcon_core.package_identification:_identify(.) by extension 'cmake'
[1.375s] Level 1:colcon.colcon_core.package_identification:_identify(.) by extension 'python'
[1.375s] Level 1:colcon.colcon_core.package_identification:_identify(.) by extensions ['python_setup_py']
[1.375s] Level 1:colcon.colcon_core.package_identification:_identify(.) by extension 'python_setup_py'
[1.375s] Level 1:colcon.colcon_core.package_identification:_identify(build) by extensions ['ignore', 'ignore_ament_install']
[1.376s] Level 1:colcon.colcon_core.package_identification:_identify(build) by extension 'ignore'
[1.376s] Level 1:colcon.colcon_core.package_identification:_identify(build) ignored
[1.376s] Level 1:colcon.colcon_core.package_identification:_identify(install) by extensions ['ignore', 'ignore_ament_install']
[1.376s] Level 1:colcon.colcon_core.package_identification:_identify(install) by extension 'ignore'
[1.377s] Level 1:colcon.colcon_core.package_identification:_identify(install) ignored
[1.377s] Level 1:colcon.colcon_core.package_identification:_identify(log) by extensions ['ignore', 'ignore_ament_install']
[1.377s] Level 1:colcon.colcon_core.package_identification:_identify(log) by extension 'ignore'
[1.377s] Level 1:colcon.colcon_core.package_identification:_identify(log) ignored
[1.377s] Level 1:colcon.colcon_core.package_identification:_identify(src) by extensions ['ignore', 'ignore_ament_install']
[1.378s] Level 1:colcon.colcon_core.package_identification:_identify(src) by extension 'ignore'
[1.378s] Level 1:colcon.colcon_core.package_identification:_identify(src) by extension 'ignore_ament_install'
[1.378s] Level 1:colcon.colcon_core.package_identification:_identify(src) by extensions ['colcon_pkg']
[1.378s] Level 1:colcon.colcon_core.package_identification:_identify(src) by extension 'colcon_pkg'
[1.378s] Level 1:colcon.colcon_core.package_identification:_identify(src) by extensions ['colcon_meta']
[1.378s] Level 1:colcon.colcon_core.package_identification:_identify(src) by extension 'colcon_meta'
[1.379s] Level 1:colcon.colcon_core.package_identification:_identify(src) by extensions ['ros']
[1.379s] Level 1:colcon.colcon_core.package_identification:_identify(src) by extension 'ros'
[1.379s] Level 1:colcon.colcon_core.package_identification:_identify(src) by extensions ['cmake', 'python']
[1.379s] Level 1:colcon.colcon_core.package_identification:_identify(src) by extension 'cmake'
[1.379s] Level 1:colcon.colcon_core.package_identification:_identify(src) by extension 'python'
[1.379s] Level 1:colcon.colcon_core.package_identification:_identify(src) by extensions ['python_setup_py']
[1.379s] Level 1:colcon.colcon_core.package_identification:_identify(src) by extension 'python_setup_py'
[1.380s] Level 1:colcon.colcon_core.package_identification:_identify(src/chapt4_interfaces) by extensions ['ignore', 'ignore_ament_install']
[1.380s] Level 1:colcon.colcon_core.package_identification:_identify(src/chapt4_interfaces) by extension 'ignore'
[1.380s] Level 1:colcon.colcon_core.package_identification:_identify(src/chapt4_interfaces) by extension 'ignore_ament_install'
[1.381s] Level 1:colcon.colcon_core.package_identification:_identify(src/chapt4_interfaces) by extensions ['colcon_pkg']
[1.381s] Level 1:colcon.colcon_core.package_identification:_identify(src/chapt4_interfaces) by extension 'colcon_pkg'
[1.382s] Level 1:colcon.colcon_core.package_identification:_identify(src/chapt4_interfaces) by extensions ['colcon_meta']
[1.382s] Level 1:colcon.colcon_core.package_identification:_identify(src/chapt4_interfaces) by extension 'colcon_meta'
[1.382s] Level 1:colcon.colcon_core.package_identification:_identify(src/chapt4_interfaces) by extensions ['ros']
[1.382s] Level 1:colcon.colcon_core.package_identification:_identify(src/chapt4_interfaces) by extension 'ros'
[1.392s] DEBUG:colcon.colcon_core.package_identification:Package 'src/chapt4_interfaces' with type 'ros.ament_cmake' and name 'chapt4_interfaces'
[1.393s] Level 1:colcon.colcon_core.package_identification:_identify(src/demo_cpp_service) by extensions ['ignore', 'ignore_ament_install']
[1.393s] Level 1:colcon.colcon_core.package_identification:_identify(src/demo_cpp_service) by extension 'ignore'
[1.394s] Level 1:colcon.colcon_core.package_identification:_identify(src/demo_cpp_service) by extension 'ignore_ament_install'
[1.394s] Level 1:colcon.colcon_core.package_identification:_identify(src/demo_cpp_service) by extensions ['colcon_pkg']
[1.394s] Level 1:colcon.colcon_core.package_identification:_identify(src/demo_cpp_service) by extension 'colcon_pkg'
[1.394s] Level 1:colcon.colcon_core.package_identification:_identify(src/demo_cpp_service) by extensions ['colcon_meta']
[1.394s] Level 1:colcon.colcon_core.package_identification:_identify(src/demo_cpp_service) by extension 'colcon_meta'
[1.395s] Level 1:colcon.colcon_core.package_identification:_identify(src/demo_cpp_service) by extensions ['ros']
[1.395s] Level 1:colcon.colcon_core.package_identification:_identify(src/demo_cpp_service) by extension 'ros'
[1.398s] DEBUG:colcon.colcon_core.package_identification:Package 'src/demo_cpp_service' with type 'ros.ament_cmake' and name 'demo_cpp_service'
[1.398s] Level 1:colcon.colcon_core.package_identification:_identify(src/demo_python_service) by extensions ['ignore', 'ignore_ament_install']
[1.398s] Level 1:colcon.colcon_core.package_identification:_identify(src/demo_python_service) by extension 'ignore'
[1.398s] Level 1:colcon.colcon_core.package_identification:_identify(src/demo_python_service) by extension 'ignore_ament_install'
[1.399s] Level 1:colcon.colcon_core.package_identification:_identify(src/demo_python_service) by extensions ['colcon_pkg']
[1.399s] Level 1:colcon.colcon_core.package_identification:_identify(src/demo_python_service) by extension 'colcon_pkg'
[1.399s] Level 1:colcon.colcon_core.package_identification:_identify(src/demo_python_service) by extensions ['colcon_meta']
[1.399s] Level 1:colcon.colcon_core.package_identification:_identify(src/demo_python_service) by extension 'colcon_meta'
[1.399s] Level 1:colcon.colcon_core.package_identification:_identify(src/demo_python_service) by extensions ['ros']
[1.399s] Level 1:colcon.colcon_core.package_identification:_identify(src/demo_python_service) by extension 'ros'
[1.402s] DEBUG:colcon.colcon_core.package_identification:Package 'src/demo_python_service' with type 'ros.ament_python' and name 'demo_python_service'
[1.402s] Level 1:colcon.colcon_core.package_discovery:discover_packages(recursive) using defaults
[1.402s] Level 1:colcon.colcon_core.package_discovery:discover_packages(ignore) discover
[1.402s] Level 1:colcon.colcon_core.package_discovery:discover_packages(ignore) using defaults
[1.402s] Level 1:colcon.colcon_core.package_discovery:discover_packages(path) discover
[1.402s] Level 1:colcon.colcon_core.package_discovery:discover_packages(path) using defaults
[1.512s] Level 1:colcon.colcon_core.package_discovery:discover_packages(prefix_path) check parameters
[1.512s] Level 1:colcon.colcon_core.package_discovery:discover_packages(prefix_path) discover
[1.525s] DEBUG:colcon.colcon_installed_package_information.package_discovery:Found 3 installed packages in /home/wang/desktop/item/chapter4/chapt4_ws/install
[1.534s] DEBUG:colcon.colcon_installed_package_information.package_discovery:Found 17 installed packages in /home/wang/tb3_ws/install
[1.541s] DEBUG:colcon.colcon_installed_package_information.package_discovery:Found 407 installed packages in /opt/ros/humble
[1.547s] Level 1:colcon.colcon_core.package_discovery:discover_packages(prefix_path) using defaults
[1.799s] Level 5:colcon.colcon_core.verb:set package 'chapt4_interfaces' build argument 'cmake_args' from command line to 'None'
[1.800s] Level 5:colcon.colcon_core.verb:set package 'chapt4_interfaces' build argument 'cmake_target' from command line to 'None'
[1.800s] Level 5:colcon.colcon_core.verb:set package 'chapt4_interfaces' build argument 'cmake_target_skip_unavailable' from command line to 'False'
[1.800s] Level 5:colcon.colcon_core.verb:set package 'chapt4_interfaces' build argument 'cmake_clean_cache' from command line to 'False'
[1.800s] Level 5:colcon.colcon_core.verb:set package 'chapt4_interfaces' build argument 'cmake_clean_first' from command line to 'False'
[1.800s] Level 5:colcon.colcon_core.verb:set package 'chapt4_interfaces' build argument 'cmake_force_configure' from command line to 'False'
[1.800s] Level 5:colcon.colcon_core.verb:set package 'chapt4_interfaces' build argument 'ament_cmake_args' from command line to 'None'
[1.801s] Level 5:colcon.colcon_core.verb:set package 'chapt4_interfaces' build argument 'catkin_cmake_args' from command line to 'None'
[1.801s] Level 5:colcon.colcon_core.verb:set package 'chapt4_interfaces' build argument 'catkin_skip_building_tests' from command line to 'False'
[1.801s] DEBUG:colcon.colcon_core.verb:Building package 'chapt4_interfaces' with the following arguments: {'ament_cmake_args': None, 'build_base': '/home/wang/desktop/item/chapter4/chapt4_ws/build/chapt4_interfaces', 'catkin_cmake_args': None, 'catkin_skip_building_tests': False, 'cmake_args': None, 'cmake_clean_cache': False, 'cmake_clean_first': False, 'cmake_force_configure': False, 'cmake_target': None, 'cmake_target_skip_unavailable': False, 'install_base': '/home/wang/desktop/item/chapter4/chapt4_ws/install/chapt4_interfaces', 'merge_install': False, 'path': '/home/wang/desktop/item/chapter4/chapt4_ws/src/chapt4_interfaces', 'symlink_install': False, 'test_result_base': None}
[1.802s] Level 5:colcon.colcon_core.verb:set package 'demo_cpp_service' build argument 'cmake_args' from command line to 'None'
[1.803s] Level 5:colcon.colcon_core.verb:set package 'demo_cpp_service' build argument 'cmake_target' from command line to 'None'
[1.803s] Level 5:colcon.colcon_core.verb:set package 'demo_cpp_service' build argument 'cmake_target_skip_unavailable' from command line to 'False'
[1.803s] Level 5:colcon.colcon_core.verb:set package 'demo_cpp_service' build argument 'cmake_clean_cache' from command line to 'False'
[1.803s] Level 5:colcon.colcon_core.verb:set package 'demo_cpp_service' build argument 'cmake_clean_first' from command line to 'False'
[1.803s] Level 5:colcon.colcon_core.verb:set package 'demo_cpp_service' build argument 'cmake_force_configure' from command line to 'False'
[1.803s] Level 5:colcon.colcon_core.verb:set package 'demo_cpp_service' build argument 'ament_cmake_args' from command line to 'None'
[1.803s] Level 5:colcon.colcon_core.verb:set package 'demo_cpp_service' build argument 'catkin_cmake_args' from command line to 'None'
[1.804s] Level 5:colcon.colcon_core.verb:set package 'demo_cpp_service' build argument 'catkin_skip_building_tests' from command line to 'False'
[1.804s] DEBUG:colcon.colcon_core.verb:Building package 'demo_cpp_service' with the following arguments: {'ament_cmake_args': None, 'build_base': '/home/wang/desktop/item/chapter4/chapt4_ws/build/demo_cpp_service', 'catkin_cmake_args': None, 'catkin_skip_building_tests': False, 'cmake_args': None, 'cmake_clean_cache': False, 'cmake_clean_first': False, 'cmake_force_configure': False, 'cmake_target': None, 'cmake_target_skip_unavailable': False, 'install_base': '/home/wang/desktop/item/chapter4/chapt4_ws/install/demo_cpp_service', 'merge_install': False, 'path': '/home/wang/desktop/item/chapter4/chapt4_ws/src/demo_cpp_service', 'symlink_install': False, 'test_result_base': None}
[1.805s] Level 5:colcon.colcon_core.verb:set package 'demo_python_service' build argument 'cmake_args' from command line to 'None'
[1.805s] Level 5:colcon.colcon_core.verb:set package 'demo_python_service' build argument 'cmake_target' from command line to 'None'
[1.805s] Level 5:colcon.colcon_core.verb:set package 'demo_python_service' build argument 'cmake_target_skip_unavailable' from command line to 'False'
[1.805s] Level 5:colcon.colcon_core.verb:set package 'demo_python_service' build argument 'cmake_clean_cache' from command line to 'False'
[1.805s] Level 5:colcon.colcon_core.verb:set package 'demo_python_service' build argument 'cmake_clean_first' from command line to 'False'
[1.805s] Level 5:colcon.colcon_core.verb:set package 'demo_python_service' build argument 'cmake_force_configure' from command line to 'False'
[1.805s] Level 5:colcon.colcon_core.verb:set package 'demo_python_service' build argument 'ament_cmake_args' from command line to 'None'
[1.805s] Level 5:colcon.colcon_core.verb:set package 'demo_python_service' build argument 'catkin_cmake_args' from command line to 'None'
[1.805s] Level 5:colcon.colcon_core.verb:set package 'demo_python_service' build argument 'catkin_skip_building_tests' from command line to 'False'
[1.805s] DEBUG:colcon.colcon_core.verb:Building package 'demo_python_service' with the following arguments: {'ament_cmake_args': None, 'build_base': '/home/wang/desktop/item/chapter4/chapt4_ws/build/demo_python_service', 'catkin_cmake_args': None, 'catkin_skip_building_tests': False, 'cmake_args': None, 'cmake_clean_cache': False, 'cmake_clean_first': False, 'cmake_force_configure': False, 'cmake_target': None, 'cmake_target_skip_unavailable': False, 'install_base': '/home/wang/desktop/item/chapter4/chapt4_ws/install/demo_python_service', 'merge_install': False, 'path': '/home/wang/desktop/item/chapter4/chapt4_ws/src/demo_python_service', 'symlink_install': False, 'test_result_base': None}
[1.806s] INFO:colcon.colcon_core.executor:Executing jobs using 'parallel' executor
[1.828s] DEBUG:colcon.colcon_parallel_executor.executor.parallel:run_until_complete
[1.829s] INFO:colcon.colcon_ros.task.ament_cmake.build:Building ROS package in '/home/wang/desktop/item/chapter4/chapt4_ws/src/chapt4_interfaces' with build type 'ament_cmake'
[1.829s] INFO:colcon.colcon_cmake.task.cmake.build:Building CMake package in '/home/wang/desktop/item/chapter4/chapt4_ws/src/chapt4_interfaces'
[1.860s] INFO:colcon.colcon_core.plugin_system:Skipping extension 'colcon_core.shell.bat': Not used on non-Windows systems
[1.861s] INFO:colcon.colcon_core.shell:Skip shell extension 'powershell' for command environment: Not usable outside of PowerShell
[1.862s] DEBUG:colcon.colcon_core.shell:Skip shell extension 'dsv' for command environment
[1.918s] DEBUG:colcon.colcon_core.event_handler.log_command:Invoking command in '/home/wang/desktop/item/chapter4/chapt4_ws/build/chapt4_interfaces': CMAKE_PREFIX_PATH=${CMAKE_PREFIX_PATH}:/home/wang/desktop/item/chapter4/chapt4_ws/install/demo_python_service:/home/wang/tb3_ws/install/turtlebot3_teleop:/home/wang/tb3_ws/install/turtlebot3_example:/opt/ros/humble /usr/bin/cmake --build /home/wang/desktop/item/chapter4/chapt4_ws/build/chapt4_interfaces -- -j4 -l4
[3.221s] DEBUG:colcon.colcon_core.event_handler.log_command:Invoked command in '/home/wang/desktop/item/chapter4/chapt4_ws/build/chapt4_interfaces' returned '0': CMAKE_PREFIX_PATH=${CMAKE_PREFIX_PATH}:/home/wang/desktop/item/chapter4/chapt4_ws/install/demo_python_service:/home/wang/tb3_ws/install/turtlebot3_teleop:/home/wang/tb3_ws/install/turtlebot3_example:/opt/ros/humble /usr/bin/cmake --build /home/wang/desktop/item/chapter4/chapt4_ws/build/chapt4_interfaces -- -j4 -l4
[3.546s] DEBUG:colcon.colcon_core.event_handler.log_command:Invoking command in '/home/wang/desktop/item/chapter4/chapt4_ws/build/chapt4_interfaces': CMAKE_PREFIX_PATH=${CMAKE_PREFIX_PATH}:/home/wang/desktop/item/chapter4/chapt4_ws/install/demo_python_service:/home/wang/tb3_ws/install/turtlebot3_teleop:/home/wang/tb3_ws/install/turtlebot3_example:/opt/ros/humble /usr/bin/cmake --install /home/wang/desktop/item/chapter4/chapt4_ws/build/chapt4_interfaces
[3.780s] Level 1:colcon.colcon_core.environment:create_environment_scripts_only(chapt4_interfaces)
[3.782s] DEBUG:colcon.colcon_core.event_handler.log_command:Invoked command in '/home/wang/desktop/item/chapter4/chapt4_ws/build/chapt4_interfaces' returned '0': CMAKE_PREFIX_PATH=${CMAKE_PREFIX_PATH}:/home/wang/desktop/item/chapter4/chapt4_ws/install/demo_python_service:/home/wang/tb3_ws/install/turtlebot3_teleop:/home/wang/tb3_ws/install/turtlebot3_example:/opt/ros/humble /usr/bin/cmake --install /home/wang/desktop/item/chapter4/chapt4_ws/build/chapt4_interfaces
[3.807s] Level 1:colcon.colcon_core.environment:checking '/home/wang/desktop/item/chapter4/chapt4_ws/install/chapt4_interfaces' for CMake module files
[3.808s] Level 1:colcon.colcon_core.environment:checking '/home/wang/desktop/item/chapter4/chapt4_ws/install/chapt4_interfaces' for CMake config files
[3.810s] Level 1:colcon.colcon_core.shell:create_environment_hook('chapt4_interfaces', 'cmake_prefix_path')
[3.812s] INFO:colcon.colcon_core.shell:Creating environment hook '/home/wang/desktop/item/chapter4/chapt4_ws/install/chapt4_interfaces/share/chapt4_interfaces/hook/cmake_prefix_path.ps1'
[3.818s] INFO:colcon.colcon_core.shell:Creating environment descriptor '/home/wang/desktop/item/chapter4/chapt4_ws/install/chapt4_interfaces/share/chapt4_interfaces/hook/cmake_prefix_path.dsv'
[3.821s] INFO:colcon.colcon_core.shell:Creating environment hook '/home/wang/desktop/item/chapter4/chapt4_ws/install/chapt4_interfaces/share/chapt4_interfaces/hook/cmake_prefix_path.sh'
[3.824s] Level 1:colcon.colcon_core.environment:checking '/home/wang/desktop/item/chapter4/chapt4_ws/install/chapt4_interfaces/lib'
[3.824s] Level 1:colcon.colcon_core.shell:create_environment_hook('chapt4_interfaces', 'ld_library_path_lib')
[3.825s] INFO:colcon.colcon_core.shell:Creating environment hook '/home/wang/desktop/item/chapter4/chapt4_ws/install/chapt4_interfaces/share/chapt4_interfaces/hook/ld_library_path_lib.ps1'
[3.826s] INFO:colcon.colcon_core.shell:Creating environment descriptor '/home/wang/desktop/item/chapter4/chapt4_ws/install/chapt4_interfaces/share/chapt4_interfaces/hook/ld_library_path_lib.dsv'
[3.827s] INFO:colcon.colcon_core.shell:Creating environment hook '/home/wang/desktop/item/chapter4/chapt4_ws/install/chapt4_interfaces/share/chapt4_interfaces/hook/ld_library_path_lib.sh'
[3.828s] Level 1:colcon.colcon_core.environment:checking '/home/wang/desktop/item/chapter4/chapt4_ws/install/chapt4_interfaces/bin'
[3.828s] Level 1:colcon.colcon_core.environment:checking '/home/wang/desktop/item/chapter4/chapt4_ws/install/chapt4_interfaces/lib/pkgconfig/chapt4_interfaces.pc'
[3.829s] Level 1:colcon.colcon_core.environment:checking '/home/wang/desktop/item/chapter4/chapt4_ws/install/chapt4_interfaces/lib/python3.10/site-packages'
[3.829s] Level 1:colcon.colcon_core.environment:checking '/home/wang/desktop/item/chapter4/chapt4_ws/install/chapt4_interfaces/bin'
[3.830s] INFO:colcon.colcon_core.shell:Creating package script '/home/wang/desktop/item/chapter4/chapt4_ws/install/chapt4_interfaces/share/chapt4_interfaces/package.ps1'
[3.833s] INFO:colcon.colcon_core.shell:Creating package descriptor '/home/wang/desktop/item/chapter4/chapt4_ws/install/chapt4_interfaces/share/chapt4_interfaces/package.dsv'
[3.836s] INFO:colcon.colcon_core.shell:Creating package script '/home/wang/desktop/item/chapter4/chapt4_ws/install/chapt4_interfaces/share/chapt4_interfaces/package.sh'
[3.839s] INFO:colcon.colcon_core.shell:Creating package script '/home/wang/desktop/item/chapter4/chapt4_ws/install/chapt4_interfaces/share/chapt4_interfaces/package.bash'
[3.841s] INFO:colcon.colcon_core.shell:Creating package script '/home/wang/desktop/item/chapter4/chapt4_ws/install/chapt4_interfaces/share/chapt4_interfaces/package.zsh'
[3.842s] Level 1:colcon.colcon_core.environment:create_file_with_runtime_dependencies(/home/wang/desktop/item/chapter4/chapt4_ws/install/chapt4_interfaces/share/colcon-core/packages/chapt4_interfaces)
[4.146s] Level 1:colcon.colcon_core.environment:create_environment_scripts_only(chapt4_interfaces)
[4.147s] Level 1:colcon.colcon_core.environment:checking '/home/wang/desktop/item/chapter4/chapt4_ws/install/chapt4_interfaces' for CMake module files
[4.149s] Level 1:colcon.colcon_core.environment:checking '/home/wang/desktop/item/chapter4/chapt4_ws/install/chapt4_interfaces' for CMake config files
[4.150s] Level 1:colcon.colcon_core.shell:create_environment_hook('chapt4_interfaces', 'cmake_prefix_path')
[4.150s] INFO:colcon.colcon_core.shell:Creating environment hook '/home/wang/desktop/item/chapter4/chapt4_ws/install/chapt4_interfaces/share/chapt4_interfaces/hook/cmake_prefix_path.ps1'
[4.152s] INFO:colcon.colcon_core.shell:Creating environment descriptor '/home/wang/desktop/item/chapter4/chapt4_ws/install/chapt4_interfaces/share/chapt4_interfaces/hook/cmake_prefix_path.dsv'
[4.153s] INFO:colcon.colcon_core.shell:Creating environment hook '/home/wang/desktop/item/chapter4/chapt4_ws/install/chapt4_interfaces/share/chapt4_interfaces/hook/cmake_prefix_path.sh'
[4.154s] Level 1:colcon.colcon_core.environment:checking '/home/wang/desktop/item/chapter4/chapt4_ws/install/chapt4_interfaces/lib'
[4.155s] Level 1:colcon.colcon_core.shell:create_environment_hook('chapt4_interfaces', 'ld_library_path_lib')
[4.155s] INFO:colcon.colcon_core.shell:Creating environment hook '/home/wang/desktop/item/chapter4/chapt4_ws/install/chapt4_interfaces/share/chapt4_interfaces/hook/ld_library_path_lib.ps1'
[4.156s] INFO:colcon.colcon_core.shell:Creating environment descriptor '/home/wang/desktop/item/chapter4/chapt4_ws/install/chapt4_interfaces/share/chapt4_interfaces/hook/ld_library_path_lib.dsv'
[4.158s] INFO:colcon.colcon_core.shell:Creating environment hook '/home/wang/desktop/item/chapter4/chapt4_ws/install/chapt4_interfaces/share/chapt4_interfaces/hook/ld_library_path_lib.sh'
[4.159s] Level 1:colcon.colcon_core.environment:checking '/home/wang/desktop/item/chapter4/chapt4_ws/install/chapt4_interfaces/bin'
[4.160s] Level 1:colcon.colcon_core.environment:checking '/home/wang/desktop/item/chapter4/chapt4_ws/install/chapt4_interfaces/lib/pkgconfig/chapt4_interfaces.pc'
[4.161s] Level 1:colcon.colcon_core.environment:checking '/home/wang/desktop/item/chapter4/chapt4_ws/install/chapt4_interfaces/lib/python3.10/site-packages'
[4.162s] Level 1:colcon.colcon_core.environment:checking '/home/wang/desktop/item/chapter4/chapt4_ws/install/chapt4_interfaces/bin'
[4.164s] INFO:colcon.colcon_core.shell:Creating package script '/home/wang/desktop/item/chapter4/chapt4_ws/install/chapt4_interfaces/share/chapt4_interfaces/package.ps1'
[4.166s] INFO:colcon.colcon_core.shell:Creating package descriptor '/home/wang/desktop/item/chapter4/chapt4_ws/install/chapt4_interfaces/share/chapt4_interfaces/package.dsv'
[4.168s] INFO:colcon.colcon_core.shell:Creating package script '/home/wang/desktop/item/chapter4/chapt4_ws/install/chapt4_interfaces/share/chapt4_interfaces/package.sh'
[4.170s] INFO:colcon.colcon_core.shell:Creating package script '/home/wang/desktop/item/chapter4/chapt4_ws/install/chapt4_interfaces/share/chapt4_interfaces/package.bash'
[4.175s] INFO:colcon.colcon_core.shell:Creating package script '/home/wang/desktop/item/chapter4/chapt4_ws/install/chapt4_interfaces/share/chapt4_interfaces/package.zsh'
[4.178s] Level 1:colcon.colcon_core.environment:create_file_with_runtime_dependencies(/home/wang/desktop/item/chapter4/chapt4_ws/install/chapt4_interfaces/share/colcon-core/packages/chapt4_interfaces)
[4.183s] INFO:colcon.colcon_ros.task.ament_cmake.build:Building ROS package in '/home/wang/desktop/item/chapter4/chapt4_ws/src/demo_cpp_service' with build type 'ament_cmake'
[4.184s] INFO:colcon.colcon_cmake.task.cmake.build:Building CMake package in '/home/wang/desktop/item/chapter4/chapt4_ws/src/demo_cpp_service'
[4.185s] INFO:colcon.colcon_core.shell:Skip shell extension 'powershell' for command environment: Not usable outside of PowerShell
[4.185s] DEBUG:colcon.colcon_core.shell:Skip shell extension 'dsv' for command environment
[4.204s] INFO:colcon.colcon_ros.task.ament_python.build:Building ROS package in '/home/wang/desktop/item/chapter4/chapt4_ws/src/demo_python_service' with build type 'ament_python'
[4.205s] Level 1:colcon.colcon_core.shell:create_environment_hook('demo_python_service', 'ament_prefix_path')
[4.205s] INFO:colcon.colcon_core.shell:Creating environment hook '/home/wang/desktop/item/chapter4/chapt4_ws/install/demo_python_service/share/demo_python_service/hook/ament_prefix_path.ps1'
[4.206s] INFO:colcon.colcon_core.shell:Creating environment descriptor '/home/wang/desktop/item/chapter4/chapt4_ws/install/demo_python_service/share/demo_python_service/hook/ament_prefix_path.dsv'
[4.209s] INFO:colcon.colcon_core.shell:Creating environment hook '/home/wang/desktop/item/chapter4/chapt4_ws/install/demo_python_service/share/demo_python_service/hook/ament_prefix_path.sh'
[4.212s] INFO:colcon.colcon_core.shell:Skip shell extension 'powershell' for command environment: Not usable outside of PowerShell
[4.212s] DEBUG:colcon.colcon_core.shell:Skip shell extension 'dsv' for command environment
[4.250s] DEBUG:colcon.colcon_core.event_handler.log_command:Invoking command in '/home/wang/desktop/item/chapter4/chapt4_ws/build/demo_cpp_service': CMAKE_PREFIX_PATH=/home/wang/desktop/item/chapter4/chapt4_ws/install/chapt4_interfaces:/home/wang/desktop/item/chapter4/chapt4_ws/install/demo_cpp_service:/home/wang/tb3_ws/install/turtlebot3:/home/wang/tb3_ws/install/turtlebot3_simulations:/home/wang/tb3_ws/install/turtlebot3_bringup:/home/wang/tb3_ws/install/turtlebot3_node:/home/wang/tb3_ws/install/turtlebot3_navigation2:/home/wang/tb3_ws/install/turtlebot3_fake_node:/home/wang/tb3_ws/install/turtlebot3_msgs:/home/wang/tb3_ws/install/turtlebot3_gazebo:/home/wang/tb3_ws/install/turtlebot3_description:/home/wang/tb3_ws/install/turtlebot3_cartographer:/home/wang/tb3_ws/install/ld08_driver:/home/wang/tb3_ws/install/hls_lfcd_lds_driver:/home/wang/tb3_ws/install/dynamixel_sdk_examples:/home/wang/tb3_ws/install/dynamixel_sdk_custom_interfaces:/home/wang/tb3_ws/install/dynamixel_sdk:/home/wang/desktop/item/chapter4/chapt4_ws/install/demo_python_service:/home/wang/tb3_ws/install/turtlebot3_teleop:/home/wang/tb3_ws/install/turtlebot3_example:/opt/ros/humble /usr/bin/cmake --build /home/wang/desktop/item/chapter4/chapt4_ws/build/demo_cpp_service -- -j4 -l4
[5.132s] INFO:colcon.colcon_core.task.python.build:Building Python package in '/home/wang/desktop/item/chapter4/chapt4_ws/src/demo_python_service'
[5.133s] INFO:colcon.colcon_core.shell:Skip shell extension 'powershell' for command environment: Not usable outside of PowerShell
[5.133s] DEBUG:colcon.colcon_core.shell:Skip shell extension 'dsv' for command environment
[6.989s] DEBUG:colcon.colcon_core.event_handler.log_command:Invoking command in '/home/wang/desktop/item/chapter4/chapt4_ws/src/demo_python_service': CMAKE_PREFIX_PATH=/home/wang/desktop/item/chapter4/chapt4_ws/install/chapt4_interfaces:/home/wang/desktop/item/chapter4/chapt4_ws/install/demo_cpp_service:/home/wang/tb3_ws/install/turtlebot3:/home/wang/tb3_ws/install/turtlebot3_simulations:/home/wang/tb3_ws/install/turtlebot3_bringup:/home/wang/tb3_ws/install/turtlebot3_node:/home/wang/tb3_ws/install/turtlebot3_navigation2:/home/wang/tb3_ws/install/turtlebot3_fake_node:/home/wang/tb3_ws/install/turtlebot3_msgs:/home/wang/tb3_ws/install/turtlebot3_gazebo:/home/wang/tb3_ws/install/turtlebot3_description:/home/wang/tb3_ws/install/turtlebot3_cartographer:/home/wang/tb3_ws/install/ld08_driver:/home/wang/tb3_ws/install/hls_lfcd_lds_driver:/home/wang/tb3_ws/install/dynamixel_sdk_examples:/home/wang/tb3_ws/install/dynamixel_sdk_custom_interfaces:/home/wang/tb3_ws/install/dynamixel_sdk PYTHONPATH=/home/wang/desktop/item/chapter4/chapt4_ws/build/demo_python_service/prefix_override:/usr/lib/python3/dist-packages/colcon_core/task/python/colcon_distutils_commands:/home/wang/desktop/item/chapter4/chapt4_ws/install/demo_python_service/lib/python3.10/site-packages:${PYTHONPATH} /usr/bin/python3 -W ignore:setup.py install is deprecated setup.py egg_info --egg-base ../../build/demo_python_service build --build-base /home/wang/desktop/item/chapter4/chapt4_ws/build/demo_python_service/build install --record /home/wang/desktop/item/chapter4/chapt4_ws/build/demo_python_service/install.log --single-version-externally-managed install_data
[7.986s] Level 1:colcon.colcon_core.environment:checking '/home/wang/desktop/item/chapter4/chapt4_ws/install/demo_python_service' for CMake module files
[7.988s] DEBUG:colcon.colcon_core.event_handler.log_command:Invoked command in '/home/wang/desktop/item/chapter4/chapt4_ws/src/demo_python_service' returned '0': CMAKE_PREFIX_PATH=/home/wang/desktop/item/chapter4/chapt4_ws/install/chapt4_interfaces:/home/wang/desktop/item/chapter4/chapt4_ws/install/demo_cpp_service:/home/wang/tb3_ws/install/turtlebot3:/home/wang/tb3_ws/install/turtlebot3_simulations:/home/wang/tb3_ws/install/turtlebot3_bringup:/home/wang/tb3_ws/install/turtlebot3_node:/home/wang/tb3_ws/install/turtlebot3_navigation2:/home/wang/tb3_ws/install/turtlebot3_fake_node:/home/wang/tb3_ws/install/turtlebot3_msgs:/home/wang/tb3_ws/install/turtlebot3_gazebo:/home/wang/tb3_ws/install/turtlebot3_description:/home/wang/tb3_ws/install/turtlebot3_cartographer:/home/wang/tb3_ws/install/ld08_driver:/home/wang/tb3_ws/install/hls_lfcd_lds_driver:/home/wang/tb3_ws/install/dynamixel_sdk_examples:/home/wang/tb3_ws/install/dynamixel_sdk_custom_interfaces:/home/wang/tb3_ws/install/dynamixel_sdk PYTHONPATH=/home/wang/desktop/item/chapter4/chapt4_ws/build/demo_python_service/prefix_override:/usr/lib/python3/dist-packages/colcon_core/task/python/colcon_distutils_commands:/home/wang/desktop/item/chapter4/chapt4_ws/install/demo_python_service/lib/python3.10/site-packages:${PYTHONPATH} /usr/bin/python3 -W ignore:setup.py install is deprecated setup.py egg_info --egg-base ../../build/demo_python_service build --build-base /home/wang/desktop/item/chapter4/chapt4_ws/build/demo_python_service/build install --record /home/wang/desktop/item/chapter4/chapt4_ws/build/demo_python_service/install.log --single-version-externally-managed install_data
[7.990s] Level 1:colcon.colcon_core.environment:checking '/home/wang/desktop/item/chapter4/chapt4_ws/install/demo_python_service' for CMake config files
[7.995s] Level 1:colcon.colcon_core.environment:checking '/home/wang/desktop/item/chapter4/chapt4_ws/install/demo_python_service/lib'
[7.996s] Level 1:colcon.colcon_core.environment:checking '/home/wang/desktop/item/chapter4/chapt4_ws/install/demo_python_service/bin'
[7.996s] Level 1:colcon.colcon_core.environment:checking '/home/wang/desktop/item/chapter4/chapt4_ws/install/demo_python_service/lib/pkgconfig/demo_python_service.pc'
[7.997s] Level 1:colcon.colcon_core.environment:checking '/home/wang/desktop/item/chapter4/chapt4_ws/install/demo_python_service/lib/python3.10/site-packages'
[7.997s] Level 1:colcon.colcon_core.shell:create_environment_hook('demo_python_service', 'pythonpath')
[7.998s] INFO:colcon.colcon_core.shell:Creating environment hook '/home/wang/desktop/item/chapter4/chapt4_ws/install/demo_python_service/share/demo_python_service/hook/pythonpath.ps1'
[8.000s] INFO:colcon.colcon_core.shell:Creating environment descriptor '/home/wang/desktop/item/chapter4/chapt4_ws/install/demo_python_service/share/demo_python_service/hook/pythonpath.dsv'
[8.002s] INFO:colcon.colcon_core.shell:Creating environment hook '/home/wang/desktop/item/chapter4/chapt4_ws/install/demo_python_service/share/demo_python_service/hook/pythonpath.sh'
[8.004s] Level 1:colcon.colcon_core.environment:checking '/home/wang/desktop/item/chapter4/chapt4_ws/install/demo_python_service/bin'
[8.004s] Level 1:colcon.colcon_core.environment:create_environment_scripts_only(demo_python_service)
[8.005s] INFO:colcon.colcon_core.shell:Creating package script '/home/wang/desktop/item/chapter4/chapt4_ws/install/demo_python_service/share/demo_python_service/package.ps1'
[8.007s] INFO:colcon.colcon_core.shell:Creating package descriptor '/home/wang/desktop/item/chapter4/chapt4_ws/install/demo_python_service/share/demo_python_service/package.dsv'
[8.009s] INFO:colcon.colcon_core.shell:Creating package script '/home/wang/desktop/item/chapter4/chapt4_ws/install/demo_python_service/share/demo_python_service/package.sh'
[8.012s] INFO:colcon.colcon_core.shell:Creating package script '/home/wang/desktop/item/chapter4/chapt4_ws/install/demo_python_service/share/demo_python_service/package.bash'
[8.015s] INFO:colcon.colcon_core.shell:Creating package script '/home/wang/desktop/item/chapter4/chapt4_ws/install/demo_python_service/share/demo_python_service/package.zsh'
[8.018s] Level 1:colcon.colcon_core.environment:create_file_with_runtime_dependencies(/home/wang/desktop/item/chapter4/chapt4_ws/install/demo_python_service/share/colcon-core/packages/demo_python_service)
[39.307s] DEBUG:colcon.colcon_core.event_handler.log_command:Invoked command in '/home/wang/desktop/item/chapter4/chapt4_ws/build/demo_cpp_service' returned '0': CMAKE_PREFIX_PATH=/home/wang/desktop/item/chapter4/chapt4_ws/install/chapt4_interfaces:/home/wang/desktop/item/chapter4/chapt4_ws/install/demo_cpp_service:/home/wang/tb3_ws/install/turtlebot3:/home/wang/tb3_ws/install/turtlebot3_simulations:/home/wang/tb3_ws/install/turtlebot3_bringup:/home/wang/tb3_ws/install/turtlebot3_node:/home/wang/tb3_ws/install/turtlebot3_navigation2:/home/wang/tb3_ws/install/turtlebot3_fake_node:/home/wang/tb3_ws/install/turtlebot3_msgs:/home/wang/tb3_ws/install/turtlebot3_gazebo:/home/wang/tb3_ws/install/turtlebot3_description:/home/wang/tb3_ws/install/turtlebot3_cartographer:/home/wang/tb3_ws/install/ld08_driver:/home/wang/tb3_ws/install/hls_lfcd_lds_driver:/home/wang/tb3_ws/install/dynamixel_sdk_examples:/home/wang/tb3_ws/install/dynamixel_sdk_custom_interfaces:/home/wang/tb3_ws/install/dynamixel_sdk:/home/wang/desktop/item/chapter4/chapt4_ws/install/demo_python_service:/home/wang/tb3_ws/install/turtlebot3_teleop:/home/wang/tb3_ws/install/turtlebot3_example:/opt/ros/humble /usr/bin/cmake --build /home/wang/desktop/item/chapter4/chapt4_ws/build/demo_cpp_service -- -j4 -l4
[39.444s] DEBUG:colcon.colcon_core.event_handler.log_command:Invoking command in '/home/wang/desktop/item/chapter4/chapt4_ws/build/demo_cpp_service': CMAKE_PREFIX_PATH=/home/wang/desktop/item/chapter4/chapt4_ws/install/chapt4_interfaces:/home/wang/desktop/item/chapter4/chapt4_ws/install/demo_cpp_service:/home/wang/tb3_ws/install/turtlebot3:/home/wang/tb3_ws/install/turtlebot3_simulations:/home/wang/tb3_ws/install/turtlebot3_bringup:/home/wang/tb3_ws/install/turtlebot3_node:/home/wang/tb3_ws/install/turtlebot3_navigation2:/home/wang/tb3_ws/install/turtlebot3_fake_node:/home/wang/tb3_ws/install/turtlebot3_msgs:/home/wang/tb3_ws/install/turtlebot3_gazebo:/home/wang/tb3_ws/install/turtlebot3_description:/home/wang/tb3_ws/install/turtlebot3_cartographer:/home/wang/tb3_ws/install/ld08_driver:/home/wang/tb3_ws/install/hls_lfcd_lds_driver:/home/wang/tb3_ws/install/dynamixel_sdk_examples:/home/wang/tb3_ws/install/dynamixel_sdk_custom_interfaces:/home/wang/tb3_ws/install/dynamixel_sdk:/home/wang/desktop/item/chapter4/chapt4_ws/install/demo_python_service:/home/wang/tb3_ws/install/turtlebot3_teleop:/home/wang/tb3_ws/install/turtlebot3_example:/opt/ros/humble /usr/bin/cmake --install /home/wang/desktop/item/chapter4/chapt4_ws/build/demo_cpp_service
[39.504s] Level 1:colcon.colcon_core.environment:create_environment_scripts_only(demo_cpp_service)
[39.505s] Level 1:colcon.colcon_core.environment:checking '/home/wang/desktop/item/chapter4/chapt4_ws/install/demo_cpp_service' for CMake module files
[39.507s] DEBUG:colcon.colcon_core.event_handler.log_command:Invoked command in '/home/wang/desktop/item/chapter4/chapt4_ws/build/demo_cpp_service' returned '0': CMAKE_PREFIX_PATH=/home/wang/desktop/item/chapter4/chapt4_ws/install/chapt4_interfaces:/home/wang/desktop/item/chapter4/chapt4_ws/install/demo_cpp_service:/home/wang/tb3_ws/install/turtlebot3:/home/wang/tb3_ws/install/turtlebot3_simulations:/home/wang/tb3_ws/install/turtlebot3_bringup:/home/wang/tb3_ws/install/turtlebot3_node:/home/wang/tb3_ws/install/turtlebot3_navigation2:/home/wang/tb3_ws/install/turtlebot3_fake_node:/home/wang/tb3_ws/install/turtlebot3_msgs:/home/wang/tb3_ws/install/turtlebot3_gazebo:/home/wang/tb3_ws/install/turtlebot3_description:/home/wang/tb3_ws/install/turtlebot3_cartographer:/home/wang/tb3_ws/install/ld08_driver:/home/wang/tb3_ws/install/hls_lfcd_lds_driver:/home/wang/tb3_ws/install/dynamixel_sdk_examples:/home/wang/tb3_ws/install/dynamixel_sdk_custom_interfaces:/home/wang/tb3_ws/install/dynamixel_sdk:/home/wang/desktop/item/chapter4/chapt4_ws/install/demo_python_service:/home/wang/tb3_ws/install/turtlebot3_teleop:/home/wang/tb3_ws/install/turtlebot3_example:/opt/ros/humble /usr/bin/cmake --install /home/wang/desktop/item/chapter4/chapt4_ws/build/demo_cpp_service
[39.508s] Level 1:colcon.colcon_core.environment:checking '/home/wang/desktop/item/chapter4/chapt4_ws/install/demo_cpp_service' for CMake config files
[39.510s] Level 1:colcon.colcon_core.shell:create_environment_hook('demo_cpp_service', 'cmake_prefix_path')
[39.510s] INFO:colcon.colcon_core.shell:Creating environment hook '/home/wang/desktop/item/chapter4/chapt4_ws/install/demo_cpp_service/share/demo_cpp_service/hook/cmake_prefix_path.ps1'
[39.513s] INFO:colcon.colcon_core.shell:Creating environment descriptor '/home/wang/desktop/item/chapter4/chapt4_ws/install/demo_cpp_service/share/demo_cpp_service/hook/cmake_prefix_path.dsv'
[39.516s] INFO:colcon.colcon_core.shell:Creating environment hook '/home/wang/desktop/item/chapter4/chapt4_ws/install/demo_cpp_service/share/demo_cpp_service/hook/cmake_prefix_path.sh'
[39.518s] Level 1:colcon.colcon_core.environment:checking '/home/wang/desktop/item/chapter4/chapt4_ws/install/demo_cpp_service/lib'
[39.519s] Level 1:colcon.colcon_core.environment:checking '/home/wang/desktop/item/chapter4/chapt4_ws/install/demo_cpp_service/bin'
[39.519s] Level 1:colcon.colcon_core.environment:checking '/home/wang/desktop/item/chapter4/chapt4_ws/install/demo_cpp_service/lib/pkgconfig/demo_cpp_service.pc'
[39.522s] Level 1:colcon.colcon_core.environment:checking '/home/wang/desktop/item/chapter4/chapt4_ws/install/demo_cpp_service/lib/python3.10/site-packages'
[39.522s] Level 1:colcon.colcon_core.environment:checking '/home/wang/desktop/item/chapter4/chapt4_ws/install/demo_cpp_service/bin'
[39.523s] INFO:colcon.colcon_core.shell:Creating package script '/home/wang/desktop/item/chapter4/chapt4_ws/install/demo_cpp_service/share/demo_cpp_service/package.ps1'
[39.526s] INFO:colcon.colcon_core.shell:Creating package descriptor '/home/wang/desktop/item/chapter4/chapt4_ws/install/demo_cpp_service/share/demo_cpp_service/package.dsv'
[39.528s] INFO:colcon.colcon_core.shell:Creating package script '/home/wang/desktop/item/chapter4/chapt4_ws/install/demo_cpp_service/share/demo_cpp_service/package.sh'
[39.532s] INFO:colcon.colcon_core.shell:Creating package script '/home/wang/desktop/item/chapter4/chapt4_ws/install/demo_cpp_service/share/demo_cpp_service/package.bash'
[39.534s] INFO:colcon.colcon_core.shell:Creating package script '/home/wang/desktop/item/chapter4/chapt4_ws/install/demo_cpp_service/share/demo_cpp_service/package.zsh'
[39.536s] Level 1:colcon.colcon_core.environment:create_file_with_runtime_dependencies(/home/wang/desktop/item/chapter4/chapt4_ws/install/demo_cpp_service/share/colcon-core/packages/demo_cpp_service)
[39.661s] Level 1:colcon.colcon_core.environment:create_environment_scripts_only(demo_cpp_service)
[39.662s] Level 1:colcon.colcon_core.environment:checking '/home/wang/desktop/item/chapter4/chapt4_ws/install/demo_cpp_service' for CMake module files
[39.663s] Level 1:colcon.colcon_core.environment:checking '/home/wang/desktop/item/chapter4/chapt4_ws/install/demo_cpp_service' for CMake config files
[39.664s] Level 1:colcon.colcon_core.shell:create_environment_hook('demo_cpp_service', 'cmake_prefix_path')
[39.665s] INFO:colcon.colcon_core.shell:Creating environment hook '/home/wang/desktop/item/chapter4/chapt4_ws/install/demo_cpp_service/share/demo_cpp_service/hook/cmake_prefix_path.ps1'
[39.668s] INFO:colcon.colcon_core.shell:Creating environment descriptor '/home/wang/desktop/item/chapter4/chapt4_ws/install/demo_cpp_service/share/demo_cpp_service/hook/cmake_prefix_path.dsv'
[39.682s] INFO:colcon.colcon_core.shell:Creating environment hook '/home/wang/desktop/item/chapter4/chapt4_ws/install/demo_cpp_service/share/demo_cpp_service/hook/cmake_prefix_path.sh'
[39.686s] Level 1:colcon.colcon_core.environment:checking '/home/wang/desktop/item/chapter4/chapt4_ws/install/demo_cpp_service/lib'
[39.687s] Level 1:colcon.colcon_core.environment:checking '/home/wang/desktop/item/chapter4/chapt4_ws/install/demo_cpp_service/bin'
[39.687s] Level 1:colcon.colcon_core.environment:checking '/home/wang/desktop/item/chapter4/chapt4_ws/install/demo_cpp_service/lib/pkgconfig/demo_cpp_service.pc'
[39.688s] Level 1:colcon.colcon_core.environment:checking '/home/wang/desktop/item/chapter4/chapt4_ws/install/demo_cpp_service/lib/python3.10/site-packages'
[39.688s] Level 1:colcon.colcon_core.environment:checking '/home/wang/desktop/item/chapter4/chapt4_ws/install/demo_cpp_service/bin'
[39.690s] INFO:colcon.colcon_core.shell:Creating package script '/home/wang/desktop/item/chapter4/chapt4_ws/install/demo_cpp_service/share/demo_cpp_service/package.ps1'
[39.692s] INFO:colcon.colcon_core.shell:Creating package descriptor '/home/wang/desktop/item/chapter4/chapt4_ws/install/demo_cpp_service/share/demo_cpp_service/package.dsv'
[39.696s] INFO:colcon.colcon_core.shell:Creating package script '/home/wang/desktop/item/chapter4/chapt4_ws/install/demo_cpp_service/share/demo_cpp_service/package.sh'
[39.698s] INFO:colcon.colcon_core.shell:Creating package script '/home/wang/desktop/item/chapter4/chapt4_ws/install/demo_cpp_service/share/demo_cpp_service/package.bash'
[39.704s] INFO:colcon.colcon_core.shell:Creating package script '/home/wang/desktop/item/chapter4/chapt4_ws/install/demo_cpp_service/share/demo_cpp_service/package.zsh'
[39.706s] Level 1:colcon.colcon_core.environment:create_file_with_runtime_dependencies(/home/wang/desktop/item/chapter4/chapt4_ws/install/demo_cpp_service/share/colcon-core/packages/demo_cpp_service)
[39.708s] DEBUG:colcon.colcon_parallel_executor.executor.parallel:closing loop
[39.714s] DEBUG:colcon.colcon_parallel_executor.executor.parallel:loop closed
[39.714s] DEBUG:colcon.colcon_parallel_executor.executor.parallel:run_until_complete finished with '0'
[39.714s] DEBUG:colcon.colcon_core.event_reactor:joining thread
[39.774s] INFO:colcon.colcon_core.plugin_system:Skipping extension 'colcon_notification.desktop_notification.terminal_notifier': Not used on non-Darwin systems
[39.775s] INFO:colcon.colcon_core.plugin_system:Skipping extension 'colcon_notification.desktop_notification.win32': Not used on non-Windows systems
[39.776s] INFO:colcon.colcon_notification.desktop_notification:Sending desktop notification using 'notify2'
[39.861s] DEBUG:colcon.colcon_core.event_reactor:joined thread
[39.862s] INFO:colcon.colcon_core.shell:Creating prefix script '/home/wang/desktop/item/chapter4/chapt4_ws/install/local_setup.ps1'
[39.870s] INFO:colcon.colcon_core.shell:Creating prefix util module '/home/wang/desktop/item/chapter4/chapt4_ws/install/_local_setup_util_ps1.py'
[39.885s] INFO:colcon.colcon_core.shell:Creating prefix chain script '/home/wang/desktop/item/chapter4/chapt4_ws/install/setup.ps1'
[39.902s] INFO:colcon.colcon_core.shell:Creating prefix script '/home/wang/desktop/item/chapter4/chapt4_ws/install/local_setup.sh'
[39.905s] INFO:colcon.colcon_core.shell:Creating prefix util module '/home/wang/desktop/item/chapter4/chapt4_ws/install/_local_setup_util_sh.py'
[39.908s] INFO:colcon.colcon_core.shell:Creating prefix chain script '/home/wang/desktop/item/chapter4/chapt4_ws/install/setup.sh'
[39.916s] INFO:colcon.colcon_core.shell:Creating prefix script '/home/wang/desktop/item/chapter4/chapt4_ws/install/local_setup.bash'
[39.919s] INFO:colcon.colcon_core.shell:Creating prefix chain script '/home/wang/desktop/item/chapter4/chapt4_ws/install/setup.bash'
[39.924s] INFO:colcon.colcon_core.shell:Creating prefix script '/home/wang/desktop/item/chapter4/chapt4_ws/install/local_setup.zsh'
[39.927s] INFO:colcon.colcon_core.shell:Creating prefix chain script '/home/wang/desktop/item/chapter4/chapt4_ws/install/setup.zsh'
