[0.318s] DEBUG:colcon:Command line arguments: ['/usr/bin/colcon', 'build']
[0.319s] DEBUG:colcon:Parsed command line arguments: Namespace(log_base=None, log_level=None, verb_name='build', build_base='build', install_base='install', merge_install=False, symlink_install=False, test_result_base=None, continue_on_error=False, executor='parallel', parallel_workers=4, event_handlers=None, ignore_user_meta=False, metas=['./colcon.meta'], base_paths=['.'], packages_ignore=None, packages_ignore_regex=None, paths=None, packages_up_to=None, packages_up_to_regex=None, packages_above=None, packages_above_and_dependencies=None, packages_above_depth=None, packages_select_by_dep=None, packages_skip_by_dep=None, packages_skip_up_to=None, packages_select_build_failed=False, packages_skip_build_finished=False, packages_select_test_failures=False, packages_skip_test_passed=False, packages_select=None, packages_skip=None, packages_select_regex=None, packages_skip_regex=None, packages_start=None, packages_end=None, allow_overriding=[], cmake_args=None, cmake_target=None, cmake_target_skip_unavailable=False, cmake_clean_cache=False, cmake_clean_first=False, cmake_force_configure=False, ament_cmake_args=None, catkin_cmake_args=None, catkin_skip_building_tests=False, verb_parser=<colcon_defaults.argument_parser.defaults.DefaultArgumentsDecorator object at 0x74b72f335750>, verb_extension=<colcon_core.verb.build.BuildVerb object at 0x74b72f335240>, main=<bound method BuildVerb.main of <colcon_core.verb.build.BuildVerb object at 0x74b72f335240>>)
[0.840s] Level 1:colcon.colcon_core.package_discovery:discover_packages(colcon_meta) check parameters
[0.841s] Level 1:colcon.colcon_core.package_discovery:discover_packages(recursive) check parameters
[0.841s] Level 1:colcon.colcon_core.package_discovery:discover_packages(ignore) check parameters
[0.841s] Level 1:colcon.colcon_core.package_discovery:discover_packages(path) check parameters
[0.841s] Level 1:colcon.colcon_core.package_discovery:discover_packages(colcon_meta) discover
[0.841s] Level 1:colcon.colcon_core.package_discovery:discover_packages(recursive) discover
[0.841s] INFO:colcon.colcon_core.package_discovery:Crawling recursively for packages in '/home/wang/桌面/item/chapter3/topic_ws'
[0.841s] Level 1:colcon.colcon_core.package_identification:_identify(.) by extensions ['ignore', 'ignore_ament_install']
[0.842s] Level 1:colcon.colcon_core.package_identification:_identify(.) by extension 'ignore'
[0.842s] Level 1:colcon.colcon_core.package_identification:_identify(.) by extension 'ignore_ament_install'
[0.842s] Level 1:colcon.colcon_core.package_identification:_identify(.) by extensions ['colcon_pkg']
[0.842s] Level 1:colcon.colcon_core.package_identification:_identify(.) by extension 'colcon_pkg'
[0.842s] Level 1:colcon.colcon_core.package_identification:_identify(.) by extensions ['colcon_meta']
[0.842s] Level 1:colcon.colcon_core.package_identification:_identify(.) by extension 'colcon_meta'
[0.843s] Level 1:colcon.colcon_core.package_identification:_identify(.) by extensions ['ros']
[0.843s] Level 1:colcon.colcon_core.package_identification:_identify(.) by extension 'ros'
[0.877s] Level 1:colcon.colcon_core.package_identification:_identify(.) by extensions ['cmake', 'python']
[0.877s] Level 1:colcon.colcon_core.package_identification:_identify(.) by extension 'cmake'
[0.877s] Level 1:colcon.colcon_core.package_identification:_identify(.) by extension 'python'
[0.877s] Level 1:colcon.colcon_core.package_identification:_identify(.) by extensions ['python_setup_py']
[0.877s] Level 1:colcon.colcon_core.package_identification:_identify(.) by extension 'python_setup_py'
[0.878s] Level 1:colcon.colcon_core.package_identification:_identify(build) by extensions ['ignore', 'ignore_ament_install']
[0.878s] Level 1:colcon.colcon_core.package_identification:_identify(build) by extension 'ignore'
[0.878s] Level 1:colcon.colcon_core.package_identification:_identify(build) ignored
[0.879s] Level 1:colcon.colcon_core.package_identification:_identify(install) by extensions ['ignore', 'ignore_ament_install']
[0.879s] Level 1:colcon.colcon_core.package_identification:_identify(install) by extension 'ignore'
[0.880s] Level 1:colcon.colcon_core.package_identification:_identify(install) ignored
[0.880s] Level 1:colcon.colcon_core.package_identification:_identify(log) by extensions ['ignore', 'ignore_ament_install']
[0.880s] Level 1:colcon.colcon_core.package_identification:_identify(log) by extension 'ignore'
[0.880s] Level 1:colcon.colcon_core.package_identification:_identify(log) ignored
[0.881s] Level 1:colcon.colcon_core.package_identification:_identify(src) by extensions ['ignore', 'ignore_ament_install']
[0.881s] Level 1:colcon.colcon_core.package_identification:_identify(src) by extension 'ignore'
[0.881s] Level 1:colcon.colcon_core.package_identification:_identify(src) by extension 'ignore_ament_install'
[0.881s] Level 1:colcon.colcon_core.package_identification:_identify(src) by extensions ['colcon_pkg']
[0.881s] Level 1:colcon.colcon_core.package_identification:_identify(src) by extension 'colcon_pkg'
[0.882s] Level 1:colcon.colcon_core.package_identification:_identify(src) by extensions ['colcon_meta']
[0.882s] Level 1:colcon.colcon_core.package_identification:_identify(src) by extension 'colcon_meta'
[0.882s] Level 1:colcon.colcon_core.package_identification:_identify(src) by extensions ['ros']
[0.882s] Level 1:colcon.colcon_core.package_identification:_identify(src) by extension 'ros'
[0.882s] Level 1:colcon.colcon_core.package_identification:_identify(src) by extensions ['cmake', 'python']
[0.882s] Level 1:colcon.colcon_core.package_identification:_identify(src) by extension 'cmake'
[0.882s] Level 1:colcon.colcon_core.package_identification:_identify(src) by extension 'python'
[0.883s] Level 1:colcon.colcon_core.package_identification:_identify(src) by extensions ['python_setup_py']
[0.883s] Level 1:colcon.colcon_core.package_identification:_identify(src) by extension 'python_setup_py'
[0.883s] Level 1:colcon.colcon_core.package_identification:_identify(src/demo_python_topic) by extensions ['ignore', 'ignore_ament_install']
[0.883s] Level 1:colcon.colcon_core.package_identification:_identify(src/demo_python_topic) by extension 'ignore'
[0.884s] Level 1:colcon.colcon_core.package_identification:_identify(src/demo_python_topic) by extension 'ignore_ament_install'
[0.884s] Level 1:colcon.colcon_core.package_identification:_identify(src/demo_python_topic) by extensions ['colcon_pkg']
[0.884s] Level 1:colcon.colcon_core.package_identification:_identify(src/demo_python_topic) by extension 'colcon_pkg'
[0.884s] Level 1:colcon.colcon_core.package_identification:_identify(src/demo_python_topic) by extensions ['colcon_meta']
[0.884s] Level 1:colcon.colcon_core.package_identification:_identify(src/demo_python_topic) by extension 'colcon_meta'
[0.884s] Level 1:colcon.colcon_core.package_identification:_identify(src/demo_python_topic) by extensions ['ros']
[0.884s] Level 1:colcon.colcon_core.package_identification:_identify(src/demo_python_topic) by extension 'ros'
[0.891s] DEBUG:colcon.colcon_core.package_identification:Package 'src/demo_python_topic' with type 'ros.ament_python' and name 'demo_python_topic'
[0.891s] Level 1:colcon.colcon_core.package_discovery:discover_packages(recursive) using defaults
[0.891s] Level 1:colcon.colcon_core.package_discovery:discover_packages(ignore) discover
[0.892s] Level 1:colcon.colcon_core.package_discovery:discover_packages(ignore) using defaults
[0.892s] Level 1:colcon.colcon_core.package_discovery:discover_packages(path) discover
[0.892s] Level 1:colcon.colcon_core.package_discovery:discover_packages(path) using defaults
[0.984s] Level 1:colcon.colcon_core.package_discovery:discover_packages(prefix_path) check parameters
[0.984s] Level 1:colcon.colcon_core.package_discovery:discover_packages(prefix_path) discover
[0.999s] DEBUG:colcon.colcon_installed_package_information.package_discovery:Found 17 installed packages in /home/wang/tb3_ws/install
[1.005s] DEBUG:colcon.colcon_installed_package_information.package_discovery:Found 406 installed packages in /opt/ros/humble
[1.016s] Level 1:colcon.colcon_core.package_discovery:discover_packages(prefix_path) using defaults
[1.238s] Level 5:colcon.colcon_core.verb:set package 'demo_python_topic' build argument 'cmake_args' from command line to 'None'
[1.238s] Level 5:colcon.colcon_core.verb:set package 'demo_python_topic' build argument 'cmake_target' from command line to 'None'
[1.238s] Level 5:colcon.colcon_core.verb:set package 'demo_python_topic' build argument 'cmake_target_skip_unavailable' from command line to 'False'
[1.239s] Level 5:colcon.colcon_core.verb:set package 'demo_python_topic' build argument 'cmake_clean_cache' from command line to 'False'
[1.239s] Level 5:colcon.colcon_core.verb:set package 'demo_python_topic' build argument 'cmake_clean_first' from command line to 'False'
[1.239s] Level 5:colcon.colcon_core.verb:set package 'demo_python_topic' build argument 'cmake_force_configure' from command line to 'False'
[1.239s] Level 5:colcon.colcon_core.verb:set package 'demo_python_topic' build argument 'ament_cmake_args' from command line to 'None'
[1.239s] Level 5:colcon.colcon_core.verb:set package 'demo_python_topic' build argument 'catkin_cmake_args' from command line to 'None'
[1.239s] Level 5:colcon.colcon_core.verb:set package 'demo_python_topic' build argument 'catkin_skip_building_tests' from command line to 'False'
[1.239s] DEBUG:colcon.colcon_core.verb:Building package 'demo_python_topic' with the following arguments: {'ament_cmake_args': None, 'build_base': '/home/wang/桌面/item/chapter3/topic_ws/build/demo_python_topic', 'catkin_cmake_args': None, 'catkin_skip_building_tests': False, 'cmake_args': None, 'cmake_clean_cache': False, 'cmake_clean_first': False, 'cmake_force_configure': False, 'cmake_target': None, 'cmake_target_skip_unavailable': False, 'install_base': '/home/wang/桌面/item/chapter3/topic_ws/install/demo_python_topic', 'merge_install': False, 'path': '/home/wang/桌面/item/chapter3/topic_ws/src/demo_python_topic', 'symlink_install': False, 'test_result_base': None}
[1.240s] INFO:colcon.colcon_core.executor:Executing jobs using 'parallel' executor
[1.243s] DEBUG:colcon.colcon_parallel_executor.executor.parallel:run_until_complete
[1.244s] INFO:colcon.colcon_ros.task.ament_python.build:Building ROS package in '/home/wang/桌面/item/chapter3/topic_ws/src/demo_python_topic' with build type 'ament_python'
[1.244s] Level 1:colcon.colcon_core.shell:create_environment_hook('demo_python_topic', 'ament_prefix_path')
[1.262s] INFO:colcon.colcon_core.plugin_system:Skipping extension 'colcon_core.shell.bat': Not used on non-Windows systems
[1.263s] INFO:colcon.colcon_core.shell:Creating environment hook '/home/wang/桌面/item/chapter3/topic_ws/install/demo_python_topic/share/demo_python_topic/hook/ament_prefix_path.ps1'
[1.265s] INFO:colcon.colcon_core.shell:Creating environment descriptor '/home/wang/桌面/item/chapter3/topic_ws/install/demo_python_topic/share/demo_python_topic/hook/ament_prefix_path.dsv'
[1.266s] INFO:colcon.colcon_core.shell:Creating environment hook '/home/wang/桌面/item/chapter3/topic_ws/install/demo_python_topic/share/demo_python_topic/hook/ament_prefix_path.sh'
[1.269s] INFO:colcon.colcon_core.shell:Skip shell extension 'powershell' for command environment: Not usable outside of PowerShell
[1.269s] DEBUG:colcon.colcon_core.shell:Skip shell extension 'dsv' for command environment
[2.132s] INFO:colcon.colcon_core.task.python.build:Building Python package in '/home/wang/桌面/item/chapter3/topic_ws/src/demo_python_topic'
[2.133s] INFO:colcon.colcon_core.shell:Skip shell extension 'powershell' for command environment: Not usable outside of PowerShell
[2.133s] DEBUG:colcon.colcon_core.shell:Skip shell extension 'dsv' for command environment
[3.610s] DEBUG:colcon.colcon_core.event_handler.log_command:Invoking command in '/home/wang/桌面/item/chapter3/topic_ws/src/demo_python_topic': PYTHONPATH=/home/wang/桌面/item/chapter3/topic_ws/build/demo_python_topic/prefix_override:/usr/lib/python3/dist-packages/colcon_core/task/python/colcon_distutils_commands:/home/wang/桌面/item/chapter3/topic_ws/install/demo_python_topic/lib/python3.10/site-packages:${PYTHONPATH} /usr/bin/python3 -W ignore:setup.py install is deprecated setup.py egg_info --egg-base ../../build/demo_python_topic build --build-base /home/wang/桌面/item/chapter3/topic_ws/build/demo_python_topic/build install --record /home/wang/桌面/item/chapter3/topic_ws/build/demo_python_topic/install.log --single-version-externally-managed install_data
[4.645s] DEBUG:colcon.colcon_core.event_handler.log_command:Invoked command in '/home/wang/桌面/item/chapter3/topic_ws/src/demo_python_topic' returned '0': PYTHONPATH=/home/wang/桌面/item/chapter3/topic_ws/build/demo_python_topic/prefix_override:/usr/lib/python3/dist-packages/colcon_core/task/python/colcon_distutils_commands:/home/wang/桌面/item/chapter3/topic_ws/install/demo_python_topic/lib/python3.10/site-packages:${PYTHONPATH} /usr/bin/python3 -W ignore:setup.py install is deprecated setup.py egg_info --egg-base ../../build/demo_python_topic build --build-base /home/wang/桌面/item/chapter3/topic_ws/build/demo_python_topic/build install --record /home/wang/桌面/item/chapter3/topic_ws/build/demo_python_topic/install.log --single-version-externally-managed install_data
[4.653s] Level 1:colcon.colcon_core.environment:checking '/home/wang/桌面/item/chapter3/topic_ws/install/demo_python_topic' for CMake module files
[4.654s] Level 1:colcon.colcon_core.environment:checking '/home/wang/桌面/item/chapter3/topic_ws/install/demo_python_topic' for CMake config files
[4.655s] Level 1:colcon.colcon_core.environment:checking '/home/wang/桌面/item/chapter3/topic_ws/install/demo_python_topic/lib'
[4.656s] Level 1:colcon.colcon_core.environment:checking '/home/wang/桌面/item/chapter3/topic_ws/install/demo_python_topic/bin'
[4.656s] Level 1:colcon.colcon_core.environment:checking '/home/wang/桌面/item/chapter3/topic_ws/install/demo_python_topic/lib/pkgconfig/demo_python_topic.pc'
[4.657s] Level 1:colcon.colcon_core.environment:checking '/home/wang/桌面/item/chapter3/topic_ws/install/demo_python_topic/lib/python3.10/site-packages'
[4.657s] Level 1:colcon.colcon_core.shell:create_environment_hook('demo_python_topic', 'pythonpath')
[4.658s] INFO:colcon.colcon_core.shell:Creating environment hook '/home/wang/桌面/item/chapter3/topic_ws/install/demo_python_topic/share/demo_python_topic/hook/pythonpath.ps1'
[4.660s] INFO:colcon.colcon_core.shell:Creating environment descriptor '/home/wang/桌面/item/chapter3/topic_ws/install/demo_python_topic/share/demo_python_topic/hook/pythonpath.dsv'
[4.661s] INFO:colcon.colcon_core.shell:Creating environment hook '/home/wang/桌面/item/chapter3/topic_ws/install/demo_python_topic/share/demo_python_topic/hook/pythonpath.sh'
[4.663s] Level 1:colcon.colcon_core.environment:checking '/home/wang/桌面/item/chapter3/topic_ws/install/demo_python_topic/bin'
[4.663s] Level 1:colcon.colcon_core.environment:create_environment_scripts_only(demo_python_topic)
[4.664s] INFO:colcon.colcon_core.shell:Creating package script '/home/wang/桌面/item/chapter3/topic_ws/install/demo_python_topic/share/demo_python_topic/package.ps1'
[4.668s] INFO:colcon.colcon_core.shell:Creating package descriptor '/home/wang/桌面/item/chapter3/topic_ws/install/demo_python_topic/share/demo_python_topic/package.dsv'
[4.671s] INFO:colcon.colcon_core.shell:Creating package script '/home/wang/桌面/item/chapter3/topic_ws/install/demo_python_topic/share/demo_python_topic/package.sh'
[4.674s] INFO:colcon.colcon_core.shell:Creating package script '/home/wang/桌面/item/chapter3/topic_ws/install/demo_python_topic/share/demo_python_topic/package.bash'
[4.677s] INFO:colcon.colcon_core.shell:Creating package script '/home/wang/桌面/item/chapter3/topic_ws/install/demo_python_topic/share/demo_python_topic/package.zsh'
[4.683s] Level 1:colcon.colcon_core.environment:create_file_with_runtime_dependencies(/home/wang/桌面/item/chapter3/topic_ws/install/demo_python_topic/share/colcon-core/packages/demo_python_topic)
[4.685s] DEBUG:colcon.colcon_parallel_executor.executor.parallel:closing loop
[4.685s] DEBUG:colcon.colcon_parallel_executor.executor.parallel:loop closed
[4.685s] DEBUG:colcon.colcon_parallel_executor.executor.parallel:run_until_complete finished with '0'
[4.686s] DEBUG:colcon.colcon_core.event_reactor:joining thread
[4.717s] INFO:colcon.colcon_core.plugin_system:Skipping extension 'colcon_notification.desktop_notification.terminal_notifier': Not used on non-Darwin systems
[4.718s] INFO:colcon.colcon_core.plugin_system:Skipping extension 'colcon_notification.desktop_notification.win32': Not used on non-Windows systems
[4.718s] INFO:colcon.colcon_notification.desktop_notification:Sending desktop notification using 'notify2'
[4.787s] DEBUG:colcon.colcon_core.event_reactor:joined thread
[4.788s] INFO:colcon.colcon_core.shell:Creating prefix script '/home/wang/桌面/item/chapter3/topic_ws/install/local_setup.ps1'
[4.793s] INFO:colcon.colcon_core.shell:Creating prefix util module '/home/wang/桌面/item/chapter3/topic_ws/install/_local_setup_util_ps1.py'
[4.798s] INFO:colcon.colcon_core.shell:Creating prefix chain script '/home/wang/桌面/item/chapter3/topic_ws/install/setup.ps1'
[4.807s] INFO:colcon.colcon_core.shell:Creating prefix script '/home/wang/桌面/item/chapter3/topic_ws/install/local_setup.sh'
[4.809s] INFO:colcon.colcon_core.shell:Creating prefix util module '/home/wang/桌面/item/chapter3/topic_ws/install/_local_setup_util_sh.py'
[4.811s] INFO:colcon.colcon_core.shell:Creating prefix chain script '/home/wang/桌面/item/chapter3/topic_ws/install/setup.sh'
[4.816s] INFO:colcon.colcon_core.shell:Creating prefix script '/home/wang/桌面/item/chapter3/topic_ws/install/local_setup.bash'
[4.818s] INFO:colcon.colcon_core.shell:Creating prefix chain script '/home/wang/桌面/item/chapter3/topic_ws/install/setup.bash'
[4.824s] INFO:colcon.colcon_core.shell:Creating prefix script '/home/wang/桌面/item/chapter3/topic_ws/install/local_setup.zsh'
[4.826s] INFO:colcon.colcon_core.shell:Creating prefix chain script '/home/wang/桌面/item/chapter3/topic_ws/install/setup.zsh'
