[2.783s] Invoking command in '/home/wang/桌面/item/chapter2/chapter2_ws/src/demo_python_pkg': AMENT_PREFIX_PATH=/home/wang/桌面/item/chapter2/chapter2_ws/install/demo_cpp_pkg:${AMENT_PREFIX_PATH} CMAKE_PREFIX_PATH=/home/wang/桌面/item/chapter2/chapter2_ws/install/demo_cpp_pkg:${CMAKE_PREFIX_PATH} PYTHONPATH=/home/wang/桌面/item/chapter2/chapter2_ws/build/demo_python_pkg/prefix_override:/usr/lib/python3/dist-packages/colcon_core/task/python/colcon_distutils_commands:/home/wang/桌面/item/chapter2/chapter2_ws/install/demo_python_pkg/lib/python3.10/site-packages:${PYTHONPATH} /usr/bin/python3 -W ignore:setup.py install is deprecated setup.py egg_info --egg-base ../../build/demo_python_pkg build --build-base /home/wang/桌面/item/chapter2/chapter2_ws/build/demo_python_pkg/build install --record /home/wang/桌面/item/chapter2/chapter2_ws/build/demo_python_pkg/install.log --single-version-externally-managed install_data
[3.594s] running egg_info
[3.597s] writing ../../build/demo_python_pkg/demo_python_pkg.egg-info/PKG-INFO
[3.599s] writing dependency_links to ../../build/demo_python_pkg/demo_python_pkg.egg-info/dependency_links.txt
[3.600s] writing entry points to ../../build/demo_python_pkg/demo_python_pkg.egg-info/entry_points.txt
[3.600s] writing requirements to ../../build/demo_python_pkg/demo_python_pkg.egg-info/requires.txt
[3.603s] writing top-level names to ../../build/demo_python_pkg/demo_python_pkg.egg-info/top_level.txt
[3.608s] reading manifest file '../../build/demo_python_pkg/demo_python_pkg.egg-info/SOURCES.txt'
[3.608s] adding license file 'LICENSE'
[3.609s] writing manifest file '../../build/demo_python_pkg/demo_python_pkg.egg-info/SOURCES.txt'
[3.610s] running build
[3.610s] running build_py
[3.612s] copying demo_python_pkg/learn_thread.py -> /home/wang/桌面/item/chapter2/chapter2_ws/build/demo_python_pkg/build/lib/demo_python_pkg
[3.614s] running install
[3.615s] running install_lib
[3.617s] copying /home/wang/桌面/item/chapter2/chapter2_ws/build/demo_python_pkg/build/lib/demo_python_pkg/learn_thread.py -> /home/wang/桌面/item/chapter2/chapter2_ws/install/demo_python_pkg/lib/python3.10/site-packages/demo_python_pkg
[3.621s] byte-compiling /home/wang/桌面/item/chapter2/chapter2_ws/install/demo_python_pkg/lib/python3.10/site-packages/demo_python_pkg/learn_thread.py to learn_thread.cpython-310.pyc
[3.622s] running install_data
[3.623s] running install_egg_info
[3.634s] removing '/home/wang/桌面/item/chapter2/chapter2_ws/install/demo_python_pkg/lib/python3.10/site-packages/demo_python_pkg-0.0.0-py3.10.egg-info' (and everything under it)
[3.634s] Copying ../../build/demo_python_pkg/demo_python_pkg.egg-info to /home/wang/桌面/item/chapter2/chapter2_ws/install/demo_python_pkg/lib/python3.10/site-packages/demo_python_pkg-0.0.0-py3.10.egg-info
[3.635s] running install_scripts
[3.718s] Installing learn_thread script to /home/wang/桌面/item/chapter2/chapter2_ws/install/demo_python_pkg/lib/demo_python_pkg
[3.720s] Installing person_node script to /home/wang/桌面/item/chapter2/chapter2_ws/install/demo_python_pkg/lib/demo_python_pkg
[3.720s] Installing python_node script to /home/wang/桌面/item/chapter2/chapter2_ws/install/demo_python_pkg/lib/demo_python_pkg
[3.721s] Installing write_node script to /home/wang/桌面/item/chapter2/chapter2_ws/install/demo_python_pkg/lib/demo_python_pkg
[3.724s] writing list of installed files to '/home/wang/桌面/item/chapter2/chapter2_ws/build/demo_python_pkg/install.log'
[3.797s] Invoked command in '/home/wang/桌面/item/chapter2/chapter2_ws/src/demo_python_pkg' returned '0': AMENT_PREFIX_PATH=/home/wang/桌面/item/chapter2/chapter2_ws/install/demo_cpp_pkg:${AMENT_PREFIX_PATH} CMAKE_PREFIX_PATH=/home/wang/桌面/item/chapter2/chapter2_ws/install/demo_cpp_pkg:${CMAKE_PREFIX_PATH} PYTHONPATH=/home/wang/桌面/item/chapter2/chapter2_ws/build/demo_python_pkg/prefix_override:/usr/lib/python3/dist-packages/colcon_core/task/python/colcon_distutils_commands:/home/wang/桌面/item/chapter2/chapter2_ws/install/demo_python_pkg/lib/python3.10/site-packages:${PYTHONPATH} /usr/bin/python3 -W ignore:setup.py install is deprecated setup.py egg_info --egg-base ../../build/demo_python_pkg build --build-base /home/wang/桌面/item/chapter2/chapter2_ws/build/demo_python_pkg/build install --record /home/wang/桌面/item/chapter2/chapter2_ws/build/demo_python_pkg/install.log --single-version-externally-managed install_data
