[0.076s] Invoking command in '/home/wang/desktop/item/chapter5/chapt5_ws/build/demo_cpp_tf': CMAKE_PREFIX_PATH=${CMAKE_PREFIX_PATH}:/home/wang/tb3_ws/install/turtlebot3_teleop:/home/wang/tb3_ws/install/turtlebot3_example:/opt/ros/humble /usr/bin/cmake /home/wang/desktop/item/chapter5/chapt5_ws/src/demo_cpp_tf -DCMAKE_INSTALL_PREFIX=/home/wang/desktop/item/chapter5/chapt5_ws/install/demo_cpp_tf
[0.490s] -- The C compiler identification is GNU 11.4.0
[0.810s] -- The CXX compiler identification is GNU 11.4.0
[0.863s] -- Detecting C compiler ABI info
[1.138s] -- Detecting C compiler ABI info - done
[1.160s] -- Check for working C compiler: /usr/bin/cc - skipped
[1.160s] -- Detecting C compile features
[1.165s] -- Detecting C compile features - done
[1.182s] -- Detecting CXX compiler ABI info
[1.454s] -- Detecting CXX compiler ABI info - done
[1.475s] -- Check for working CXX compiler: /usr/bin/c++ - skipped
[1.478s] -- Detecting CXX compile features
[1.478s] -- Detecting CXX compile features - done
[1.522s] -- Found ament_cmake: 1.3.10 (/opt/ros/humble/share/ament_cmake/cmake)
[2.126s] -- Found Python3: /usr/bin/python3 (found version "3.10.12") found components: Interpreter 
[2.588s] -- Found rclcpp: 16.0.10 (/opt/ros/humble/share/rclcpp/cmake)
[2.843s] -- Found rosidl_generator_c: 3.1.5 (/opt/ros/humble/share/rosidl_generator_c/cmake)
[2.876s] -- Found rosidl_adapter: 3.1.5 (/opt/ros/humble/share/rosidl_adapter/cmake)
[2.919s] -- Found rosidl_generator_cpp: 3.1.5 (/opt/ros/humble/share/rosidl_generator_cpp/cmake)
[2.979s] -- Using all available rosidl_typesupport_c: rosidl_typesupport_fastrtps_c;rosidl_typesupport_introspection_c
[3.077s] -- Using all available rosidl_typesupport_cpp: rosidl_typesupport_fastrtps_cpp;rosidl_typesupport_introspection_cpp
[3.320s] -- Found rmw_implementation_cmake: 6.1.2 (/opt/ros/humble/share/rmw_implementation_cmake/cmake)
[3.338s] -- Found rmw_fastrtps_cpp: 6.2.7 (/opt/ros/humble/share/rmw_fastrtps_cpp/cmake)
[3.665s] -- Found OpenSSL: /usr/lib/x86_64-linux-gnu/libcrypto.so (found version "3.0.2")  
[3.764s] -- Found FastRTPS: /opt/ros/humble/include  
[3.919s] -- Using RMW implementation 'rmw_fastrtps_cpp' as default
[3.965s] -- Looking for pthread.h
[4.277s] -- Looking for pthread.h - found
[4.277s] -- Performing Test CMAKE_HAVE_LIBC_PTHREAD
[4.527s] -- Performing Test CMAKE_HAVE_LIBC_PTHREAD - Success
[4.527s] -- Found Threads: TRUE  
[4.757s] -- Found tf2: 0.25.8 (/opt/ros/humble/share/tf2/cmake)
[4.854s] -- Found tf2_ros: 0.25.8 (/opt/ros/humble/share/tf2_ros/cmake)
[5.271s] -- Found tf2_geometry_msgs: 0.25.8 (/opt/ros/humble/share/tf2_geometry_msgs/cmake)
[5.347s] -- Found eigen3_cmake_module: 0.1.1 (/opt/ros/humble/share/eigen3_cmake_module/cmake)
[5.353s] -- Found Eigen3: TRUE (found version "3.4.0") 
[5.354s] -- Ensuring Eigen3 include directory is part of orocos-kdl CMake target
[5.388s] -- Found ament_lint_auto: 0.12.11 (/opt/ros/humble/share/ament_lint_auto/cmake)
[5.713s] -- Added test 'cppcheck' to perform static code analysis on C / C++ code
[5.713s] -- Configured cppcheck include dirs: 
[5.713s] -- Configured cppcheck exclude dirs and/or files: 
[5.717s] -- Added test 'lint_cmake' to check CMake code style
[5.722s] -- Added test 'uncrustify' to check C / C++ code style
[5.722s] -- Configured uncrustify additional arguments: 
[5.724s] -- Added test 'xmllint' to check XML markup files
[5.736s] -- Configuring done
[5.797s] -- Generating done
[5.803s] -- Build files have been written to: /home/wang/desktop/item/chapter5/chapt5_ws/build/demo_cpp_tf
[5.836s] Invoked command in '/home/wang/desktop/item/chapter5/chapt5_ws/build/demo_cpp_tf' returned '0': CMAKE_PREFIX_PATH=${CMAKE_PREFIX_PATH}:/home/wang/tb3_ws/install/turtlebot3_teleop:/home/wang/tb3_ws/install/turtlebot3_example:/opt/ros/humble /usr/bin/cmake /home/wang/desktop/item/chapter5/chapt5_ws/src/demo_cpp_tf -DCMAKE_INSTALL_PREFIX=/home/wang/desktop/item/chapter5/chapt5_ws/install/demo_cpp_tf
[5.854s] Invoking command in '/home/wang/desktop/item/chapter5/chapt5_ws/build/demo_cpp_tf': CMAKE_PREFIX_PATH=${CMAKE_PREFIX_PATH}:/home/wang/tb3_ws/install/turtlebot3_teleop:/home/wang/tb3_ws/install/turtlebot3_example:/opt/ros/humble /usr/bin/cmake --build /home/wang/desktop/item/chapter5/chapt5_ws/build/demo_cpp_tf -- -j4 -l4
[6.017s] [ 16%] [32mBuilding CXX object CMakeFiles/static_tf_broadcaster.dir/src/static_tf_broadcaster.cpp.o[0m
[21.645s] [ 33%] [32m[1mLinking CXX executable static_tf_broadcaster[0m
[22.527s] [ 33%] Built target static_tf_broadcaster
[22.616s] [ 50%] [32mBuilding CXX object CMakeFiles/tf_listener.dir/src/tf_listener.cpp.o[0m
[53.562s] [ 66%] [32m[1mLinking CXX executable tf_listener[0m
[54.881s] [ 66%] Built target tf_listener
[54.953s] [ 83%] [32mBuilding CXX object CMakeFiles/dynamic_tf_broadcaster.dir/src/dynamic_tf_broadcaster.cpp.o[0m
[71.129s] [100%] [32m[1mLinking CXX executable dynamic_tf_broadcaster[0m
[71.864s] [100%] Built target dynamic_tf_broadcaster
[71.897s] Invoked command in '/home/wang/desktop/item/chapter5/chapt5_ws/build/demo_cpp_tf' returned '0': CMAKE_PREFIX_PATH=${CMAKE_PREFIX_PATH}:/home/wang/tb3_ws/install/turtlebot3_teleop:/home/wang/tb3_ws/install/turtlebot3_example:/opt/ros/humble /usr/bin/cmake --build /home/wang/desktop/item/chapter5/chapt5_ws/build/demo_cpp_tf -- -j4 -l4
[72.065s] Invoking command in '/home/wang/desktop/item/chapter5/chapt5_ws/build/demo_cpp_tf': CMAKE_PREFIX_PATH=${CMAKE_PREFIX_PATH}:/home/wang/tb3_ws/install/turtlebot3_teleop:/home/wang/tb3_ws/install/turtlebot3_example:/opt/ros/humble /usr/bin/cmake --install /home/wang/desktop/item/chapter5/chapt5_ws/build/demo_cpp_tf
[72.086s] -- Install configuration: ""
[72.087s] -- Installing: /home/wang/desktop/item/chapter5/chapt5_ws/install/demo_cpp_tf/lib/demo_cpp_tf/tf_listener
[72.107s] -- Set runtime path of "/home/wang/desktop/item/chapter5/chapt5_ws/install/demo_cpp_tf/lib/demo_cpp_tf/tf_listener" to ""
[72.107s] -- Installing: /home/wang/desktop/item/chapter5/chapt5_ws/install/demo_cpp_tf/lib/demo_cpp_tf/static_tf_broadcaster
[72.107s] -- Set runtime path of "/home/wang/desktop/item/chapter5/chapt5_ws/install/demo_cpp_tf/lib/demo_cpp_tf/static_tf_broadcaster" to ""
[72.107s] -- Installing: /home/wang/desktop/item/chapter5/chapt5_ws/install/demo_cpp_tf/lib/demo_cpp_tf/dynamic_tf_broadcaster
[72.107s] -- Set runtime path of "/home/wang/desktop/item/chapter5/chapt5_ws/install/demo_cpp_tf/lib/demo_cpp_tf/dynamic_tf_broadcaster" to ""
[72.107s] -- Installing: /home/wang/desktop/item/chapter5/chapt5_ws/install/demo_cpp_tf/share/ament_index/resource_index/package_run_dependencies/demo_cpp_tf
[72.107s] -- Installing: /home/wang/desktop/item/chapter5/chapt5_ws/install/demo_cpp_tf/share/ament_index/resource_index/parent_prefix_path/demo_cpp_tf
[72.107s] -- Installing: /home/wang/desktop/item/chapter5/chapt5_ws/install/demo_cpp_tf/share/demo_cpp_tf/environment/ament_prefix_path.sh
[72.107s] -- Installing: /home/wang/desktop/item/chapter5/chapt5_ws/install/demo_cpp_tf/share/demo_cpp_tf/environment/ament_prefix_path.dsv
[72.107s] -- Installing: /home/wang/desktop/item/chapter5/chapt5_ws/install/demo_cpp_tf/share/demo_cpp_tf/environment/path.sh
[72.107s] -- Installing: /home/wang/desktop/item/chapter5/chapt5_ws/install/demo_cpp_tf/share/demo_cpp_tf/environment/path.dsv
[72.107s] -- Installing: /home/wang/desktop/item/chapter5/chapt5_ws/install/demo_cpp_tf/share/demo_cpp_tf/local_setup.bash
[72.107s] -- Installing: /home/wang/desktop/item/chapter5/chapt5_ws/install/demo_cpp_tf/share/demo_cpp_tf/local_setup.sh
[72.107s] -- Installing: /home/wang/desktop/item/chapter5/chapt5_ws/install/demo_cpp_tf/share/demo_cpp_tf/local_setup.zsh
[72.107s] -- Installing: /home/wang/desktop/item/chapter5/chapt5_ws/install/demo_cpp_tf/share/demo_cpp_tf/local_setup.dsv
[72.107s] -- Installing: /home/wang/desktop/item/chapter5/chapt5_ws/install/demo_cpp_tf/share/demo_cpp_tf/package.dsv
[72.107s] -- Installing: /home/wang/desktop/item/chapter5/chapt5_ws/install/demo_cpp_tf/share/ament_index/resource_index/packages/demo_cpp_tf
[72.107s] -- Installing: /home/wang/desktop/item/chapter5/chapt5_ws/install/demo_cpp_tf/share/demo_cpp_tf/cmake/demo_cpp_tfConfig.cmake
[72.107s] -- Installing: /home/wang/desktop/item/chapter5/chapt5_ws/install/demo_cpp_tf/share/demo_cpp_tf/cmake/demo_cpp_tfConfig-version.cmake
[72.107s] -- Installing: /home/wang/desktop/item/chapter5/chapt5_ws/install/demo_cpp_tf/share/demo_cpp_tf/package.xml
[72.111s] Invoked command in '/home/wang/desktop/item/chapter5/chapt5_ws/build/demo_cpp_tf' returned '0': CMAKE_PREFIX_PATH=${CMAKE_PREFIX_PATH}:/home/wang/tb3_ws/install/turtlebot3_teleop:/home/wang/tb3_ws/install/turtlebot3_example:/opt/ros/humble /usr/bin/cmake --install /home/wang/desktop/item/chapter5/chapt5_ws/build/demo_cpp_tf
